L 12/24/2024 - 11:46:15: Start of error session.
L 12/24/2024 - 11:46:15: Info (map "zm_fdust2x2") (file "addons/amxmodx/logs/error_20241224.log")
L 12/24/2024 - 11:46:15: [HAMSANDWICH] Failed to retrieve classtype for "", hook for "f_HamWeaponReload" not active.
L 12/24/2024 - 11:46:15: [AMXX] Displaying debug trace (plugin "K_ZP_main.amxx", version "1.0")
L 12/24/2024 - 11:46:15: [AMXX] Run time error 10: native error (native "RegisterHam")
L 12/24/2024 - 11:46:15: [AMXX]    [0] Krol_basic.inc::get_weapon_guns_name_by_id (line 506)
L 12/24/2024 - 11:46:15: [AMXX]    [1] K_ZP_main.sma::plugin_init (line 33)
L 12/24/2024 - 11:46:20: [CSTRIKE] Invalid player 1 (no private data)
L 12/24/2024 - 11:46:20: [AMXX] Displaying debug trace (plugin "K_M_models.amxx", version "1.0")
L 12/24/2024 - 11:46:20: [AMXX] Run time error 10: native error (native "cs_set_user_model")
L 12/24/2024 - 11:46:20: [AMXX]    [0] K_M_models.sma::native_return_ham_skin (line 59)
L 12/24/2024 - 11:46:20: [AMXX]    [1] K_M_models.sma::client_putinserver (line 113)
L 12/24/2024 - 11:46:21: [CSTRIKE] Invalid player 2 (no private data)
L 12/24/2024 - 11:46:21: [AMXX] Displaying debug trace (plugin "K_M_models.amxx", version "1.0")
L 12/24/2024 - 11:46:21: [AMXX] Run time error 10: native error (native "cs_set_user_model")
L 12/24/2024 - 11:46:21: [AMXX]    [0] K_M_models.sma::native_return_ham_skin (line 59)
L 12/24/2024 - 11:46:21: [AMXX]    [1] K_M_models.sma::client_putinserver (line 113)
L 12/24/2024 - 11:46:21: [CSTRIKE] Invalid player 3 (no private data)
L 12/24/2024 - 11:46:21: [AMXX] Displaying debug trace (plugin "K_M_models.amxx", version "1.0")
L 12/24/2024 - 11:46:21: [AMXX] Run time error 10: native error (native "cs_set_user_model")
L 12/24/2024 - 11:46:21: [AMXX]    [0] K_M_models.sma::native_return_ham_skin (line 59)
L 12/24/2024 - 11:46:21: [AMXX]    [1] K_M_models.sma::client_putinserver (line 113)
L 12/24/2024 - 11:46:22: [CSTRIKE] Invalid player 4 (no private data)
L 12/24/2024 - 11:46:22: [AMXX] Displaying debug trace (plugin "K_M_models.amxx", version "1.0")
L 12/24/2024 - 11:46:22: [AMXX] Run time error 10: native error (native "cs_set_user_model")
L 12/24/2024 - 11:46:22: [AMXX]    [0] K_M_models.sma::native_return_ham_skin (line 59)
L 12/24/2024 - 11:46:22: [AMXX]    [1] K_M_models.sma::client_putinserver (line 113)
L 12/24/2024 - 11:46:22: [CSTRIKE] Invalid player 5 (no private data)
L 12/24/2024 - 11:46:22: [AMXX] Displaying debug trace (plugin "K_M_models.amxx", version "1.0")
L 12/24/2024 - 11:46:22: [AMXX] Run time error 10: native error (native "cs_set_user_model")
L 12/24/2024 - 11:46:22: [AMXX]    [0] K_M_models.sma::native_return_ham_skin (line 59)
L 12/24/2024 - 11:46:22: [AMXX]    [1] K_M_models.sma::client_putinserver (line 113)
L 12/24/2024 - 11:46:23: [CSTRIKE] Invalid player 6 (no private data)
L 12/24/2024 - 11:46:23: [AMXX] Displaying debug trace (plugin "K_M_models.amxx", version "1.0")
L 12/24/2024 - 11:46:23: [AMXX] Run time error 10: native error (native "cs_set_user_model")
L 12/24/2024 - 11:46:23: [AMXX]    [0] K_M_models.sma::native_return_ham_skin (line 59)
L 12/24/2024 - 11:46:23: [AMXX]    [1] K_M_models.sma::client_putinserver (line 113)
L 12/24/2024 - 11:46:23: [CSTRIKE] Invalid player 7 (no private data)
L 12/24/2024 - 11:46:23: [AMXX] Displaying debug trace (plugin "K_M_models.amxx", version "1.0")
L 12/24/2024 - 11:46:23: [AMXX] Run time error 10: native error (native "cs_set_user_model")
L 12/24/2024 - 11:46:23: [AMXX]    [0] K_M_models.sma::native_return_ham_skin (line 59)
L 12/24/2024 - 11:46:23: [AMXX]    [1] K_M_models.sma::client_putinserver (line 113)
L 12/24/2024 - 11:51:37: Start of error session.
L 12/24/2024 - 11:51:37: Info (map "zm_fdust2x2") (file "addons/amxmodx/logs/error_20241224.log")
L 12/24/2024 - 11:51:37: [HAMSANDWICH] Failed to retrieve classtype for "", hook for "f_HamWeaponReload" not active.
L 12/24/2024 - 11:51:37: [AMXX] Displaying debug trace (plugin "K_ZP_main.amxx", version "1.0")
L 12/24/2024 - 11:51:37: [AMXX] Run time error 10: native error (native "RegisterHam")
L 12/24/2024 - 11:51:37: [AMXX]    [0] Krol_basic.inc::get_weapon_guns_name_by_id (line 506)
L 12/24/2024 - 11:51:37: [AMXX]    [1] K_ZP_main.sma::plugin_init (line 33)
L 12/24/2024 - 11:51:42: [CSTRIKE] Invalid player 1 (no private data)
L 12/24/2024 - 11:51:42: [AMXX] Displaying debug trace (plugin "K_M_models.amxx", version "1.0")
L 12/24/2024 - 11:51:42: [AMXX] Run time error 10: native error (native "cs_set_user_model")
L 12/24/2024 - 11:51:42: [AMXX]    [0] K_M_models.sma::native_return_ham_skin (line 59)
L 12/24/2024 - 11:51:42: [AMXX]    [1] K_M_models.sma::client_putinserver (line 113)
L 12/24/2024 - 11:51:42: [CSTRIKE] Invalid player 2 (no private data)
L 12/24/2024 - 11:51:42: [AMXX] Displaying debug trace (plugin "K_M_models.amxx", version "1.0")
L 12/24/2024 - 11:51:42: [AMXX] Run time error 10: native error (native "cs_set_user_model")
L 12/24/2024 - 11:51:42: [AMXX]    [0] K_M_models.sma::native_return_ham_skin (line 59)
L 12/24/2024 - 11:51:42: [AMXX]    [1] K_M_models.sma::client_putinserver (line 113)
L 12/24/2024 - 11:51:43: [CSTRIKE] Invalid player 3 (no private data)
L 12/24/2024 - 11:51:43: [AMXX] Displaying debug trace (plugin "K_M_models.amxx", version "1.0")
L 12/24/2024 - 11:51:43: [AMXX] Run time error 10: native error (native "cs_set_user_model")
L 12/24/2024 - 11:51:43: [AMXX]    [0] K_M_models.sma::native_return_ham_skin (line 59)
L 12/24/2024 - 11:51:43: [AMXX]    [1] K_M_models.sma::client_putinserver (line 113)
L 12/24/2024 - 11:51:43: [CSTRIKE] Invalid player 4 (no private data)
L 12/24/2024 - 11:51:43: [AMXX] Displaying debug trace (plugin "K_M_models.amxx", version "1.0")
L 12/24/2024 - 11:51:43: [AMXX] Run time error 10: native error (native "cs_set_user_model")
L 12/24/2024 - 11:51:43: [AMXX]    [0] K_M_models.sma::native_return_ham_skin (line 59)
L 12/24/2024 - 11:51:43: [AMXX]    [1] K_M_models.sma::client_putinserver (line 113)
L 12/24/2024 - 11:51:44: [CSTRIKE] Invalid player 5 (no private data)
L 12/24/2024 - 11:51:44: [AMXX] Displaying debug trace (plugin "K_M_models.amxx", version "1.0")
L 12/24/2024 - 11:51:44: [AMXX] Run time error 10: native error (native "cs_set_user_model")
L 12/24/2024 - 11:51:44: [AMXX]    [0] K_M_models.sma::native_return_ham_skin (line 59)
L 12/24/2024 - 11:51:44: [AMXX]    [1] K_M_models.sma::client_putinserver (line 113)
L 12/24/2024 - 11:51:44: [CSTRIKE] Invalid player 6 (no private data)
L 12/24/2024 - 11:51:44: [AMXX] Displaying debug trace (plugin "K_M_models.amxx", version "1.0")
L 12/24/2024 - 11:51:44: [AMXX] Run time error 10: native error (native "cs_set_user_model")
L 12/24/2024 - 11:51:44: [AMXX]    [0] K_M_models.sma::native_return_ham_skin (line 59)
L 12/24/2024 - 11:51:44: [AMXX]    [1] K_M_models.sma::client_putinserver (line 113)
L 12/24/2024 - 11:54:25: Start of error session.
L 12/24/2024 - 11:54:25: Info (map "zm_fdust2x2") (file "addons/amxmodx/logs/error_20241224.log")
L 12/24/2024 - 11:54:25: [HAMSANDWICH] Failed to retrieve classtype for "", hook for "f_HamWeaponReload" not active.
L 12/24/2024 - 11:54:25: [AMXX] Displaying debug trace (plugin "K_ZP_main.amxx", version "1.0")
L 12/24/2024 - 11:54:25: [AMXX] Run time error 10: native error (native "RegisterHam")
L 12/24/2024 - 11:54:25: [AMXX]    [0] Krol_basic.inc::get_weapon_guns_name_by_id (line 506)
L 12/24/2024 - 11:54:25: [AMXX]    [1] K_ZP_main.sma::plugin_init (line 33)
L 12/24/2024 - 11:54:30: [CSTRIKE] Invalid player 1 (no private data)
L 12/24/2024 - 11:54:30: [AMXX] Displaying debug trace (plugin "K_M_models.amxx", version "1.0")
L 12/24/2024 - 11:54:30: [AMXX] Run time error 10: native error (native "cs_set_user_model")
L 12/24/2024 - 11:54:30: [AMXX]    [0] K_M_models.sma::native_return_ham_skin (line 59)
L 12/24/2024 - 11:54:30: [AMXX]    [1] K_M_models.sma::client_putinserver (line 113)
L 12/24/2024 - 11:54:30: [CSTRIKE] Invalid player 2 (no private data)
L 12/24/2024 - 11:54:30: [AMXX] Displaying debug trace (plugin "K_M_models.amxx", version "1.0")
L 12/24/2024 - 11:54:30: [AMXX] Run time error 10: native error (native "cs_set_user_model")
L 12/24/2024 - 11:54:30: [AMXX]    [0] K_M_models.sma::native_return_ham_skin (line 59)
L 12/24/2024 - 11:54:30: [AMXX]    [1] K_M_models.sma::client_putinserver (line 113)
L 12/24/2024 - 11:54:31: [CSTRIKE] Invalid player 3 (no private data)
L 12/24/2024 - 11:54:31: [AMXX] Displaying debug trace (plugin "K_M_models.amxx", version "1.0")
L 12/24/2024 - 11:54:31: [AMXX] Run time error 10: native error (native "cs_set_user_model")
L 12/24/2024 - 11:54:31: [AMXX]    [0] K_M_models.sma::native_return_ham_skin (line 59)
L 12/24/2024 - 11:54:31: [AMXX]    [1] K_M_models.sma::client_putinserver (line 113)
L 12/24/2024 - 11:54:31: [CSTRIKE] Invalid player 4 (no private data)
L 12/24/2024 - 11:54:31: [AMXX] Displaying debug trace (plugin "K_M_models.amxx", version "1.0")
L 12/24/2024 - 11:54:31: [AMXX] Run time error 10: native error (native "cs_set_user_model")
L 12/24/2024 - 11:54:31: [AMXX]    [0] K_M_models.sma::native_return_ham_skin (line 59)
L 12/24/2024 - 11:54:31: [AMXX]    [1] K_M_models.sma::client_putinserver (line 113)
L 12/24/2024 - 11:54:32: [CSTRIKE] Invalid player 5 (no private data)
L 12/24/2024 - 11:54:32: [AMXX] Displaying debug trace (plugin "K_M_models.amxx", version "1.0")
L 12/24/2024 - 11:54:32: [AMXX] Run time error 10: native error (native "cs_set_user_model")
L 12/24/2024 - 11:54:32: [AMXX]    [0] K_M_models.sma::native_return_ham_skin (line 59)
L 12/24/2024 - 11:54:32: [AMXX]    [1] K_M_models.sma::client_putinserver (line 113)
L 12/24/2024 - 11:54:32: [CSTRIKE] Invalid player 6 (no private data)
L 12/24/2024 - 11:54:32: [AMXX] Displaying debug trace (plugin "K_M_models.amxx", version "1.0")
L 12/24/2024 - 11:54:32: [AMXX] Run time error 10: native error (native "cs_set_user_model")
L 12/24/2024 - 11:54:32: [AMXX]    [0] K_M_models.sma::native_return_ham_skin (line 59)
L 12/24/2024 - 11:54:32: [AMXX]    [1] K_M_models.sma::client_putinserver (line 113)
L 12/24/2024 - 11:55:40: Start of error session.
L 12/24/2024 - 11:55:40: Info (map "zm_fdust2x2") (file "addons/amxmodx/logs/error_20241224.log")
L 12/24/2024 - 11:55:40: [HAMSANDWICH] Failed to retrieve classtype for "", hook for "f_HamWeaponReload" not active.
L 12/24/2024 - 11:55:40: [AMXX] Displaying debug trace (plugin "K_ZP_main.amxx", version "1.0")
L 12/24/2024 - 11:55:40: [AMXX] Run time error 10: native error (native "RegisterHam")
L 12/24/2024 - 11:55:40: [AMXX]    [0] Krol_basic.inc::get_weapon_guns_name_by_id (line 506)
L 12/24/2024 - 11:55:40: [AMXX]    [1] K_ZP_main.sma::plugin_init (line 33)
L 12/24/2024 - 11:55:44: [CSTRIKE] Invalid player 1 (no private data)
L 12/24/2024 - 11:55:44: [AMXX] Displaying debug trace (plugin "K_M_models.amxx", version "1.0")
L 12/24/2024 - 11:55:44: [AMXX] Run time error 10: native error (native "cs_set_user_model")
L 12/24/2024 - 11:55:44: [AMXX]    [0] K_M_models.sma::native_return_ham_skin (line 59)
L 12/24/2024 - 11:55:44: [AMXX]    [1] K_M_models.sma::client_putinserver (line 113)
L 12/24/2024 - 11:55:44: [CSTRIKE] Invalid player 2 (no private data)
L 12/24/2024 - 11:55:44: [AMXX] Displaying debug trace (plugin "K_M_models.amxx", version "1.0")
L 12/24/2024 - 11:55:44: [AMXX] Run time error 10: native error (native "cs_set_user_model")
L 12/24/2024 - 11:55:44: [AMXX]    [0] K_M_models.sma::native_return_ham_skin (line 59)
L 12/24/2024 - 11:55:44: [AMXX]    [1] K_M_models.sma::client_putinserver (line 113)
L 12/24/2024 - 11:55:45: [CSTRIKE] Invalid player 3 (no private data)
L 12/24/2024 - 11:55:45: [AMXX] Displaying debug trace (plugin "K_M_models.amxx", version "1.0")
L 12/24/2024 - 11:55:45: [AMXX] Run time error 10: native error (native "cs_set_user_model")
L 12/24/2024 - 11:55:45: [AMXX]    [0] K_M_models.sma::native_return_ham_skin (line 59)
L 12/24/2024 - 11:55:45: [AMXX]    [1] K_M_models.sma::client_putinserver (line 113)
L 12/24/2024 - 11:55:45: [CSTRIKE] Invalid player 4 (no private data)
L 12/24/2024 - 11:55:45: [AMXX] Displaying debug trace (plugin "K_M_models.amxx", version "1.0")
L 12/24/2024 - 11:55:45: [AMXX] Run time error 10: native error (native "cs_set_user_model")
L 12/24/2024 - 11:55:45: [AMXX]    [0] K_M_models.sma::native_return_ham_skin (line 59)
L 12/24/2024 - 11:55:45: [AMXX]    [1] K_M_models.sma::client_putinserver (line 113)
L 12/24/2024 - 11:55:46: [CSTRIKE] Invalid player 5 (no private data)
L 12/24/2024 - 11:55:46: [AMXX] Displaying debug trace (plugin "K_M_models.amxx", version "1.0")
L 12/24/2024 - 11:55:46: [AMXX] Run time error 10: native error (native "cs_set_user_model")
L 12/24/2024 - 11:55:46: [AMXX]    [0] K_M_models.sma::native_return_ham_skin (line 59)
L 12/24/2024 - 11:55:46: [AMXX]    [1] K_M_models.sma::client_putinserver (line 113)
L 12/24/2024 - 11:55:47: [CSTRIKE] Invalid player 6 (no private data)
L 12/24/2024 - 11:55:47: [AMXX] Displaying debug trace (plugin "K_M_models.amxx", version "1.0")
L 12/24/2024 - 11:55:47: [AMXX] Run time error 10: native error (native "cs_set_user_model")
L 12/24/2024 - 11:55:47: [AMXX]    [0] K_M_models.sma::native_return_ham_skin (line 59)
L 12/24/2024 - 11:55:47: [AMXX]    [1] K_M_models.sma::client_putinserver (line 113)
L 12/24/2024 - 11:56:25: Start of error session.
L 12/24/2024 - 11:56:25: Info (map "zm_fdust2x2") (file "addons/amxmodx/logs/error_20241224.log")
L 12/24/2024 - 11:56:25: [HAMSANDWICH] Failed to retrieve classtype for "", hook for "f_HamWeaponReload" not active.
L 12/24/2024 - 11:56:25: [AMXX] Displaying debug trace (plugin "K_ZP_main.amxx", version "1.0")
L 12/24/2024 - 11:56:25: [AMXX] Run time error 10: native error (native "RegisterHam")
L 12/24/2024 - 11:56:25: [AMXX]    [0] Krol_basic.inc::get_weapon_guns_name_by_id (line 506)
L 12/24/2024 - 11:56:25: [AMXX]    [1] K_ZP_main.sma::plugin_init (line 33)
L 12/24/2024 - 11:56:30: [CSTRIKE] Invalid player 1 (no private data)
L 12/24/2024 - 11:56:30: [AMXX] Displaying debug trace (plugin "K_M_models.amxx", version "1.0")
L 12/24/2024 - 11:56:30: [AMXX] Run time error 10: native error (native "cs_set_user_model")
L 12/24/2024 - 11:56:30: [AMXX]    [0] K_M_models.sma::native_return_ham_skin (line 59)
L 12/24/2024 - 11:56:30: [AMXX]    [1] K_M_models.sma::client_putinserver (line 113)
L 12/24/2024 - 11:56:30: [CSTRIKE] Invalid player 2 (no private data)
L 12/24/2024 - 11:56:30: [AMXX] Displaying debug trace (plugin "K_M_models.amxx", version "1.0")
L 12/24/2024 - 11:56:30: [AMXX] Run time error 10: native error (native "cs_set_user_model")
L 12/24/2024 - 11:56:30: [AMXX]    [0] K_M_models.sma::native_return_ham_skin (line 59)
L 12/24/2024 - 11:56:30: [AMXX]    [1] K_M_models.sma::client_putinserver (line 113)
L 12/24/2024 - 11:56:31: [CSTRIKE] Invalid player 3 (no private data)
L 12/24/2024 - 11:56:31: [AMXX] Displaying debug trace (plugin "K_M_models.amxx", version "1.0")
L 12/24/2024 - 11:56:31: [AMXX] Run time error 10: native error (native "cs_set_user_model")
L 12/24/2024 - 11:56:31: [AMXX]    [0] K_M_models.sma::native_return_ham_skin (line 59)
L 12/24/2024 - 11:56:31: [AMXX]    [1] K_M_models.sma::client_putinserver (line 113)
L 12/24/2024 - 11:56:31: [CSTRIKE] Invalid player 4 (no private data)
L 12/24/2024 - 11:56:31: [AMXX] Displaying debug trace (plugin "K_M_models.amxx", version "1.0")
L 12/24/2024 - 11:56:31: [AMXX] Run time error 10: native error (native "cs_set_user_model")
L 12/24/2024 - 11:56:31: [AMXX]    [0] K_M_models.sma::native_return_ham_skin (line 59)
L 12/24/2024 - 11:56:31: [AMXX]    [1] K_M_models.sma::client_putinserver (line 113)
L 12/24/2024 - 11:56:32: [CSTRIKE] Invalid player 5 (no private data)
L 12/24/2024 - 11:56:32: [AMXX] Displaying debug trace (plugin "K_M_models.amxx", version "1.0")
L 12/24/2024 - 11:56:32: [AMXX] Run time error 10: native error (native "cs_set_user_model")
L 12/24/2024 - 11:56:32: [AMXX]    [0] K_M_models.sma::native_return_ham_skin (line 59)
L 12/24/2024 - 11:56:32: [AMXX]    [1] K_M_models.sma::client_putinserver (line 113)
L 12/24/2024 - 11:56:32: [CSTRIKE] Invalid player 6 (no private data)
L 12/24/2024 - 11:56:32: [AMXX] Displaying debug trace (plugin "K_M_models.amxx", version "1.0")
L 12/24/2024 - 11:56:32: [AMXX] Run time error 10: native error (native "cs_set_user_model")
L 12/24/2024 - 11:56:32: [AMXX]    [0] K_M_models.sma::native_return_ham_skin (line 59)
L 12/24/2024 - 11:56:32: [AMXX]    [1] K_M_models.sma::client_putinserver (line 113)
L 12/24/2024 - 11:59:31: Start of error session.
L 12/24/2024 - 11:59:31: Info (map "zm_fdust2x2") (file "addons/amxmodx/logs/error_20241224.log")
L 12/24/2024 - 11:59:31: [HAMSANDWICH] Failed to retrieve classtype for "", hook for "f_HamWeaponReload" not active.
L 12/24/2024 - 11:59:31: [AMXX] Displaying debug trace (plugin "K_ZP_main.amxx", version "1.0")
L 12/24/2024 - 11:59:31: [AMXX] Run time error 10: native error (native "RegisterHam")
L 12/24/2024 - 11:59:31: [AMXX]    [0] Krol_basic.inc::get_weapon_guns_name_by_id (line 506)
L 12/24/2024 - 11:59:31: [AMXX]    [1] K_ZP_main.sma::plugin_init (line 33)
L 12/24/2024 - 11:59:35: [CSTRIKE] Invalid player 1 (no private data)
L 12/24/2024 - 11:59:35: [AMXX] Displaying debug trace (plugin "K_M_models.amxx", version "1.0")
L 12/24/2024 - 11:59:35: [AMXX] Run time error 10: native error (native "cs_set_user_model")
L 12/24/2024 - 11:59:35: [AMXX]    [0] K_M_models.sma::native_return_ham_skin (line 59)
L 12/24/2024 - 11:59:35: [AMXX]    [1] K_M_models.sma::client_putinserver (line 113)
L 12/24/2024 - 11:59:36: [CSTRIKE] Invalid player 2 (no private data)
L 12/24/2024 - 11:59:36: [AMXX] Displaying debug trace (plugin "K_M_models.amxx", version "1.0")
L 12/24/2024 - 11:59:36: [AMXX] Run time error 10: native error (native "cs_set_user_model")
L 12/24/2024 - 11:59:36: [AMXX]    [0] K_M_models.sma::native_return_ham_skin (line 59)
L 12/24/2024 - 11:59:36: [AMXX]    [1] K_M_models.sma::client_putinserver (line 113)
L 12/24/2024 - 11:59:37: [CSTRIKE] Invalid player 3 (no private data)
L 12/24/2024 - 11:59:37: [AMXX] Displaying debug trace (plugin "K_M_models.amxx", version "1.0")
L 12/24/2024 - 11:59:37: [AMXX] Run time error 10: native error (native "cs_set_user_model")
L 12/24/2024 - 11:59:37: [AMXX]    [0] K_M_models.sma::native_return_ham_skin (line 59)
L 12/24/2024 - 11:59:37: [AMXX]    [1] K_M_models.sma::client_putinserver (line 113)
L 12/24/2024 - 11:59:37: [CSTRIKE] Invalid player 4 (no private data)
L 12/24/2024 - 11:59:37: [AMXX] Displaying debug trace (plugin "K_M_models.amxx", version "1.0")
L 12/24/2024 - 11:59:37: [AMXX] Run time error 10: native error (native "cs_set_user_model")
L 12/24/2024 - 11:59:37: [AMXX]    [0] K_M_models.sma::native_return_ham_skin (line 59)
L 12/24/2024 - 11:59:37: [AMXX]    [1] K_M_models.sma::client_putinserver (line 113)
L 12/24/2024 - 11:59:38: [CSTRIKE] Invalid player 5 (no private data)
L 12/24/2024 - 11:59:38: [AMXX] Displaying debug trace (plugin "K_M_models.amxx", version "1.0")
L 12/24/2024 - 11:59:38: [AMXX] Run time error 10: native error (native "cs_set_user_model")
L 12/24/2024 - 11:59:38: [AMXX]    [0] K_M_models.sma::native_return_ham_skin (line 59)
L 12/24/2024 - 11:59:38: [AMXX]    [1] K_M_models.sma::client_putinserver (line 113)
L 12/24/2024 - 11:59:38: [CSTRIKE] Invalid player 6 (no private data)
L 12/24/2024 - 11:59:38: [AMXX] Displaying debug trace (plugin "K_M_models.amxx", version "1.0")
L 12/24/2024 - 11:59:38: [AMXX] Run time error 10: native error (native "cs_set_user_model")
L 12/24/2024 - 11:59:38: [AMXX]    [0] K_M_models.sma::native_return_ham_skin (line 59)
L 12/24/2024 - 11:59:38: [AMXX]    [1] K_M_models.sma::client_putinserver (line 113)
L 12/24/2024 - 12:02:53: Start of error session.
L 12/24/2024 - 12:02:53: Info (map "zm_fdust2x2") (file "addons/amxmodx/logs/error_20241224.log")
L 12/24/2024 - 12:02:53: [HAMSANDWICH] Failed to retrieve classtype for "", hook for "f_HamWeaponReload" not active.
L 12/24/2024 - 12:02:53: [AMXX] Displaying debug trace (plugin "K_ZP_main.amxx", version "1.0")
L 12/24/2024 - 12:02:53: [AMXX] Run time error 10: native error (native "RegisterHam")
L 12/24/2024 - 12:02:53: [AMXX]    [0] Krol_basic.inc::get_weapon_guns_name_by_id (line 506)
L 12/24/2024 - 12:02:53: [AMXX]    [1] K_ZP_main.sma::plugin_init (line 33)
L 12/24/2024 - 12:02:57: [CSTRIKE] Invalid player 1 (no private data)
L 12/24/2024 - 12:02:57: [AMXX] Displaying debug trace (plugin "K_M_models.amxx", version "1.0")
L 12/24/2024 - 12:02:57: [AMXX] Run time error 10: native error (native "cs_set_user_model")
L 12/24/2024 - 12:02:57: [AMXX]    [0] K_M_models.sma::native_return_ham_skin (line 59)
L 12/24/2024 - 12:02:57: [AMXX]    [1] K_M_models.sma::client_putinserver (line 113)
L 12/24/2024 - 12:02:57: [CSTRIKE] Invalid player 2 (no private data)
L 12/24/2024 - 12:02:57: [AMXX] Displaying debug trace (plugin "K_M_models.amxx", version "1.0")
L 12/24/2024 - 12:02:57: [AMXX] Run time error 10: native error (native "cs_set_user_model")
L 12/24/2024 - 12:02:57: [AMXX]    [0] K_M_models.sma::native_return_ham_skin (line 59)
L 12/24/2024 - 12:02:57: [AMXX]    [1] K_M_models.sma::client_putinserver (line 113)
L 12/24/2024 - 12:02:58: [CSTRIKE] Invalid player 3 (no private data)
L 12/24/2024 - 12:02:58: [AMXX] Displaying debug trace (plugin "K_M_models.amxx", version "1.0")
L 12/24/2024 - 12:02:58: [AMXX] Run time error 10: native error (native "cs_set_user_model")
L 12/24/2024 - 12:02:58: [AMXX]    [0] K_M_models.sma::native_return_ham_skin (line 59)
L 12/24/2024 - 12:02:58: [AMXX]    [1] K_M_models.sma::client_putinserver (line 113)
L 12/24/2024 - 12:02:59: [CSTRIKE] Invalid player 4 (no private data)
L 12/24/2024 - 12:02:59: [AMXX] Displaying debug trace (plugin "K_M_models.amxx", version "1.0")
L 12/24/2024 - 12:02:59: [AMXX] Run time error 10: native error (native "cs_set_user_model")
L 12/24/2024 - 12:02:59: [AMXX]    [0] K_M_models.sma::native_return_ham_skin (line 59)
L 12/24/2024 - 12:02:59: [AMXX]    [1] K_M_models.sma::client_putinserver (line 113)
L 12/24/2024 - 12:02:59: [CSTRIKE] Invalid player 5 (no private data)
L 12/24/2024 - 12:02:59: [AMXX] Displaying debug trace (plugin "K_M_models.amxx", version "1.0")
L 12/24/2024 - 12:02:59: [AMXX] Run time error 10: native error (native "cs_set_user_model")
L 12/24/2024 - 12:02:59: [AMXX]    [0] K_M_models.sma::native_return_ham_skin (line 59)
L 12/24/2024 - 12:02:59: [AMXX]    [1] K_M_models.sma::client_putinserver (line 113)
L 12/24/2024 - 12:03:00: [CSTRIKE] Invalid player 6 (no private data)
L 12/24/2024 - 12:03:00: [AMXX] Displaying debug trace (plugin "K_M_models.amxx", version "1.0")
L 12/24/2024 - 12:03:00: [AMXX] Run time error 10: native error (native "cs_set_user_model")
L 12/24/2024 - 12:03:00: [AMXX]    [0] K_M_models.sma::native_return_ham_skin (line 59)
L 12/24/2024 - 12:03:00: [AMXX]    [1] K_M_models.sma::client_putinserver (line 113)
L 12/24/2024 - 12:13:07: [CSTRIKE] Invalid player 7 (no private data)
L 12/24/2024 - 12:13:07: [AMXX] Displaying debug trace (plugin "K_M_models.amxx", version "1.0")
L 12/24/2024 - 12:13:07: [AMXX] Run time error 10: native error (native "cs_set_user_model")
L 12/24/2024 - 12:13:07: [AMXX]    [0] K_M_models.sma::native_return_ham_skin (line 59)
L 12/24/2024 - 12:13:07: [AMXX]    [1] K_M_models.sma::client_putinserver (line 113)
L 12/24/2024 - 12:13:25: Invalid player id 0
L 12/24/2024 - 12:13:25: [AMXX] Displaying debug trace (plugin "K_lib_ZP.amxx", version "1.0")
L 12/24/2024 - 12:13:25: [AMXX] Run time error 10: native error (native "get_user_weapons")
L 12/24/2024 - 12:13:25: [AMXX]    [0] Krol_basic.inc::drop_weapons (line 405)
L 12/24/2024 - 12:13:25: [AMXX]    [1] K_lib_ZP.sma::native_make_survivor (line 224)
L 12/24/2024 - 12:13:25: [AMXX]    [2] K_lib_ZP.sma::native_start_mode (line 149)
L 12/24/2024 - 12:13:25: Unhandled dynamic native error
L 12/24/2024 - 12:13:25: [AMXX] Displaying debug trace (plugin "K_ZP_main.amxx", version "1.0")
L 12/24/2024 - 12:13:25: [AMXX] Run time error 10: native error (native "start_mode")
L 12/24/2024 - 12:13:25: [AMXX]    [0] K_ZP_main.sma::task_start_mode (line 118)
L 12/24/2024 - 12:14:11: Start of error session.
L 12/24/2024 - 12:14:11: Info (map "zm_fdust2x2") (file "addons/amxmodx/logs/error_20241224.log")
L 12/24/2024 - 12:14:11: [HAMSANDWICH] Failed to retrieve classtype for "", hook for "f_HamWeaponReload" not active.
L 12/24/2024 - 12:14:11: [AMXX] Displaying debug trace (plugin "K_ZP_main.amxx", version "1.0")
L 12/24/2024 - 12:14:11: [AMXX] Run time error 10: native error (native "RegisterHam")
L 12/24/2024 - 12:14:11: [AMXX]    [0] Krol_basic.inc::get_weapon_guns_name_by_id (line 506)
L 12/24/2024 - 12:14:11: [AMXX]    [1] K_ZP_main.sma::plugin_init (line 33)
L 12/24/2024 - 12:14:15: [CSTRIKE] Invalid player 1 (no private data)
L 12/24/2024 - 12:14:15: [AMXX] Displaying debug trace (plugin "K_M_models.amxx", version "1.0")
L 12/24/2024 - 12:14:15: [AMXX] Run time error 10: native error (native "cs_set_user_model")
L 12/24/2024 - 12:14:15: [AMXX]    [0] K_M_models.sma::native_return_ham_skin (line 59)
L 12/24/2024 - 12:14:15: [AMXX]    [1] K_M_models.sma::client_putinserver (line 113)
L 12/24/2024 - 12:14:16: [CSTRIKE] Invalid player 2 (no private data)
L 12/24/2024 - 12:14:16: [AMXX] Displaying debug trace (plugin "K_M_models.amxx", version "1.0")
L 12/24/2024 - 12:14:16: [AMXX] Run time error 10: native error (native "cs_set_user_model")
L 12/24/2024 - 12:14:16: [AMXX]    [0] K_M_models.sma::native_return_ham_skin (line 59)
L 12/24/2024 - 12:14:16: [AMXX]    [1] K_M_models.sma::client_putinserver (line 113)
L 12/24/2024 - 12:14:16: [CSTRIKE] Invalid player 3 (no private data)
L 12/24/2024 - 12:14:16: [AMXX] Displaying debug trace (plugin "K_M_models.amxx", version "1.0")
L 12/24/2024 - 12:14:16: [AMXX] Run time error 10: native error (native "cs_set_user_model")
L 12/24/2024 - 12:14:16: [AMXX]    [0] K_M_models.sma::native_return_ham_skin (line 59)
L 12/24/2024 - 12:14:16: [AMXX]    [1] K_M_models.sma::client_putinserver (line 113)
L 12/24/2024 - 12:14:17: [CSTRIKE] Invalid player 4 (no private data)
L 12/24/2024 - 12:14:17: [AMXX] Displaying debug trace (plugin "K_M_models.amxx", version "1.0")
L 12/24/2024 - 12:14:17: [AMXX] Run time error 10: native error (native "cs_set_user_model")
L 12/24/2024 - 12:14:17: [AMXX]    [0] K_M_models.sma::native_return_ham_skin (line 59)
L 12/24/2024 - 12:14:17: [AMXX]    [1] K_M_models.sma::client_putinserver (line 113)
L 12/24/2024 - 12:14:17: [CSTRIKE] Invalid player 5 (no private data)
L 12/24/2024 - 12:14:17: [AMXX] Displaying debug trace (plugin "K_M_models.amxx", version "1.0")
L 12/24/2024 - 12:14:17: [AMXX] Run time error 10: native error (native "cs_set_user_model")
L 12/24/2024 - 12:14:17: [AMXX]    [0] K_M_models.sma::native_return_ham_skin (line 59)
L 12/24/2024 - 12:14:17: [AMXX]    [1] K_M_models.sma::client_putinserver (line 113)
L 12/24/2024 - 12:14:18: [CSTRIKE] Invalid player 6 (no private data)
L 12/24/2024 - 12:14:18: [AMXX] Displaying debug trace (plugin "K_M_models.amxx", version "1.0")
L 12/24/2024 - 12:14:18: [AMXX] Run time error 10: native error (native "cs_set_user_model")
L 12/24/2024 - 12:14:18: [AMXX]    [0] K_M_models.sma::native_return_ham_skin (line 59)
L 12/24/2024 - 12:14:18: [AMXX]    [1] K_M_models.sma::client_putinserver (line 113)
L 12/24/2024 - 12:16:11: Start of error session.
L 12/24/2024 - 12:16:11: Info (map "zm_fdust2x2") (file "addons/amxmodx/logs/error_20241224.log")
L 12/24/2024 - 12:16:11: [HAMSANDWICH] Failed to retrieve classtype for "", hook for "f_HamWeaponReload" not active.
L 12/24/2024 - 12:16:11: [AMXX] Displaying debug trace (plugin "K_ZP_main.amxx", version "1.0")
L 12/24/2024 - 12:16:11: [AMXX] Run time error 10: native error (native "RegisterHam")
L 12/24/2024 - 12:16:11: [AMXX]    [0] Krol_basic.inc::get_weapon_guns_name_by_id (line 506)
L 12/24/2024 - 12:16:11: [AMXX]    [1] K_ZP_main.sma::plugin_init (line 33)
L 12/24/2024 - 12:16:15: [CSTRIKE] Invalid player 1 (no private data)
L 12/24/2024 - 12:16:15: [AMXX] Displaying debug trace (plugin "K_M_models.amxx", version "1.0")
L 12/24/2024 - 12:16:15: [AMXX] Run time error 10: native error (native "cs_set_user_model")
L 12/24/2024 - 12:16:15: [AMXX]    [0] K_M_models.sma::native_return_ham_skin (line 59)
L 12/24/2024 - 12:16:15: [AMXX]    [1] K_M_models.sma::client_putinserver (line 113)
L 12/24/2024 - 12:16:16: [CSTRIKE] Invalid player 2 (no private data)
L 12/24/2024 - 12:16:16: [AMXX] Displaying debug trace (plugin "K_M_models.amxx", version "1.0")
L 12/24/2024 - 12:16:16: [AMXX] Run time error 10: native error (native "cs_set_user_model")
L 12/24/2024 - 12:16:16: [AMXX]    [0] K_M_models.sma::native_return_ham_skin (line 59)
L 12/24/2024 - 12:16:16: [AMXX]    [1] K_M_models.sma::client_putinserver (line 113)
L 12/24/2024 - 12:16:16: [CSTRIKE] Invalid player 3 (no private data)
L 12/24/2024 - 12:16:16: [AMXX] Displaying debug trace (plugin "K_M_models.amxx", version "1.0")
L 12/24/2024 - 12:16:16: [AMXX] Run time error 10: native error (native "cs_set_user_model")
L 12/24/2024 - 12:16:16: [AMXX]    [0] K_M_models.sma::native_return_ham_skin (line 59)
L 12/24/2024 - 12:16:16: [AMXX]    [1] K_M_models.sma::client_putinserver (line 113)
L 12/24/2024 - 12:16:17: [CSTRIKE] Invalid player 4 (no private data)
L 12/24/2024 - 12:16:17: [AMXX] Displaying debug trace (plugin "K_M_models.amxx", version "1.0")
L 12/24/2024 - 12:16:17: [AMXX] Run time error 10: native error (native "cs_set_user_model")
L 12/24/2024 - 12:16:17: [AMXX]    [0] K_M_models.sma::native_return_ham_skin (line 59)
L 12/24/2024 - 12:16:17: [AMXX]    [1] K_M_models.sma::client_putinserver (line 113)
L 12/24/2024 - 12:16:17: [CSTRIKE] Invalid player 5 (no private data)
L 12/24/2024 - 12:16:17: [AMXX] Displaying debug trace (plugin "K_M_models.amxx", version "1.0")
L 12/24/2024 - 12:16:17: [AMXX] Run time error 10: native error (native "cs_set_user_model")
L 12/24/2024 - 12:16:17: [AMXX]    [0] K_M_models.sma::native_return_ham_skin (line 59)
L 12/24/2024 - 12:16:17: [AMXX]    [1] K_M_models.sma::client_putinserver (line 113)
L 12/24/2024 - 12:16:18: [CSTRIKE] Invalid player 6 (no private data)
L 12/24/2024 - 12:16:18: [AMXX] Displaying debug trace (plugin "K_M_models.amxx", version "1.0")
L 12/24/2024 - 12:16:18: [AMXX] Run time error 10: native error (native "cs_set_user_model")
L 12/24/2024 - 12:16:18: [AMXX]    [0] K_M_models.sma::native_return_ham_skin (line 59)
L 12/24/2024 - 12:16:18: [AMXX]    [1] K_M_models.sma::client_putinserver (line 113)
L 12/24/2024 - 12:18:32: Start of error session.
L 12/24/2024 - 12:18:32: Info (map "zm_fdust2x2") (file "addons/amxmodx/logs/error_20241224.log")
L 12/24/2024 - 12:18:32: [HAMSANDWICH] Failed to retrieve classtype for "", hook for "f_HamWeaponReload" not active.
L 12/24/2024 - 12:18:32: [AMXX] Displaying debug trace (plugin "K_ZP_main.amxx", version "1.0")
L 12/24/2024 - 12:18:32: [AMXX] Run time error 10: native error (native "RegisterHam")
L 12/24/2024 - 12:18:32: [AMXX]    [0] Krol_basic.inc::get_weapon_guns_name_by_id (line 506)
L 12/24/2024 - 12:18:32: [AMXX]    [1] K_ZP_main.sma::plugin_init (line 33)
L 12/24/2024 - 12:18:37: [CSTRIKE] Invalid player 1 (no private data)
L 12/24/2024 - 12:18:37: [AMXX] Displaying debug trace (plugin "K_M_models.amxx", version "1.0")
L 12/24/2024 - 12:18:37: [AMXX] Run time error 10: native error (native "cs_set_user_model")
L 12/24/2024 - 12:18:37: [AMXX]    [0] K_M_models.sma::native_return_ham_skin (line 59)
L 12/24/2024 - 12:18:37: [AMXX]    [1] K_M_models.sma::client_putinserver (line 113)
L 12/24/2024 - 12:18:37: [CSTRIKE] Invalid player 2 (no private data)
L 12/24/2024 - 12:18:37: [AMXX] Displaying debug trace (plugin "K_M_models.amxx", version "1.0")
L 12/24/2024 - 12:18:37: [AMXX] Run time error 10: native error (native "cs_set_user_model")
L 12/24/2024 - 12:18:37: [AMXX]    [0] K_M_models.sma::native_return_ham_skin (line 59)
L 12/24/2024 - 12:18:37: [AMXX]    [1] K_M_models.sma::client_putinserver (line 113)
L 12/24/2024 - 12:18:38: [CSTRIKE] Invalid player 3 (no private data)
L 12/24/2024 - 12:18:38: [AMXX] Displaying debug trace (plugin "K_M_models.amxx", version "1.0")
L 12/24/2024 - 12:18:38: [AMXX] Run time error 10: native error (native "cs_set_user_model")
L 12/24/2024 - 12:18:38: [AMXX]    [0] K_M_models.sma::native_return_ham_skin (line 59)
L 12/24/2024 - 12:18:38: [AMXX]    [1] K_M_models.sma::client_putinserver (line 113)
L 12/24/2024 - 12:18:38: [CSTRIKE] Invalid player 4 (no private data)
L 12/24/2024 - 12:18:38: [AMXX] Displaying debug trace (plugin "K_M_models.amxx", version "1.0")
L 12/24/2024 - 12:18:38: [AMXX] Run time error 10: native error (native "cs_set_user_model")
L 12/24/2024 - 12:18:38: [AMXX]    [0] K_M_models.sma::native_return_ham_skin (line 59)
L 12/24/2024 - 12:18:38: [AMXX]    [1] K_M_models.sma::client_putinserver (line 113)
L 12/24/2024 - 12:18:39: [CSTRIKE] Invalid player 5 (no private data)
L 12/24/2024 - 12:18:39: [AMXX] Displaying debug trace (plugin "K_M_models.amxx", version "1.0")
L 12/24/2024 - 12:18:39: [AMXX] Run time error 10: native error (native "cs_set_user_model")
L 12/24/2024 - 12:18:39: [AMXX]    [0] K_M_models.sma::native_return_ham_skin (line 59)
L 12/24/2024 - 12:18:39: [AMXX]    [1] K_M_models.sma::client_putinserver (line 113)
L 12/24/2024 - 12:18:39: [CSTRIKE] Invalid player 6 (no private data)
L 12/24/2024 - 12:18:39: [AMXX] Displaying debug trace (plugin "K_M_models.amxx", version "1.0")
L 12/24/2024 - 12:18:39: [AMXX] Run time error 10: native error (native "cs_set_user_model")
L 12/24/2024 - 12:18:39: [AMXX]    [0] K_M_models.sma::native_return_ham_skin (line 59)
L 12/24/2024 - 12:18:39: [AMXX]    [1] K_M_models.sma::client_putinserver (line 113)
L 12/24/2024 - 12:24:43: Start of error session.
L 12/24/2024 - 12:24:43: Info (map "zm_fdust2x2") (file "addons/amxmodx/logs/error_20241224.log")
L 12/24/2024 - 12:24:43: [HAMSANDWICH] Failed to retrieve classtype for "", hook for "f_HamWeaponReload" not active.
L 12/24/2024 - 12:24:43: [AMXX] Displaying debug trace (plugin "K_ZP_main.amxx", version "1.0")
L 12/24/2024 - 12:24:43: [AMXX] Run time error 10: native error (native "RegisterHam")
L 12/24/2024 - 12:24:43: [AMXX]    [0] Krol_basic.inc::get_weapon_guns_name_by_id (line 506)
L 12/24/2024 - 12:24:43: [AMXX]    [1] K_ZP_main.sma::plugin_init (line 33)
L 12/24/2024 - 12:24:48: [CSTRIKE] Invalid player 1 (no private data)
L 12/24/2024 - 12:24:48: [AMXX] Displaying debug trace (plugin "K_M_models.amxx", version "1.0")
L 12/24/2024 - 12:24:48: [AMXX] Run time error 10: native error (native "cs_set_user_model")
L 12/24/2024 - 12:24:48: [AMXX]    [0] K_M_models.sma::native_return_ham_skin (line 59)
L 12/24/2024 - 12:24:48: [AMXX]    [1] K_M_models.sma::client_putinserver (line 113)
L 12/24/2024 - 12:24:48: [CSTRIKE] Invalid player 2 (no private data)
L 12/24/2024 - 12:24:48: [AMXX] Displaying debug trace (plugin "K_M_models.amxx", version "1.0")
L 12/24/2024 - 12:24:48: [AMXX] Run time error 10: native error (native "cs_set_user_model")
L 12/24/2024 - 12:24:48: [AMXX]    [0] K_M_models.sma::native_return_ham_skin (line 59)
L 12/24/2024 - 12:24:48: [AMXX]    [1] K_M_models.sma::client_putinserver (line 113)
L 12/24/2024 - 12:24:49: [CSTRIKE] Invalid player 3 (no private data)
L 12/24/2024 - 12:24:49: [AMXX] Displaying debug trace (plugin "K_M_models.amxx", version "1.0")
L 12/24/2024 - 12:24:49: [AMXX] Run time error 10: native error (native "cs_set_user_model")
L 12/24/2024 - 12:24:49: [AMXX]    [0] K_M_models.sma::native_return_ham_skin (line 59)
L 12/24/2024 - 12:24:49: [AMXX]    [1] K_M_models.sma::client_putinserver (line 113)
L 12/24/2024 - 12:24:49: [CSTRIKE] Invalid player 4 (no private data)
L 12/24/2024 - 12:24:49: [AMXX] Displaying debug trace (plugin "K_M_models.amxx", version "1.0")
L 12/24/2024 - 12:24:49: [AMXX] Run time error 10: native error (native "cs_set_user_model")
L 12/24/2024 - 12:24:49: [AMXX]    [0] K_M_models.sma::native_return_ham_skin (line 59)
L 12/24/2024 - 12:24:49: [AMXX]    [1] K_M_models.sma::client_putinserver (line 113)
L 12/24/2024 - 12:24:50: [CSTRIKE] Invalid player 5 (no private data)
L 12/24/2024 - 12:24:50: [AMXX] Displaying debug trace (plugin "K_M_models.amxx", version "1.0")
L 12/24/2024 - 12:24:50: [AMXX] Run time error 10: native error (native "cs_set_user_model")
L 12/24/2024 - 12:24:50: [AMXX]    [0] K_M_models.sma::native_return_ham_skin (line 59)
L 12/24/2024 - 12:24:50: [AMXX]    [1] K_M_models.sma::client_putinserver (line 113)
L 12/24/2024 - 12:24:50: [CSTRIKE] Invalid player 6 (no private data)
L 12/24/2024 - 12:24:50: [AMXX] Displaying debug trace (plugin "K_M_models.amxx", version "1.0")
L 12/24/2024 - 12:24:50: [AMXX] Run time error 10: native error (native "cs_set_user_model")
L 12/24/2024 - 12:24:50: [AMXX]    [0] K_M_models.sma::native_return_ham_skin (line 59)
L 12/24/2024 - 12:24:50: [AMXX]    [1] K_M_models.sma::client_putinserver (line 113)
L 12/24/2024 - 12:27:15: Start of error session.
L 12/24/2024 - 12:27:15: Info (map "zm_fdust2x2") (file "addons/amxmodx/logs/error_20241224.log")
L 12/24/2024 - 12:27:15: [HAMSANDWICH] Failed to retrieve classtype for "", hook for "f_HamWeaponReload" not active.
L 12/24/2024 - 12:27:15: [AMXX] Displaying debug trace (plugin "K_ZP_main.amxx", version "1.0")
L 12/24/2024 - 12:27:15: [AMXX] Run time error 10: native error (native "RegisterHam")
L 12/24/2024 - 12:27:15: [AMXX]    [0] Krol_basic.inc::get_weapon_guns_name_by_id (line 506)
L 12/24/2024 - 12:27:15: [AMXX]    [1] K_ZP_main.sma::plugin_init (line 33)
L 12/24/2024 - 12:27:19: [CSTRIKE] Invalid player 1 (no private data)
L 12/24/2024 - 12:27:19: [AMXX] Displaying debug trace (plugin "K_M_models.amxx", version "1.0")
L 12/24/2024 - 12:27:19: [AMXX] Run time error 10: native error (native "cs_set_user_model")
L 12/24/2024 - 12:27:19: [AMXX]    [0] K_M_models.sma::native_return_ham_skin (line 59)
L 12/24/2024 - 12:27:19: [AMXX]    [1] K_M_models.sma::client_putinserver (line 113)
L 12/24/2024 - 12:27:20: [CSTRIKE] Invalid player 2 (no private data)
L 12/24/2024 - 12:27:20: [AMXX] Displaying debug trace (plugin "K_M_models.amxx", version "1.0")
L 12/24/2024 - 12:27:20: [AMXX] Run time error 10: native error (native "cs_set_user_model")
L 12/24/2024 - 12:27:20: [AMXX]    [0] K_M_models.sma::native_return_ham_skin (line 59)
L 12/24/2024 - 12:27:20: [AMXX]    [1] K_M_models.sma::client_putinserver (line 113)
L 12/24/2024 - 12:27:20: [CSTRIKE] Invalid player 3 (no private data)
L 12/24/2024 - 12:27:20: [AMXX] Displaying debug trace (plugin "K_M_models.amxx", version "1.0")
L 12/24/2024 - 12:27:20: [AMXX] Run time error 10: native error (native "cs_set_user_model")
L 12/24/2024 - 12:27:21: [AMXX]    [0] K_M_models.sma::native_return_ham_skin (line 59)
L 12/24/2024 - 12:27:21: [AMXX]    [1] K_M_models.sma::client_putinserver (line 113)
L 12/24/2024 - 12:27:21: [CSTRIKE] Invalid player 4 (no private data)
L 12/24/2024 - 12:27:21: [AMXX] Displaying debug trace (plugin "K_M_models.amxx", version "1.0")
L 12/24/2024 - 12:27:21: [AMXX] Run time error 10: native error (native "cs_set_user_model")
L 12/24/2024 - 12:27:21: [AMXX]    [0] K_M_models.sma::native_return_ham_skin (line 59)
L 12/24/2024 - 12:27:21: [AMXX]    [1] K_M_models.sma::client_putinserver (line 113)
L 12/24/2024 - 12:27:22: [CSTRIKE] Invalid player 5 (no private data)
L 12/24/2024 - 12:27:22: [AMXX] Displaying debug trace (plugin "K_M_models.amxx", version "1.0")
L 12/24/2024 - 12:27:22: [AMXX] Run time error 10: native error (native "cs_set_user_model")
L 12/24/2024 - 12:27:22: [AMXX]    [0] K_M_models.sma::native_return_ham_skin (line 59)
L 12/24/2024 - 12:27:22: [AMXX]    [1] K_M_models.sma::client_putinserver (line 113)
L 12/24/2024 - 12:27:22: [CSTRIKE] Invalid player 6 (no private data)
L 12/24/2024 - 12:27:22: [AMXX] Displaying debug trace (plugin "K_M_models.amxx", version "1.0")
L 12/24/2024 - 12:27:22: [AMXX] Run time error 10: native error (native "cs_set_user_model")
L 12/24/2024 - 12:27:22: [AMXX]    [0] K_M_models.sma::native_return_ham_skin (line 59)
L 12/24/2024 - 12:27:22: [AMXX]    [1] K_M_models.sma::client_putinserver (line 113)
L 12/24/2024 - 12:32:29: Start of error session.
L 12/24/2024 - 12:32:29: Info (map "zm_fdust2x2") (file "addons/amxmodx/logs/error_20241224.log")
L 12/24/2024 - 12:32:29: [HAMSANDWICH] Failed to retrieve classtype for "", hook for "f_HamWeaponReload" not active.
L 12/24/2024 - 12:32:29: [AMXX] Displaying debug trace (plugin "K_ZP_main.amxx", version "1.0")
L 12/24/2024 - 12:32:29: [AMXX] Run time error 10: native error (native "RegisterHam")
L 12/24/2024 - 12:32:29: [AMXX]    [0] Krol_basic.inc::get_weapon_guns_name_by_id (line 506)
L 12/24/2024 - 12:32:29: [AMXX]    [1] K_ZP_main.sma::plugin_init (line 33)
L 12/24/2024 - 12:32:33: [CSTRIKE] Invalid player 1 (no private data)
L 12/24/2024 - 12:32:33: [AMXX] Displaying debug trace (plugin "K_M_models.amxx", version "1.0")
L 12/24/2024 - 12:32:33: [AMXX] Run time error 10: native error (native "cs_set_user_model")
L 12/24/2024 - 12:32:33: [AMXX]    [0] K_M_models.sma::native_return_ham_skin (line 59)
L 12/24/2024 - 12:32:33: [AMXX]    [1] K_M_models.sma::client_putinserver (line 113)
L 12/24/2024 - 12:32:33: [CSTRIKE] Invalid player 2 (no private data)
L 12/24/2024 - 12:32:33: [AMXX] Displaying debug trace (plugin "K_M_models.amxx", version "1.0")
L 12/24/2024 - 12:32:33: [AMXX] Run time error 10: native error (native "cs_set_user_model")
L 12/24/2024 - 12:32:33: [AMXX]    [0] K_M_models.sma::native_return_ham_skin (line 59)
L 12/24/2024 - 12:32:33: [AMXX]    [1] K_M_models.sma::client_putinserver (line 113)
L 12/24/2024 - 12:32:34: [CSTRIKE] Invalid player 3 (no private data)
L 12/24/2024 - 12:32:34: [AMXX] Displaying debug trace (plugin "K_M_models.amxx", version "1.0")
L 12/24/2024 - 12:32:34: [AMXX] Run time error 10: native error (native "cs_set_user_model")
L 12/24/2024 - 12:32:34: [AMXX]    [0] K_M_models.sma::native_return_ham_skin (line 59)
L 12/24/2024 - 12:32:34: [AMXX]    [1] K_M_models.sma::client_putinserver (line 113)
L 12/24/2024 - 12:32:35: [CSTRIKE] Invalid player 4 (no private data)
L 12/24/2024 - 12:32:35: [AMXX] Displaying debug trace (plugin "K_M_models.amxx", version "1.0")
L 12/24/2024 - 12:32:35: [AMXX] Run time error 10: native error (native "cs_set_user_model")
L 12/24/2024 - 12:32:35: [AMXX]    [0] K_M_models.sma::native_return_ham_skin (line 59)
L 12/24/2024 - 12:32:35: [AMXX]    [1] K_M_models.sma::client_putinserver (line 113)
L 12/24/2024 - 12:32:35: [CSTRIKE] Invalid player 5 (no private data)
L 12/24/2024 - 12:32:35: [AMXX] Displaying debug trace (plugin "K_M_models.amxx", version "1.0")
L 12/24/2024 - 12:32:35: [AMXX] Run time error 10: native error (native "cs_set_user_model")
L 12/24/2024 - 12:32:35: [AMXX]    [0] K_M_models.sma::native_return_ham_skin (line 59)
L 12/24/2024 - 12:32:35: [AMXX]    [1] K_M_models.sma::client_putinserver (line 113)
L 12/24/2024 - 12:32:36: [CSTRIKE] Invalid player 6 (no private data)
L 12/24/2024 - 12:32:36: [AMXX] Displaying debug trace (plugin "K_M_models.amxx", version "1.0")
L 12/24/2024 - 12:32:36: [AMXX] Run time error 10: native error (native "cs_set_user_model")
L 12/24/2024 - 12:32:36: [AMXX]    [0] K_M_models.sma::native_return_ham_skin (line 59)
L 12/24/2024 - 12:32:36: [AMXX]    [1] K_M_models.sma::client_putinserver (line 113)
L 12/24/2024 - 12:43:13: Start of error session.
L 12/24/2024 - 12:43:13: Info (map "zm_fdust2x2") (file "addons/amxmodx/logs/error_20241224.log")
L 12/24/2024 - 12:43:13: [HAMSANDWICH] Failed to retrieve classtype for "", hook for "f_HamWeaponReload" not active.
L 12/24/2024 - 12:43:13: [AMXX] Displaying debug trace (plugin "K_ZP_main.amxx", version "1.0")
L 12/24/2024 - 12:43:13: [AMXX] Run time error 10: native error (native "RegisterHam")
L 12/24/2024 - 12:43:13: [AMXX]    [0] Krol_basic.inc::get_weapon_guns_name_by_id (line 506)
L 12/24/2024 - 12:43:13: [AMXX]    [1] K_ZP_main.sma::plugin_init (line 33)
L 12/24/2024 - 12:43:18: [CSTRIKE] Invalid player 2 (no private data)
L 12/24/2024 - 12:43:18: [AMXX] Displaying debug trace (plugin "K_M_models.amxx", version "1.0")
L 12/24/2024 - 12:43:18: [AMXX] Run time error 10: native error (native "cs_set_user_model")
L 12/24/2024 - 12:43:18: [AMXX]    [0] K_M_models.sma::native_return_ham_skin (line 59)
L 12/24/2024 - 12:43:18: [AMXX]    [1] K_M_models.sma::client_putinserver (line 113)
L 12/24/2024 - 12:43:18: [CSTRIKE] Invalid player 3 (no private data)
L 12/24/2024 - 12:43:18: [AMXX] Displaying debug trace (plugin "K_M_models.amxx", version "1.0")
L 12/24/2024 - 12:43:18: [AMXX] Run time error 10: native error (native "cs_set_user_model")
L 12/24/2024 - 12:43:18: [AMXX]    [0] K_M_models.sma::native_return_ham_skin (line 59)
L 12/24/2024 - 12:43:18: [AMXX]    [1] K_M_models.sma::client_putinserver (line 113)
L 12/24/2024 - 12:43:19: [CSTRIKE] Invalid player 4 (no private data)
L 12/24/2024 - 12:43:19: [AMXX] Displaying debug trace (plugin "K_M_models.amxx", version "1.0")
L 12/24/2024 - 12:43:19: [AMXX] Run time error 10: native error (native "cs_set_user_model")
L 12/24/2024 - 12:43:19: [AMXX]    [0] K_M_models.sma::native_return_ham_skin (line 59)
L 12/24/2024 - 12:43:19: [AMXX]    [1] K_M_models.sma::client_putinserver (line 113)
L 12/24/2024 - 12:43:19: [CSTRIKE] Invalid player 5 (no private data)
L 12/24/2024 - 12:43:19: [AMXX] Displaying debug trace (plugin "K_M_models.amxx", version "1.0")
L 12/24/2024 - 12:43:19: [AMXX] Run time error 10: native error (native "cs_set_user_model")
L 12/24/2024 - 12:43:19: [AMXX]    [0] K_M_models.sma::native_return_ham_skin (line 59)
L 12/24/2024 - 12:43:19: [AMXX]    [1] K_M_models.sma::client_putinserver (line 113)
L 12/24/2024 - 12:43:20: [CSTRIKE] Invalid player 6 (no private data)
L 12/24/2024 - 12:43:20: [AMXX] Displaying debug trace (plugin "K_M_models.amxx", version "1.0")
L 12/24/2024 - 12:43:20: [AMXX] Run time error 10: native error (native "cs_set_user_model")
L 12/24/2024 - 12:43:20: [AMXX]    [0] K_M_models.sma::native_return_ham_skin (line 59)
L 12/24/2024 - 12:43:20: [AMXX]    [1] K_M_models.sma::client_putinserver (line 113)
L 12/24/2024 - 12:43:20: [CSTRIKE] Invalid player 7 (no private data)
L 12/24/2024 - 12:43:20: [AMXX] Displaying debug trace (plugin "K_M_models.amxx", version "1.0")
L 12/24/2024 - 12:43:20: [AMXX] Run time error 10: native error (native "cs_set_user_model")
L 12/24/2024 - 12:43:20: [AMXX]    [0] K_M_models.sma::native_return_ham_skin (line 59)
L 12/24/2024 - 12:43:20: [AMXX]    [1] K_M_models.sma::client_putinserver (line 113)
L 12/24/2024 - 12:43:21: [CSTRIKE] Invalid player 8 (no private data)
L 12/24/2024 - 12:43:21: [AMXX] Displaying debug trace (plugin "K_M_models.amxx", version "1.0")
L 12/24/2024 - 12:43:21: [AMXX] Run time error 10: native error (native "cs_set_user_model")
L 12/24/2024 - 12:43:21: [AMXX]    [0] K_M_models.sma::native_return_ham_skin (line 59)
L 12/24/2024 - 12:43:21: [AMXX]    [1] K_M_models.sma::client_putinserver (line 113)
L 12/24/2024 - 12:44:05: Start of error session.
L 12/24/2024 - 12:44:05: Info (map "zm_fdust2x2") (file "addons/amxmodx/logs/error_20241224.log")
L 12/24/2024 - 12:44:05: [HAMSANDWICH] Failed to retrieve classtype for "", hook for "f_HamWeaponReload" not active.
L 12/24/2024 - 12:44:05: [AMXX] Displaying debug trace (plugin "K_ZP_main.amxx", version "1.0")
L 12/24/2024 - 12:44:05: [AMXX] Run time error 10: native error (native "RegisterHam")
L 12/24/2024 - 12:44:05: [AMXX]    [0] Krol_basic.inc::get_weapon_guns_name_by_id (line 506)
L 12/24/2024 - 12:44:05: [AMXX]    [1] K_ZP_main.sma::plugin_init (line 33)
L 12/24/2024 - 12:44:10: [CSTRIKE] Invalid player 2 (no private data)
L 12/24/2024 - 12:44:10: [AMXX] Displaying debug trace (plugin "K_M_models.amxx", version "1.0")
L 12/24/2024 - 12:44:10: [AMXX] Run time error 10: native error (native "cs_set_user_model")
L 12/24/2024 - 12:44:10: [AMXX]    [0] K_M_models.sma::native_return_ham_skin (line 59)
L 12/24/2024 - 12:44:10: [AMXX]    [1] K_M_models.sma::client_putinserver (line 113)
L 12/24/2024 - 12:44:10: [CSTRIKE] Invalid player 3 (no private data)
L 12/24/2024 - 12:44:10: [AMXX] Displaying debug trace (plugin "K_M_models.amxx", version "1.0")
L 12/24/2024 - 12:44:10: [AMXX] Run time error 10: native error (native "cs_set_user_model")
L 12/24/2024 - 12:44:10: [AMXX]    [0] K_M_models.sma::native_return_ham_skin (line 59)
L 12/24/2024 - 12:44:10: [AMXX]    [1] K_M_models.sma::client_putinserver (line 113)
L 12/24/2024 - 12:44:11: [CSTRIKE] Invalid player 4 (no private data)
L 12/24/2024 - 12:44:11: [AMXX] Displaying debug trace (plugin "K_M_models.amxx", version "1.0")
L 12/24/2024 - 12:44:11: [AMXX] Run time error 10: native error (native "cs_set_user_model")
L 12/24/2024 - 12:44:11: [AMXX]    [0] K_M_models.sma::native_return_ham_skin (line 59)
L 12/24/2024 - 12:44:11: [AMXX]    [1] K_M_models.sma::client_putinserver (line 113)
L 12/24/2024 - 12:44:11: [CSTRIKE] Invalid player 5 (no private data)
L 12/24/2024 - 12:44:11: [AMXX] Displaying debug trace (plugin "K_M_models.amxx", version "1.0")
L 12/24/2024 - 12:44:11: [AMXX] Run time error 10: native error (native "cs_set_user_model")
L 12/24/2024 - 12:44:11: [AMXX]    [0] K_M_models.sma::native_return_ham_skin (line 59)
L 12/24/2024 - 12:44:11: [AMXX]    [1] K_M_models.sma::client_putinserver (line 113)
L 12/24/2024 - 12:44:12: [CSTRIKE] Invalid player 6 (no private data)
L 12/24/2024 - 12:44:12: [AMXX] Displaying debug trace (plugin "K_M_models.amxx", version "1.0")
L 12/24/2024 - 12:44:12: [AMXX] Run time error 10: native error (native "cs_set_user_model")
L 12/24/2024 - 12:44:12: [AMXX]    [0] K_M_models.sma::native_return_ham_skin (line 59)
L 12/24/2024 - 12:44:12: [AMXX]    [1] K_M_models.sma::client_putinserver (line 113)
L 12/24/2024 - 12:44:12: Function is not present (function "task_delite_entity") (plugin "surv_pyl.amxx")
L 12/24/2024 - 12:44:12: [AMXX] Run time error 10 (plugin "surv_pyl.amxx") (native "set_task") - debug not enabled!
L 12/24/2024 - 12:44:12: [AMXX] To enable debug mode, add "debug" after the plugin name in plugins.ini (without quotes).
L 12/24/2024 - 12:44:12: [CSTRIKE] Invalid player 7 (no private data)
L 12/24/2024 - 12:44:12: [AMXX] Displaying debug trace (plugin "K_M_models.amxx", version "1.0")
L 12/24/2024 - 12:44:12: [AMXX] Run time error 10: native error (native "cs_set_user_model")
L 12/24/2024 - 12:44:12: [AMXX]    [0] K_M_models.sma::native_return_ham_skin (line 59)
L 12/24/2024 - 12:44:12: [AMXX]    [1] K_M_models.sma::client_putinserver (line 113)
L 12/24/2024 - 12:44:27: Function is not present (function "task_delite_entity") (plugin "surv_pyl.amxx")
L 12/24/2024 - 12:44:27: [AMXX] Run time error 10 (plugin "surv_pyl.amxx") (native "set_task") - debug not enabled!
L 12/24/2024 - 12:44:27: [AMXX] To enable debug mode, add "debug" after the plugin name in plugins.ini (without quotes).
L 12/24/2024 - 12:44:45: Function is not present (function "task_delite_entity") (plugin "surv_pyl.amxx")
L 12/24/2024 - 12:44:45: [AMXX] Run time error 10 (plugin "surv_pyl.amxx") (native "set_task") - debug not enabled!
L 12/24/2024 - 12:44:45: [AMXX] To enable debug mode, add "debug" after the plugin name in plugins.ini (without quotes).
L 12/24/2024 - 12:45:01: Function is not present (function "task_delite_entity") (plugin "surv_pyl.amxx")
L 12/24/2024 - 12:45:01: [AMXX] Run time error 10 (plugin "surv_pyl.amxx") (native "set_task") - debug not enabled!
L 12/24/2024 - 12:45:01: [AMXX] To enable debug mode, add "debug" after the plugin name in plugins.ini (without quotes).
L 12/24/2024 - 12:45:51: Start of error session.
L 12/24/2024 - 12:45:51: Info (map "zm_fdust2x2") (file "addons/amxmodx/logs/error_20241224.log")
L 12/24/2024 - 12:45:51: [HAMSANDWICH] Failed to retrieve classtype for "", hook for "f_HamWeaponReload" not active.
L 12/24/2024 - 12:45:51: [AMXX] Displaying debug trace (plugin "K_ZP_main.amxx", version "1.0")
L 12/24/2024 - 12:45:51: [AMXX] Run time error 10: native error (native "RegisterHam")
L 12/24/2024 - 12:45:51: [AMXX]    [0] Krol_basic.inc::get_weapon_guns_name_by_id (line 506)
L 12/24/2024 - 12:45:51: [AMXX]    [1] K_ZP_main.sma::plugin_init (line 33)
L 12/24/2024 - 12:45:56: [CSTRIKE] Invalid player 2 (no private data)
L 12/24/2024 - 12:45:56: [AMXX] Displaying debug trace (plugin "K_M_models.amxx", version "1.0")
L 12/24/2024 - 12:45:56: [AMXX] Run time error 10: native error (native "cs_set_user_model")
L 12/24/2024 - 12:45:56: [AMXX]    [0] K_M_models.sma::native_return_ham_skin (line 59)
L 12/24/2024 - 12:45:56: [AMXX]    [1] K_M_models.sma::client_putinserver (line 113)
L 12/24/2024 - 12:45:56: [CSTRIKE] Invalid player 3 (no private data)
L 12/24/2024 - 12:45:56: [AMXX] Displaying debug trace (plugin "K_M_models.amxx", version "1.0")
L 12/24/2024 - 12:45:56: [AMXX] Run time error 10: native error (native "cs_set_user_model")
L 12/24/2024 - 12:45:56: [AMXX]    [0] K_M_models.sma::native_return_ham_skin (line 59)
L 12/24/2024 - 12:45:56: [AMXX]    [1] K_M_models.sma::client_putinserver (line 113)
L 12/24/2024 - 12:45:57: [CSTRIKE] Invalid player 4 (no private data)
L 12/24/2024 - 12:45:57: [AMXX] Displaying debug trace (plugin "K_M_models.amxx", version "1.0")
L 12/24/2024 - 12:45:57: [AMXX] Run time error 10: native error (native "cs_set_user_model")
L 12/24/2024 - 12:45:57: [AMXX]    [0] K_M_models.sma::native_return_ham_skin (line 59)
L 12/24/2024 - 12:45:57: [AMXX]    [1] K_M_models.sma::client_putinserver (line 113)
L 12/24/2024 - 12:45:57: [CSTRIKE] Invalid player 5 (no private data)
L 12/24/2024 - 12:45:57: [AMXX] Displaying debug trace (plugin "K_M_models.amxx", version "1.0")
L 12/24/2024 - 12:45:57: [AMXX] Run time error 10: native error (native "cs_set_user_model")
L 12/24/2024 - 12:45:57: [AMXX]    [0] K_M_models.sma::native_return_ham_skin (line 59)
L 12/24/2024 - 12:45:57: [AMXX]    [1] K_M_models.sma::client_putinserver (line 113)
L 12/24/2024 - 12:45:58: [CSTRIKE] Invalid player 6 (no private data)
L 12/24/2024 - 12:45:58: [AMXX] Displaying debug trace (plugin "K_M_models.amxx", version "1.0")
L 12/24/2024 - 12:45:58: [AMXX] Run time error 10: native error (native "cs_set_user_model")
L 12/24/2024 - 12:45:58: [AMXX]    [0] K_M_models.sma::native_return_ham_skin (line 59)
L 12/24/2024 - 12:45:58: [AMXX]    [1] K_M_models.sma::client_putinserver (line 113)
L 12/24/2024 - 12:45:58: [CSTRIKE] Invalid player 7 (no private data)
L 12/24/2024 - 12:45:58: [AMXX] Displaying debug trace (plugin "K_M_models.amxx", version "1.0")
L 12/24/2024 - 12:45:58: [AMXX] Run time error 10: native error (native "cs_set_user_model")
L 12/24/2024 - 12:45:58: [AMXX]    [0] K_M_models.sma::native_return_ham_skin (line 59)
L 12/24/2024 - 12:45:58: [AMXX]    [1] K_M_models.sma::client_putinserver (line 113)
L 12/24/2024 - 12:46:02: Function is not present (function "task_delite_entity") (plugin "surv_pyl.amxx")
L 12/24/2024 - 12:46:02: [AMXX] Run time error 10 (plugin "surv_pyl.amxx") (native "set_task") - debug not enabled!
L 12/24/2024 - 12:46:02: [AMXX] To enable debug mode, add "debug" after the plugin name in plugins.ini (without quotes).
L 12/24/2024 - 12:46:20: Function is not present (function "task_delite_entity") (plugin "surv_pyl.amxx")
L 12/24/2024 - 12:46:20: [AMXX] Run time error 10 (plugin "surv_pyl.amxx") (native "set_task") - debug not enabled!
L 12/24/2024 - 12:46:20: [AMXX] To enable debug mode, add "debug" after the plugin name in plugins.ini (without quotes).
L 12/24/2024 - 12:49:50: Function is not present (function "task_delite_entity") (plugin "surv_pyl.amxx")
L 12/24/2024 - 12:49:50: [AMXX] Run time error 10 (plugin "surv_pyl.amxx") (native "set_task") - debug not enabled!
L 12/24/2024 - 12:49:50: [AMXX] To enable debug mode, add "debug" after the plugin name in plugins.ini (without quotes).
L 12/24/2024 - 12:50:08: Function is not present (function "task_delite_entity") (plugin "surv_pyl.amxx")
L 12/24/2024 - 12:50:08: [AMXX] Run time error 10 (plugin "surv_pyl.amxx") (native "set_task") - debug not enabled!
L 12/24/2024 - 12:50:08: [AMXX] To enable debug mode, add "debug" after the plugin name in plugins.ini (without quotes).
L 12/24/2024 - 12:52:54: Function is not present (function "task_delite_entity") (plugin "surv_pyl.amxx")
L 12/24/2024 - 12:52:54: [AMXX] Run time error 10 (plugin "surv_pyl.amxx") (native "set_task") - debug not enabled!
L 12/24/2024 - 12:52:54: [AMXX] To enable debug mode, add "debug" after the plugin name in plugins.ini (without quotes).
L 12/24/2024 - 12:55:25: Function is not present (function "task_delite_entity") (plugin "surv_pyl.amxx")
L 12/24/2024 - 12:55:25: [AMXX] Run time error 10 (plugin "surv_pyl.amxx") (native "set_task") - debug not enabled!
L 12/24/2024 - 12:55:25: [AMXX] To enable debug mode, add "debug" after the plugin name in plugins.ini (without quotes).
L 12/24/2024 - 13:04:03: Start of error session.
L 12/24/2024 - 13:04:03: Info (map "zm_fdust2x2") (file "addons/amxmodx/logs/error_20241224.log")
L 12/24/2024 - 13:04:03: [HAMSANDWICH] Failed to retrieve classtype for "", hook for "f_HamWeaponReload" not active.
L 12/24/2024 - 13:04:03: [AMXX] Displaying debug trace (plugin "K_ZP_main.amxx", version "1.0")
L 12/24/2024 - 13:04:03: [AMXX] Run time error 10: native error (native "RegisterHam")
L 12/24/2024 - 13:04:03: [AMXX]    [0] Krol_basic.inc::get_weapon_guns_name_by_id (line 506)
L 12/24/2024 - 13:04:03: [AMXX]    [1] K_ZP_main.sma::plugin_init (line 33)
L 12/24/2024 - 13:04:08: [CSTRIKE] Invalid player 2 (no private data)
L 12/24/2024 - 13:04:08: [AMXX] Displaying debug trace (plugin "K_M_models.amxx", version "1.0")
L 12/24/2024 - 13:04:08: [AMXX] Run time error 10: native error (native "cs_set_user_model")
L 12/24/2024 - 13:04:08: [AMXX]    [0] K_M_models.sma::native_return_ham_skin (line 59)
L 12/24/2024 - 13:04:08: [AMXX]    [1] K_M_models.sma::client_putinserver (line 113)
L 12/24/2024 - 13:04:08: [CSTRIKE] Invalid player 3 (no private data)
L 12/24/2024 - 13:04:08: [AMXX] Displaying debug trace (plugin "K_M_models.amxx", version "1.0")
L 12/24/2024 - 13:04:08: [AMXX] Run time error 10: native error (native "cs_set_user_model")
L 12/24/2024 - 13:04:08: [AMXX]    [0] K_M_models.sma::native_return_ham_skin (line 59)
L 12/24/2024 - 13:04:08: [AMXX]    [1] K_M_models.sma::client_putinserver (line 113)
L 12/24/2024 - 13:04:09: [CSTRIKE] Invalid player 4 (no private data)
L 12/24/2024 - 13:04:09: [AMXX] Displaying debug trace (plugin "K_M_models.amxx", version "1.0")
L 12/24/2024 - 13:04:09: [AMXX] Run time error 10: native error (native "cs_set_user_model")
L 12/24/2024 - 13:04:09: [AMXX]    [0] K_M_models.sma::native_return_ham_skin (line 59)
L 12/24/2024 - 13:04:09: [AMXX]    [1] K_M_models.sma::client_putinserver (line 113)
L 12/24/2024 - 13:04:09: [CSTRIKE] Invalid player 5 (no private data)
L 12/24/2024 - 13:04:09: [AMXX] Displaying debug trace (plugin "K_M_models.amxx", version "1.0")
L 12/24/2024 - 13:04:09: [AMXX] Run time error 10: native error (native "cs_set_user_model")
L 12/24/2024 - 13:04:09: [AMXX]    [0] K_M_models.sma::native_return_ham_skin (line 59)
L 12/24/2024 - 13:04:09: [AMXX]    [1] K_M_models.sma::client_putinserver (line 113)
L 12/24/2024 - 13:04:10: [CSTRIKE] Invalid player 6 (no private data)
L 12/24/2024 - 13:04:10: [AMXX] Displaying debug trace (plugin "K_M_models.amxx", version "1.0")
L 12/24/2024 - 13:04:10: [AMXX] Run time error 10: native error (native "cs_set_user_model")
L 12/24/2024 - 13:04:10: [AMXX]    [0] K_M_models.sma::native_return_ham_skin (line 59)
L 12/24/2024 - 13:04:10: [AMXX]    [1] K_M_models.sma::client_putinserver (line 113)
L 12/24/2024 - 13:04:10: [CSTRIKE] Invalid player 7 (no private data)
L 12/24/2024 - 13:04:10: [AMXX] Displaying debug trace (plugin "K_M_models.amxx", version "1.0")
L 12/24/2024 - 13:04:10: [AMXX] Run time error 10: native error (native "cs_set_user_model")
L 12/24/2024 - 13:04:10: [AMXX]    [0] K_M_models.sma::native_return_ham_skin (line 59)
L 12/24/2024 - 13:04:10: [AMXX]    [1] K_M_models.sma::client_putinserver (line 113)
L 12/24/2024 - 13:04:20: Invalid player id 0
L 12/24/2024 - 13:11:40: [AMXX] Displaying debug trace (plugin "K_lib_ZP.amxx", version "1.0")
L 12/24/2024 - 13:11:40: [AMXX] Run time error 10: native error (native "get_user_weapons")
L 12/24/2024 - 13:11:40: [AMXX]    [0] Krol_basic.inc::drop_weapons (line 405)
L 12/24/2024 - 13:11:40: [AMXX]    [1] K_lib_ZP.sma::native_make_survivor (line 224)
L 12/24/2024 - 13:11:40: [AMXX]    [2] K_lib_ZP.sma::native_start_mode (line 149)
L 12/24/2024 - 13:11:40: Unhandled dynamic native error
L 12/24/2024 - 13:11:40: [AMXX] Displaying debug trace (plugin "K_ZP_main.amxx", version "1.0")
L 12/24/2024 - 13:11:40: [AMXX] Run time error 10: native error (native "start_mode")
L 12/24/2024 - 13:11:40: [AMXX]    [0] K_ZP_main.sma::task_start_mode (line 118)
L 12/24/2024 - 13:11:46: Invalid player id 0
L 12/24/2024 - 13:11:46: [AMXX] Displaying debug trace (plugin "K_lib_ZP.amxx", version "1.0")
L 12/24/2024 - 13:11:46: [AMXX] Run time error 10: native error (native "get_user_weapons")
L 12/24/2024 - 13:11:46: [AMXX]    [0] Krol_basic.inc::drop_weapons (line 405)
L 12/24/2024 - 13:11:46: [AMXX]    [1] K_lib_ZP.sma::native_make_survivor (line 224)
L 12/24/2024 - 13:11:46: [AMXX]    [2] K_lib_ZP.sma::native_start_mode (line 149)
L 12/24/2024 - 13:11:46: Unhandled dynamic native error
L 12/24/2024 - 13:11:46: [AMXX] Displaying debug trace (plugin "K_ZP_main.amxx", version "1.0")
L 12/24/2024 - 13:11:46: [AMXX] Run time error 10: native error (native "start_mode")
L 12/24/2024 - 13:11:46: [AMXX]    [0] K_ZP_main.sma::task_start_mode (line 118)
L 12/24/2024 - 13:11:52: Invalid player id 0
L 12/24/2024 - 13:11:52: [AMXX] Displaying debug trace (plugin "K_lib_ZP.amxx", version "1.0")
L 12/24/2024 - 13:11:52: [AMXX] Run time error 10: native error (native "get_user_weapons")
L 12/24/2024 - 13:11:52: [AMXX]    [0] Krol_basic.inc::drop_weapons (line 405)
L 12/24/2024 - 13:11:52: [AMXX]    [1] K_lib_ZP.sma::native_make_survivor (line 224)
L 12/24/2024 - 13:11:52: [AMXX]    [2] K_lib_ZP.sma::native_start_mode (line 149)
L 12/24/2024 - 13:11:52: Unhandled dynamic native error
L 12/24/2024 - 13:11:52: [AMXX] Displaying debug trace (plugin "K_ZP_main.amxx", version "1.0")
L 12/24/2024 - 13:11:52: [AMXX] Run time error 10: native error (native "start_mode")
L 12/24/2024 - 13:11:52: [AMXX]    [0] K_ZP_main.sma::task_start_mode (line 118)
L 12/24/2024 - 13:12:01: Function is not present (function "task_delite_entity") (plugin "surv_pyl.amxx")
L 12/24/2024 - 13:12:01: [AMXX] Run time error 10 (plugin "surv_pyl.amxx") (native "set_task") - debug not enabled!
L 12/24/2024 - 13:12:01: [AMXX] To enable debug mode, add "debug" after the plugin name in plugins.ini (without quotes).
L 12/24/2024 - 13:12:11: Invalid player id 0
L 12/24/2024 - 13:12:11: [AMXX] Displaying debug trace (plugin "K_lib_ZP.amxx", version "1.0")
L 12/24/2024 - 13:12:11: [AMXX] Run time error 10: native error (native "get_user_weapons")
L 12/24/2024 - 13:12:11: [AMXX]    [0] Krol_basic.inc::drop_weapons (line 405)
L 12/24/2024 - 13:12:11: [AMXX]    [1] K_lib_ZP.sma::native_make_survivor (line 224)
L 12/24/2024 - 13:12:11: [AMXX]    [2] K_lib_ZP.sma::native_start_mode (line 149)
L 12/24/2024 - 13:12:11: Unhandled dynamic native error
L 12/24/2024 - 13:12:11: [AMXX] Displaying debug trace (plugin "K_ZP_main.amxx", version "1.0")
L 12/24/2024 - 13:12:11: [AMXX] Run time error 10: native error (native "start_mode")
L 12/24/2024 - 13:12:11: [AMXX]    [0] K_ZP_main.sma::task_start_mode (line 118)
L 12/24/2024 - 13:12:20: Invalid player id 0
L 12/24/2024 - 13:12:20: [AMXX] Displaying debug trace (plugin "K_lib_ZP.amxx", version "1.0")
L 12/24/2024 - 13:12:20: [AMXX] Run time error 10: native error (native "get_user_weapons")
L 12/24/2024 - 13:12:20: [AMXX]    [0] Krol_basic.inc::drop_weapons (line 405)
L 12/24/2024 - 13:12:20: [AMXX]    [1] K_lib_ZP.sma::native_make_survivor (line 224)
L 12/24/2024 - 13:12:20: [AMXX]    [2] K_lib_ZP.sma::native_start_mode (line 149)
L 12/24/2024 - 13:12:20: Unhandled dynamic native error
L 12/24/2024 - 13:12:20: [AMXX] Displaying debug trace (plugin "K_ZP_main.amxx", version "1.0")
L 12/24/2024 - 13:12:20: [AMXX] Run time error 10: native error (native "start_mode")
L 12/24/2024 - 13:12:20: [AMXX]    [0] K_ZP_main.sma::task_start_mode (line 118)
L 12/24/2024 - 13:30:11: Start of error session.
L 12/24/2024 - 13:30:11: Info (map "zm_fdust2x2") (file "addons/amxmodx/logs/error_20241224.log")
L 12/24/2024 - 13:30:11: [HAMSANDWICH] Failed to retrieve classtype for "", hook for "f_HamWeaponReload" not active.
L 12/24/2024 - 13:30:11: [AMXX] Displaying debug trace (plugin "K_ZP_main.amxx", version "1.0")
L 12/24/2024 - 13:30:11: [AMXX] Run time error 10: native error (native "RegisterHam")
L 12/24/2024 - 13:30:11: [AMXX]    [0] Krol_basic.inc::get_weapon_guns_name_by_id (line 506)
L 12/24/2024 - 13:30:11: [AMXX]    [1] K_ZP_main.sma::plugin_init (line 33)
L 12/24/2024 - 13:30:19: Start of error session.
L 12/24/2024 - 13:30:19: Info (map "zm_ngamers_lights_f") (file "addons/amxmodx/logs/error_20241224.log")
L 12/24/2024 - 13:30:19: [HAMSANDWICH] Failed to retrieve classtype for "", hook for "f_HamWeaponReload" not active.
L 12/24/2024 - 13:30:19: [AMXX] Displaying debug trace (plugin "K_ZP_main.amxx", version "1.0")
L 12/24/2024 - 13:30:19: [AMXX] Run time error 10: native error (native "RegisterHam")
L 12/24/2024 - 13:30:19: [AMXX]    [0] Krol_basic.inc::get_weapon_guns_name_by_id (line 506)
L 12/24/2024 - 13:30:19: [AMXX]    [1] K_ZP_main.sma::plugin_init (line 33)
L 12/24/2024 - 13:30:43: Invalid player id 0
L 12/24/2024 - 13:30:43: [AMXX] Displaying debug trace (plugin "K_lib_ZP.amxx", version "1.0")
L 12/24/2024 - 13:30:43: [AMXX] Run time error 10: native error (native "get_user_weapons")
L 12/24/2024 - 13:30:43: [AMXX]    [0] Krol_basic.inc::drop_weapons (line 405)
L 12/24/2024 - 13:30:43: [AMXX]    [1] K_lib_ZP.sma::native_make_survivor (line 224)
L 12/24/2024 - 13:30:43: [AMXX]    [2] K_lib_ZP.sma::native_start_mode (line 149)
L 12/24/2024 - 13:30:43: Unhandled dynamic native error
L 12/24/2024 - 13:30:43: [AMXX] Displaying debug trace (plugin "K_ZP_main.amxx", version "1.0")
L 12/24/2024 - 13:30:43: [AMXX] Run time error 10: native error (native "start_mode")
L 12/24/2024 - 13:30:43: [AMXX]    [0] K_ZP_main.sma::task_start_mode (line 118)
L 12/24/2024 - 13:30:59: Function is not present (function "task_delite_entity") (plugin "surv_pyl.amxx")
L 12/24/2024 - 13:30:59: [AMXX] Run time error 10 (plugin "surv_pyl.amxx") (native "set_task") - debug not enabled!
L 12/24/2024 - 13:30:59: [AMXX] To enable debug mode, add "debug" after the plugin name in plugins.ini (without quotes).
L 12/24/2024 - 13:31:39: Function is not present (function "task_delite_entity") (plugin "surv_pyl.amxx")
L 12/24/2024 - 13:31:39: [AMXX] Run time error 10 (plugin "surv_pyl.amxx") (native "set_task") - debug not enabled!
L 12/24/2024 - 13:31:39: [AMXX] To enable debug mode, add "debug" after the plugin name in plugins.ini (without quotes).
L 12/24/2024 - 13:33:12: Start of error session.
L 12/24/2024 - 13:33:12: Info (map "zm_ngamers_lights_f") (file "addons/amxmodx/logs/error_20241224.log")
L 12/24/2024 - 13:33:12: [HAMSANDWICH] Failed to retrieve classtype for "", hook for "f_HamWeaponReload" not active.
L 12/24/2024 - 13:33:12: [AMXX] Displaying debug trace (plugin "K_ZP_main.amxx", version "1.0")
L 12/24/2024 - 13:33:12: [AMXX] Run time error 10: native error (native "RegisterHam")
L 12/24/2024 - 13:33:12: [AMXX]    [0] Krol_basic.inc::get_weapon_guns_name_by_id (line 506)
L 12/24/2024 - 13:33:12: [AMXX]    [1] K_ZP_main.sma::plugin_init (line 33)
L 12/24/2024 - 13:33:28: Invalid player id 0
L 12/24/2024 - 13:33:28: [AMXX] Displaying debug trace (plugin "K_lib_ZP.amxx", version "1.0")
L 12/24/2024 - 13:33:28: [AMXX] Run time error 10: native error (native "get_user_weapons")
L 12/24/2024 - 13:33:28: [AMXX]    [0] Krol_basic.inc::drop_weapons (line 405)
L 12/24/2024 - 13:33:28: [AMXX]    [1] K_lib_ZP.sma::native_make_survivor (line 224)
L 12/24/2024 - 13:33:28: [AMXX]    [2] K_lib_ZP.sma::native_start_mode (line 149)
L 12/24/2024 - 13:33:28: Unhandled dynamic native error
L 12/24/2024 - 13:33:28: [AMXX] Displaying debug trace (plugin "K_ZP_main.amxx", version "1.0")
L 12/24/2024 - 13:33:28: [AMXX] Run time error 10: native error (native "start_mode")
L 12/24/2024 - 13:33:28: [AMXX]    [0] K_ZP_main.sma::task_start_mode (line 118)
L 12/24/2024 - 13:33:37: Function is not present (function "task_delite_entity") (plugin "surv_pyl.amxx")
L 12/24/2024 - 13:33:37: [AMXX] Run time error 10 (plugin "surv_pyl.amxx") (native "set_task") - debug not enabled!
L 12/24/2024 - 13:33:37: [AMXX] To enable debug mode, add "debug" after the plugin name in plugins.ini (without quotes).
L 12/24/2024 - 13:34:03: Invalid player id 0
L 12/24/2024 - 13:34:03: [AMXX] Displaying debug trace (plugin "K_lib_ZP.amxx", version "1.0")
L 12/24/2024 - 13:34:03: [AMXX] Run time error 10: native error (native "get_user_weapons")
L 12/24/2024 - 13:34:03: [AMXX]    [0] Krol_basic.inc::drop_weapons (line 405)
L 12/24/2024 - 13:34:03: [AMXX]    [1] K_lib_ZP.sma::native_make_survivor (line 224)
L 12/24/2024 - 13:34:03: [AMXX]    [2] K_lib_ZP.sma::native_start_mode (line 149)
L 12/24/2024 - 13:34:03: Unhandled dynamic native error
L 12/24/2024 - 13:34:03: [AMXX] Displaying debug trace (plugin "K_ZP_main.amxx", version "1.0")
L 12/24/2024 - 13:34:03: [AMXX] Run time error 10: native error (native "start_mode")
L 12/24/2024 - 13:34:03: [AMXX]    [0] K_ZP_main.sma::task_start_mode (line 118)
L 12/24/2024 - 13:37:18: Start of error session.
L 12/24/2024 - 13:37:18: Info (map "zm_ngamers_lights_f") (file "addons/amxmodx/logs/error_20241224.log")
L 12/24/2024 - 13:37:18: [HAMSANDWICH] Failed to retrieve classtype for "", hook for "f_HamWeaponReload" not active.
L 12/24/2024 - 13:37:18: [AMXX] Displaying debug trace (plugin "K_ZP_main.amxx", version "1.0")
L 12/24/2024 - 13:37:18: [AMXX] Run time error 10: native error (native "RegisterHam")
L 12/24/2024 - 13:37:18: [AMXX]    [0] Krol_basic.inc::get_weapon_guns_name_by_id (line 506)
L 12/24/2024 - 13:37:18: [AMXX]    [1] K_ZP_main.sma::plugin_init (line 33)
L 12/24/2024 - 13:42:46: Start of error session.
L 12/24/2024 - 13:42:46: Info (map "zm_ngamers_lights_f") (file "addons/amxmodx/logs/error_20241224.log")
L 12/24/2024 - 13:42:46: [HAMSANDWICH] Failed to retrieve classtype for "", hook for "f_HamWeaponReload" not active.
L 12/24/2024 - 13:42:46: [AMXX] Displaying debug trace (plugin "K_ZP_main.amxx", version "1.0")
L 12/24/2024 - 13:42:46: [AMXX] Run time error 10: native error (native "RegisterHam")
L 12/24/2024 - 13:42:46: [AMXX]    [0] Krol_basic.inc::get_weapon_guns_name_by_id (line 506)
L 12/24/2024 - 13:42:46: [AMXX]    [1] K_ZP_main.sma::plugin_init (line 33)
L 12/24/2024 - 13:45:56: Invalid player id 0
L 12/24/2024 - 13:45:56: [AMXX] Displaying debug trace (plugin "K_lib_ZP.amxx", version "1.0")
L 12/24/2024 - 13:45:56: [AMXX] Run time error 10: native error (native "get_user_weapons")
L 12/24/2024 - 13:45:56: [AMXX]    [0] Krol_basic.inc::drop_weapons (line 405)
L 12/24/2024 - 13:45:56: [AMXX]    [1] K_lib_ZP.sma::native_make_survivor (line 224)
L 12/24/2024 - 13:45:56: [AMXX]    [2] K_lib_ZP.sma::native_start_mode (line 149)
L 12/24/2024 - 13:45:56: Unhandled dynamic native error
L 12/24/2024 - 13:45:56: [AMXX] Displaying debug trace (plugin "K_ZP_main.amxx", version "1.0")
L 12/24/2024 - 13:45:56: [AMXX] Run time error 10: native error (native "start_mode")
L 12/24/2024 - 13:45:56: [AMXX]    [0] K_ZP_main.sma::task_start_mode (line 118)
L 12/24/2024 - 13:46:00: Start of error session.
L 12/24/2024 - 13:46:00: Info (map "zm_ngamers_lights_f") (file "addons/amxmodx/logs/error_20241224.log")
L 12/24/2024 - 13:46:00: [HAMSANDWICH] Failed to retrieve classtype for "", hook for "f_HamWeaponReload" not active.
L 12/24/2024 - 13:46:00: [AMXX] Displaying debug trace (plugin "K_ZP_main.amxx", version "1.0")
L 12/24/2024 - 13:46:00: [AMXX] Run time error 10: native error (native "RegisterHam")
L 12/24/2024 - 13:46:00: [AMXX]    [0] Krol_basic.inc::get_weapon_guns_name_by_id (line 506)
L 12/24/2024 - 13:46:00: [AMXX]    [1] K_ZP_main.sma::plugin_init (line 33)
L 12/24/2024 - 13:50:15: Start of error session.
L 12/24/2024 - 13:50:15: Info (map "zm_ngamers_lights_f") (file "addons/amxmodx/logs/error_20241224.log")
L 12/24/2024 - 13:50:15: [HAMSANDWICH] Failed to retrieve classtype for "", hook for "f_HamWeaponReload" not active.
L 12/24/2024 - 13:50:15: [AMXX] Displaying debug trace (plugin "K_ZP_main.amxx", version "1.0")
L 12/24/2024 - 13:50:15: [AMXX] Run time error 10: native error (native "RegisterHam")
L 12/24/2024 - 13:50:15: [AMXX]    [0] Krol_basic.inc::get_weapon_guns_name_by_id (line 506)
L 12/24/2024 - 13:50:15: [AMXX]    [1] K_ZP_main.sma::plugin_init (line 33)
L 12/24/2024 - 13:50:29: Function is not present (function "task_delite_entity") (plugin "surv_pyl.amxx")
L 12/24/2024 - 13:50:29: [AMXX] Run time error 10 (plugin "surv_pyl.amxx") (native "set_task") - debug not enabled!
L 12/24/2024 - 13:50:29: [AMXX] To enable debug mode, add "debug" after the plugin name in plugins.ini (without quotes).
L 12/24/2024 - 13:50:46: Function is not present (function "task_delite_entity") (plugin "surv_pyl.amxx")
L 12/24/2024 - 13:50:46: [AMXX] Run time error 10 (plugin "surv_pyl.amxx") (native "set_task") - debug not enabled!
L 12/24/2024 - 13:50:46: [AMXX] To enable debug mode, add "debug" after the plugin name in plugins.ini (without quotes).
L 12/24/2024 - 13:51:31: Start of error session.
L 12/24/2024 - 13:51:31: Info (map "zm_ngamers_lights_f") (file "addons/amxmodx/logs/error_20241224.log")
L 12/24/2024 - 13:51:31: [HAMSANDWICH] Failed to retrieve classtype for "", hook for "f_HamWeaponReload" not active.
L 12/24/2024 - 13:51:31: [AMXX] Displaying debug trace (plugin "K_ZP_main.amxx", version "1.0")
L 12/24/2024 - 13:51:31: [AMXX] Run time error 10: native error (native "RegisterHam")
L 12/24/2024 - 13:51:31: [AMXX]    [0] Krol_basic.inc::get_weapon_guns_name_by_id (line 506)
L 12/24/2024 - 13:51:31: [AMXX]    [1] K_ZP_main.sma::plugin_init (line 33)
L 12/24/2024 - 13:51:43: Function is not present (function "task_delite_entity") (plugin "surv_pyl.amxx")
L 12/24/2024 - 13:51:43: [AMXX] Run time error 10 (plugin "surv_pyl.amxx") (native "set_task") - debug not enabled!
L 12/24/2024 - 13:51:43: [AMXX] To enable debug mode, add "debug" after the plugin name in plugins.ini (without quotes).
L 12/24/2024 - 13:52:00: Function is not present (function "task_delite_entity") (plugin "surv_pyl.amxx")
L 12/24/2024 - 13:52:00: [AMXX] Run time error 10 (plugin "surv_pyl.amxx") (native "set_task") - debug not enabled!
L 12/24/2024 - 13:52:00: [AMXX] To enable debug mode, add "debug" after the plugin name in plugins.ini (without quotes).
L 12/24/2024 - 13:52:47: Function is not present (function "task_delite_entity") (plugin "surv_pyl.amxx")
L 12/24/2024 - 13:52:47: [AMXX] Run time error 10 (plugin "surv_pyl.amxx") (native "set_task") - debug not enabled!
L 12/24/2024 - 13:52:47: [AMXX] To enable debug mode, add "debug" after the plugin name in plugins.ini (without quotes).
L 12/24/2024 - 13:54:37: Function is not present (function "task_delite_entity") (plugin "surv_pyl.amxx")
L 12/24/2024 - 13:54:37: [AMXX] Run time error 10 (plugin "surv_pyl.amxx") (native "set_task") - debug not enabled!
L 12/24/2024 - 13:54:37: [AMXX] To enable debug mode, add "debug" after the plugin name in plugins.ini (without quotes).
L 12/24/2024 - 13:55:38: Start of error session.
L 12/24/2024 - 13:55:38: Info (map "zm_ngamers_lights_f") (file "addons/amxmodx/logs/error_20241224.log")
L 12/24/2024 - 13:55:38: [HAMSANDWICH] Failed to retrieve classtype for "", hook for "f_HamWeaponReload" not active.
L 12/24/2024 - 13:55:38: [AMXX] Displaying debug trace (plugin "K_ZP_main.amxx", version "1.0")
L 12/24/2024 - 13:55:38: [AMXX] Run time error 10: native error (native "RegisterHam")
L 12/24/2024 - 13:55:38: [AMXX]    [0] Krol_basic.inc::get_weapon_guns_name_by_id (line 506)
L 12/24/2024 - 13:55:38: [AMXX]    [1] K_ZP_main.sma::plugin_init (line 33)
L 12/24/2024 - 13:57:21: Start of error session.
L 12/24/2024 - 13:57:21: Info (map "zm_ngamers_lights_f") (file "addons/amxmodx/logs/error_20241224.log")
L 12/24/2024 - 13:57:21: [HAMSANDWICH] Failed to retrieve classtype for "", hook for "f_HamWeaponReload" not active.
L 12/24/2024 - 13:57:21: [AMXX] Displaying debug trace (plugin "K_ZP_main.amxx", version "1.0")
L 12/24/2024 - 13:57:21: [AMXX] Run time error 10: native error (native "RegisterHam")
L 12/24/2024 - 13:57:21: [AMXX]    [0] Krol_basic.inc::get_weapon_guns_name_by_id (line 506)
L 12/24/2024 - 13:57:21: [AMXX]    [1] K_ZP_main.sma::plugin_init (line 33)
L 12/24/2024 - 13:57:34: Function is not present (function "task_delite_entity") (plugin "surv_pyl.amxx")
L 12/24/2024 - 13:57:34: [AMXX] Run time error 10 (plugin "surv_pyl.amxx") (native "set_task") - debug not enabled!
L 12/24/2024 - 13:57:34: [AMXX] To enable debug mode, add "debug" after the plugin name in plugins.ini (without quotes).
L 12/24/2024 - 13:57:52: Function is not present (function "task_delite_entity") (plugin "surv_pyl.amxx")
L 12/24/2024 - 13:57:52: [AMXX] Run time error 10 (plugin "surv_pyl.amxx") (native "set_task") - debug not enabled!
L 12/24/2024 - 13:57:52: [AMXX] To enable debug mode, add "debug" after the plugin name in plugins.ini (without quotes).
L 12/24/2024 - 13:58:31: Start of error session.
L 12/24/2024 - 13:58:31: Info (map "zm_ngamers_lights_f") (file "addons/amxmodx/logs/error_20241224.log")
L 12/24/2024 - 13:58:31: [HAMSANDWICH] Failed to retrieve classtype for "", hook for "f_HamWeaponReload" not active.
L 12/24/2024 - 13:58:31: [AMXX] Displaying debug trace (plugin "K_ZP_main.amxx", version "1.0")
L 12/24/2024 - 13:58:31: [AMXX] Run time error 10: native error (native "RegisterHam")
L 12/24/2024 - 13:58:31: [AMXX]    [0] Krol_basic.inc::get_weapon_guns_name_by_id (line 506)
L 12/24/2024 - 13:58:31: [AMXX]    [1] K_ZP_main.sma::plugin_init (line 33)
L 12/24/2024 - 13:58:42: Function is not present (function "task_delite_entity") (plugin "surv_pyl.amxx")
L 12/24/2024 - 13:58:42: [AMXX] Run time error 10 (plugin "surv_pyl.amxx") (native "set_task") - debug not enabled!
L 12/24/2024 - 13:58:42: [AMXX] To enable debug mode, add "debug" after the plugin name in plugins.ini (without quotes).
L 12/24/2024 - 13:59:08: Start of error session.
L 12/24/2024 - 13:59:08: Info (map "zm_ngamers_lights_f") (file "addons/amxmodx/logs/error_20241224.log")
L 12/24/2024 - 13:59:08: [HAMSANDWICH] Failed to retrieve classtype for "", hook for "f_HamWeaponReload" not active.
L 12/24/2024 - 13:59:08: [AMXX] Displaying debug trace (plugin "K_ZP_main.amxx", version "1.0")
L 12/24/2024 - 13:59:08: [AMXX] Run time error 10: native error (native "RegisterHam")
L 12/24/2024 - 13:59:08: [AMXX]    [0] Krol_basic.inc::get_weapon_guns_name_by_id (line 506)
L 12/24/2024 - 13:59:08: [AMXX]    [1] K_ZP_main.sma::plugin_init (line 33)
L 12/24/2024 - 13:59:20: [FAKEMETA] Invalid entity
L 12/24/2024 - 13:59:20: [AMXX] Run time error 10 (plugin "surv_pyl.amxx") (native "set_pev") - debug not enabled!
L 12/24/2024 - 13:59:20: [AMXX] To enable debug mode, add "debug" after the plugin name in plugins.ini (without quotes).
L 12/24/2024 - 13:59:38: [FAKEMETA] Invalid entity
L 12/24/2024 - 13:59:38: [AMXX] Run time error 10 (plugin "surv_pyl.amxx") (native "set_pev") - debug not enabled!
L 12/24/2024 - 13:59:38: [AMXX] To enable debug mode, add "debug" after the plugin name in plugins.ini (without quotes).
L 12/24/2024 - 14:00:17: Start of error session.
L 12/24/2024 - 14:00:17: Info (map "zm_ngamers_lights_f") (file "addons/amxmodx/logs/error_20241224.log")
L 12/24/2024 - 14:00:17: [HAMSANDWICH] Failed to retrieve classtype for "", hook for "f_HamWeaponReload" not active.
L 12/24/2024 - 14:00:17: [AMXX] Displaying debug trace (plugin "K_ZP_main.amxx", version "1.0")
L 12/24/2024 - 14:00:17: [AMXX] Run time error 10: native error (native "RegisterHam")
L 12/24/2024 - 14:00:17: [AMXX]    [0] Krol_basic.inc::get_weapon_guns_name_by_id (line 506)
L 12/24/2024 - 14:00:17: [AMXX]    [1] K_ZP_main.sma::plugin_init (line 33)
L 12/24/2024 - 14:00:29: [FAKEMETA] Invalid entity
L 12/24/2024 - 14:00:29: [AMXX] Run time error 10 (plugin "surv_pyl.amxx") (native "set_pev") - debug not enabled!
L 12/24/2024 - 14:00:29: [AMXX] To enable debug mode, add "debug" after the plugin name in plugins.ini (without quotes).
L 12/24/2024 - 14:00:47: [FAKEMETA] Invalid entity
L 12/24/2024 - 14:00:47: [AMXX] Run time error 10 (plugin "surv_pyl.amxx") (native "set_pev") - debug not enabled!
L 12/24/2024 - 14:00:47: [AMXX] To enable debug mode, add "debug" after the plugin name in plugins.ini (without quotes).
L 12/24/2024 - 14:01:04: [FAKEMETA] Invalid entity
L 12/24/2024 - 14:01:04: [AMXX] Run time error 10 (plugin "surv_pyl.amxx") (native "set_pev") - debug not enabled!
L 12/24/2024 - 14:01:04: [AMXX] To enable debug mode, add "debug" after the plugin name in plugins.ini (without quotes).
L 12/24/2024 - 14:01:44: [FAKEMETA] Invalid entity
L 12/24/2024 - 14:01:44: [AMXX] Run time error 10 (plugin "surv_pyl.amxx") (native "set_pev") - debug not enabled!
L 12/24/2024 - 14:01:44: [AMXX] To enable debug mode, add "debug" after the plugin name in plugins.ini (without quotes).
L 12/24/2024 - 14:02:01: [FAKEMETA] Invalid entity
L 12/24/2024 - 14:02:01: [AMXX] Run time error 10 (plugin "surv_pyl.amxx") (native "set_pev") - debug not enabled!
L 12/24/2024 - 14:02:01: [AMXX] To enable debug mode, add "debug" after the plugin name in plugins.ini (without quotes).
L 12/24/2024 - 14:03:41: Start of error session.
L 12/24/2024 - 14:03:41: Info (map "zm_ngamers_lights_f") (file "addons/amxmodx/logs/error_20241224.log")
L 12/24/2024 - 14:03:41: [HAMSANDWICH] Failed to retrieve classtype for "", hook for "f_HamWeaponReload" not active.
L 12/24/2024 - 14:03:41: [AMXX] Displaying debug trace (plugin "K_ZP_main.amxx", version "1.0")
L 12/24/2024 - 14:03:41: [AMXX] Run time error 10: native error (native "RegisterHam")
L 12/24/2024 - 14:03:41: [AMXX]    [0] Krol_basic.inc::get_weapon_guns_name_by_id (line 506)
L 12/24/2024 - 14:03:41: [AMXX]    [1] K_ZP_main.sma::plugin_init (line 33)
L 12/24/2024 - 14:03:58: [FAKEMETA] Invalid entity
L 12/24/2024 - 14:03:58: [AMXX] Run time error 10 (plugin "surv_pyl.amxx") (native "set_pev") - debug not enabled!
L 12/24/2024 - 14:03:58: [AMXX] To enable debug mode, add "debug" after the plugin name in plugins.ini (without quotes).
L 12/24/2024 - 14:07:11: [FAKEMETA] Invalid entity
L 12/24/2024 - 14:07:11: [AMXX] Run time error 10 (plugin "surv_pyl.amxx") (native "set_pev") - debug not enabled!
L 12/24/2024 - 14:07:11: [AMXX] To enable debug mode, add "debug" after the plugin name in plugins.ini (without quotes).
L 12/24/2024 - 14:07:31: [FAKEMETA] Invalid entity
L 12/24/2024 - 14:07:31: [AMXX] Run time error 10 (plugin "surv_pyl.amxx") (native "set_pev") - debug not enabled!
L 12/24/2024 - 14:07:31: [AMXX] To enable debug mode, add "debug" after the plugin name in plugins.ini (without quotes).
L 12/24/2024 - 14:07:55: [FAKEMETA] Invalid entity
L 12/24/2024 - 14:07:55: [AMXX] Run time error 10 (plugin "surv_pyl.amxx") (native "set_pev") - debug not enabled!
L 12/24/2024 - 14:07:55: [AMXX] To enable debug mode, add "debug" after the plugin name in plugins.ini (without quotes).
