L 12/05/2024 - 01:08:46: Start of error session.
L 12/05/2024 - 01:08:46: Info (map "zm_202") (file "addons/amxmodx/logs/error_20241205.log")
L 12/05/2024 - 01:08:46: Could not find function "dell_buy_zones"
L 12/05/2024 - 01:08:46: [AMXX] Displaying debug trace (plugin "K_ZP_main.amxx", version "1.0")
L 12/05/2024 - 01:08:46: [AMXX] Run time error 19: function not found 
L 12/05/2024 - 01:08:46: [AMXX]    [0] K_ZP_main.sma::plugin_init (line 35)
L 12/05/2024 - 01:19:34: Start of error session.
L 12/05/2024 - 01:19:34: Info (map "zm_202") (file "addons/amxmodx/logs/error_20241205.log")
L 12/05/2024 - 01:19:34: Could not find function "dell_buy_zones"
L 12/05/2024 - 01:19:34: [AMXX] Displaying debug trace (plugin "K_ZP_main.amxx", version "1.0")
L 12/05/2024 - 01:19:34: [AMXX] Run time error 19: function not found 
L 12/05/2024 - 01:19:34: [AMXX]    [0] K_ZP_main.sma::plugin_init (line 26)
L 12/05/2024 - 01:21:39: Start of error session.
L 12/05/2024 - 01:21:39: Info (map "zm_202") (file "addons/amxmodx/logs/error_20241205.log")
L 12/05/2024 - 01:21:39: [HAMSANDWICH] Failed to retrieve classtype for "", hook for "f_HamWeaponReload" not active.
L 12/05/2024 - 01:21:39: [AMXX] Displaying debug trace (plugin "K_ZP_main.amxx", version "1.0")
L 12/05/2024 - 01:21:39: [AMXX] Run time error 10: native error (native "RegisterHam")
L 12/05/2024 - 01:21:39: [AMXX]    [0] Krol_basic.inc::get_guns_name_by_id (line 526)
L 12/05/2024 - 01:21:39: [AMXX]    [1] K_ZP_main.sma::plugin_init (line 31)
L 12/05/2024 - 01:22:35: Start of error session.
L 12/05/2024 - 01:22:35: Info (map "zm_202") (file "addons/amxmodx/logs/error_20241205.log")
L 12/05/2024 - 01:22:35: [HAMSANDWICH] Failed to retrieve classtype for "", hook for "f_HamWeaponReload" not active.
L 12/05/2024 - 01:22:35: [AMXX] Displaying debug trace (plugin "K_ZP_main.amxx", version "1.0")
L 12/05/2024 - 01:22:35: [AMXX] Run time error 10: native error (native "RegisterHam")
L 12/05/2024 - 01:22:35: [AMXX]    [0] Krol_basic.inc::get_guns_name_by_id (line 526)
L 12/05/2024 - 01:22:35: [AMXX]    [1] K_ZP_main.sma::plugin_init (line 33)
L 12/05/2024 - 01:42:45: Start of error session.
L 12/05/2024 - 01:42:45: Info (map "zm_creative") (file "addons/amxmodx/logs/error_20241205.log")
L 12/05/2024 - 01:42:45: [HAMSANDWICH] Failed to retrieve classtype for "", hook for "f_HamWeaponReload" not active.
L 12/05/2024 - 01:42:45: [AMXX] Displaying debug trace (plugin "K_ZP_main.amxx", version "1.0")
L 12/05/2024 - 01:42:45: [AMXX] Run time error 10: native error (native "RegisterHam")
L 12/05/2024 - 01:42:45: [AMXX]    [0] Krol_basic.inc::get_guns_name_by_id (line 526)
L 12/05/2024 - 01:42:45: [AMXX]    [1] K_ZP_main.sma::plugin_init (line 33)
L 12/05/2024 - 02:02:55: Start of error session.
L 12/05/2024 - 02:02:55: Info (map "zm_decay") (file "addons/amxmodx/logs/error_20241205.log")
L 12/05/2024 - 02:02:55: [HAMSANDWICH] Failed to retrieve classtype for "", hook for "f_HamWeaponReload" not active.
L 12/05/2024 - 02:02:55: [AMXX] Displaying debug trace (plugin "K_ZP_main.amxx", version "1.0")
L 12/05/2024 - 02:02:55: [AMXX] Run time error 10: native error (native "RegisterHam")
L 12/05/2024 - 02:02:55: [AMXX]    [0] Krol_basic.inc::get_guns_name_by_id (line 526)
L 12/05/2024 - 02:02:55: [AMXX]    [1] K_ZP_main.sma::plugin_init (line 33)
L 12/05/2024 - 02:23:05: Start of error session.
L 12/05/2024 - 02:23:05: Info (map "zm_dust_world") (file "addons/amxmodx/logs/error_20241205.log")
L 12/05/2024 - 02:23:05: [HAMSANDWICH] Failed to retrieve classtype for "", hook for "f_HamWeaponReload" not active.
L 12/05/2024 - 02:23:05: [AMXX] Displaying debug trace (plugin "K_ZP_main.amxx", version "1.0")
L 12/05/2024 - 02:23:05: [AMXX] Run time error 10: native error (native "RegisterHam")
L 12/05/2024 - 02:23:05: [AMXX]    [0] Krol_basic.inc::get_guns_name_by_id (line 526)
L 12/05/2024 - 02:23:05: [AMXX]    [1] K_ZP_main.sma::plugin_init (line 33)
L 12/05/2024 - 02:23:10: [CSTRIKE] Invalid player 1 (no private data)
L 12/05/2024 - 02:23:10: [AMXX] Displaying debug trace (plugin "K_M_models.amxx", version "1.0")
L 12/05/2024 - 02:23:10: [AMXX] Run time error 10: native error (native "cs_set_user_model")
L 12/05/2024 - 02:23:10: [AMXX]    [0] K_M_models.sma::native_return_ham_skin (line 59)
L 12/05/2024 - 02:23:10: [AMXX]    [1] K_M_models.sma::client_putinserver (line 113)
L 12/05/2024 - 02:23:11: [CSTRIKE] Invalid player 2 (no private data)
L 12/05/2024 - 02:23:11: [AMXX] Displaying debug trace (plugin "K_M_models.amxx", version "1.0")
L 12/05/2024 - 02:23:11: [AMXX] Run time error 10: native error (native "cs_set_user_model")
L 12/05/2024 - 02:23:11: [AMXX]    [0] K_M_models.sma::native_return_ham_skin (line 59)
L 12/05/2024 - 02:23:11: [AMXX]    [1] K_M_models.sma::client_putinserver (line 113)
L 12/05/2024 - 02:23:11: [CSTRIKE] Invalid player 3 (no private data)
L 12/05/2024 - 02:23:11: [AMXX] Displaying debug trace (plugin "K_M_models.amxx", version "1.0")
L 12/05/2024 - 02:23:11: [AMXX] Run time error 10: native error (native "cs_set_user_model")
L 12/05/2024 - 02:23:11: [AMXX]    [0] K_M_models.sma::native_return_ham_skin (line 59)
L 12/05/2024 - 02:23:11: [AMXX]    [1] K_M_models.sma::client_putinserver (line 113)
L 12/05/2024 - 02:23:12: [CSTRIKE] Invalid player 4 (no private data)
L 12/05/2024 - 02:23:12: [AMXX] Displaying debug trace (plugin "K_M_models.amxx", version "1.0")
L 12/05/2024 - 02:23:12: [AMXX] Run time error 10: native error (native "cs_set_user_model")
L 12/05/2024 - 02:23:12: [AMXX]    [0] K_M_models.sma::native_return_ham_skin (line 59)
L 12/05/2024 - 02:23:12: [AMXX]    [1] K_M_models.sma::client_putinserver (line 113)
L 12/05/2024 - 02:23:12: [CSTRIKE] Invalid player 5 (no private data)
L 12/05/2024 - 02:23:12: [AMXX] Displaying debug trace (plugin "K_M_models.amxx", version "1.0")
L 12/05/2024 - 02:23:12: [AMXX] Run time error 10: native error (native "cs_set_user_model")
L 12/05/2024 - 02:23:12: [AMXX]    [0] K_M_models.sma::native_return_ham_skin (line 59)
L 12/05/2024 - 02:23:12: [AMXX]    [1] K_M_models.sma::client_putinserver (line 113)
L 12/05/2024 - 02:23:13: [CSTRIKE] Invalid player 6 (no private data)
L 12/05/2024 - 02:23:13: [AMXX] Displaying debug trace (plugin "K_M_models.amxx", version "1.0")
L 12/05/2024 - 02:23:13: [AMXX] Run time error 10: native error (native "cs_set_user_model")
L 12/05/2024 - 02:23:13: [AMXX]    [0] K_M_models.sma::native_return_ham_skin (line 59)
L 12/05/2024 - 02:23:13: [AMXX]    [1] K_M_models.sma::client_putinserver (line 113)
L 12/05/2024 - 02:23:13: [CSTRIKE] Invalid player 7 (no private data)
L 12/05/2024 - 02:23:13: [AMXX] Displaying debug trace (plugin "K_M_models.amxx", version "1.0")
L 12/05/2024 - 02:23:13: [AMXX] Run time error 10: native error (native "cs_set_user_model")
L 12/05/2024 - 02:23:13: [AMXX]    [0] K_M_models.sma::native_return_ham_skin (line 59)
L 12/05/2024 - 02:23:13: [AMXX]    [1] K_M_models.sma::client_putinserver (line 113)
