L 11/30/2024 - 16:12:21: Start of error session.
L 11/30/2024 - 16:12:21: Info (map "zm_fdust2x2") (file "addons/amxmodx/logs/error_20241130.log")
L 11/30/2024 - 16:12:21: [CSTRIKE] Invalid player 1 (no private data)
L 11/30/2024 - 16:12:21: [AMXX] Displaying debug trace (plugin "K_M_models.amxx", version "1.0")
L 11/30/2024 - 16:12:21: [AMXX] Run time error 10: native error (native "cs_set_user_model")
L 11/30/2024 - 16:12:21: [AMXX]    [0] K_M_models.sma::native_return_ham_skin (line 660)
L 11/30/2024 - 16:12:21: [AMXX]    [1] K_M_models.sma::client_putinserver (line 55)
L 11/30/2024 - 16:12:21: [CSTRIKE] Invalid player 2 (no private data)
L 11/30/2024 - 16:12:21: [AMXX] Displaying debug trace (plugin "K_M_models.amxx", version "1.0")
L 11/30/2024 - 16:12:21: [AMXX] Run time error 10: native error (native "cs_set_user_model")
L 11/30/2024 - 16:12:22: [AMXX]    [0] K_M_models.sma::native_return_ham_skin (line 660)
L 11/30/2024 - 16:12:22: [AMXX]    [1] K_M_models.sma::client_putinserver (line 55)
L 11/30/2024 - 16:12:22: [CSTRIKE] Invalid player 3 (no private data)
L 11/30/2024 - 16:12:22: [AMXX] Displaying debug trace (plugin "K_M_models.amxx", version "1.0")
L 11/30/2024 - 16:12:22: [AMXX] Run time error 10: native error (native "cs_set_user_model")
L 11/30/2024 - 16:12:22: [AMXX]    [0] K_M_models.sma::native_return_ham_skin (line 660)
L 11/30/2024 - 16:12:22: [AMXX]    [1] K_M_models.sma::client_putinserver (line 55)
L 11/30/2024 - 16:12:23: [CSTRIKE] Invalid player 4 (no private data)
L 11/30/2024 - 16:12:23: [AMXX] Displaying debug trace (plugin "K_M_models.amxx", version "1.0")
L 11/30/2024 - 16:12:23: [AMXX] Run time error 10: native error (native "cs_set_user_model")
L 11/30/2024 - 16:12:23: [AMXX]    [0] K_M_models.sma::native_return_ham_skin (line 660)
L 11/30/2024 - 16:12:23: [AMXX]    [1] K_M_models.sma::client_putinserver (line 55)
L 11/30/2024 - 16:12:23: [CSTRIKE] Invalid player 5 (no private data)
L 11/30/2024 - 16:12:23: [AMXX] Displaying debug trace (plugin "K_M_models.amxx", version "1.0")
L 11/30/2024 - 16:12:23: [AMXX] Run time error 10: native error (native "cs_set_user_model")
L 11/30/2024 - 16:12:23: [AMXX]    [0] K_M_models.sma::native_return_ham_skin (line 660)
L 11/30/2024 - 16:12:23: [AMXX]    [1] K_M_models.sma::client_putinserver (line 55)
L 11/30/2024 - 16:12:24: [CSTRIKE] Invalid player 6 (no private data)
L 11/30/2024 - 16:12:24: [AMXX] Displaying debug trace (plugin "K_M_models.amxx", version "1.0")
L 11/30/2024 - 16:12:24: [AMXX] Run time error 10: native error (native "cs_set_user_model")
L 11/30/2024 - 16:12:24: [AMXX]    [0] K_M_models.sma::native_return_ham_skin (line 660)
L 11/30/2024 - 16:12:24: [AMXX]    [1] K_M_models.sma::client_putinserver (line 55)
L 11/30/2024 - 16:12:24: [CSTRIKE] Invalid player 7 (no private data)
L 11/30/2024 - 16:12:24: [AMXX] Displaying debug trace (plugin "K_M_models.amxx", version "1.0")
L 11/30/2024 - 16:12:24: [AMXX] Run time error 10: native error (native "cs_set_user_model")
L 11/30/2024 - 16:12:24: [AMXX]    [0] K_M_models.sma::native_return_ham_skin (line 660)
L 11/30/2024 - 16:12:24: [AMXX]    [1] K_M_models.sma::client_putinserver (line 55)
L 11/30/2024 - 16:15:04: Start of error session.
L 11/30/2024 - 16:15:04: Info (map "zm_ngamers_lights_f") (file "addons/amxmodx/logs/error_20241130.log")
L 11/30/2024 - 16:15:04: [AMXX] Displaying debug trace (plugin "K_lib_entity.amxx", version "1.0")
L 11/30/2024 - 16:15:04: [AMXX] Run time error 4: index out of bounds 
L 11/30/2024 - 16:15:04: [AMXX]    [0] K_lib_entity.sma::native_new_entity (line 81)
L 11/30/2024 - 16:15:04: Unhandled dynamic native error
L 11/30/2024 - 16:15:04: [AMXX] Displaying debug trace (plugin "K_M_knifes.amxx", version "1.0")
L 11/30/2024 - 16:15:04: [AMXX] Run time error 10: native error (native "new_entity")
L 11/30/2024 - 16:15:04: [AMXX]    [0] K_M_knifes.sma::use_knife_skill (line 409)
L 11/30/2024 - 16:15:24: [AMXX] Displaying debug trace (plugin "K_M_knifes.amxx", version "1.0")
L 11/30/2024 - 16:15:24: [AMXX] Run time error 4: index out of bounds 
L 11/30/2024 - 16:15:24: [AMXX]    [0] K_M_knifes.sma::EntityTask (line 560)
L 11/30/2024 - 16:15:24: [AMXX] Displaying debug trace (plugin "K_M_knifes.amxx", version "1.0")
L 11/30/2024 - 16:15:24: [AMXX] Run time error 4: index out of bounds 
L 11/30/2024 - 16:15:24: [AMXX]    [0] K_M_knifes.sma::EntityTask (line 560)
L 11/30/2024 - 16:15:24: [AMXX] Displaying debug trace (plugin "K_M_knifes.amxx", version "1.0")
L 11/30/2024 - 16:15:24: [AMXX] Run time error 4: index out of bounds 
L 11/30/2024 - 16:15:24: [AMXX]    [0] K_M_knifes.sma::EntityTask (line 560)
L 11/30/2024 - 16:15:24: [AMXX] Displaying debug trace (plugin "K_M_knifes.amxx", version "1.0")
L 11/30/2024 - 16:15:24: [AMXX] Run time error 4: index out of bounds 
L 11/30/2024 - 16:15:24: [AMXX]    [0] K_M_knifes.sma::EntityTask (line 560)
L 11/30/2024 - 16:15:25: [AMXX] Displaying debug trace (plugin "K_M_knifes.amxx", version "1.0")
L 11/30/2024 - 16:15:25: [AMXX] Run time error 4: index out of bounds 
L 11/30/2024 - 16:15:25: [AMXX]    [0] K_M_knifes.sma::EntityTask (line 560)
L 11/30/2024 - 16:15:25: [AMXX] Displaying debug trace (plugin "K_M_knifes.amxx", version "1.0")
L 11/30/2024 - 16:15:25: [AMXX] Run time error 4: index out of bounds 
L 11/30/2024 - 16:15:25: [AMXX]    [0] K_M_knifes.sma::EntityTask (line 560)
L 11/30/2024 - 16:15:25: [AMXX] Displaying debug trace (plugin "K_M_knifes.amxx", version "1.0")
L 11/30/2024 - 16:15:25: [AMXX] Run time error 4: index out of bounds 
L 11/30/2024 - 16:15:25: [AMXX]    [0] K_M_knifes.sma::EntityTask (line 560)
L 11/30/2024 - 16:15:25: [AMXX] Displaying debug trace (plugin "K_M_knifes.amxx", version "1.0")
L 11/30/2024 - 16:15:25: [AMXX] Run time error 4: index out of bounds 
L 11/30/2024 - 16:15:25: [AMXX]    [0] K_M_knifes.sma::EntityTask (line 560)
L 11/30/2024 - 16:15:26: [AMXX] Displaying debug trace (plugin "K_M_knifes.amxx", version "1.0")
L 11/30/2024 - 16:15:26: [AMXX] Run time error 4: index out of bounds 
L 11/30/2024 - 16:15:26: [AMXX]    [0] K_M_knifes.sma::EntityTask (line 560)
L 11/30/2024 - 16:15:26: [AMXX] Displaying debug trace (plugin "K_M_knifes.amxx", version "1.0")
L 11/30/2024 - 16:15:26: [AMXX] Run time error 4: index out of bounds 
L 11/30/2024 - 16:15:26: [AMXX]    [0] K_M_knifes.sma::EntityTask (line 560)
L 11/30/2024 - 16:15:26: [AMXX] Displaying debug trace (plugin "K_M_knifes.amxx", version "1.0")
L 11/30/2024 - 16:15:26: [AMXX] Run time error 4: index out of bounds 
L 11/30/2024 - 16:15:26: [AMXX]    [0] K_M_knifes.sma::EntityTask (line 560)
L 11/30/2024 - 16:15:26: [AMXX] Displaying debug trace (plugin "K_M_knifes.amxx", version "1.0")
L 11/30/2024 - 16:15:26: [AMXX] Run time error 4: index out of bounds 
L 11/30/2024 - 16:15:26: [AMXX]    [0] K_M_knifes.sma::EntityTask (line 560)
L 11/30/2024 - 16:15:26: [AMXX] Displaying debug trace (plugin "K_M_knifes.amxx", version "1.0")
L 11/30/2024 - 16:15:26: [AMXX] Run time error 4: index out of bounds 
L 11/30/2024 - 16:15:26: [AMXX]    [0] K_M_knifes.sma::EntityTask (line 560)
L 11/30/2024 - 16:15:27: [AMXX] Displaying debug trace (plugin "K_M_knifes.amxx", version "1.0")
L 11/30/2024 - 16:15:27: [AMXX] Run time error 4: index out of bounds 
L 11/30/2024 - 16:15:27: [AMXX]    [0] K_M_knifes.sma::EntityTask (line 560)
L 11/30/2024 - 16:15:27: [AMXX] Displaying debug trace (plugin "K_M_knifes.amxx", version "1.0")
L 11/30/2024 - 16:15:27: [AMXX] Run time error 4: index out of bounds 
L 11/30/2024 - 16:15:27: [AMXX]    [0] K_M_knifes.sma::EntityTask (line 560)
L 11/30/2024 - 16:15:27: [AMXX] Displaying debug trace (plugin "K_M_knifes.amxx", version "1.0")
L 11/30/2024 - 16:15:27: [AMXX] Run time error 4: index out of bounds 
L 11/30/2024 - 16:15:27: [AMXX]    [0] K_M_knifes.sma::EntityTask (line 560)
L 11/30/2024 - 16:15:28: [AMXX] Displaying debug trace (plugin "K_M_knifes.amxx", version "1.0")
L 11/30/2024 - 16:15:28: [AMXX] Run time error 4: index out of bounds 
L 11/30/2024 - 16:15:28: [AMXX]    [0] K_M_knifes.sma::EntityTask (line 560)
L 11/30/2024 - 16:15:28: [AMXX] Displaying debug trace (plugin "K_M_knifes.amxx", version "1.0")
L 11/30/2024 - 16:15:28: [AMXX] Run time error 4: index out of bounds 
L 11/30/2024 - 16:15:28: [AMXX]    [0] K_M_knifes.sma::EntityTask (line 560)
L 11/30/2024 - 16:15:34: [AMXX] Displaying debug trace (plugin "K_M_knifes.amxx", version "1.0")
L 11/30/2024 - 16:15:34: [AMXX] Run time error 4: index out of bounds 
L 11/30/2024 - 16:15:34: [AMXX]    [0] K_M_knifes.sma::EntityTask (line 560)
L 11/30/2024 - 16:15:35: [AMXX] Displaying debug trace (plugin "K_M_knifes.amxx", version "1.0")
L 11/30/2024 - 16:15:35: [AMXX] Run time error 4: index out of bounds 
L 11/30/2024 - 16:15:35: [AMXX]    [0] K_M_knifes.sma::EntityTask (line 560)
L 11/30/2024 - 16:15:35: [AMXX] Displaying debug trace (plugin "K_M_knifes.amxx", version "1.0")
L 11/30/2024 - 16:15:35: [AMXX] Run time error 4: index out of bounds 
L 11/30/2024 - 16:15:35: [AMXX]    [0] K_M_knifes.sma::EntityTask (line 560)
L 11/30/2024 - 16:15:35: [AMXX] Displaying debug trace (plugin "K_M_knifes.amxx", version "1.0")
L 11/30/2024 - 16:15:35: [AMXX] Run time error 4: index out of bounds 
L 11/30/2024 - 16:15:35: [AMXX]    [0] K_M_knifes.sma::EntityTask (line 560)
L 11/30/2024 - 16:15:35: [AMXX] Displaying debug trace (plugin "K_M_knifes.amxx", version "1.0")
L 11/30/2024 - 16:15:35: [AMXX] Run time error 4: index out of bounds 
L 11/30/2024 - 16:15:35: [AMXX]    [0] K_M_knifes.sma::EntityTask (line 560)
L 11/30/2024 - 16:15:36: [AMXX] Displaying debug trace (plugin "K_M_knifes.amxx", version "1.0")
L 11/30/2024 - 16:15:36: [AMXX] Run time error 4: index out of bounds 
L 11/30/2024 - 16:15:36: [AMXX]    [0] K_M_knifes.sma::EntityTask (line 560)
L 11/30/2024 - 16:15:36: [AMXX] Displaying debug trace (plugin "K_M_knifes.amxx", version "1.0")
L 11/30/2024 - 16:15:36: [AMXX] Run time error 4: index out of bounds 
L 11/30/2024 - 16:15:36: [AMXX]    [0] K_M_knifes.sma::EntityTask (line 560)
L 11/30/2024 - 16:15:37: [AMXX] Displaying debug trace (plugin "K_M_knifes.amxx", version "1.0")
L 11/30/2024 - 16:15:37: [AMXX] Run time error 4: index out of bounds 
L 11/30/2024 - 16:15:37: [AMXX]    [0] K_M_knifes.sma::EntityTask (line 560)
L 11/30/2024 - 16:15:38: [AMXX] Displaying debug trace (plugin "K_M_knifes.amxx", version "1.0")
L 11/30/2024 - 16:15:38: [AMXX] Run time error 4: index out of bounds 
L 11/30/2024 - 16:15:38: [AMXX]    [0] K_M_knifes.sma::EntityTask (line 560)
L 11/30/2024 - 16:15:38: [AMXX] Displaying debug trace (plugin "K_M_knifes.amxx", version "1.0")
L 11/30/2024 - 16:15:38: [AMXX] Run time error 4: index out of bounds 
L 11/30/2024 - 16:15:38: [AMXX]    [0] K_M_knifes.sma::EntityTask (line 560)
L 11/30/2024 - 18:57:08: Start of error session.
L 11/30/2024 - 18:57:08: Info (map "zm_dust_world") (file "addons/amxmodx/logs/error_20241130.log")
L 11/30/2024 - 18:57:08: [CSTRIKE] Invalid player 1 (no private data)
L 11/30/2024 - 18:57:08: [AMXX] Displaying debug trace (plugin "K_M_models.amxx", version "1.0")
L 11/30/2024 - 18:57:08: [AMXX] Run time error 10: native error (native "cs_set_user_model")
L 11/30/2024 - 18:57:08: [AMXX]    [0] K_M_models.sma::native_return_ham_skin (line 274)
L 11/30/2024 - 18:57:08: [AMXX]    [1] K_M_models.sma::client_putinserver (line 78)
L 11/30/2024 - 18:57:08: [CSTRIKE] Invalid player 2 (no private data)
L 11/30/2024 - 18:57:08: [AMXX] Displaying debug trace (plugin "K_M_models.amxx", version "1.0")
L 11/30/2024 - 18:57:08: [AMXX] Run time error 10: native error (native "cs_set_user_model")
L 11/30/2024 - 18:57:08: [AMXX]    [0] K_M_models.sma::native_return_ham_skin (line 274)
L 11/30/2024 - 18:57:08: [AMXX]    [1] K_M_models.sma::client_putinserver (line 78)
L 11/30/2024 - 18:57:09: [CSTRIKE] Invalid player 3 (no private data)
L 11/30/2024 - 18:57:09: [AMXX] Displaying debug trace (plugin "K_M_models.amxx", version "1.0")
L 11/30/2024 - 18:57:09: [AMXX] Run time error 10: native error (native "cs_set_user_model")
L 11/30/2024 - 18:57:09: [AMXX]    [0] K_M_models.sma::native_return_ham_skin (line 274)
L 11/30/2024 - 18:57:09: [AMXX]    [1] K_M_models.sma::client_putinserver (line 78)
L 11/30/2024 - 18:57:09: [CSTRIKE] Invalid player 4 (no private data)
L 11/30/2024 - 18:57:09: [AMXX] Displaying debug trace (plugin "K_M_models.amxx", version "1.0")
L 11/30/2024 - 18:57:09: [AMXX] Run time error 10: native error (native "cs_set_user_model")
L 11/30/2024 - 18:57:09: [AMXX]    [0] K_M_models.sma::native_return_ham_skin (line 274)
L 11/30/2024 - 18:57:09: [AMXX]    [1] K_M_models.sma::client_putinserver (line 78)
L 11/30/2024 - 18:57:10: [CSTRIKE] Invalid player 5 (no private data)
L 11/30/2024 - 18:57:10: [AMXX] Displaying debug trace (plugin "K_M_models.amxx", version "1.0")
L 11/30/2024 - 18:57:10: [AMXX] Run time error 10: native error (native "cs_set_user_model")
L 11/30/2024 - 18:57:10: [AMXX]    [0] K_M_models.sma::native_return_ham_skin (line 274)
L 11/30/2024 - 18:57:10: [AMXX]    [1] K_M_models.sma::client_putinserver (line 78)
L 11/30/2024 - 18:57:10: [CSTRIKE] Invalid player 6 (no private data)
L 11/30/2024 - 18:57:10: [AMXX] Displaying debug trace (plugin "K_M_models.amxx", version "1.0")
L 11/30/2024 - 18:57:10: [AMXX] Run time error 10: native error (native "cs_set_user_model")
L 11/30/2024 - 18:57:10: [AMXX]    [0] K_M_models.sma::native_return_ham_skin (line 274)
L 11/30/2024 - 18:57:10: [AMXX]    [1] K_M_models.sma::client_putinserver (line 78)
L 11/30/2024 - 18:57:11: [CSTRIKE] Invalid player 7 (no private data)
L 11/30/2024 - 18:57:11: [AMXX] Displaying debug trace (plugin "K_M_models.amxx", version "1.0")
L 11/30/2024 - 18:57:11: [AMXX] Run time error 10: native error (native "cs_set_user_model")
L 11/30/2024 - 18:57:11: [AMXX]    [0] K_M_models.sma::native_return_ham_skin (line 274)
L 11/30/2024 - 18:57:11: [AMXX]    [1] K_M_models.sma::client_putinserver (line 78)
L 11/30/2024 - 19:24:15: Start of error session.
L 11/30/2024 - 19:24:15: Info (map "zm_dust_world") (file "addons/amxmodx/logs/error_20241130.log")
L 11/30/2024 - 19:24:15: [nVault] Invalid vault id: 0

L 11/30/2024 - 19:24:15: [AMXX] Displaying debug trace (plugin "K_ZP_control_data.amxx", version "1.0")
L 11/30/2024 - 19:24:15: [AMXX] Run time error 10: native error (native "nvault_close")
L 11/30/2024 - 19:24:15: [AMXX]    [0] K_ZP_control_data.sma::plugin_end (line 81)
L 11/30/2024 - 19:24:20: Start of error session.
L 11/30/2024 - 19:24:20: Info (map "zm_dust_world") (file "addons/amxmodx/logs/error_20241130.log")
L 11/30/2024 - 19:24:20: [CSTRIKE] Invalid player 1 (no private data)
L 11/30/2024 - 19:24:20: [AMXX] Displaying debug trace (plugin "K_M_models.amxx", version "1.0")
L 11/30/2024 - 19:24:20: [AMXX] Run time error 10: native error (native "cs_set_user_model")
L 11/30/2024 - 19:24:20: [AMXX]    [0] K_M_models.sma::native_return_ham_skin (line 276)
L 11/30/2024 - 19:24:20: [AMXX]    [1] K_M_models.sma::client_putinserver (line 78)
L 11/30/2024 - 19:24:20: [CSTRIKE] Invalid player 2 (no private data)
L 11/30/2024 - 19:24:20: [AMXX] Displaying debug trace (plugin "K_M_models.amxx", version "1.0")
L 11/30/2024 - 19:24:20: [AMXX] Run time error 10: native error (native "cs_set_user_model")
L 11/30/2024 - 19:24:20: [AMXX]    [0] K_M_models.sma::native_return_ham_skin (line 276)
L 11/30/2024 - 19:24:20: [AMXX]    [1] K_M_models.sma::client_putinserver (line 78)
L 11/30/2024 - 19:24:21: [CSTRIKE] Invalid player 3 (no private data)
L 11/30/2024 - 19:24:21: [AMXX] Displaying debug trace (plugin "K_M_models.amxx", version "1.0")
L 11/30/2024 - 19:24:21: [AMXX] Run time error 10: native error (native "cs_set_user_model")
L 11/30/2024 - 19:24:21: [AMXX]    [0] K_M_models.sma::native_return_ham_skin (line 276)
L 11/30/2024 - 19:24:21: [AMXX]    [1] K_M_models.sma::client_putinserver (line 78)
L 11/30/2024 - 19:24:21: [CSTRIKE] Invalid player 4 (no private data)
L 11/30/2024 - 19:24:21: [AMXX] Displaying debug trace (plugin "K_M_models.amxx", version "1.0")
L 11/30/2024 - 19:24:21: [AMXX] Run time error 10: native error (native "cs_set_user_model")
L 11/30/2024 - 19:24:21: [AMXX]    [0] K_M_models.sma::native_return_ham_skin (line 276)
L 11/30/2024 - 19:24:21: [AMXX]    [1] K_M_models.sma::client_putinserver (line 78)
L 11/30/2024 - 19:24:22: [CSTRIKE] Invalid player 5 (no private data)
L 11/30/2024 - 19:24:22: [AMXX] Displaying debug trace (plugin "K_M_models.amxx", version "1.0")
L 11/30/2024 - 19:24:22: [AMXX] Run time error 10: native error (native "cs_set_user_model")
L 11/30/2024 - 19:24:22: [AMXX]    [0] K_M_models.sma::native_return_ham_skin (line 276)
L 11/30/2024 - 19:24:22: [AMXX]    [1] K_M_models.sma::client_putinserver (line 78)
L 11/30/2024 - 19:24:22: [CSTRIKE] Invalid player 6 (no private data)
L 11/30/2024 - 19:24:22: [AMXX] Displaying debug trace (plugin "K_M_models.amxx", version "1.0")
L 11/30/2024 - 19:24:22: [AMXX] Run time error 10: native error (native "cs_set_user_model")
L 11/30/2024 - 19:24:22: [AMXX]    [0] K_M_models.sma::native_return_ham_skin (line 276)
L 11/30/2024 - 19:24:22: [AMXX]    [1] K_M_models.sma::client_putinserver (line 78)
L 11/30/2024 - 19:24:35: [CSTRIKE] Invalid player 7 (no private data)
L 11/30/2024 - 19:24:35: [AMXX] Displaying debug trace (plugin "K_M_models.amxx", version "1.0")
L 11/30/2024 - 19:24:35: [AMXX] Run time error 10: native error (native "cs_set_user_model")
L 11/30/2024 - 19:24:35: [AMXX]    [0] K_M_models.sma::native_return_ham_skin (line 276)
L 11/30/2024 - 19:24:35: [AMXX]    [1] K_M_models.sma::client_putinserver (line 78)
L 11/30/2024 - 19:30:40: Start of error session.
L 11/30/2024 - 19:30:40: Info (map "zm_ngamers_lights_f") (file "addons/amxmodx/logs/error_20241130.log")
L 11/30/2024 - 19:30:40: [nVault] Invalid vault id: 0

L 11/30/2024 - 19:30:40: [AMXX] Displaying debug trace (plugin "K_ZP_control_data.amxx", version "1.0")
L 11/30/2024 - 19:30:40: [AMXX] Run time error 10: native error (native "nvault_close")
L 11/30/2024 - 19:30:40: [AMXX]    [0] K_ZP_control_data.sma::plugin_end (line 83)
L 11/30/2024 - 19:37:08: Start of error session.
L 11/30/2024 - 19:37:08: Info (map "zm_ngamers_lights_f") (file "addons/amxmodx/logs/error_20241130.log")
L 11/30/2024 - 19:37:08: [nVault] Invalid vault id: 0

L 11/30/2024 - 19:37:08: [AMXX] Displaying debug trace (plugin "K_ZP_control_data.amxx", version "1.0")
L 11/30/2024 - 19:37:08: [AMXX] Run time error 10: native error (native "nvault_close")
L 11/30/2024 - 19:37:08: [AMXX]    [0] K_ZP_control_data.sma::plugin_end (line 83)
