L 07/10/2024 - 08:30:21: Start of error session.
L 07/10/2024 - 08:30:21: Info (map "de_dust2") (file "addons/amxmodx/logs/error_20240710.log")
L 07/10/2024 - 08:30:21: [AMXX] Plugin file open error (plugin "scm_entity_editor.amxx")
L 07/10/2024 - 08:32:20: [AMXX] Language "1" not found
L 07/10/2024 - 08:34:21: [AMXX] Language "1" not found
L 07/10/2024 - 08:36:21: [AMXX] Language "1" not found
L 07/10/2024 - 08:38:22: [AMXX] Language "1" not found
L 07/10/2024 - 08:40:22: [AMXX] Language "1" not found
L 07/10/2024 - 08:42:37: [AMXX] Language "1" not found
L 07/10/2024 - 08:45:42: [AMXX] Language "1" not found
L 07/10/2024 - 08:47:50: [AMXX] Language "1" not found
L 07/10/2024 - 08:50:34: [AMXX] Language "1" not found
L 07/10/2024 - 08:53:23: [AMXX] Language "1" not found
L 07/10/2024 - 08:56:46: [AMXX] Language "1" not found
L 07/10/2024 - 08:59:34: [AMXX] Language "1" not found
L 07/10/2024 - 09:01:53: [AMXX] Language "1" not found
L 07/10/2024 - 09:05:19: [AMXX] Language "1" not found
L 07/10/2024 - 09:07:29: [AMXX] Language "1" not found
L 07/10/2024 - 09:09:29: [AMXX] Language "1" not found
L 07/10/2024 - 09:11:46: [AMXX] Language "1" not found
L 07/10/2024 - 09:13:46: [AMXX] Language "1" not found
L 07/10/2024 - 09:17:34: [AMXX] Language "1" not found
L 07/10/2024 - 09:19:40: [AMXX] Language "1" not found
L 07/10/2024 - 09:23:07: [AMXX] Language "1" not found
L 07/10/2024 - 09:25:09: [AMXX] Language "1" not found
L 07/10/2024 - 09:27:18: [AMXX] Language "1" not found
L 07/10/2024 - 09:29:48: [AMXX] Language "1" not found
L 07/10/2024 - 09:31:52: [AMXX] Language "1" not found
L 07/10/2024 - 09:33:57: [AMXX] Language "1" not found
L 07/10/2024 - 09:36:13: [AMXX] Language "1" not found
L 07/10/2024 - 09:39:08: [AMXX] Language "1" not found
L 07/10/2024 - 09:42:16: Start of error session.
L 07/10/2024 - 09:42:16: Info (map "de_dust2") (file "addons/amxmodx/logs/error_20240710.log")
L 07/10/2024 - 09:42:16: [AMXX] Plugin file open error (plugin "scm_entity_editor.amxx")
L 07/10/2024 - 09:46:10: Start of error session.
L 07/10/2024 - 09:46:10: Info (map "de_dust2") (file "addons/amxmodx/logs/error_20240710.log")
L 07/10/2024 - 09:46:10: [AMXX] Plugin file open error (plugin "scm_entity_editor.amxx")
L 07/10/2024 - 09:47:12: Start of error session.
L 07/10/2024 - 09:47:12: Info (map "de_dust2") (file "addons/amxmodx/logs/error_20240710.log")
L 07/10/2024 - 09:47:12: [AMXX] Plugin file open error (plugin "scm_entity_editor.amxx")
L 07/10/2024 - 09:47:56: Start of error session.
L 07/10/2024 - 09:47:56: Info (map "de_dust2") (file "addons/amxmodx/logs/error_20240710.log")
L 07/10/2024 - 09:47:56: [AMXX] Plugin file open error (plugin "scm_entity_editor.amxx")
L 07/10/2024 - 09:48:42: Start of error session.
L 07/10/2024 - 09:48:42: Info (map "de_dust2") (file "addons/amxmodx/logs/error_20240710.log")
L 07/10/2024 - 09:48:42: [AMXX] Plugin file open error (plugin "scm_entity_editor.amxx")
L 07/10/2024 - 09:49:54: Start of error session.
L 07/10/2024 - 09:49:54: Info (map "de_dust2") (file "addons/amxmodx/logs/error_20240710.log")
L 07/10/2024 - 09:49:54: [AMXX] Plugin file open error (plugin "scm_entity_editor.amxx")
L 07/10/2024 - 09:53:31: Start of error session.
L 07/10/2024 - 09:53:31: Info (map "de_dust2") (file "addons/amxmodx/logs/error_20240710.log")
L 07/10/2024 - 09:53:31: [AMXX] Plugin file open error (plugin "scm_entity_editor.amxx")
L 07/10/2024 - 09:54:36: Start of error session.
L 07/10/2024 - 09:54:36: Info (map "de_dust2") (file "addons/amxmodx/logs/error_20240710.log")
L 07/10/2024 - 09:54:36: [AMXX] Plugin file open error (plugin "scm_entity_editor.amxx")
L 07/10/2024 - 10:00:22: Start of error session.
L 07/10/2024 - 10:00:22: Info (map "zm_ngamers_lights_f") (file "addons/amxmodx/logs/error_20240710.log")
L 07/10/2024 - 10:00:22: [AMXX] Plugin file open error (plugin "scm_entity_editor.amxx")
L 07/10/2024 - 10:07:13: Start of error session.
L 07/10/2024 - 10:07:13: Info (map "zm_deko2") (file "addons/amxmodx/logs/error_20240710.log")
L 07/10/2024 - 10:07:13: [AMXX] Plugin file open error (plugin "scm_entity_editor.amxx")
L 07/10/2024 - 10:09:13: [AMXX] Language "1" not found
L 07/10/2024 - 10:10:46: Start of error session.
L 07/10/2024 - 10:10:46: Info (map "zm_deko2") (file "addons/amxmodx/logs/error_20240710.log")
L 07/10/2024 - 10:10:46: [AMXX] Plugin file open error (plugin "scm_entity_editor.amxx")
L 07/10/2024 - 10:18:19: Start of error session.
L 07/10/2024 - 10:18:19: Info (map "zm_deko2") (file "addons/amxmodx/logs/error_20240710.log")
L 07/10/2024 - 10:18:19: [AMXX] Plugin file open error (plugin "scm_entity_editor.amxx")
L 07/10/2024 - 10:20:19: [AMXX] Language "1" not found
L 07/10/2024 - 10:22:20: [AMXX] Language "1" not found
L 07/10/2024 - 10:24:21: [AMXX] Language "1" not found
L 07/10/2024 - 10:26:21: [AMXX] Language "1" not found
L 07/10/2024 - 10:28:22: [AMXX] Language "1" not found
L 07/10/2024 - 10:30:22: [AMXX] Language "1" not found
L 07/10/2024 - 10:31:12: Start of error session.
L 07/10/2024 - 10:31:12: Info (map "zm_deko2") (file "addons/amxmodx/logs/error_20240710.log")
L 07/10/2024 - 10:31:12: [AMXX] Plugin file open error (plugin "scm_entity_editor.amxx")
L 07/10/2024 - 10:33:12: [AMXX] Language "1" not found
L 07/10/2024 - 10:34:05: Start of error session.
L 07/10/2024 - 10:34:05: Info (map "zm_deko2") (file "addons/amxmodx/logs/error_20240710.log")
L 07/10/2024 - 10:34:05: [AMXX] Plugin file open error (plugin "scm_entity_editor.amxx")
L 07/10/2024 - 10:40:26: Start of error session.
L 07/10/2024 - 10:40:26: Info (map "zm_deko2") (file "addons/amxmodx/logs/error_20240710.log")
L 07/10/2024 - 10:40:26: [AMXX] Plugin file open error (plugin "scm_entity_editor.amxx")
L 07/10/2024 - 10:41:21: Start of error session.
L 07/10/2024 - 10:41:21: Info (map "zm_deko2") (file "addons/amxmodx/logs/error_20240710.log")
L 07/10/2024 - 10:41:21: [AMXX] Plugin file open error (plugin "scm_entity_editor.amxx")
L 07/10/2024 - 10:42:02: Start of error session.
L 07/10/2024 - 10:42:02: Info (map "zm_deko2") (file "addons/amxmodx/logs/error_20240710.log")
L 07/10/2024 - 10:42:02: [AMXX] Plugin file open error (plugin "scm_entity_editor.amxx")
L 07/10/2024 - 10:44:02: [AMXX] Language "1" not found
L 07/10/2024 - 10:49:28: [AMXX] Language "1" not found
L 07/10/2024 - 10:51:42: [AMXX] Language "1" not found
L 07/10/2024 - 10:53:43: [AMXX] Language "1" not found
L 07/10/2024 - 10:55:44: [AMXX] Language "1" not found
L 07/10/2024 - 10:57:44: [AMXX] Language "1" not found
L 07/10/2024 - 10:59:45: [AMXX] Language "1" not found
L 07/10/2024 - 11:25:37: Start of error session.
L 07/10/2024 - 11:25:37: Info (map "zm_deko2") (file "addons/amxmodx/logs/error_20240710.log")
L 07/10/2024 - 11:25:37: [AMXX] Plugin file open error (plugin "scm_entity_editor.amxx")
L 07/10/2024 - 11:27:37: [AMXX] Language "1" not found
L 07/10/2024 - 11:29:38: [AMXX] Language "1" not found
L 07/10/2024 - 11:31:39: [AMXX] Language "1" not found
L 07/10/2024 - 11:39:50: Start of error session.
L 07/10/2024 - 11:39:50: Info (map "zm_deko2") (file "addons/amxmodx/logs/error_20240710.log")
L 07/10/2024 - 11:39:50: [AMXX] Plugin file open error (plugin "scm_entity_editor.amxx")
L 07/10/2024 - 11:40:39: Start of error session.
L 07/10/2024 - 11:40:39: Info (map "zm_deko2") (file "addons/amxmodx/logs/error_20240710.log")
L 07/10/2024 - 11:40:39: [AMXX] Plugin file open error (plugin "scm_entity_editor.amxx")
L 07/10/2024 - 12:03:42: Start of error session.
L 07/10/2024 - 12:03:42: Info (map "zm_deko2") (file "addons/amxmodx/logs/error_20240710.log")
L 07/10/2024 - 12:03:42: [AMXX] Plugin file open error (plugin "scm_entity_editor.amxx")
L 07/10/2024 - 12:03:52: [AMXX] Run time error 4 (plugin "start_menu.amxx") - debug not enabled!
L 07/10/2024 - 12:03:52: [AMXX] To enable debug mode, add "debug" after the plugin name in plugins.ini (without quotes).
L 07/10/2024 - 12:05:43: [AMXX] Language "1" not found
L 07/10/2024 - 12:06:22: Start of error session.
L 07/10/2024 - 12:06:22: Info (map "zm_deko2") (file "addons/amxmodx/logs/error_20240710.log")
L 07/10/2024 - 12:06:22: [AMXX] Plugin file open error (plugin "scm_entity_editor.amxx")
L 07/10/2024 - 12:06:31: [AMXX] Run time error 4 (plugin "start_menu.amxx") - debug not enabled!
L 07/10/2024 - 12:06:31: [AMXX] To enable debug mode, add "debug" after the plugin name in plugins.ini (without quotes).
L 07/10/2024 - 12:08:22: [AMXX] Language "1" not found
L 07/10/2024 - 12:08:57: Start of error session.
L 07/10/2024 - 12:08:57: Info (map "zm_deko2") (file "addons/amxmodx/logs/error_20240710.log")
L 07/10/2024 - 12:08:57: [AMXX] Plugin file open error (plugin "scm_entity_editor.amxx")
L 07/10/2024 - 12:09:06: [AMXX] Run time error 4 (plugin "start_menu.amxx") - debug not enabled!
L 07/10/2024 - 12:09:06: [AMXX] To enable debug mode, add "debug" after the plugin name in plugins.ini (without quotes).
L 07/10/2024 - 12:09:42: [AMXX] Run time error 4 (plugin "start_menu.amxx") - debug not enabled!
L 07/10/2024 - 12:09:42: [AMXX] To enable debug mode, add "debug" after the plugin name in plugins.ini (without quotes).
L 07/10/2024 - 12:10:57: [AMXX] Language "1" not found
L 07/10/2024 - 12:12:57: [AMXX] Language "1" not found
L 07/10/2024 - 12:14:53: [AMXX] Run time error 4 (plugin "start_menu.amxx") - debug not enabled!
L 07/10/2024 - 12:14:53: [AMXX] To enable debug mode, add "debug" after the plugin name in plugins.ini (without quotes).
L 07/10/2024 - 12:14:57: [AMXX] Language "1" not found
L 07/10/2024 - 12:15:43: Start of error session.
L 07/10/2024 - 12:15:43: Info (map "zm_deko2") (file "addons/amxmodx/logs/error_20240710.log")
L 07/10/2024 - 12:15:43: [AMXX] Plugin file open error (plugin "scm_entity_editor.amxx")
L 07/10/2024 - 12:15:52: [AMXX] Run time error 4 (plugin "start_menu.amxx") - debug not enabled!
L 07/10/2024 - 12:15:52: [AMXX] To enable debug mode, add "debug" after the plugin name in plugins.ini (without quotes).
L 07/10/2024 - 12:17:29: Start of error session.
L 07/10/2024 - 12:17:29: Info (map "zm_deko2") (file "addons/amxmodx/logs/error_20240710.log")
L 07/10/2024 - 12:17:29: [AMXX] Plugin file open error (plugin "scm_entity_editor.amxx")
L 07/10/2024 - 12:17:39: [AMXX] Run time error 4 (plugin "start_menu.amxx") - debug not enabled!
L 07/10/2024 - 12:17:39: [AMXX] To enable debug mode, add "debug" after the plugin name in plugins.ini (without quotes).
L 07/10/2024 - 12:19:22: Start of error session.
L 07/10/2024 - 12:19:22: Info (map "zm_deko2") (file "addons/amxmodx/logs/error_20240710.log")
L 07/10/2024 - 12:19:22: [AMXX] Plugin file open error (plugin "scm_entity_editor.amxx")
L 07/10/2024 - 12:19:31: [AMXX] Run time error 4 (plugin "start_menu.amxx") - debug not enabled!
L 07/10/2024 - 12:19:31: [AMXX] To enable debug mode, add "debug" after the plugin name in plugins.ini (without quotes).
L 07/10/2024 - 12:20:48: Start of error session.
L 07/10/2024 - 12:20:48: Info (map "zm_deko2") (file "addons/amxmodx/logs/error_20240710.log")
L 07/10/2024 - 12:20:48: [AMXX] Plugin file open error (plugin "scm_entity_editor.amxx")
L 07/10/2024 - 12:20:57: [AMXX] Run time error 4 (plugin "start_menu.amxx") - debug not enabled!
L 07/10/2024 - 12:20:57: [AMXX] To enable debug mode, add "debug" after the plugin name in plugins.ini (without quotes).
L 07/10/2024 - 12:21:32: [AMXX] Run time error 4 (plugin "start_menu.amxx") - debug not enabled!
L 07/10/2024 - 12:21:32: [AMXX] To enable debug mode, add "debug" after the plugin name in plugins.ini (without quotes).
L 07/10/2024 - 12:31:37: Start of error session.
L 07/10/2024 - 12:31:37: Info (map "zm_deko2") (file "addons/amxmodx/logs/error_20240710.log")
L 07/10/2024 - 12:31:37: [AMXX] Plugin file open error (plugin "scm_entity_editor.amxx")
L 07/10/2024 - 12:31:46: [AMXX] Run time error 4 (plugin "start_menu.amxx") - debug not enabled!
L 07/10/2024 - 12:31:46: [AMXX] To enable debug mode, add "debug" after the plugin name in plugins.ini (without quotes).
L 07/10/2024 - 12:33:37: [AMXX] Language "1" not found
L 07/10/2024 - 12:35:38: [AMXX] Language "1" not found
L 07/10/2024 - 12:36:57: [AMXX] Run time error 4 (plugin "start_menu.amxx") - debug not enabled!
L 07/10/2024 - 12:36:57: [AMXX] To enable debug mode, add "debug" after the plugin name in plugins.ini (without quotes).
L 07/10/2024 - 12:37:39: [AMXX] Language "1" not found
L 07/10/2024 - 12:39:40: [AMXX] Language "1" not found
L 07/10/2024 - 12:41:40: [AMXX] Language "1" not found
L 07/10/2024 - 12:42:08: [AMXX] Run time error 4 (plugin "start_menu.amxx") - debug not enabled!
L 07/10/2024 - 12:42:08: [AMXX] To enable debug mode, add "debug" after the plugin name in plugins.ini (without quotes).
L 07/10/2024 - 12:42:33: [AMXX] Run time error 4 (plugin "start_menu.amxx") - debug not enabled!
L 07/10/2024 - 12:42:33: [AMXX] To enable debug mode, add "debug" after the plugin name in plugins.ini (without quotes).
L 07/10/2024 - 12:47:44: [AMXX] Run time error 4 (plugin "start_menu.amxx") - debug not enabled!
L 07/10/2024 - 12:47:44: [AMXX] To enable debug mode, add "debug" after the plugin name in plugins.ini (without quotes).
L 07/10/2024 - 12:47:46: [AMXX] Language "1" not found
L 07/10/2024 - 12:51:22: Start of error session.
L 07/10/2024 - 12:51:22: Info (map "zm_deko2") (file "addons/amxmodx/logs/error_20240710.log")
L 07/10/2024 - 12:51:22: [AMXX] Plugin file open error (plugin "scm_entity_editor.amxx")
L 07/10/2024 - 12:51:31: [AMXX] Run time error 4 (plugin "start_menu.amxx") - debug not enabled!
L 07/10/2024 - 12:51:31: [AMXX] To enable debug mode, add "debug" after the plugin name in plugins.ini (without quotes).
L 07/10/2024 - 12:53:21: [AMXX] Language "1" not found
L 07/10/2024 - 12:53:45: Start of error session.
L 07/10/2024 - 12:53:45: Info (map "zm_deko2") (file "addons/amxmodx/logs/error_20240710.log")
L 07/10/2024 - 12:53:45: [AMXX] Plugin file open error (plugin "scm_entity_editor.amxx")
L 07/10/2024 - 12:53:54: [AMXX] Run time error 4 (plugin "start_menu.amxx") - debug not enabled!
L 07/10/2024 - 12:53:54: [AMXX] To enable debug mode, add "debug" after the plugin name in plugins.ini (without quotes).
L 07/10/2024 - 12:54:41: String formatted incorrectly - parameter 7 (total 7)
L 07/10/2024 - 12:54:41: [AMXX] Run time error 25 (plugin "zp_ammo_ex.amxx") - debug not enabled!
L 07/10/2024 - 12:54:41: [AMXX] To enable debug mode, add "debug" after the plugin name in plugins.ini (without quotes).
L 07/10/2024 - 12:55:06: String formatted incorrectly - parameter 7 (total 7)
L 07/10/2024 - 12:55:06: [AMXX] Run time error 25 (plugin "zp_ammo_ex.amxx") - debug not enabled!
L 07/10/2024 - 12:55:06: [AMXX] To enable debug mode, add "debug" after the plugin name in plugins.ini (without quotes).
L 07/10/2024 - 12:55:45: [AMXX] Language "1" not found
L 07/10/2024 - 12:57:45: [AMXX] Language "1" not found
L 07/10/2024 - 12:59:05: [AMXX] Run time error 4 (plugin "start_menu.amxx") - debug not enabled!
L 07/10/2024 - 12:59:05: [AMXX] To enable debug mode, add "debug" after the plugin name in plugins.ini (without quotes).
L 07/10/2024 - 12:59:46: [AMXX] Language "1" not found
L 07/10/2024 - 13:00:37: [AMXX] Run time error 4 (plugin "start_menu.amxx") - debug not enabled!
L 07/10/2024 - 13:00:37: [AMXX] To enable debug mode, add "debug" after the plugin name in plugins.ini (without quotes).
L 07/10/2024 - 13:02:53: Start of error session.
L 07/10/2024 - 13:02:53: Info (map "zm_deko2") (file "addons/amxmodx/logs/error_20240710.log")
L 07/10/2024 - 13:02:53: [AMXX] Plugin file open error (plugin "scm_entity_editor.amxx")
L 07/10/2024 - 13:03:02: [AMXX] Run time error 4 (plugin "start_menu.amxx") - debug not enabled!
L 07/10/2024 - 13:03:02: [AMXX] To enable debug mode, add "debug" after the plugin name in plugins.ini (without quotes).
L 07/10/2024 - 13:03:14: String formatted incorrectly - parameter 7 (total 7)
L 07/10/2024 - 13:03:14: [AMXX] Run time error 25 (plugin "zp_ammo_ex.amxx") - debug not enabled!
L 07/10/2024 - 13:03:14: [AMXX] To enable debug mode, add "debug" after the plugin name in plugins.ini (without quotes).
L 07/10/2024 - 13:04:43: Start of error session.
L 07/10/2024 - 13:04:43: Info (map "zm_deko2") (file "addons/amxmodx/logs/error_20240710.log")
L 07/10/2024 - 13:04:43: [AMXX] Plugin file open error (plugin "scm_entity_editor.amxx")
L 07/10/2024 - 13:04:53: [AMXX] Run time error 4 (plugin "start_menu.amxx") - debug not enabled!
L 07/10/2024 - 13:04:53: [AMXX] To enable debug mode, add "debug" after the plugin name in plugins.ini (without quotes).
L 07/10/2024 - 13:09:28: Start of error session.
L 07/10/2024 - 13:09:28: Info (map "zm_deko2") (file "addons/amxmodx/logs/error_20240710.log")
L 07/10/2024 - 13:09:28: [AMXX] Plugin file open error (plugin "scm_entity_editor.amxx")
L 07/10/2024 - 13:09:37: [AMXX] Run time error 4 (plugin "start_menu.amxx") - debug not enabled!
L 07/10/2024 - 13:09:37: [AMXX] To enable debug mode, add "debug" after the plugin name in plugins.ini (without quotes).
L 07/10/2024 - 13:10:08: String formatted incorrectly - parameter 7 (total 7)
L 07/10/2024 - 13:10:08: [AMXX] Run time error 25 (plugin "zp_ammo_ex.amxx") - debug not enabled!
L 07/10/2024 - 13:10:08: [AMXX] To enable debug mode, add "debug" after the plugin name in plugins.ini (without quotes).
L 07/10/2024 - 13:11:28: [AMXX] Language "1" not found
L 07/10/2024 - 13:13:29: [AMXX] Language "1" not found
L 07/10/2024 - 13:13:37: Start of error session.
L 07/10/2024 - 13:13:37: Info (map "zm_deko2") (file "addons/amxmodx/logs/error_20240710.log")
L 07/10/2024 - 13:13:37: [AMXX] Plugin file open error (plugin "scm_entity_editor.amxx")
L 07/10/2024 - 13:13:46: [AMXX] Run time error 4 (plugin "start_menu.amxx") - debug not enabled!
L 07/10/2024 - 13:13:46: [AMXX] To enable debug mode, add "debug" after the plugin name in plugins.ini (without quotes).
L 07/10/2024 - 13:14:36: Start of error session.
L 07/10/2024 - 13:14:36: Info (map "zm_deko2") (file "addons/amxmodx/logs/error_20240710.log")
L 07/10/2024 - 13:14:36: [AMXX] Plugin file open error (plugin "scm_entity_editor.amxx")
L 07/10/2024 - 13:14:45: [AMXX] Run time error 4 (plugin "start_menu.amxx") - debug not enabled!
L 07/10/2024 - 13:14:45: [AMXX] To enable debug mode, add "debug" after the plugin name in plugins.ini (without quotes).
L 07/10/2024 - 13:15:11: Start of error session.
L 07/10/2024 - 13:15:11: Info (map "zm_deko2") (file "addons/amxmodx/logs/error_20240710.log")
L 07/10/2024 - 13:15:11: [AMXX] Plugin file open error (plugin "scm_entity_editor.amxx")
L 07/10/2024 - 13:15:20: [AMXX] Run time error 4 (plugin "start_menu.amxx") - debug not enabled!
L 07/10/2024 - 13:15:20: [AMXX] To enable debug mode, add "debug" after the plugin name in plugins.ini (without quotes).
L 07/10/2024 - 13:15:31: Start of error session.
L 07/10/2024 - 13:15:31: Info (map "zm_deko2") (file "addons/amxmodx/logs/error_20240710.log")
L 07/10/2024 - 13:15:31: [AMXX] Plugin file open error (plugin "scm_entity_editor.amxx")
L 07/10/2024 - 13:15:40: [AMXX] Run time error 4 (plugin "start_menu.amxx") - debug not enabled!
L 07/10/2024 - 13:15:40: [AMXX] To enable debug mode, add "debug" after the plugin name in plugins.ini (without quotes).
L 07/10/2024 - 13:17:31: [AMXX] Language "1" not found
L 07/10/2024 - 13:19:31: [AMXX] Language "1" not found
L 07/10/2024 - 13:24:21: Start of error session.
L 07/10/2024 - 13:24:21: Info (map "zm_deko2") (file "addons/amxmodx/logs/error_20240710.log")
L 07/10/2024 - 13:24:21: [AMXX] Plugin file open error (plugin "scm_entity_editor.amxx")
L 07/10/2024 - 13:24:30: [AMXX] Run time error 4 (plugin "start_menu.amxx") - debug not enabled!
L 07/10/2024 - 13:24:30: [AMXX] To enable debug mode, add "debug" after the plugin name in plugins.ini (without quotes).
L 07/10/2024 - 13:26:21: [AMXX] Language "1" not found
L 07/10/2024 - 13:28:21: [AMXX] Language "1" not found
L 07/10/2024 - 13:29:17: Start of error session.
L 07/10/2024 - 13:29:17: Info (map "zm_deko2") (file "addons/amxmodx/logs/error_20240710.log")
L 07/10/2024 - 13:29:17: [AMXX] Plugin file open error (plugin "scm_entity_editor.amxx")
L 07/10/2024 - 13:29:26: [AMXX] Run time error 4 (plugin "start_menu.amxx") - debug not enabled!
L 07/10/2024 - 13:29:26: [AMXX] To enable debug mode, add "debug" after the plugin name in plugins.ini (without quotes).
L 07/10/2024 - 13:31:18: [AMXX] Language "1" not found
L 07/10/2024 - 13:33:19: [AMXX] Language "1" not found
L 07/10/2024 - 13:34:37: [AMXX] Run time error 4 (plugin "start_menu.amxx") - debug not enabled!
L 07/10/2024 - 13:34:37: [AMXX] To enable debug mode, add "debug" after the plugin name in plugins.ini (without quotes).
L 07/10/2024 - 13:35:20: [AMXX] Language "1" not found
L 07/10/2024 - 13:37:21: [AMXX] Language "1" not found
L 07/10/2024 - 13:39:22: [AMXX] Language "1" not found
L 07/10/2024 - 13:39:48: [AMXX] Run time error 4 (plugin "start_menu.amxx") - debug not enabled!
L 07/10/2024 - 13:39:48: [AMXX] To enable debug mode, add "debug" after the plugin name in plugins.ini (without quotes).
L 07/10/2024 - 13:40:08: [AMXX] Run time error 4 (plugin "start_menu.amxx") - debug not enabled!
L 07/10/2024 - 13:40:08: [AMXX] To enable debug mode, add "debug" after the plugin name in plugins.ini (without quotes).
L 07/10/2024 - 13:41:22: [AMXX] Language "1" not found
L 07/10/2024 - 13:43:22: [AMXX] Language "1" not found
L 07/10/2024 - 13:45:20: [AMXX] Run time error 4 (plugin "start_menu.amxx") - debug not enabled!
L 07/10/2024 - 13:45:20: [AMXX] To enable debug mode, add "debug" after the plugin name in plugins.ini (without quotes).
L 07/10/2024 - 13:45:22: [AMXX] Language "1" not found
L 07/10/2024 - 13:47:22: [AMXX] Language "1" not found
L 07/10/2024 - 13:49:22: [AMXX] Language "1" not found
L 07/10/2024 - 13:50:55: Start of error session.
L 07/10/2024 - 13:50:55: Info (map "zm_deko2") (file "addons/amxmodx/logs/error_20240710.log")
L 07/10/2024 - 13:50:55: [AMXX] Plugin file open error (plugin "scm_entity_editor.amxx")
L 07/10/2024 - 13:51:04: [AMXX] Run time error 4 (plugin "start_menu.amxx") - debug not enabled!
L 07/10/2024 - 13:51:04: [AMXX] To enable debug mode, add "debug" after the plugin name in plugins.ini (without quotes).
L 07/10/2024 - 13:52:55: [AMXX] Language "1" not found
L 07/10/2024 - 13:54:56: [AMXX] Language "1" not found
L 07/10/2024 - 13:56:15: [AMXX] Run time error 4 (plugin "start_menu.amxx") - debug not enabled!
L 07/10/2024 - 13:56:15: [AMXX] To enable debug mode, add "debug" after the plugin name in plugins.ini (without quotes).
L 07/10/2024 - 13:56:56: [AMXX] Language "1" not found
L 07/10/2024 - 13:58:57: [AMXX] Language "1" not found
L 07/10/2024 - 14:00:57: [AMXX] Language "1" not found
L 07/10/2024 - 14:01:26: [AMXX] Run time error 4 (plugin "start_menu.amxx") - debug not enabled!
L 07/10/2024 - 14:01:26: [AMXX] To enable debug mode, add "debug" after the plugin name in plugins.ini (without quotes).
L 07/10/2024 - 14:05:25: Start of error session.
L 07/10/2024 - 14:05:25: Info (map "zm_deko2") (file "addons/amxmodx/logs/error_20240710.log")
L 07/10/2024 - 14:05:25: [AMXX] Plugin file open error (plugin "scm_entity_editor.amxx")
L 07/10/2024 - 14:05:34: [AMXX] Run time error 4 (plugin "start_menu.amxx") - debug not enabled!
L 07/10/2024 - 14:05:34: [AMXX] To enable debug mode, add "debug" after the plugin name in plugins.ini (without quotes).
L 07/10/2024 - 14:07:24: [AMXX] Language "1" not found
L 07/10/2024 - 14:09:24: [AMXX] Language "1" not found
L 07/10/2024 - 14:10:45: [AMXX] Run time error 4 (plugin "start_menu.amxx") - debug not enabled!
L 07/10/2024 - 14:10:45: [AMXX] To enable debug mode, add "debug" after the plugin name in plugins.ini (without quotes).
L 07/10/2024 - 14:11:25: [AMXX] Language "1" not found
L 07/10/2024 - 14:13:26: [AMXX] Language "1" not found
L 07/10/2024 - 14:14:13: Start of error session.
L 07/10/2024 - 14:14:13: Info (map "zm_deko2") (file "addons/amxmodx/logs/error_20240710.log")
L 07/10/2024 - 14:14:13: [AMXX] Plugin file open error (plugin "scm_entity_editor.amxx")
L 07/10/2024 - 14:14:22: [AMXX] Run time error 4 (plugin "start_menu.amxx") - debug not enabled!
L 07/10/2024 - 14:14:22: [AMXX] To enable debug mode, add "debug" after the plugin name in plugins.ini (without quotes).
L 07/10/2024 - 14:16:13: [AMXX] Language "1" not found
L 07/10/2024 - 14:18:13: [AMXX] Language "1" not found
L 07/10/2024 - 14:19:33: [AMXX] Run time error 4 (plugin "start_menu.amxx") - debug not enabled!
L 07/10/2024 - 14:19:33: [AMXX] To enable debug mode, add "debug" after the plugin name in plugins.ini (without quotes).
L 07/10/2024 - 14:20:14: [AMXX] Language "1" not found
L 07/10/2024 - 14:22:15: [AMXX] Language "1" not found
L 07/10/2024 - 14:24:15: [AMXX] Language "1" not found
L 07/10/2024 - 14:24:44: [AMXX] Run time error 4 (plugin "start_menu.amxx") - debug not enabled!
L 07/10/2024 - 14:24:44: [AMXX] To enable debug mode, add "debug" after the plugin name in plugins.ini (without quotes).
L 07/10/2024 - 14:26:15: [AMXX] Language "1" not found
L 07/10/2024 - 14:28:16: [AMXX] Language "1" not found
L 07/10/2024 - 14:29:55: [AMXX] Run time error 4 (plugin "start_menu.amxx") - debug not enabled!
L 07/10/2024 - 14:29:55: [AMXX] To enable debug mode, add "debug" after the plugin name in plugins.ini (without quotes).
L 07/10/2024 - 14:30:16: [AMXX] Language "1" not found
L 07/10/2024 - 14:32:17: [AMXX] Language "1" not found
L 07/10/2024 - 14:34:17: [AMXX] Language "1" not found
L 07/10/2024 - 14:35:06: [AMXX] Run time error 4 (plugin "start_menu.amxx") - debug not enabled!
L 07/10/2024 - 14:35:06: [AMXX] To enable debug mode, add "debug" after the plugin name in plugins.ini (without quotes).
L 07/10/2024 - 14:35:26: [AMXX] Run time error 4 (plugin "start_menu.amxx") - debug not enabled!
L 07/10/2024 - 14:35:26: [AMXX] To enable debug mode, add "debug" after the plugin name in plugins.ini (without quotes).
L 07/10/2024 - 14:37:55: Start of error session.
L 07/10/2024 - 14:37:55: Info (map "zm_deko2") (file "addons/amxmodx/logs/error_20240710.log")
L 07/10/2024 - 14:37:55: [AMXX] Plugin file open error (plugin "scm_entity_editor.amxx")
L 07/10/2024 - 14:38:04: [AMXX] Run time error 4 (plugin "start_menu.amxx") - debug not enabled!
L 07/10/2024 - 14:38:04: [AMXX] To enable debug mode, add "debug" after the plugin name in plugins.ini (without quotes).
L 07/10/2024 - 14:39:55: [AMXX] Language "1" not found
L 07/10/2024 - 14:41:55: [AMXX] Language "1" not found
L 07/10/2024 - 14:43:15: [AMXX] Run time error 4 (plugin "start_menu.amxx") - debug not enabled!
L 07/10/2024 - 14:43:15: [AMXX] To enable debug mode, add "debug" after the plugin name in plugins.ini (without quotes).
L 07/10/2024 - 14:43:55: [AMXX] Language "1" not found
L 07/10/2024 - 14:45:56: [AMXX] Language "1" not found
L 07/10/2024 - 14:47:57: [AMXX] Language "1" not found
L 07/10/2024 - 14:48:26: [AMXX] Run time error 4 (plugin "start_menu.amxx") - debug not enabled!
L 07/10/2024 - 14:48:26: [AMXX] To enable debug mode, add "debug" after the plugin name in plugins.ini (without quotes).
L 07/10/2024 - 14:51:37: Start of error session.
L 07/10/2024 - 14:51:37: Info (map "zm_deko2") (file "addons/amxmodx/logs/error_20240710.log")
L 07/10/2024 - 14:51:37: [AMXX] Plugin file open error (plugin "scm_entity_editor.amxx")
L 07/10/2024 - 14:51:46: [AMXX] Run time error 4 (plugin "start_menu.amxx") - debug not enabled!
L 07/10/2024 - 14:51:46: [AMXX] To enable debug mode, add "debug" after the plugin name in plugins.ini (without quotes).
L 07/10/2024 - 14:53:37: [AMXX] Language "1" not found
L 07/10/2024 - 14:55:38: [AMXX] Language "1" not found
L 07/10/2024 - 14:56:57: [AMXX] Run time error 4 (plugin "start_menu.amxx") - debug not enabled!
L 07/10/2024 - 14:56:57: [AMXX] To enable debug mode, add "debug" after the plugin name in plugins.ini (without quotes).
L 07/10/2024 - 14:57:39: [AMXX] Language "1" not found
L 07/10/2024 - 14:59:39: [AMXX] Language "1" not found
L 07/10/2024 - 15:01:39: [AMXX] Language "1" not found
L 07/10/2024 - 15:02:08: [AMXX] Run time error 4 (plugin "start_menu.amxx") - debug not enabled!
L 07/10/2024 - 15:02:08: [AMXX] To enable debug mode, add "debug" after the plugin name in plugins.ini (without quotes).
L 07/10/2024 - 15:03:33: [AMXX] Run time error 4 (plugin "start_menu.amxx") - debug not enabled!
L 07/10/2024 - 15:03:33: [AMXX] To enable debug mode, add "debug" after the plugin name in plugins.ini (without quotes).
L 07/10/2024 - 15:03:48: [AMXX] Language "1" not found
L 07/10/2024 - 15:05:49: [AMXX] Language "1" not found
L 07/10/2024 - 15:07:49: [AMXX] Language "1" not found
L 07/10/2024 - 15:08:44: [AMXX] Run time error 4 (plugin "start_menu.amxx") - debug not enabled!
L 07/10/2024 - 15:08:44: [AMXX] To enable debug mode, add "debug" after the plugin name in plugins.ini (without quotes).
L 07/10/2024 - 15:09:49: [AMXX] Language "1" not found
L 07/10/2024 - 15:11:50: [AMXX] Language "1" not found
L 07/10/2024 - 15:12:36: Start of error session.
L 07/10/2024 - 15:12:36: Info (map "zm_deko2") (file "addons/amxmodx/logs/error_20240710.log")
L 07/10/2024 - 15:12:36: [AMXX] Plugin file open error (plugin "scm_entity_editor.amxx")
L 07/10/2024 - 15:12:45: [AMXX] Run time error 4 (plugin "start_menu.amxx") - debug not enabled!
L 07/10/2024 - 15:12:45: [AMXX] To enable debug mode, add "debug" after the plugin name in plugins.ini (without quotes).
L 07/10/2024 - 15:14:36: [AMXX] Language "1" not found
L 07/10/2024 - 15:16:36: [AMXX] Language "1" not found
L 07/10/2024 - 15:17:56: [AMXX] Run time error 4 (plugin "start_menu.amxx") - debug not enabled!
L 07/10/2024 - 15:17:56: [AMXX] To enable debug mode, add "debug" after the plugin name in plugins.ini (without quotes).
L 07/10/2024 - 15:18:37: [AMXX] Language "1" not found
L 07/10/2024 - 15:20:38: [AMXX] Language "1" not found
L 07/10/2024 - 15:21:27: Start of error session.
L 07/10/2024 - 15:21:27: Info (map "zm_deko2") (file "addons/amxmodx/logs/error_20240710.log")
L 07/10/2024 - 15:21:27: [AMXX] Plugin file open error (plugin "scm_entity_editor.amxx")
L 07/10/2024 - 15:21:36: [AMXX] Run time error 4 (plugin "start_menu.amxx") - debug not enabled!
L 07/10/2024 - 15:21:36: [AMXX] To enable debug mode, add "debug" after the plugin name in plugins.ini (without quotes).
L 07/10/2024 - 15:23:27: [AMXX] Language "1" not found
L 07/10/2024 - 15:25:27: [AMXX] Language "1" not found
L 07/10/2024 - 15:26:47: [AMXX] Run time error 4 (plugin "start_menu.amxx") - debug not enabled!
L 07/10/2024 - 15:26:47: [AMXX] To enable debug mode, add "debug" after the plugin name in plugins.ini (without quotes).
L 07/10/2024 - 15:27:28: [AMXX] Language "1" not found
L 07/10/2024 - 15:50:50: Start of error session.
L 07/10/2024 - 15:50:50: Info (map "zm_deko2") (file "addons/amxmodx/logs/error_20240710.log")
L 07/10/2024 - 15:50:50: [AMXX] Plugin file open error (plugin "scm_entity_editor.amxx")
L 07/10/2024 - 15:50:59: [AMXX] Run time error 4 (plugin "start_menu.amxx") - debug not enabled!
L 07/10/2024 - 15:50:59: [AMXX] To enable debug mode, add "debug" after the plugin name in plugins.ini (without quotes).
L 07/10/2024 - 15:51:38: Start of error session.
L 07/10/2024 - 15:51:38: Info (map "zm_deko2") (file "addons/amxmodx/logs/error_20240710.log")
L 07/10/2024 - 15:51:38: [AMXX] Plugin file open error (plugin "scm_entity_editor.amxx")
L 07/10/2024 - 15:51:47: [AMXX] Run time error 4 (plugin "start_menu.amxx") - debug not enabled!
L 07/10/2024 - 15:51:47: [AMXX] To enable debug mode, add "debug" after the plugin name in plugins.ini (without quotes).
L 07/10/2024 - 15:52:55: Start of error session.
L 07/10/2024 - 15:52:55: Info (map "zm_deko2") (file "addons/amxmodx/logs/error_20240710.log")
L 07/10/2024 - 15:52:55: [AMXX] Plugin file open error (plugin "scm_entity_editor.amxx")
L 07/10/2024 - 15:53:04: [AMXX] Run time error 4 (plugin "start_menu.amxx") - debug not enabled!
L 07/10/2024 - 15:53:04: [AMXX] To enable debug mode, add "debug" after the plugin name in plugins.ini (without quotes).
L 07/10/2024 - 15:54:21: Start of error session.
L 07/10/2024 - 15:54:21: Info (map "zm_deko2") (file "addons/amxmodx/logs/error_20240710.log")
L 07/10/2024 - 15:54:21: [AMXX] Plugin file open error (plugin "scm_entity_editor.amxx")
L 07/10/2024 - 15:54:30: [AMXX] Run time error 4 (plugin "start_menu.amxx") - debug not enabled!
L 07/10/2024 - 15:54:30: [AMXX] To enable debug mode, add "debug" after the plugin name in plugins.ini (without quotes).
L 07/10/2024 - 15:56:22: [AMXX] Language "1" not found
L 07/10/2024 - 15:58:27: Start of error session.
L 07/10/2024 - 15:58:27: Info (map "zm_deko2") (file "addons/amxmodx/logs/error_20240710.log")
L 07/10/2024 - 15:58:27: [AMXX] Plugin file open error (plugin "scm_entity_editor.amxx")
L 07/10/2024 - 15:58:36: [AMXX] Run time error 4 (plugin "start_menu.amxx") - debug not enabled!
L 07/10/2024 - 15:58:36: [AMXX] To enable debug mode, add "debug" after the plugin name in plugins.ini (without quotes).
L 07/10/2024 - 16:00:26: [AMXX] Language "1" not found
L 07/10/2024 - 16:02:26: [AMXX] Language "1" not found
L 07/10/2024 - 16:03:47: [AMXX] Run time error 4 (plugin "start_menu.amxx") - debug not enabled!
L 07/10/2024 - 16:03:47: [AMXX] To enable debug mode, add "debug" after the plugin name in plugins.ini (without quotes).
L 07/10/2024 - 16:04:26: [AMXX] Language "1" not found
L 07/10/2024 - 16:06:27: [AMXX] Language "1" not found
L 07/10/2024 - 16:08:29: [AMXX] Language "1" not found
L 07/10/2024 - 16:08:58: [AMXX] Run time error 4 (plugin "start_menu.amxx") - debug not enabled!
L 07/10/2024 - 16:08:58: [AMXX] To enable debug mode, add "debug" after the plugin name in plugins.ini (without quotes).
L 07/10/2024 - 16:10:30: [AMXX] Language "1" not found
L 07/10/2024 - 16:12:31: [AMXX] Language "1" not found
L 07/10/2024 - 16:14:09: [AMXX] Run time error 4 (plugin "start_menu.amxx") - debug not enabled!
L 07/10/2024 - 16:14:09: [AMXX] To enable debug mode, add "debug" after the plugin name in plugins.ini (without quotes).
L 07/10/2024 - 16:14:24: [AMXX] Run time error 4 (plugin "start_menu.amxx") - debug not enabled!
L 07/10/2024 - 16:14:24: [AMXX] To enable debug mode, add "debug" after the plugin name in plugins.ini (without quotes).
L 07/10/2024 - 16:14:39: [AMXX] Language "1" not found
L 07/10/2024 - 16:19:35: [AMXX] Run time error 4 (plugin "start_menu.amxx") - debug not enabled!
L 07/10/2024 - 16:19:35: [AMXX] To enable debug mode, add "debug" after the plugin name in plugins.ini (without quotes).
L 07/10/2024 - 16:19:37: [AMXX] Language "1" not found
L 07/10/2024 - 16:22:30: [AMXX] Language "1" not found
L 07/10/2024 - 16:24:30: [AMXX] Language "1" not found
L 07/10/2024 - 16:24:46: [AMXX] Run time error 4 (plugin "start_menu.amxx") - debug not enabled!
L 07/10/2024 - 16:24:46: [AMXX] To enable debug mode, add "debug" after the plugin name in plugins.ini (without quotes).
L 07/10/2024 - 16:26:30: [AMXX] Language "1" not found
L 07/10/2024 - 16:28:31: [AMXX] Language "1" not found
L 07/10/2024 - 16:29:57: [AMXX] Run time error 4 (plugin "start_menu.amxx") - debug not enabled!
L 07/10/2024 - 16:29:57: [AMXX] To enable debug mode, add "debug" after the plugin name in plugins.ini (without quotes).
L 07/10/2024 - 16:30:31: [AMXX] Language "1" not found
L 07/10/2024 - 16:32:31: [AMXX] Language "1" not found
L 07/10/2024 - 16:33:08: [AMXX] Run time error 4 (plugin "start_menu.amxx") - debug not enabled!
L 07/10/2024 - 16:33:08: [AMXX] To enable debug mode, add "debug" after the plugin name in plugins.ini (without quotes).
L 07/10/2024 - 16:38:19: [AMXX] Run time error 4 (plugin "start_menu.amxx") - debug not enabled!
L 07/10/2024 - 16:38:19: [AMXX] To enable debug mode, add "debug" after the plugin name in plugins.ini (without quotes).
L 07/10/2024 - 16:38:21: [AMXX] Language "1" not found
L 07/10/2024 - 16:43:30: [AMXX] Run time error 4 (plugin "start_menu.amxx") - debug not enabled!
L 07/10/2024 - 16:43:30: [AMXX] To enable debug mode, add "debug" after the plugin name in plugins.ini (without quotes).
L 07/10/2024 - 16:43:32: [AMXX] Language "1" not found
L 07/10/2024 - 16:48:41: [AMXX] Run time error 4 (plugin "start_menu.amxx") - debug not enabled!
L 07/10/2024 - 16:48:41: [AMXX] To enable debug mode, add "debug" after the plugin name in plugins.ini (without quotes).
L 07/10/2024 - 16:48:43: [AMXX] Language "1" not found
L 07/10/2024 - 17:34:26: Start of error session.
L 07/10/2024 - 17:34:26: Info (map "zm_deko2") (file "addons/amxmodx/logs/error_20240710.log")
L 07/10/2024 - 17:34:26: [AMXX] Plugin file open error (plugin "scm_entity_editor.amxx")
L 07/10/2024 - 17:35:20: Start of error session.
L 07/10/2024 - 17:35:20: Info (map "zm_deko2") (file "addons/amxmodx/logs/error_20240710.log")
L 07/10/2024 - 17:35:20: [AMXX] Plugin file open error (plugin "scm_entity_editor.amxx")
L 07/10/2024 - 17:35:49: Start of error session.
L 07/10/2024 - 17:35:49: Info (map "zm_deko2") (file "addons/amxmodx/logs/error_20240710.log")
L 07/10/2024 - 17:35:49: [AMXX] Plugin file open error (plugin "scm_entity_editor.amxx")
L 07/10/2024 - 17:35:58: [AMXX] Run time error 4 (plugin "start_menu.amxx") - debug not enabled!
L 07/10/2024 - 17:35:58: [AMXX] To enable debug mode, add "debug" after the plugin name in plugins.ini (without quotes).
L 07/10/2024 - 17:36:48: String formatted incorrectly - parameter 7 (total 7)
L 07/10/2024 - 17:36:48: [AMXX] Run time error 25 (plugin "zp_ammo_ex.amxx") - debug not enabled!
L 07/10/2024 - 17:36:48: [AMXX] To enable debug mode, add "debug" after the plugin name in plugins.ini (without quotes).
L 07/10/2024 - 17:37:48: [AMXX] Language "1" not found
L 07/10/2024 - 17:39:20: Start of error session.
L 07/10/2024 - 17:39:20: Info (map "zm_deko2") (file "addons/amxmodx/logs/error_20240710.log")
L 07/10/2024 - 17:39:20: [AMXX] Plugin file open error (plugin "scm_entity_editor.amxx")
L 07/10/2024 - 17:39:30: [AMXX] Run time error 4 (plugin "start_menu.amxx") - debug not enabled!
L 07/10/2024 - 17:39:30: [AMXX] To enable debug mode, add "debug" after the plugin name in plugins.ini (without quotes).
L 07/10/2024 - 17:39:34: String formatted incorrectly - parameter 7 (total 7)
L 07/10/2024 - 17:39:34: [AMXX] Run time error 25 (plugin "zp_ammo_ex.amxx") - debug not enabled!
L 07/10/2024 - 17:39:34: [AMXX] To enable debug mode, add "debug" after the plugin name in plugins.ini (without quotes).
L 07/10/2024 - 17:41:20: [AMXX] Language "1" not found
L 07/10/2024 - 17:43:21: [AMXX] Language "1" not found
L 07/10/2024 - 17:44:41: [AMXX] Run time error 4 (plugin "start_menu.amxx") - debug not enabled!
L 07/10/2024 - 17:44:41: [AMXX] To enable debug mode, add "debug" after the plugin name in plugins.ini (without quotes).
L 07/10/2024 - 17:45:21: [AMXX] Language "1" not found
L 07/10/2024 - 17:47:21: [AMXX] Language "1" not found
L 07/10/2024 - 17:48:09: Start of error session.
L 07/10/2024 - 17:48:09: Info (map "zm_deko2") (file "addons/amxmodx/logs/error_20240710.log")
L 07/10/2024 - 17:48:09: [AMXX] Plugin file open error (plugin "scm_entity_editor.amxx")
L 07/10/2024 - 17:48:18: [AMXX] Run time error 4 (plugin "start_menu.amxx") - debug not enabled!
L 07/10/2024 - 17:48:18: [AMXX] To enable debug mode, add "debug" after the plugin name in plugins.ini (without quotes).
L 07/10/2024 - 17:50:09: [AMXX] Language "1" not found
L 07/10/2024 - 17:50:32: Start of error session.
L 07/10/2024 - 17:50:32: Info (map "zm_deko2") (file "addons/amxmodx/logs/error_20240710.log")
L 07/10/2024 - 17:50:32: [AMXX] Plugin file open error (plugin "scm_entity_editor.amxx")
L 07/10/2024 - 17:50:41: [AMXX] Run time error 4 (plugin "start_menu.amxx") - debug not enabled!
L 07/10/2024 - 17:50:41: [AMXX] To enable debug mode, add "debug" after the plugin name in plugins.ini (without quotes).
L 07/10/2024 - 17:50:53: String formatted incorrectly - parameter 7 (total 7)
L 07/10/2024 - 17:50:53: [AMXX] Run time error 25 (plugin "zp_ammo_ex.amxx") - debug not enabled!
L 07/10/2024 - 17:50:53: [AMXX] To enable debug mode, add "debug" after the plugin name in plugins.ini (without quotes).
L 07/10/2024 - 17:52:32: [AMXX] Language "1" not found
L 07/10/2024 - 17:54:32: [AMXX] Language "1" not found
L 07/10/2024 - 17:55:52: [AMXX] Run time error 4 (plugin "start_menu.amxx") - debug not enabled!
L 07/10/2024 - 17:55:52: [AMXX] To enable debug mode, add "debug" after the plugin name in plugins.ini (without quotes).
L 07/10/2024 - 17:56:32: [AMXX] Language "1" not found
L 07/10/2024 - 17:58:33: [AMXX] Language "1" not found
L 07/10/2024 - 18:00:33: [AMXX] Language "1" not found
L 07/10/2024 - 18:01:03: [AMXX] Run time error 4 (plugin "start_menu.amxx") - debug not enabled!
L 07/10/2024 - 18:01:03: [AMXX] To enable debug mode, add "debug" after the plugin name in plugins.ini (without quotes).
L 07/10/2024 - 18:02:34: [AMXX] Language "1" not found
L 07/10/2024 - 18:04:34: [AMXX] Language "1" not found
L 07/10/2024 - 18:04:46: Start of error session.
L 07/10/2024 - 18:04:46: Info (map "zm_deko2") (file "addons/amxmodx/logs/error_20240710.log")
L 07/10/2024 - 18:04:46: [AMXX] Plugin file open error (plugin "scm_entity_editor.amxx")
L 07/10/2024 - 18:04:55: [AMXX] Run time error 4 (plugin "start_menu.amxx") - debug not enabled!
L 07/10/2024 - 18:04:55: [AMXX] To enable debug mode, add "debug" after the plugin name in plugins.ini (without quotes).
L 07/10/2024 - 18:06:45: [AMXX] Language "1" not found
L 07/10/2024 - 18:07:16: Start of error session.
L 07/10/2024 - 18:07:16: Info (map "zm_deko2") (file "addons/amxmodx/logs/error_20240710.log")
L 07/10/2024 - 18:07:16: [AMXX] Plugin file open error (plugin "scm_entity_editor.amxx")
L 07/10/2024 - 18:07:25: [AMXX] Run time error 4 (plugin "start_menu.amxx") - debug not enabled!
L 07/10/2024 - 18:07:25: [AMXX] To enable debug mode, add "debug" after the plugin name in plugins.ini (without quotes).
L 07/10/2024 - 18:09:15: [AMXX] Language "1" not found
L 07/10/2024 - 18:11:16: [AMXX] Language "1" not found
L 07/10/2024 - 18:12:36: [AMXX] Run time error 4 (plugin "start_menu.amxx") - debug not enabled!
L 07/10/2024 - 18:12:36: [AMXX] To enable debug mode, add "debug" after the plugin name in plugins.ini (without quotes).
L 07/10/2024 - 18:13:17: [AMXX] Language "1" not found
L 07/10/2024 - 18:15:17: [AMXX] Language "1" not found
L 07/10/2024 - 18:17:18: [AMXX] Language "1" not found
L 07/10/2024 - 18:17:47: [AMXX] Run time error 4 (plugin "start_menu.amxx") - debug not enabled!
L 07/10/2024 - 18:17:47: [AMXX] To enable debug mode, add "debug" after the plugin name in plugins.ini (without quotes).
L 07/10/2024 - 18:18:17: [AMXX] Run time error 4 (plugin "start_menu.amxx") - debug not enabled!
L 07/10/2024 - 18:18:17: [AMXX] To enable debug mode, add "debug" after the plugin name in plugins.ini (without quotes).
L 07/10/2024 - 18:20:50: Start of error session.
L 07/10/2024 - 18:20:50: Info (map "zm_deko2") (file "addons/amxmodx/logs/error_20240710.log")
L 07/10/2024 - 18:20:50: [AMXX] Plugin file open error (plugin "scm_entity_editor.amxx")
L 07/10/2024 - 18:20:59: [AMXX] Run time error 4 (plugin "start_menu.amxx") - debug not enabled!
L 07/10/2024 - 18:20:59: [AMXX] To enable debug mode, add "debug" after the plugin name in plugins.ini (without quotes).
L 07/10/2024 - 18:22:51: [AMXX] Language "1" not found
L 07/10/2024 - 18:24:51: [AMXX] Language "1" not found
L 07/10/2024 - 18:25:27: Start of error session.
L 07/10/2024 - 18:25:27: Info (map "zm_deko2") (file "addons/amxmodx/logs/error_20240710.log")
L 07/10/2024 - 18:25:27: [AMXX] Plugin file open error (plugin "scm_entity_editor.amxx")
L 07/10/2024 - 18:25:37: [AMXX] Run time error 4 (plugin "start_menu.amxx") - debug not enabled!
L 07/10/2024 - 18:25:37: [AMXX] To enable debug mode, add "debug" after the plugin name in plugins.ini (without quotes).
L 07/10/2024 - 18:27:27: [AMXX] Language "1" not found
L 07/10/2024 - 18:29:28: [AMXX] Language "1" not found
L 07/10/2024 - 18:30:48: [AMXX] Run time error 4 (plugin "start_menu.amxx") - debug not enabled!
L 07/10/2024 - 18:30:48: [AMXX] To enable debug mode, add "debug" after the plugin name in plugins.ini (without quotes).
L 07/10/2024 - 18:31:29: [AMXX] Language "1" not found
L 07/10/2024 - 18:32:18: Start of error session.
L 07/10/2024 - 18:32:18: Info (map "zm_deko2") (file "addons/amxmodx/logs/error_20240710.log")
L 07/10/2024 - 18:32:18: [AMXX] Plugin file open error (plugin "scm_entity_editor.amxx")
L 07/10/2024 - 18:32:27: [AMXX] Run time error 4 (plugin "start_menu.amxx") - debug not enabled!
L 07/10/2024 - 18:32:27: [AMXX] To enable debug mode, add "debug" after the plugin name in plugins.ini (without quotes).
L 07/10/2024 - 18:34:19: [AMXX] Language "1" not found
L 07/10/2024 - 18:36:19: [AMXX] Language "1" not found
L 07/10/2024 - 18:37:38: [AMXX] Run time error 4 (plugin "start_menu.amxx") - debug not enabled!
L 07/10/2024 - 18:37:38: [AMXX] To enable debug mode, add "debug" after the plugin name in plugins.ini (without quotes).
L 07/10/2024 - 18:38:20: [AMXX] Language "1" not found
L 07/10/2024 - 18:40:20: [AMXX] Language "1" not found
L 07/10/2024 - 18:42:20: [AMXX] Language "1" not found
L 07/10/2024 - 18:42:49: [AMXX] Run time error 4 (plugin "start_menu.amxx") - debug not enabled!
L 07/10/2024 - 18:42:49: [AMXX] To enable debug mode, add "debug" after the plugin name in plugins.ini (without quotes).
L 07/10/2024 - 18:44:21: [AMXX] Language "1" not found
L 07/10/2024 - 18:46:08: Start of error session.
L 07/10/2024 - 18:46:08: Info (map "zm_deko2") (file "addons/amxmodx/logs/error_20240710.log")
L 07/10/2024 - 18:46:08: [AMXX] Plugin file open error (plugin "scm_entity_editor.amxx")
L 07/10/2024 - 18:46:17: [AMXX] Run time error 4 (plugin "start_menu.amxx") - debug not enabled!
L 07/10/2024 - 18:46:17: [AMXX] To enable debug mode, add "debug" after the plugin name in plugins.ini (without quotes).
L 07/10/2024 - 18:46:53: [AMXX] Run time error 4 (plugin "start_menu.amxx") - debug not enabled!
L 07/10/2024 - 18:46:53: [AMXX] To enable debug mode, add "debug" after the plugin name in plugins.ini (without quotes).
L 07/10/2024 - 18:48:07: [AMXX] Language "1" not found
L 07/10/2024 - 18:50:07: [AMXX] Language "1" not found
L 07/10/2024 - 18:52:04: [AMXX] Run time error 4 (plugin "start_menu.amxx") - debug not enabled!
L 07/10/2024 - 18:52:04: [AMXX] To enable debug mode, add "debug" after the plugin name in plugins.ini (without quotes).
L 07/10/2024 - 18:52:08: [AMXX] Language "1" not found
L 07/10/2024 - 18:54:09: [AMXX] Language "1" not found
L 07/10/2024 - 18:55:39: Start of error session.
L 07/10/2024 - 18:55:39: Info (map "zm_deko2") (file "addons/amxmodx/logs/error_20240710.log")
L 07/10/2024 - 18:55:39: [AMXX] Plugin file open error (plugin "scm_entity_editor.amxx")
L 07/10/2024 - 18:55:48: [AMXX] Run time error 4 (plugin "start_menu.amxx") - debug not enabled!
L 07/10/2024 - 18:55:48: [AMXX] To enable debug mode, add "debug" after the plugin name in plugins.ini (without quotes).
L 07/10/2024 - 19:37:31: Start of error session.
L 07/10/2024 - 19:37:31: Info (map "zm_deko2") (file "addons/amxmodx/logs/error_20240710.log")
L 07/10/2024 - 19:37:31: [AMXX] Plugin file open error (plugin "scm_entity_editor.amxx")
L 07/10/2024 - 19:37:40: [AMXX] Run time error 4 (plugin "start_menu.amxx") - debug not enabled!
L 07/10/2024 - 19:37:40: [AMXX] To enable debug mode, add "debug" after the plugin name in plugins.ini (without quotes).
L 07/10/2024 - 19:41:23: Start of error session.
L 07/10/2024 - 19:41:23: Info (map "zm_deko2") (file "addons/amxmodx/logs/error_20240710.log")
L 07/10/2024 - 19:41:23: [AMXX] Plugin file open error (plugin "scm_entity_editor.amxx")
L 07/10/2024 - 19:41:32: [AMXX] Run time error 4 (plugin "start_menu.amxx") - debug not enabled!
L 07/10/2024 - 19:41:32: [AMXX] To enable debug mode, add "debug" after the plugin name in plugins.ini (without quotes).
L 07/10/2024 - 19:49:51: Start of error session.
L 07/10/2024 - 19:49:51: Info (map "zm_deko2") (file "addons/amxmodx/logs/error_20240710.log")
L 07/10/2024 - 19:49:51: [AMXX] Plugin file open error (plugin "scm_entity_editor.amxx")
L 07/10/2024 - 19:50:57: Start of error session.
L 07/10/2024 - 19:50:57: Info (map "zm_deko2") (file "addons/amxmodx/logs/error_20240710.log")
L 07/10/2024 - 19:50:57: [AMXX] Plugin file open error (plugin "scm_entity_editor.amxx")
L 07/10/2024 - 19:51:52: Start of error session.
L 07/10/2024 - 19:51:52: Info (map "zm_deko2") (file "addons/amxmodx/logs/error_20240710.log")
L 07/10/2024 - 19:51:52: [AMXX] Plugin file open error (plugin "scm_entity_editor.amxx")
L 07/10/2024 - 19:52:01: [AMXX] Run time error 4 (plugin "start_menu.amxx") - debug not enabled!
L 07/10/2024 - 19:52:01: [AMXX] To enable debug mode, add "debug" after the plugin name in plugins.ini (without quotes).
L 07/10/2024 - 19:53:51: [AMXX] Language "1" not found
L 07/10/2024 - 19:55:52: [AMXX] Language "1" not found
L 07/10/2024 - 19:57:12: [AMXX] Run time error 4 (plugin "start_menu.amxx") - debug not enabled!
L 07/10/2024 - 19:57:12: [AMXX] To enable debug mode, add "debug" after the plugin name in plugins.ini (without quotes).
L 07/10/2024 - 19:57:52: [AMXX] Language "1" not found
L 07/10/2024 - 19:59:52: [AMXX] Language "1" not found
L 07/10/2024 - 20:47:22: Start of error session.
L 07/10/2024 - 20:47:22: Info (map "zm_deko2") (file "addons/amxmodx/logs/error_20240710.log")
L 07/10/2024 - 20:47:22: [AMXX] Plugin file open error (plugin "scm_entity_editor.amxx")
L 07/10/2024 - 20:47:31: [AMXX] Run time error 4 (plugin "start_menu.amxx") - debug not enabled!
L 07/10/2024 - 20:47:31: [AMXX] To enable debug mode, add "debug" after the plugin name in plugins.ini (without quotes).
L 07/10/2024 - 20:49:22: [AMXX] Language "1" not found
L 07/10/2024 - 20:50:14: Start of error session.
L 07/10/2024 - 20:50:14: Info (map "zm_deko2") (file "addons/amxmodx/logs/error_20240710.log")
L 07/10/2024 - 20:50:14: [AMXX] Plugin file open error (plugin "scm_entity_editor.amxx")
L 07/10/2024 - 20:50:23: [AMXX] Run time error 4 (plugin "start_menu.amxx") - debug not enabled!
L 07/10/2024 - 20:50:23: [AMXX] To enable debug mode, add "debug" after the plugin name in plugins.ini (without quotes).
L 07/10/2024 - 20:51:17: [AMXX] Run time error 4 (plugin "start_menu.amxx") - debug not enabled!
L 07/10/2024 - 20:51:17: [AMXX] To enable debug mode, add "debug" after the plugin name in plugins.ini (without quotes).
