L 08/25/2024 - 08:18:31: Start of error session.
L 08/25/2024 - 08:18:31: Info (map "zm_fdust2x2") (file "addons/amxmodx/logs/error_20240825.log")
L 08/25/2024 - 08:18:31: [AMXX] Plugin file open error (plugin "scm_entity_editor.amxx")
L 08/25/2024 - 08:36:41: Start of error session.
L 08/25/2024 - 08:36:41: Info (map "zm_fdust2x2") (file "addons/amxmodx/logs/error_20240825.log")
L 08/25/2024 - 08:36:41: [AMXX] Plugin file open error (plugin "scm_entity_editor.amxx")
L 08/25/2024 - 08:48:34: Start of error session.
L 08/25/2024 - 08:48:34: Info (map "zm_fdust2x2") (file "addons/amxmodx/logs/error_20240825.log")
L 08/25/2024 - 08:48:34: [AMXX] Plugin file open error (plugin "scm_entity_editor.amxx")
L 08/25/2024 - 08:50:05: Start of error session.
L 08/25/2024 - 08:50:05: Info (map "zm_fdust2x2") (file "addons/amxmodx/logs/error_20240825.log")
L 08/25/2024 - 08:50:05: [AMXX] Plugin file open error (plugin "scm_entity_editor.amxx")
L 08/25/2024 - 08:50:44: Start of error session.
L 08/25/2024 - 08:50:44: Info (map "zm_fdust2x2") (file "addons/amxmodx/logs/error_20240825.log")
L 08/25/2024 - 08:50:44: [AMXX] Plugin file open error (plugin "scm_entity_editor.amxx")
L 08/25/2024 - 08:52:59: Start of error session.
L 08/25/2024 - 08:52:59: Info (map "zm_fdust2x2") (file "addons/amxmodx/logs/error_20240825.log")
L 08/25/2024 - 08:52:59: [AMXX] Plugin file open error (plugin "scm_entity_editor.amxx")
L 08/25/2024 - 08:54:49: Start of error session.
L 08/25/2024 - 08:54:49: Info (map "zm_fdust2x2") (file "addons/amxmodx/logs/error_20240825.log")
L 08/25/2024 - 08:54:49: [AMXX] Plugin file open error (plugin "scm_entity_editor.amxx")
L 08/25/2024 - 08:58:54: Invalid index -1 (count: 9)
L 08/25/2024 - 08:58:54: [AMXX] Run time error 10 (plugin "zombie_plague40.amxx") (native "ArrayGetString") - debug not enabled!
L 08/25/2024 - 08:58:54: [AMXX] To enable debug mode, add "debug" after the plugin name in plugins.ini (without quotes).
L 08/25/2024 - 08:58:54: Invalid index -1 (count: 9)
L 08/25/2024 - 08:58:54: [AMXX] Run time error 10 (plugin "zombie_plague40.amxx") (native "ArrayGetString") - debug not enabled!
L 08/25/2024 - 08:58:54: [AMXX] To enable debug mode, add "debug" after the plugin name in plugins.ini (without quotes).
L 08/25/2024 - 09:02:44: Start of error session.
L 08/25/2024 - 09:02:44: Info (map "zm_fdust2x2") (file "addons/amxmodx/logs/error_20240825.log")
L 08/25/2024 - 09:02:44: [AMXX] Plugin file open error (plugin "scm_entity_editor.amxx")
L 08/25/2024 - 09:02:55: Called dynanative into a paused plugin.
L 08/25/2024 - 09:02:55: [AMXX] Run time error 10 (plugin "start_menu.amxx") (native "n_get_rundom_donate_gun") - debug not enabled!
L 08/25/2024 - 09:02:55: [AMXX] To enable debug mode, add "debug" after the plugin name in plugins.ini (without quotes).
L 08/25/2024 - 09:08:29: Player 8 is not in game.
L 08/25/2024 - 09:08:29: [AMXX] Run time error 10 (plugin "pluginmenu.amxx") (native "menu_display") - debug not enabled!
L 08/25/2024 - 09:08:29: [AMXX] To enable debug mode, add "debug" after the plugin name in plugins.ini (without quotes).
L 08/25/2024 - 09:08:29: Start of error session.
L 08/25/2024 - 09:08:29: Info (map "zm_fdust2x2") (file "addons/amxmodx/logs/error_20240825.log")
L 08/25/2024 - 09:08:29: [AMXX] Plugin file open error (plugin "scm_entity_editor.amxx")
L 08/25/2024 - 09:22:46: Start of error session.
L 08/25/2024 - 09:22:46: Info (map "zm_fdust2x2") (file "addons/amxmodx/logs/error_20240825.log")
L 08/25/2024 - 09:22:46: [AMXX] Plugin file open error (plugin "scm_entity_editor.amxx")
L 08/25/2024 - 09:29:34: Start of error session.
L 08/25/2024 - 09:29:34: Info (map "zm_fdust2x2") (file "addons/amxmodx/logs/error_20240825.log")
L 08/25/2024 - 09:29:34: [AMXX] Plugin file open error (plugin "scm_entity_editor.amxx")
L 08/25/2024 - 09:38:37: Start of error session.
L 08/25/2024 - 09:38:37: Info (map "zm_fdust2x2") (file "addons/amxmodx/logs/error_20240825.log")
L 08/25/2024 - 09:38:37: [AMXX] Plugin file open error (plugin "scm_entity_editor.amxx")
L 08/25/2024 - 09:39:33: Start of error session.
L 08/25/2024 - 09:39:33: Info (map "zm_fdust2x2") (file "addons/amxmodx/logs/error_20240825.log")
L 08/25/2024 - 09:39:33: [AMXX] Plugin file open error (plugin "scm_entity_editor.amxx")
L 08/25/2024 - 09:40:51: Start of error session.
L 08/25/2024 - 09:40:51: Info (map "zm_fdust2x2") (file "addons/amxmodx/logs/error_20240825.log")
L 08/25/2024 - 09:40:51: [AMXX] Plugin file open error (plugin "scm_entity_editor.amxx")
L 08/25/2024 - 09:43:11: Start of error session.
L 08/25/2024 - 09:43:11: Info (map "zm_fdust2x2") (file "addons/amxmodx/logs/error_20240825.log")
L 08/25/2024 - 09:43:11: [AMXX] Plugin file open error (plugin "scm_entity_editor.amxx")
L 08/25/2024 - 09:44:09: Start of error session.
L 08/25/2024 - 09:44:09: Info (map "zm_fdust2x2") (file "addons/amxmodx/logs/error_20240825.log")
L 08/25/2024 - 09:44:09: [AMXX] Plugin file open error (plugin "scm_entity_editor.amxx")
L 08/25/2024 - 09:50:59: Start of error session.
L 08/25/2024 - 09:50:59: Info (map "zm_fdust2x2") (file "addons/amxmodx/logs/error_20240825.log")
L 08/25/2024 - 09:50:59: [AMXX] Plugin file open error (plugin "scm_entity_editor.amxx")
L 08/25/2024 - 09:54:13: Start of error session.
L 08/25/2024 - 09:54:13: Info (map "zm_fdust2x2") (file "addons/amxmodx/logs/error_20240825.log")
L 08/25/2024 - 09:54:13: [AMXX] Plugin file open error (plugin "scm_entity_editor.amxx")
L 08/25/2024 - 09:56:03: [AMXX] Run time error 4 (plugin "Krol_funs.amxx") - debug not enabled!
L 08/25/2024 - 09:56:03: [AMXX] To enable debug mode, add "debug" after the plugin name in plugins.ini (without quotes).
L 08/25/2024 - 09:56:03: Unhandled dynamic native error
L 08/25/2024 - 09:56:03: [AMXX] Run time error 10 (plugin "skill_jump.amxx") (native "screen_shine") - debug not enabled!
L 08/25/2024 - 09:56:03: [AMXX] To enable debug mode, add "debug" after the plugin name in plugins.ini (without quotes).
L 08/25/2024 - 09:56:27: [AMXX] Run time error 4 (plugin "Krol_funs.amxx") - debug not enabled!
L 08/25/2024 - 09:56:27: [AMXX] To enable debug mode, add "debug" after the plugin name in plugins.ini (without quotes).
L 08/25/2024 - 09:56:27: Unhandled dynamic native error
L 08/25/2024 - 09:56:27: [AMXX] Run time error 10 (plugin "skill_jump.amxx") (native "screen_shine") - debug not enabled!
L 08/25/2024 - 09:56:27: [AMXX] To enable debug mode, add "debug" after the plugin name in plugins.ini (without quotes).
L 08/25/2024 - 10:00:18: Start of error session.
L 08/25/2024 - 10:00:18: Info (map "zm_fdust2x2") (file "addons/amxmodx/logs/error_20240825.log")
L 08/25/2024 - 10:00:18: [AMXX] Plugin file open error (plugin "scm_entity_editor.amxx")
L 08/25/2024 - 10:01:42: Start of error session.
L 08/25/2024 - 10:01:42: Info (map "zm_fdust2x2") (file "addons/amxmodx/logs/error_20240825.log")
L 08/25/2024 - 10:01:42: [AMXX] Plugin file open error (plugin "scm_entity_editor.amxx")
L 08/25/2024 - 10:22:53: Start of error session.
L 08/25/2024 - 10:22:53: Info (map "zm_fdust2x2") (file "addons/amxmodx/logs/error_20240825.log")
L 08/25/2024 - 10:22:53: [AMXX] Plugin file open error (plugin "scm_entity_editor.amxx")
L 08/25/2024 - 10:23:16: Start of error session.
L 08/25/2024 - 10:23:16: Info (map "zm_fdust2x2") (file "addons/amxmodx/logs/error_20240825.log")
L 08/25/2024 - 10:23:16: [AMXX] Plugin file open error (plugin "scm_entity_editor.amxx")
L 08/25/2024 - 10:23:38: Start of error session.
L 08/25/2024 - 10:23:38: Info (map "zm_fdust2x2") (file "addons/amxmodx/logs/error_20240825.log")
L 08/25/2024 - 10:23:38: [AMXX] Plugin file open error (plugin "scm_entity_editor.amxx")
L 08/25/2024 - 10:24:39: Start of error session.
L 08/25/2024 - 10:24:39: Info (map "zm_fdust2x2") (file "addons/amxmodx/logs/error_20240825.log")
L 08/25/2024 - 10:24:39: [AMXX] Plugin file open error (plugin "scm_entity_editor.amxx")
L 08/25/2024 - 10:24:58: Start of error session.
L 08/25/2024 - 10:24:58: Info (map "zm_fdust2x2") (file "addons/amxmodx/logs/error_20240825.log")
L 08/25/2024 - 10:24:58: [AMXX] Plugin file open error (plugin "scm_entity_editor.amxx")
L 08/25/2024 - 10:31:03: Start of error session.
L 08/25/2024 - 10:31:03: Info (map "zm_fdust2x2") (file "addons/amxmodx/logs/error_20240825.log")
L 08/25/2024 - 10:31:03: [AMXX] Plugin file open error (plugin "change_game_name.amxx")
L 08/25/2024 - 10:31:03: [AMXX] Plugin file open error (plugin "scm_entity_editor.amxx")
L 08/25/2024 - 10:31:17: Start of error session.
L 08/25/2024 - 10:31:17: Info (map "zm_fdust2x2") (file "addons/amxmodx/logs/error_20240825.log")
L 08/25/2024 - 10:31:17: [AMXX] Plugin file open error (plugin "change_game_name.amxx")
L 08/25/2024 - 10:31:17: [AMXX] Plugin file open error (plugin "scm_entity_editor.amxx")
L 08/25/2024 - 10:31:23: [AMXX] Run time error 4 (plugin "shop_lasermine_28.amxx") - debug not enabled!
L 08/25/2024 - 10:31:23: [AMXX] To enable debug mode, add "debug" after the plugin name in plugins.ini (without quotes).
L 08/25/2024 - 10:32:26: [AMXX] Run time error 4 (plugin "shop_lasermine_28.amxx") - debug not enabled!
L 08/25/2024 - 10:32:26: [AMXX] To enable debug mode, add "debug" after the plugin name in plugins.ini (without quotes).
L 08/25/2024 - 10:32:27: Start of error session.
L 08/25/2024 - 10:32:27: Info (map "zm_fdust2x2") (file "addons/amxmodx/logs/error_20240825.log")
L 08/25/2024 - 10:32:27: [AMXX] Plugin file open error (plugin "change_game_name.amxx")
L 08/25/2024 - 10:32:27: [AMXX] Plugin file open error (plugin "scm_entity_editor.amxx")
L 08/25/2024 - 10:32:42: Start of error session.
L 08/25/2024 - 10:32:42: Info (map "zm_fdust2x2") (file "addons/amxmodx/logs/error_20240825.log")
L 08/25/2024 - 10:32:42: [AMXX] Plugin file open error (plugin "change_game_name.amxx")
L 08/25/2024 - 10:32:42: [AMXX] Plugin file open error (plugin "scm_entity_editor.amxx")
L 08/25/2024 - 10:45:37: Start of error session.
L 08/25/2024 - 10:45:37: Info (map "zm_fdust2x2") (file "addons/amxmodx/logs/error_20240825.log")
L 08/25/2024 - 10:45:37: [AMXX] Plugin file open error (plugin "change_game_name.amxx")
L 08/25/2024 - 10:45:37: [AMXX] Plugin file open error (plugin "scm_entity_editor.amxx")
L 08/25/2024 - 11:11:48: Start of error session.
L 08/25/2024 - 11:11:48: Info (map "zm_fun_world_4_final") (file "addons/amxmodx/logs/error_20240825.log")
L 08/25/2024 - 11:11:48: [AMXX] Plugin file open error (plugin "change_game_name.amxx")
L 08/25/2024 - 11:11:48: [AMXX] Plugin file open error (plugin "scm_entity_editor.amxx")
L 08/25/2024 - 11:16:57: Start of error session.
L 08/25/2024 - 11:16:57: Info (map "zm_fun_world_4_final") (file "addons/amxmodx/logs/error_20240825.log")
L 08/25/2024 - 11:16:57: [AMXX] Plugin file open error (plugin "change_game_name.amxx")
L 08/25/2024 - 11:16:57: [AMXX] Plugin file open error (plugin "scm_entity_editor.amxx")
L 08/25/2024 - 11:17:43: Start of error session.
L 08/25/2024 - 11:17:43: Info (map "zm_fun_world_4_final") (file "addons/amxmodx/logs/error_20240825.log")
L 08/25/2024 - 11:17:43: [AMXX] Plugin file open error (plugin "scm_entity_editor.amxx")
L 08/25/2024 - 11:21:09: Start of error session.
L 08/25/2024 - 11:21:09: Info (map "zm_fun_world_4_final") (file "addons/amxmodx/logs/error_20240825.log")
L 08/25/2024 - 11:21:09: [AMXX] Plugin file open error (plugin "scm_entity_editor.amxx")
L 08/25/2024 - 11:21:26: Start of error session.
L 08/25/2024 - 11:21:26: Info (map "zm_fdust2x2") (file "addons/amxmodx/logs/error_20240825.log")
L 08/25/2024 - 11:21:26: [AMXX] Plugin file open error (plugin "scm_entity_editor.amxx")
L 08/25/2024 - 11:34:05: Start of error session.
L 08/25/2024 - 11:34:05: Info (map "zm_fdust2x2") (file "addons/amxmodx/logs/error_20240825.log")
L 08/25/2024 - 11:34:05: [AMXX] Plugin file open error (plugin "scm_entity_editor.amxx")
L 08/25/2024 - 11:35:12: Start of error session.
L 08/25/2024 - 11:35:12: Info (map "zm_fdust2x2") (file "addons/amxmodx/logs/error_20240825.log")
L 08/25/2024 - 11:35:12: [AMXX] Plugin file open error (plugin "scm_entity_editor.amxx")
L 08/25/2024 - 11:35:52: Start of error session.
L 08/25/2024 - 11:35:52: Info (map "zm_fdust2x2") (file "addons/amxmodx/logs/error_20240825.log")
L 08/25/2024 - 11:35:52: [AMXX] Plugin file open error (plugin "scm_entity_editor.amxx")
L 08/25/2024 - 11:37:34: Start of error session.
L 08/25/2024 - 11:37:34: Info (map "zm_fdust2x2") (file "addons/amxmodx/logs/error_20240825.log")
L 08/25/2024 - 11:37:34: [AMXX] Plugin file open error (plugin "scm_entity_editor.amxx")
L 08/25/2024 - 11:38:15: Start of error session.
L 08/25/2024 - 11:38:15: Info (map "zm_fdust2x2") (file "addons/amxmodx/logs/error_20240825.log")
L 08/25/2024 - 11:38:15: [AMXX] Plugin file open error (plugin "scm_entity_editor.amxx")
L 08/25/2024 - 11:38:38: Start of error session.
L 08/25/2024 - 11:38:38: Info (map "zm_fdust2x2") (file "addons/amxmodx/logs/error_20240825.log")
L 08/25/2024 - 11:38:38: [AMXX] Plugin file open error (plugin "scm_entity_editor.amxx")
L 08/25/2024 - 11:39:02: Start of error session.
L 08/25/2024 - 11:39:02: Info (map "zm_fdust2x2") (file "addons/amxmodx/logs/error_20240825.log")
L 08/25/2024 - 11:39:02: [AMXX] Plugin file open error (plugin "scm_entity_editor.amxx")
L 08/25/2024 - 11:39:24: Start of error session.
L 08/25/2024 - 11:39:24: Info (map "zm_fdust2x2") (file "addons/amxmodx/logs/error_20240825.log")
L 08/25/2024 - 11:39:24: [AMXX] Plugin file open error (plugin "scm_entity_editor.amxx")
L 08/25/2024 - 11:39:42: Start of error session.
L 08/25/2024 - 11:39:42: Info (map "zm_fdust2x2") (file "addons/amxmodx/logs/error_20240825.log")
L 08/25/2024 - 11:39:42: [AMXX] Plugin file open error (plugin "scm_entity_editor.amxx")
L 08/25/2024 - 11:39:43: Called dynanative into a paused plugin.
L 08/25/2024 - 11:39:43: [AMXX] Run time error 10 (plugin "shop_hp_armor.amxx") (native "zp_register_extra_item") - debug not enabled!
L 08/25/2024 - 11:39:43: [AMXX] To enable debug mode, add "debug" after the plugin name in plugins.ini (without quotes).
L 08/25/2024 - 11:39:43: Called dynanative into a paused plugin.
L 08/25/2024 - 11:39:43: [AMXX] Run time error 10 (plugin "shop_lasermine_28.amxx") (native "zp_register_extra_item") - debug not enabled!
L 08/25/2024 - 11:39:43: [AMXX] To enable debug mode, add "debug" after the plugin name in plugins.ini (without quotes).
L 08/25/2024 - 11:39:43: Called dynanative into a paused plugin.
L 08/25/2024 - 11:39:43: [AMXX] Run time error 10 (plugin "shop_no_recoil.amxx") (native "zp_register_extra_item") - debug not enabled!
L 08/25/2024 - 11:39:43: [AMXX] To enable debug mode, add "debug" after the plugin name in plugins.ini (without quotes).
L 08/25/2024 - 11:39:43: Called dynanative into a paused plugin.
L 08/25/2024 - 11:39:43: [AMXX] Run time error 10 (plugin "shop_ultimateammo.amxx") (native "zp_register_extra_item") - debug not enabled!
L 08/25/2024 - 11:39:43: [AMXX] To enable debug mode, add "debug" after the plugin name in plugins.ini (without quotes).
L 08/25/2024 - 11:39:43: Called dynanative into a paused plugin.
L 08/25/2024 - 11:39:43: [AMXX] Run time error 10 (plugin "shop_SpecialDuckFootGun.amxx") (native "zp_register_extra_item") - debug not enabled!
L 08/25/2024 - 11:39:43: [AMXX] To enable debug mode, add "debug" after the plugin name in plugins.ini (without quotes).
L 08/25/2024 - 11:39:43: Called dynanative into a paused plugin.
L 08/25/2024 - 11:39:43: [AMXX] Run time error 10 (plugin "shop_aquablaster.amxx") (native "zp_register_extra_item") - debug not enabled!
L 08/25/2024 - 11:39:43: [AMXX] To enable debug mode, add "debug" after the plugin name in plugins.ini (without quotes).
L 08/25/2024 - 11:39:43: Called dynanative into a paused plugin.
L 08/25/2024 - 11:39:43: [AMXX] Run time error 10 (plugin "shop_M16A4.amxx") (native "zp_register_extra_item") - debug not enabled!
L 08/25/2024 - 11:39:43: [AMXX] To enable debug mode, add "debug" after the plugin name in plugins.ini (without quotes).
L 08/25/2024 - 11:39:43: Called dynanative into a paused plugin.
L 08/25/2024 - 11:39:43: [AMXX] Run time error 10 (plugin "shop_vsk94.amxx") (native "zp_register_extra_item") - debug not enabled!
L 08/25/2024 - 11:39:43: [AMXX] To enable debug mode, add "debug" after the plugin name in plugins.ini (without quotes).
L 08/25/2024 - 11:39:43: Called dynanative into a paused plugin.
L 08/25/2024 - 11:39:43: [AMXX] Run time error 10 (plugin "shop_ak47monster.amxx") (native "zp_register_extra_item") - debug not enabled!
L 08/25/2024 - 11:39:43: [AMXX] To enable debug mode, add "debug" after the plugin name in plugins.ini (without quotes).
L 08/25/2024 - 11:39:43: Called dynanative into a paused plugin.
L 08/25/2024 - 11:39:43: [AMXX] Run time error 10 (plugin "shop_awpmonster.amxx") (native "zp_register_extra_item") - debug not enabled!
L 08/25/2024 - 11:39:43: [AMXX] To enable debug mode, add "debug" after the plugin name in plugins.ini (without quotes).
L 08/25/2024 - 11:39:43: Called dynanative into a paused plugin.
L 08/25/2024 - 11:39:43: [AMXX] Run time error 10 (plugin "shop_Cannon.amxx") (native "zp_register_extra_item") - debug not enabled!
L 08/25/2024 - 11:39:43: [AMXX] To enable debug mode, add "debug" after the plugin name in plugins.ini (without quotes).
L 08/25/2024 - 11:39:43: Called dynanative into a paused plugin.
L 08/25/2024 - 11:39:43: [AMXX] Run time error 10 (plugin "shop_star_tail.amxx") (native "zp_register_extra_item") - debug not enabled!
L 08/25/2024 - 11:39:43: [AMXX] To enable debug mode, add "debug" after the plugin name in plugins.ini (without quotes).
L 08/25/2024 - 11:39:43: Called dynanative into a paused plugin.
L 08/25/2024 - 11:39:43: [AMXX] Run time error 10 (plugin "vip_shotgun.amxx") (native "zp_register_extra_item") - debug not enabled!
L 08/25/2024 - 11:39:43: [AMXX] To enable debug mode, add "debug" after the plugin name in plugins.ini (without quotes).
L 08/25/2024 - 11:39:47: Called dynanative into a paused plugin.
L 08/25/2024 - 11:39:47: [AMXX] Run time error 10 (plugin "parachute.amxx") (native "zp_get_user_zombie") - debug not enabled!
L 08/25/2024 - 11:39:47: [AMXX] To enable debug mode, add "debug" after the plugin name in plugins.ini (without quotes).
L 08/25/2024 - 11:39:47: Called dynanative into a paused plugin.
L 08/25/2024 - 11:39:47: [AMXX] Run time error 10 (plugin "priv_jumping.amxx") (native "zp_get_user_zombie") - debug not enabled!
L 08/25/2024 - 11:39:47: [AMXX] To enable debug mode, add "debug" after the plugin name in plugins.ini (without quotes).
L 08/25/2024 - 11:39:47: Called dynanative into a paused plugin.
L 08/25/2024 - 11:39:47: [AMXX] Run time error 10 (plugin "elite_pylemet.amxx") (native "zp_get_user_zombie") - debug not enabled!
L 08/25/2024 - 11:39:47: [AMXX] To enable debug mode, add "debug" after the plugin name in plugins.ini (without quotes).
L 08/25/2024 - 11:39:49: Called dynanative into a paused plugin.
L 08/25/2024 - 11:39:49: [AMXX] Run time error 10 (plugin "zp_saveAmmo.amxx") (native "zp_set_user_ammo_packs") - debug not enabled!
L 08/25/2024 - 11:39:49: [AMXX] To enable debug mode, add "debug" after the plugin name in plugins.ini (without quotes).
L 08/25/2024 - 11:39:53: Called dynanative into a paused plugin.
L 08/25/2024 - 11:39:53: [AMXX] Run time error 10 (plugin "vip_pistol.amxx") (native "zp_get_user_zombie") - debug not enabled!
L 08/25/2024 - 11:39:53: [AMXX] To enable debug mode, add "debug" after the plugin name in plugins.ini (without quotes).
L 08/25/2024 - 11:39:53: Called dynanative into a paused plugin.
L 08/25/2024 - 11:39:53: [AMXX] Run time error 10 (plugin "prem_buffdeagle.amxx") (native "zp_get_user_zombie") - debug not enabled!
L 08/25/2024 - 11:39:53: [AMXX] To enable debug mode, add "debug" after the plugin name in plugins.ini (without quotes).
L 08/25/2024 - 11:40:12: Start of error session.
L 08/25/2024 - 11:40:12: Info (map "zm_fdust2x2") (file "addons/amxmodx/logs/error_20240825.log")
L 08/25/2024 - 11:40:12: [AMXX] Plugin file open error (plugin "scm_entity_editor.amxx")
L 08/25/2024 - 11:40:12: Called dynanative into a paused plugin.
L 08/25/2024 - 11:40:12: [AMXX] Run time error 10 (plugin "shop_hp_armor.amxx") (native "zp_register_extra_item") - debug not enabled!
L 08/25/2024 - 11:40:12: [AMXX] To enable debug mode, add "debug" after the plugin name in plugins.ini (without quotes).
L 08/25/2024 - 11:40:12: Called dynanative into a paused plugin.
L 08/25/2024 - 11:40:12: [AMXX] Run time error 10 (plugin "shop_lasermine_28.amxx") (native "zp_register_extra_item") - debug not enabled!
L 08/25/2024 - 11:40:12: [AMXX] To enable debug mode, add "debug" after the plugin name in plugins.ini (without quotes).
L 08/25/2024 - 11:40:12: Called dynanative into a paused plugin.
L 08/25/2024 - 11:40:12: [AMXX] Run time error 10 (plugin "shop_no_recoil.amxx") (native "zp_register_extra_item") - debug not enabled!
L 08/25/2024 - 11:40:12: [AMXX] To enable debug mode, add "debug" after the plugin name in plugins.ini (without quotes).
L 08/25/2024 - 11:40:12: Called dynanative into a paused plugin.
L 08/25/2024 - 11:40:12: [AMXX] Run time error 10 (plugin "shop_ultimateammo.amxx") (native "zp_register_extra_item") - debug not enabled!
L 08/25/2024 - 11:40:12: [AMXX] To enable debug mode, add "debug" after the plugin name in plugins.ini (without quotes).
L 08/25/2024 - 11:40:12: Called dynanative into a paused plugin.
L 08/25/2024 - 11:40:12: [AMXX] Run time error 10 (plugin "shop_SpecialDuckFootGun.amxx") (native "zp_register_extra_item") - debug not enabled!
L 08/25/2024 - 11:40:12: [AMXX] To enable debug mode, add "debug" after the plugin name in plugins.ini (without quotes).
L 08/25/2024 - 11:40:12: Called dynanative into a paused plugin.
L 08/25/2024 - 11:40:12: [AMXX] Run time error 10 (plugin "shop_aquablaster.amxx") (native "zp_register_extra_item") - debug not enabled!
L 08/25/2024 - 11:40:12: [AMXX] To enable debug mode, add "debug" after the plugin name in plugins.ini (without quotes).
L 08/25/2024 - 11:40:12: Called dynanative into a paused plugin.
L 08/25/2024 - 11:40:12: [AMXX] Run time error 10 (plugin "shop_M16A4.amxx") (native "zp_register_extra_item") - debug not enabled!
L 08/25/2024 - 11:40:12: [AMXX] To enable debug mode, add "debug" after the plugin name in plugins.ini (without quotes).
L 08/25/2024 - 11:40:12: Called dynanative into a paused plugin.
L 08/25/2024 - 11:40:12: [AMXX] Run time error 10 (plugin "shop_vsk94.amxx") (native "zp_register_extra_item") - debug not enabled!
L 08/25/2024 - 11:40:12: [AMXX] To enable debug mode, add "debug" after the plugin name in plugins.ini (without quotes).
L 08/25/2024 - 11:40:12: Called dynanative into a paused plugin.
L 08/25/2024 - 11:40:12: [AMXX] Run time error 10 (plugin "shop_ak47monster.amxx") (native "zp_register_extra_item") - debug not enabled!
L 08/25/2024 - 11:40:12: [AMXX] To enable debug mode, add "debug" after the plugin name in plugins.ini (without quotes).
L 08/25/2024 - 11:40:12: Called dynanative into a paused plugin.
L 08/25/2024 - 11:40:12: [AMXX] Run time error 10 (plugin "shop_awpmonster.amxx") (native "zp_register_extra_item") - debug not enabled!
L 08/25/2024 - 11:40:12: [AMXX] To enable debug mode, add "debug" after the plugin name in plugins.ini (without quotes).
L 08/25/2024 - 11:40:12: Called dynanative into a paused plugin.
L 08/25/2024 - 11:40:12: [AMXX] Run time error 10 (plugin "shop_Cannon.amxx") (native "zp_register_extra_item") - debug not enabled!
L 08/25/2024 - 11:40:12: [AMXX] To enable debug mode, add "debug" after the plugin name in plugins.ini (without quotes).
L 08/25/2024 - 11:40:12: Called dynanative into a paused plugin.
L 08/25/2024 - 11:40:12: [AMXX] Run time error 10 (plugin "shop_star_tail.amxx") (native "zp_register_extra_item") - debug not enabled!
L 08/25/2024 - 11:40:12: [AMXX] To enable debug mode, add "debug" after the plugin name in plugins.ini (without quotes).
L 08/25/2024 - 11:40:12: Called dynanative into a paused plugin.
L 08/25/2024 - 11:40:12: [AMXX] Run time error 10 (plugin "vip_shotgun.amxx") (native "zp_register_extra_item") - debug not enabled!
L 08/25/2024 - 11:40:12: [AMXX] To enable debug mode, add "debug" after the plugin name in plugins.ini (without quotes).
L 08/25/2024 - 11:40:13: Called dynanative into a paused plugin.
L 08/25/2024 - 11:40:13: [AMXX] Run time error 10 (plugin "parachute.amxx") (native "zp_get_user_zombie") - debug not enabled!
L 08/25/2024 - 11:40:13: [AMXX] To enable debug mode, add "debug" after the plugin name in plugins.ini (without quotes).
L 08/25/2024 - 11:40:17: Called dynanative into a paused plugin.
L 08/25/2024 - 11:40:17: [AMXX] Run time error 10 (plugin "priv_jumping.amxx") (native "zp_get_user_zombie") - debug not enabled!
L 08/25/2024 - 11:40:17: [AMXX] To enable debug mode, add "debug" after the plugin name in plugins.ini (without quotes).
L 08/25/2024 - 11:40:17: Called dynanative into a paused plugin.
L 08/25/2024 - 11:40:17: [AMXX] Run time error 10 (plugin "elite_pylemet.amxx") (native "zp_get_user_zombie") - debug not enabled!
L 08/25/2024 - 11:40:17: [AMXX] To enable debug mode, add "debug" after the plugin name in plugins.ini (without quotes).
L 08/25/2024 - 11:40:17: Called dynanative into a paused plugin.
L 08/25/2024 - 11:40:17: [AMXX] Run time error 10 (plugin "zp_saveAmmo.amxx") (native "zp_set_user_ammo_packs") - debug not enabled!
L 08/25/2024 - 11:40:17: [AMXX] To enable debug mode, add "debug" after the plugin name in plugins.ini (without quotes).
L 08/25/2024 - 11:40:23: Called dynanative into a paused plugin.
L 08/25/2024 - 11:40:23: [AMXX] Run time error 10 (plugin "prem_buffdeagle.amxx") (native "zp_get_user_zombie") - debug not enabled!
L 08/25/2024 - 11:40:23: [AMXX] To enable debug mode, add "debug" after the plugin name in plugins.ini (without quotes).
L 08/25/2024 - 11:40:23: Called dynanative into a paused plugin.
L 08/25/2024 - 11:40:23: [AMXX] Run time error 10 (plugin "vip_pistol.amxx") (native "zp_get_user_zombie") - debug not enabled!
L 08/25/2024 - 11:40:23: [AMXX] To enable debug mode, add "debug" after the plugin name in plugins.ini (without quotes).
L 08/25/2024 - 11:40:56: Start of error session.
L 08/25/2024 - 11:40:56: Info (map "zm_fdust2x2") (file "addons/amxmodx/logs/error_20240825.log")
L 08/25/2024 - 11:40:56: [AMXX] Plugin file open error (plugin "scm_entity_editor.amxx")
L 08/25/2024 - 11:40:57: [AMXX] Run time error 14 (plugin "parachute.amxx") - debug not enabled!
L 08/25/2024 - 11:40:57: [AMXX] To enable debug mode, add "debug" after the plugin name in plugins.ini (without quotes).
L 08/25/2024 - 11:41:01: [AMXX] Run time error 14 (plugin "parachute.amxx") - debug not enabled!
L 08/25/2024 - 11:41:01: [AMXX] To enable debug mode, add "debug" after the plugin name in plugins.ini (without quotes).
L 08/25/2024 - 11:41:01: [AMXX] Run time error 14 (plugin "parachute.amxx") - debug not enabled!
L 08/25/2024 - 11:41:01: [AMXX] To enable debug mode, add "debug" after the plugin name in plugins.ini (without quotes).
L 08/25/2024 - 11:41:01: [AMXX] Run time error 14 (plugin "parachute.amxx") - debug not enabled!
L 08/25/2024 - 11:41:01: [AMXX] To enable debug mode, add "debug" after the plugin name in plugins.ini (without quotes).
L 08/25/2024 - 11:41:01: [AMXX] Run time error 14 (plugin "parachute.amxx") - debug not enabled!
L 08/25/2024 - 11:41:01: [AMXX] To enable debug mode, add "debug" after the plugin name in plugins.ini (without quotes).
L 08/25/2024 - 11:41:02: [AMXX] Run time error 14 (plugin "parachute.amxx") - debug not enabled!
L 08/25/2024 - 11:41:02: [AMXX] To enable debug mode, add "debug" after the plugin name in plugins.ini (without quotes).
L 08/25/2024 - 11:41:02: [AMXX] Run time error 14 (plugin "parachute.amxx") - debug not enabled!
L 08/25/2024 - 11:41:02: [AMXX] To enable debug mode, add "debug" after the plugin name in plugins.ini (without quotes).
L 08/25/2024 - 11:41:02: [AMXX] Run time error 14 (plugin "parachute.amxx") - debug not enabled!
L 08/25/2024 - 11:41:02: [AMXX] To enable debug mode, add "debug" after the plugin name in plugins.ini (without quotes).
L 08/25/2024 - 11:41:03: [AMXX] Run time error 14 (plugin "parachute.amxx") - debug not enabled!
L 08/25/2024 - 11:41:03: [AMXX] To enable debug mode, add "debug" after the plugin name in plugins.ini (without quotes).
L 08/25/2024 - 11:41:03: [AMXX] Run time error 14 (plugin "parachute.amxx") - debug not enabled!
L 08/25/2024 - 11:41:03: [AMXX] To enable debug mode, add "debug" after the plugin name in plugins.ini (without quotes).
L 08/25/2024 - 11:41:03: [AMXX] Run time error 14 (plugin "parachute.amxx") - debug not enabled!
L 08/25/2024 - 11:41:03: [AMXX] To enable debug mode, add "debug" after the plugin name in plugins.ini (without quotes).
L 08/25/2024 - 11:41:03: [AMXX] Run time error 14 (plugin "parachute.amxx") - debug not enabled!
L 08/25/2024 - 11:41:03: [AMXX] To enable debug mode, add "debug" after the plugin name in plugins.ini (without quotes).
L 08/25/2024 - 11:41:04: [AMXX] Run time error 14 (plugin "parachute.amxx") - debug not enabled!
L 08/25/2024 - 11:41:04: [AMXX] To enable debug mode, add "debug" after the plugin name in plugins.ini (without quotes).
L 08/25/2024 - 11:42:05: [AMXX] Run time error 14 (plugin "parachute.amxx") - debug not enabled!
L 08/25/2024 - 11:42:05: [AMXX] To enable debug mode, add "debug" after the plugin name in plugins.ini (without quotes).
L 08/25/2024 - 11:42:05: [AMXX] Run time error 14 (plugin "parachute.amxx") - debug not enabled!
L 08/25/2024 - 11:42:05: [AMXX] To enable debug mode, add "debug" after the plugin name in plugins.ini (without quotes).
L 08/25/2024 - 11:42:05: [AMXX] Run time error 14 (plugin "parachute.amxx") - debug not enabled!
L 08/25/2024 - 11:42:05: [AMXX] To enable debug mode, add "debug" after the plugin name in plugins.ini (without quotes).
L 08/25/2024 - 11:42:05: [AMXX] Run time error 14 (plugin "parachute.amxx") - debug not enabled!
L 08/25/2024 - 11:42:05: [AMXX] To enable debug mode, add "debug" after the plugin name in plugins.ini (without quotes).
L 08/25/2024 - 11:42:05: [AMXX] Run time error 14 (plugin "parachute.amxx") - debug not enabled!
L 08/25/2024 - 11:42:05: [AMXX] To enable debug mode, add "debug" after the plugin name in plugins.ini (without quotes).
L 08/25/2024 - 11:42:05: [AMXX] Run time error 14 (plugin "parachute.amxx") - debug not enabled!
L 08/25/2024 - 11:42:05: [AMXX] To enable debug mode, add "debug" after the plugin name in plugins.ini (without quotes).
L 08/25/2024 - 11:42:05: [AMXX] Run time error 14 (plugin "parachute.amxx") - debug not enabled!
L 08/25/2024 - 11:42:05: [AMXX] To enable debug mode, add "debug" after the plugin name in plugins.ini (without quotes).
L 08/25/2024 - 11:42:05: Start of error session.
L 08/25/2024 - 11:42:05: Info (map "zm_fdust2x2") (file "addons/amxmodx/logs/error_20240825.log")
L 08/25/2024 - 11:42:05: [AMXX] Plugin file open error (plugin "scm_entity_editor.amxx")
L 08/25/2024 - 11:43:36: Start of error session.
L 08/25/2024 - 11:43:36: Info (map "zm_fdust2x2") (file "addons/amxmodx/logs/error_20240825.log")
L 08/25/2024 - 11:43:36: [AMXX] Plugin file open error (plugin "scm_entity_editor.amxx")
L 08/25/2024 - 12:21:48: Start of error session.
L 08/25/2024 - 12:21:48: Info (map "zm_tower_new") (file "addons/amxmodx/logs/error_20240825.log")
L 08/25/2024 - 12:21:48: [AMXX] Plugin file open error (plugin "scm_entity_editor.amxx")
L 08/25/2024 - 12:47:52: Start of error session.
L 08/25/2024 - 12:47:52: Info (map "zm_tc_death_zg") (file "addons/amxmodx/logs/error_20240825.log")
L 08/25/2024 - 12:47:52: [AMXX] Plugin file open error (plugin "scm_entity_editor.amxx")
L 08/25/2024 - 13:02:17: Player 1 is not in game.
L 08/25/2024 - 13:02:17: [AMXX] Run time error 10 (plugin "pluginmenu.amxx") (native "menu_display") - debug not enabled!
L 08/25/2024 - 13:02:17: [AMXX] To enable debug mode, add "debug" after the plugin name in plugins.ini (without quotes).
L 08/25/2024 - 13:02:17: Start of error session.
L 08/25/2024 - 13:02:17: Info (map "zm_tc_death_zg") (file "addons/amxmodx/logs/error_20240825.log")
L 08/25/2024 - 13:02:17: [AMXX] Plugin file open error (plugin "scm_entity_editor.amxx")
L 08/25/2024 - 13:02:42: Player 1 is not in game.
L 08/25/2024 - 13:02:42: [AMXX] Run time error 10 (plugin "pluginmenu.amxx") (native "menu_display") - debug not enabled!
L 08/25/2024 - 13:02:42: [AMXX] To enable debug mode, add "debug" after the plugin name in plugins.ini (without quotes).
L 08/25/2024 - 13:02:43: Start of error session.
L 08/25/2024 - 13:02:43: Info (map "zm_tc_death_zg") (file "addons/amxmodx/logs/error_20240825.log")
L 08/25/2024 - 13:02:43: [AMXX] Plugin file open error (plugin "scm_entity_editor.amxx")
L 08/25/2024 - 13:22:48: Start of error session.
L 08/25/2024 - 13:22:48: Info (map "zm_tc_death_zg") (file "addons/amxmodx/logs/error_20240825.log")
L 08/25/2024 - 13:22:48: [AMXX] Plugin file open error (plugin "scm_entity_editor.amxx")
L 08/25/2024 - 13:24:57: Start of error session.
L 08/25/2024 - 13:24:57: Info (map "zm_tc_death_zg") (file "addons/amxmodx/logs/error_20240825.log")
L 08/25/2024 - 13:24:57: [AMXX] Plugin file open error (plugin "scm_entity_editor.amxx")
L 08/25/2024 - 13:28:33: Player 1 is not in game.
L 08/25/2024 - 13:28:33: [AMXX] Run time error 10 (plugin "pluginmenu.amxx") (native "menu_display") - debug not enabled!
L 08/25/2024 - 13:28:33: [AMXX] To enable debug mode, add "debug" after the plugin name in plugins.ini (without quotes).
L 08/25/2024 - 13:28:34: Start of error session.
L 08/25/2024 - 13:28:34: Info (map "zm_tc_death_zg") (file "addons/amxmodx/logs/error_20240825.log")
L 08/25/2024 - 13:28:34: [AMXX] Plugin file open error (plugin "scm_entity_editor.amxx")
L 08/25/2024 - 13:31:30: Player 1 is not in game.
L 08/25/2024 - 13:31:30: [AMXX] Run time error 10 (plugin "pluginmenu.amxx") (native "menu_display") - debug not enabled!
L 08/25/2024 - 13:31:30: [AMXX] To enable debug mode, add "debug" after the plugin name in plugins.ini (without quotes).
L 08/25/2024 - 13:31:30: Start of error session.
L 08/25/2024 - 13:31:30: Info (map "zm_tc_death_zg") (file "addons/amxmodx/logs/error_20240825.log")
L 08/25/2024 - 13:31:30: [AMXX] Plugin file open error (plugin "scm_entity_editor.amxx")
L 08/25/2024 - 13:36:09: Player 1 is not in game.
L 08/25/2024 - 13:36:09: [AMXX] Run time error 10 (plugin "pluginmenu.amxx") (native "menu_display") - debug not enabled!
L 08/25/2024 - 13:36:09: [AMXX] To enable debug mode, add "debug" after the plugin name in plugins.ini (without quotes).
L 08/25/2024 - 13:36:09: Start of error session.
L 08/25/2024 - 13:36:09: Info (map "zm_tc_death_zg") (file "addons/amxmodx/logs/error_20240825.log")
L 08/25/2024 - 13:36:09: [AMXX] Plugin file open error (plugin "scm_entity_editor.amxx")
L 08/25/2024 - 13:47:52: Start of error session.
L 08/25/2024 - 13:47:52: Info (map "zm_tc_death_zg") (file "addons/amxmodx/logs/error_20240825.log")
L 08/25/2024 - 13:47:52: [AMXX] Plugin file open error (plugin "scm_entity_editor.amxx")
L 08/25/2024 - 13:49:23: Player 1 is not in game.
L 08/25/2024 - 13:49:23: [AMXX] Run time error 10 (plugin "pluginmenu.amxx") (native "menu_display") - debug not enabled!
L 08/25/2024 - 13:49:23: [AMXX] To enable debug mode, add "debug" after the plugin name in plugins.ini (without quotes).
L 08/25/2024 - 13:49:24: Start of error session.
L 08/25/2024 - 13:49:24: Info (map "zm_tc_death_zg") (file "addons/amxmodx/logs/error_20240825.log")
L 08/25/2024 - 13:49:24: [AMXX] Plugin file open error (plugin "scm_entity_editor.amxx")
L 08/25/2024 - 13:55:51: Start of error session.
L 08/25/2024 - 13:55:51: Info (map "zm_tc_death_zg") (file "addons/amxmodx/logs/error_20240825.log")
L 08/25/2024 - 13:55:51: [AMXX] Plugin file open error (plugin "scm_entity_editor.amxx")
L 08/25/2024 - 14:00:56: Start of error session.
L 08/25/2024 - 14:00:56: Info (map "zm_tc_death_zg") (file "addons/amxmodx/logs/error_20240825.log")
L 08/25/2024 - 14:00:56: [AMXX] Plugin file open error (plugin "scm_entity_editor.amxx")
L 08/25/2024 - 14:02:40: Player 1 is not in game.
L 08/25/2024 - 14:02:40: [AMXX] Run time error 10 (plugin "pluginmenu.amxx") (native "menu_display") - debug not enabled!
L 08/25/2024 - 14:02:40: [AMXX] To enable debug mode, add "debug" after the plugin name in plugins.ini (without quotes).
L 08/25/2024 - 14:02:40: Start of error session.
L 08/25/2024 - 14:02:40: Info (map "zm_tc_death_zg") (file "addons/amxmodx/logs/error_20240825.log")
L 08/25/2024 - 14:02:40: [AMXX] Plugin file open error (plugin "scm_entity_editor.amxx")
L 08/25/2024 - 14:03:20: Player 1 is not in game.
L 08/25/2024 - 14:03:20: [AMXX] Run time error 10 (plugin "pluginmenu.amxx") (native "menu_display") - debug not enabled!
L 08/25/2024 - 14:03:20: [AMXX] To enable debug mode, add "debug" after the plugin name in plugins.ini (without quotes).
L 08/25/2024 - 14:03:20: Start of error session.
L 08/25/2024 - 14:03:20: Info (map "zm_tc_death_zg") (file "addons/amxmodx/logs/error_20240825.log")
L 08/25/2024 - 14:03:20: [AMXX] Plugin file open error (plugin "scm_entity_editor.amxx")
L 08/25/2024 - 14:07:18: [ENGINE] Invalid entity 109
L 08/25/2024 - 14:07:18: [AMXX] Run time error 10 (plugin "grenade_modes.amxx") (native "entity_get_vector") - debug not enabled!
L 08/25/2024 - 14:07:18: [AMXX] To enable debug mode, add "debug" after the plugin name in plugins.ini (without quotes).
L 08/25/2024 - 14:22:16: Player 1 is not in game.
L 08/25/2024 - 14:22:16: [AMXX] Run time error 10 (plugin "pluginmenu.amxx") (native "menu_display") - debug not enabled!
L 08/25/2024 - 14:22:16: [AMXX] To enable debug mode, add "debug" after the plugin name in plugins.ini (without quotes).
L 08/25/2024 - 14:22:16: Start of error session.
L 08/25/2024 - 14:22:16: Info (map "zm_tc_death_zg") (file "addons/amxmodx/logs/error_20240825.log")
L 08/25/2024 - 14:22:16: [AMXX] Plugin file open error (plugin "scm_entity_editor.amxx")
L 08/25/2024 - 14:41:22: Start of error session.
L 08/25/2024 - 14:41:22: Info (map "zm_tc_death_zg") (file "addons/amxmodx/logs/error_20240825.log")
L 08/25/2024 - 14:41:22: [AMXX] Plugin file open error (plugin "scm_entity_editor.amxx")
L 08/25/2024 - 14:41:48: Start of error session.
L 08/25/2024 - 14:41:48: Info (map "zm_tc_death_zg") (file "addons/amxmodx/logs/error_20240825.log")
L 08/25/2024 - 14:41:48: [AMXX] Plugin file open error (plugin "scm_entity_editor.amxx")
L 08/25/2024 - 14:42:21: Start of error session.
L 08/25/2024 - 14:42:21: Info (map "zm_tc_death_zg") (file "addons/amxmodx/logs/error_20240825.log")
L 08/25/2024 - 14:42:21: [AMXX] Plugin file open error (plugin "scm_entity_editor.amxx")
L 08/25/2024 - 14:50:48: Start of error session.
L 08/25/2024 - 14:50:48: Info (map "zm_tc_death_zg") (file "addons/amxmodx/logs/error_20240825.log")
L 08/25/2024 - 14:50:48: [AMXX] Plugin file open error (plugin "scm_entity_editor.amxx")
L 08/25/2024 - 14:54:42: Start of error session.
L 08/25/2024 - 14:54:42: Info (map "zm_tc_death_zg") (file "addons/amxmodx/logs/error_20240825.log")
L 08/25/2024 - 14:54:42: [AMXX] Plugin file open error (plugin "scm_entity_editor.amxx")
L 08/25/2024 - 14:58:10: Player 1 is not in game.
L 08/25/2024 - 14:58:10: [AMXX] Run time error 10 (plugin "pluginmenu.amxx") (native "menu_display") - debug not enabled!
L 08/25/2024 - 14:58:10: [AMXX] To enable debug mode, add "debug" after the plugin name in plugins.ini (without quotes).
L 08/25/2024 - 14:58:10: Start of error session.
L 08/25/2024 - 14:58:10: Info (map "zm_tc_death_zg") (file "addons/amxmodx/logs/error_20240825.log")
L 08/25/2024 - 14:58:10: [AMXX] Plugin file open error (plugin "scm_entity_editor.amxx")
L 08/25/2024 - 15:09:04: Start of error session.
L 08/25/2024 - 15:09:04: Info (map "zm_tc_death_zg") (file "addons/amxmodx/logs/error_20240825.log")
L 08/25/2024 - 15:09:04: [AMXX] Plugin file open error (plugin "scm_entity_editor.amxx")
L 08/25/2024 - 15:13:10: Start of error session.
L 08/25/2024 - 15:13:10: Info (map "zm_tc_death_zg") (file "addons/amxmodx/logs/error_20240825.log")
L 08/25/2024 - 15:13:10: [AMXX] Plugin file open error (plugin "scm_entity_editor.amxx")
L 08/25/2024 - 15:14:03: Start of error session.
L 08/25/2024 - 15:14:03: Info (map "zm_fdust2x2") (file "addons/amxmodx/logs/error_20240825.log")
L 08/25/2024 - 15:14:03: [AMXX] Plugin file open error (plugin "scm_entity_editor.amxx")
L 08/25/2024 - 15:16:20: [AMXX] Run time error 4 (plugin "Krol_funs.amxx") - debug not enabled!
L 08/25/2024 - 15:16:20: [AMXX] To enable debug mode, add "debug" after the plugin name in plugins.ini (without quotes).
L 08/25/2024 - 15:16:20: Unhandled dynamic native error
L 08/25/2024 - 15:16:20: [AMXX] Run time error 10 (plugin "zp_level_system.amxx") (native "screen_shine") - debug not enabled!
L 08/25/2024 - 15:16:20: [AMXX] To enable debug mode, add "debug" after the plugin name in plugins.ini (without quotes).
L 08/25/2024 - 15:18:10: [AMXX] Run time error 4 (plugin "Krol_funs.amxx") - debug not enabled!
L 08/25/2024 - 15:18:10: [AMXX] To enable debug mode, add "debug" after the plugin name in plugins.ini (without quotes).
L 08/25/2024 - 15:18:10: Unhandled dynamic native error
L 08/25/2024 - 15:18:10: [AMXX] Run time error 10 (plugin "zp_level_system.amxx") (native "screen_shine") - debug not enabled!
L 08/25/2024 - 15:18:10: [AMXX] To enable debug mode, add "debug" after the plugin name in plugins.ini (without quotes).
L 08/25/2024 - 15:41:40: Start of error session.
L 08/25/2024 - 15:41:40: Info (map "zm_tower_new") (file "addons/amxmodx/logs/error_20240825.log")
L 08/25/2024 - 15:41:40: [AMXX] Plugin file open error (plugin "scm_entity_editor.amxx")
L 08/25/2024 - 16:07:44: Start of error session.
L 08/25/2024 - 16:07:44: Info (map "zm_fdust2x2") (file "addons/amxmodx/logs/error_20240825.log")
L 08/25/2024 - 16:07:44: [AMXX] Plugin file open error (plugin "scm_entity_editor.amxx")
L 08/25/2024 - 16:08:23: Start of error session.
L 08/25/2024 - 16:08:23: Info (map "zm_fdust2x2") (file "addons/amxmodx/logs/error_20240825.log")
L 08/25/2024 - 16:08:23: [AMXX] Plugin file open error (plugin "scm_entity_editor.amxx")
