L 09/30/2024 - 11:52:32: Start of error session.
L 09/30/2024 - 11:52:32: Info (map "zm_fdust2x2") (file "addons/amxmodx/logs/error_20240930.log")
L 09/30/2024 - 11:52:32: [AMXX] Plugin file open error (plugin "scm_entity_editor.amxx")
L 09/30/2024 - 11:52:34: Function "event_deathmsg" was not found
L 09/30/2024 - 11:52:34: [AMXX] Run time error 19 (plugin "saveData.amxx") - debug not enabled!
L 09/30/2024 - 11:52:34: [AMXX] To enable debug mode, add "debug" after the plugin name in plugins.ini (without quotes).
L 09/30/2024 - 11:52:34: Invalid index 13 (count: 13)
L 09/30/2024 - 11:52:34: [AMXX] Run time error 10 (plugin "zombie_plague40.amxx") (native "ArrayGetCell") - debug not enabled!
L 09/30/2024 - 11:52:34: [AMXX] To enable debug mode, add "debug" after the plugin name in plugins.ini (without quotes).
L 09/30/2024 - 11:52:34: Unhandled dynamic native error
L 09/30/2024 - 11:52:34: [AMXX] Run time error 10 (plugin "zp_gungnir_v2.amxx") (native "zp_register_extra_item") - debug not enabled!
L 09/30/2024 - 11:52:34: [AMXX] To enable debug mode, add "debug" after the plugin name in plugins.ini (without quotes).
L 09/30/2024 - 11:57:04: Start of error session.
L 09/30/2024 - 11:57:04: Info (map "zm_fdust2x2") (file "addons/amxmodx/logs/error_20240930.log")
L 09/30/2024 - 11:57:04: [AMXX] Plugin file open error (plugin "scm_entity_editor.amxx")
L 09/30/2024 - 11:57:05: Invalid index 13 (count: 13)
L 09/30/2024 - 11:57:05: [AMXX] Run time error 10 (plugin "zombie_plague40.amxx") (native "ArrayGetCell") - debug not enabled!
L 09/30/2024 - 11:57:05: [AMXX] To enable debug mode, add "debug" after the plugin name in plugins.ini (without quotes).
L 09/30/2024 - 11:57:05: Unhandled dynamic native error
L 09/30/2024 - 11:57:05: [AMXX] Run time error 10 (plugin "zp_gungnir_v2.amxx") (native "zp_register_extra_item") - debug not enabled!
L 09/30/2024 - 11:57:05: [AMXX] To enable debug mode, add "debug" after the plugin name in plugins.ini (without quotes).
L 09/30/2024 - 12:09:18: Invalid index -1 (count: 9)
L 09/30/2024 - 12:09:18: [AMXX] Run time error 10 (plugin "zombie_plague40.amxx") (native "ArrayGetString") - debug not enabled!
L 09/30/2024 - 12:09:18: [AMXX] To enable debug mode, add "debug" after the plugin name in plugins.ini (without quotes).
L 09/30/2024 - 12:09:18: Invalid index -1 (count: 9)
L 09/30/2024 - 12:09:18: [AMXX] Run time error 10 (plugin "zombie_plague40.amxx") (native "ArrayGetString") - debug not enabled!
L 09/30/2024 - 12:09:18: [AMXX] To enable debug mode, add "debug" after the plugin name in plugins.ini (without quotes).
L 09/30/2024 - 12:10:01: Invalid index -1 (count: 9)
L 09/30/2024 - 12:10:01: [AMXX] Run time error 10 (plugin "zombie_plague40.amxx") (native "ArrayGetString") - debug not enabled!
L 09/30/2024 - 12:10:01: [AMXX] To enable debug mode, add "debug" after the plugin name in plugins.ini (without quotes).
L 09/30/2024 - 12:10:01: Invalid index -1 (count: 9)
L 09/30/2024 - 12:10:01: [AMXX] Run time error 10 (plugin "zombie_plague40.amxx") (native "ArrayGetString") - debug not enabled!
L 09/30/2024 - 12:10:01: [AMXX] To enable debug mode, add "debug" after the plugin name in plugins.ini (without quotes).
L 09/30/2024 - 12:10:12: Start of error session.
L 09/30/2024 - 12:10:12: Info (map "zm_202") (file "addons/amxmodx/logs/error_20240930.log")
L 09/30/2024 - 12:10:12: [AMXX] Plugin file open error (plugin "scm_entity_editor.amxx")
L 09/30/2024 - 12:10:14: Invalid index 13 (count: 13)
L 09/30/2024 - 12:10:14: [AMXX] Run time error 10 (plugin "zombie_plague40.amxx") (native "ArrayGetCell") - debug not enabled!
L 09/30/2024 - 12:10:14: [AMXX] To enable debug mode, add "debug" after the plugin name in plugins.ini (without quotes).
L 09/30/2024 - 12:10:14: Unhandled dynamic native error
L 09/30/2024 - 12:10:14: [AMXX] Run time error 10 (plugin "zp_gungnir_v2.amxx") (native "zp_register_extra_item") - debug not enabled!
L 09/30/2024 - 12:10:14: [AMXX] To enable debug mode, add "debug" after the plugin name in plugins.ini (without quotes).
L 09/30/2024 - 12:11:33: Start of error session.
L 09/30/2024 - 12:11:33: Info (map "zm_202") (file "addons/amxmodx/logs/error_20240930.log")
L 09/30/2024 - 12:11:33: [AMXX] Plugin file open error (plugin "scm_entity_editor.amxx")
L 09/30/2024 - 12:11:34: Invalid index 13 (count: 13)
L 09/30/2024 - 12:11:34: [AMXX] Run time error 10 (plugin "zombie_plague40.amxx") (native "ArrayGetCell") - debug not enabled!
L 09/30/2024 - 12:11:34: [AMXX] To enable debug mode, add "debug" after the plugin name in plugins.ini (without quotes).
L 09/30/2024 - 12:11:34: Unhandled dynamic native error
L 09/30/2024 - 12:11:34: [AMXX] Run time error 10 (plugin "zp_gungnir_v2.amxx") (native "zp_register_extra_item") - debug not enabled!
L 09/30/2024 - 12:11:34: [AMXX] To enable debug mode, add "debug" after the plugin name in plugins.ini (without quotes).
L 09/30/2024 - 12:11:50: Start of error session.
L 09/30/2024 - 12:11:50: Info (map "zm_202") (file "addons/amxmodx/logs/error_20240930.log")
L 09/30/2024 - 12:11:50: [AMXX] Plugin file open error (plugin "scm_entity_editor.amxx")
L 09/30/2024 - 12:11:51: Invalid index 13 (count: 13)
L 09/30/2024 - 12:11:51: [AMXX] Run time error 10 (plugin "zombie_plague40.amxx") (native "ArrayGetCell") - debug not enabled!
L 09/30/2024 - 12:11:51: [AMXX] To enable debug mode, add "debug" after the plugin name in plugins.ini (without quotes).
L 09/30/2024 - 12:11:51: Unhandled dynamic native error
L 09/30/2024 - 12:11:51: [AMXX] Run time error 10 (plugin "zp_gungnir_v2.amxx") (native "zp_register_extra_item") - debug not enabled!
L 09/30/2024 - 12:11:51: [AMXX] To enable debug mode, add "debug" after the plugin name in plugins.ini (without quotes).
L 09/30/2024 - 12:13:23: Start of error session.
L 09/30/2024 - 12:13:23: Info (map "zm_202") (file "addons/amxmodx/logs/error_20240930.log")
L 09/30/2024 - 12:13:23: [AMXX] Plugin file open error (plugin "scm_entity_editor.amxx")
L 09/30/2024 - 12:13:23: Invalid index 13 (count: 13)
L 09/30/2024 - 12:13:23: [AMXX] Run time error 10 (plugin "zombie_plague40.amxx") (native "ArrayGetCell") - debug not enabled!
L 09/30/2024 - 12:13:23: [AMXX] To enable debug mode, add "debug" after the plugin name in plugins.ini (without quotes).
L 09/30/2024 - 12:13:23: Unhandled dynamic native error
L 09/30/2024 - 12:13:23: [AMXX] Run time error 10 (plugin "zp_gungnir_v2.amxx") (native "zp_register_extra_item") - debug not enabled!
L 09/30/2024 - 12:13:23: [AMXX] To enable debug mode, add "debug" after the plugin name in plugins.ini (without quotes).
L 09/30/2024 - 12:13:53: Start of error session.
L 09/30/2024 - 12:13:53: Info (map "zm_202") (file "addons/amxmodx/logs/error_20240930.log")
L 09/30/2024 - 12:13:53: [AMXX] Plugin file open error (plugin "scm_entity_editor.amxx")
L 09/30/2024 - 12:13:54: Invalid index 13 (count: 13)
L 09/30/2024 - 12:13:54: [AMXX] Run time error 10 (plugin "zombie_plague40.amxx") (native "ArrayGetCell") - debug not enabled!
L 09/30/2024 - 12:13:54: [AMXX] To enable debug mode, add "debug" after the plugin name in plugins.ini (without quotes).
L 09/30/2024 - 12:13:54: Unhandled dynamic native error
L 09/30/2024 - 12:13:54: [AMXX] Run time error 10 (plugin "zp_gungnir_v2.amxx") (native "zp_register_extra_item") - debug not enabled!
L 09/30/2024 - 12:13:54: [AMXX] To enable debug mode, add "debug" after the plugin name in plugins.ini (without quotes).
L 09/30/2024 - 12:16:09: Start of error session.
L 09/30/2024 - 12:16:09: Info (map "zm_202") (file "addons/amxmodx/logs/error_20240930.log")
L 09/30/2024 - 12:16:09: [AMXX] Plugin file open error (plugin "scm_entity_editor.amxx")
L 09/30/2024 - 12:16:10: Invalid index 13 (count: 13)
L 09/30/2024 - 12:16:10: [AMXX] Run time error 10 (plugin "zombie_plague40.amxx") (native "ArrayGetCell") - debug not enabled!
L 09/30/2024 - 12:16:10: [AMXX] To enable debug mode, add "debug" after the plugin name in plugins.ini (without quotes).
L 09/30/2024 - 12:16:10: Unhandled dynamic native error
L 09/30/2024 - 12:16:10: [AMXX] Run time error 10 (plugin "zp_gungnir_v2.amxx") (native "zp_register_extra_item") - debug not enabled!
L 09/30/2024 - 12:16:10: [AMXX] To enable debug mode, add "debug" after the plugin name in plugins.ini (without quotes).
L 09/30/2024 - 12:16:30: Start of error session.
L 09/30/2024 - 12:16:30: Info (map "zm_202") (file "addons/amxmodx/logs/error_20240930.log")
L 09/30/2024 - 12:16:30: [AMXX] Plugin file open error (plugin "scm_entity_editor.amxx")
L 09/30/2024 - 12:16:31: Invalid index 13 (count: 13)
L 09/30/2024 - 12:16:31: [AMXX] Run time error 10 (plugin "zombie_plague40.amxx") (native "ArrayGetCell") - debug not enabled!
L 09/30/2024 - 12:16:31: [AMXX] To enable debug mode, add "debug" after the plugin name in plugins.ini (without quotes).
L 09/30/2024 - 12:16:31: Unhandled dynamic native error
L 09/30/2024 - 12:16:31: [AMXX] Run time error 10 (plugin "zp_gungnir_v2.amxx") (native "zp_register_extra_item") - debug not enabled!
L 09/30/2024 - 12:16:31: [AMXX] To enable debug mode, add "debug" after the plugin name in plugins.ini (without quotes).
L 09/30/2024 - 12:21:13: Start of error session.
L 09/30/2024 - 12:21:13: Info (map "zm_202") (file "addons/amxmodx/logs/error_20240930.log")
L 09/30/2024 - 12:21:13: [AMXX] Plugin file open error (plugin "scm_entity_editor.amxx")
L 09/30/2024 - 12:21:14: Invalid index 13 (count: 13)
L 09/30/2024 - 12:21:14: [AMXX] Run time error 10 (plugin "zombie_plague40.amxx") (native "ArrayGetCell") - debug not enabled!
L 09/30/2024 - 12:21:14: [AMXX] To enable debug mode, add "debug" after the plugin name in plugins.ini (without quotes).
L 09/30/2024 - 12:21:14: Unhandled dynamic native error
L 09/30/2024 - 12:21:14: [AMXX] Run time error 10 (plugin "zp_gungnir_v2.amxx") (native "zp_register_extra_item") - debug not enabled!
L 09/30/2024 - 12:21:14: [AMXX] To enable debug mode, add "debug" after the plugin name in plugins.ini (without quotes).
L 09/30/2024 - 12:21:43: Start of error session.
L 09/30/2024 - 12:21:43: Info (map "zm_202") (file "addons/amxmodx/logs/error_20240930.log")
L 09/30/2024 - 12:21:43: [AMXX] Plugin file open error (plugin "scm_entity_editor.amxx")
L 09/30/2024 - 12:21:44: Invalid index 13 (count: 13)
L 09/30/2024 - 12:21:44: [AMXX] Run time error 10 (plugin "zombie_plague40.amxx") (native "ArrayGetCell") - debug not enabled!
L 09/30/2024 - 12:21:44: [AMXX] To enable debug mode, add "debug" after the plugin name in plugins.ini (without quotes).
L 09/30/2024 - 12:21:44: Unhandled dynamic native error
L 09/30/2024 - 12:21:44: [AMXX] Run time error 10 (plugin "zp_gungnir_v2.amxx") (native "zp_register_extra_item") - debug not enabled!
L 09/30/2024 - 12:21:44: [AMXX] To enable debug mode, add "debug" after the plugin name in plugins.ini (without quotes).
L 09/30/2024 - 12:32:31: Start of error session.
L 09/30/2024 - 12:32:31: Info (map "zm_202") (file "addons/amxmodx/logs/error_20240930.log")
L 09/30/2024 - 12:32:31: [AMXX] Plugin file open error (plugin "scm_entity_editor.amxx")
L 09/30/2024 - 12:32:32: Invalid index 13 (count: 13)
L 09/30/2024 - 12:32:32: [AMXX] Run time error 10 (plugin "zombie_plague40.amxx") (native "ArrayGetCell") - debug not enabled!
L 09/30/2024 - 12:32:32: [AMXX] To enable debug mode, add "debug" after the plugin name in plugins.ini (without quotes).
L 09/30/2024 - 12:32:32: Unhandled dynamic native error
L 09/30/2024 - 12:32:32: [AMXX] Run time error 10 (plugin "zp_gungnir_v2.amxx") (native "zp_register_extra_item") - debug not enabled!
L 09/30/2024 - 12:32:32: [AMXX] To enable debug mode, add "debug" after the plugin name in plugins.ini (without quotes).
L 09/30/2024 - 12:32:35: String formatted incorrectly - parameter 5 (total 4)
L 09/30/2024 - 12:32:35: [AMXX] Run time error 25 (plugin "saveData.amxx") - debug not enabled!
L 09/30/2024 - 12:32:35: [AMXX] To enable debug mode, add "debug" after the plugin name in plugins.ini (without quotes).
L 09/30/2024 - 12:33:05: Start of error session.
L 09/30/2024 - 12:33:05: Info (map "zm_202") (file "addons/amxmodx/logs/error_20240930.log")
L 09/30/2024 - 12:33:05: [AMXX] Plugin file open error (plugin "scm_entity_editor.amxx")
L 09/30/2024 - 12:33:05: Invalid index 13 (count: 13)
L 09/30/2024 - 12:33:05: [AMXX] Run time error 10 (plugin "zombie_plague40.amxx") (native "ArrayGetCell") - debug not enabled!
L 09/30/2024 - 12:33:05: [AMXX] To enable debug mode, add "debug" after the plugin name in plugins.ini (without quotes).
L 09/30/2024 - 12:33:05: Unhandled dynamic native error
L 09/30/2024 - 12:33:05: [AMXX] Run time error 10 (plugin "zp_gungnir_v2.amxx") (native "zp_register_extra_item") - debug not enabled!
L 09/30/2024 - 12:33:05: [AMXX] To enable debug mode, add "debug" after the plugin name in plugins.ini (without quotes).
L 09/30/2024 - 12:33:09: String formatted incorrectly - parameter 5 (total 4)
L 09/30/2024 - 12:33:09: [AMXX] Run time error 25 (plugin "saveData.amxx") - debug not enabled!
L 09/30/2024 - 12:33:09: [AMXX] To enable debug mode, add "debug" after the plugin name in plugins.ini (without quotes).
L 09/30/2024 - 12:33:54: Start of error session.
L 09/30/2024 - 12:33:54: Info (map "zm_202") (file "addons/amxmodx/logs/error_20240930.log")
L 09/30/2024 - 12:33:54: [AMXX] Plugin file open error (plugin "scm_entity_editor.amxx")
L 09/30/2024 - 12:33:55: Invalid index 13 (count: 13)
L 09/30/2024 - 12:33:55: [AMXX] Run time error 10 (plugin "zombie_plague40.amxx") (native "ArrayGetCell") - debug not enabled!
L 09/30/2024 - 12:33:55: [AMXX] To enable debug mode, add "debug" after the plugin name in plugins.ini (without quotes).
L 09/30/2024 - 12:33:55: Unhandled dynamic native error
L 09/30/2024 - 12:33:55: [AMXX] Run time error 10 (plugin "zp_gungnir_v2.amxx") (native "zp_register_extra_item") - debug not enabled!
L 09/30/2024 - 12:33:55: [AMXX] To enable debug mode, add "debug" after the plugin name in plugins.ini (without quotes).
L 09/30/2024 - 12:33:58: String formatted incorrectly - parameter 5 (total 4)
L 09/30/2024 - 12:33:58: [AMXX] Run time error 25 (plugin "saveData.amxx") - debug not enabled!
L 09/30/2024 - 12:33:58: [AMXX] To enable debug mode, add "debug" after the plugin name in plugins.ini (without quotes).
L 09/30/2024 - 12:35:50: Start of error session.
L 09/30/2024 - 12:35:50: Info (map "zm_202") (file "addons/amxmodx/logs/error_20240930.log")
L 09/30/2024 - 12:35:50: [AMXX] Plugin file open error (plugin "scm_entity_editor.amxx")
L 09/30/2024 - 12:35:51: Invalid index 13 (count: 13)
L 09/30/2024 - 12:35:51: [AMXX] Run time error 10 (plugin "zombie_plague40.amxx") (native "ArrayGetCell") - debug not enabled!
L 09/30/2024 - 12:35:51: [AMXX] To enable debug mode, add "debug" after the plugin name in plugins.ini (without quotes).
L 09/30/2024 - 12:35:51: Unhandled dynamic native error
L 09/30/2024 - 12:35:51: [AMXX] Run time error 10 (plugin "zp_gungnir_v2.amxx") (native "zp_register_extra_item") - debug not enabled!
L 09/30/2024 - 12:35:51: [AMXX] To enable debug mode, add "debug" after the plugin name in plugins.ini (without quotes).
L 09/30/2024 - 12:35:54: String formatted incorrectly - parameter 5 (total 4)
L 09/30/2024 - 12:35:54: [AMXX] Run time error 25 (plugin "saveData.amxx") - debug not enabled!
L 09/30/2024 - 12:35:54: [AMXX] To enable debug mode, add "debug" after the plugin name in plugins.ini (without quotes).
L 09/30/2024 - 12:36:31: Start of error session.
L 09/30/2024 - 12:36:31: Info (map "zm_202") (file "addons/amxmodx/logs/error_20240930.log")
L 09/30/2024 - 12:36:31: [AMXX] Plugin file open error (plugin "scm_entity_editor.amxx")
L 09/30/2024 - 12:36:32: Invalid index 13 (count: 13)
L 09/30/2024 - 12:36:32: [AMXX] Run time error 10 (plugin "zombie_plague40.amxx") (native "ArrayGetCell") - debug not enabled!
L 09/30/2024 - 12:36:32: [AMXX] To enable debug mode, add "debug" after the plugin name in plugins.ini (without quotes).
L 09/30/2024 - 12:36:32: Unhandled dynamic native error
L 09/30/2024 - 12:36:32: [AMXX] Run time error 10 (plugin "zp_gungnir_v2.amxx") (native "zp_register_extra_item") - debug not enabled!
L 09/30/2024 - 12:36:32: [AMXX] To enable debug mode, add "debug" after the plugin name in plugins.ini (without quotes).
L 09/30/2024 - 12:36:35: String formatted incorrectly - parameter 5 (total 4)
L 09/30/2024 - 12:36:35: [AMXX] Run time error 25 (plugin "saveData.amxx") - debug not enabled!
L 09/30/2024 - 12:36:35: [AMXX] To enable debug mode, add "debug" after the plugin name in plugins.ini (without quotes).
L 09/30/2024 - 12:37:41: Start of error session.
L 09/30/2024 - 12:37:41: Info (map "zm_202") (file "addons/amxmodx/logs/error_20240930.log")
L 09/30/2024 - 12:37:41: [AMXX] Plugin file open error (plugin "scm_entity_editor.amxx")
L 09/30/2024 - 12:37:42: Invalid index 13 (count: 13)
L 09/30/2024 - 12:37:42: [AMXX] Run time error 10 (plugin "zombie_plague40.amxx") (native "ArrayGetCell") - debug not enabled!
L 09/30/2024 - 12:37:42: [AMXX] To enable debug mode, add "debug" after the plugin name in plugins.ini (without quotes).
L 09/30/2024 - 12:37:42: Unhandled dynamic native error
L 09/30/2024 - 12:37:42: [AMXX] Run time error 10 (plugin "zp_gungnir_v2.amxx") (native "zp_register_extra_item") - debug not enabled!
L 09/30/2024 - 12:37:42: [AMXX] To enable debug mode, add "debug" after the plugin name in plugins.ini (without quotes).
L 09/30/2024 - 12:38:25: Start of error session.
L 09/30/2024 - 12:38:25: Info (map "zm_202") (file "addons/amxmodx/logs/error_20240930.log")
L 09/30/2024 - 12:38:25: [AMXX] Plugin file open error (plugin "scm_entity_editor.amxx")
L 09/30/2024 - 12:38:26: Invalid index 13 (count: 13)
L 09/30/2024 - 12:38:26: [AMXX] Run time error 10 (plugin "zombie_plague40.amxx") (native "ArrayGetCell") - debug not enabled!
L 09/30/2024 - 12:38:26: [AMXX] To enable debug mode, add "debug" after the plugin name in plugins.ini (without quotes).
L 09/30/2024 - 12:38:26: Unhandled dynamic native error
L 09/30/2024 - 12:38:26: [AMXX] Run time error 10 (plugin "zp_gungnir_v2.amxx") (native "zp_register_extra_item") - debug not enabled!
L 09/30/2024 - 12:38:26: [AMXX] To enable debug mode, add "debug" after the plugin name in plugins.ini (without quotes).
L 09/30/2024 - 12:39:21: Start of error session.
L 09/30/2024 - 12:39:21: Info (map "zm_202") (file "addons/amxmodx/logs/error_20240930.log")
L 09/30/2024 - 12:39:21: [AMXX] Plugin file open error (plugin "scm_entity_editor.amxx")
L 09/30/2024 - 12:39:22: Invalid index 13 (count: 13)
L 09/30/2024 - 12:39:22: [AMXX] Run time error 10 (plugin "zombie_plague40.amxx") (native "ArrayGetCell") - debug not enabled!
L 09/30/2024 - 12:39:22: [AMXX] To enable debug mode, add "debug" after the plugin name in plugins.ini (without quotes).
L 09/30/2024 - 12:39:22: Unhandled dynamic native error
L 09/30/2024 - 12:39:22: [AMXX] Run time error 10 (plugin "zp_gungnir_v2.amxx") (native "zp_register_extra_item") - debug not enabled!
L 09/30/2024 - 12:39:22: [AMXX] To enable debug mode, add "debug" after the plugin name in plugins.ini (without quotes).
L 09/30/2024 - 12:40:17: Start of error session.
L 09/30/2024 - 12:40:17: Info (map "zm_202") (file "addons/amxmodx/logs/error_20240930.log")
L 09/30/2024 - 12:40:17: [AMXX] Plugin file open error (plugin "scm_entity_editor.amxx")
L 09/30/2024 - 12:40:18: Invalid index 13 (count: 13)
L 09/30/2024 - 12:40:18: [AMXX] Run time error 10 (plugin "zombie_plague40.amxx") (native "ArrayGetCell") - debug not enabled!
L 09/30/2024 - 12:40:18: [AMXX] To enable debug mode, add "debug" after the plugin name in plugins.ini (without quotes).
L 09/30/2024 - 12:40:18: Unhandled dynamic native error
L 09/30/2024 - 12:40:18: [AMXX] Run time error 10 (plugin "zp_gungnir_v2.amxx") (native "zp_register_extra_item") - debug not enabled!
L 09/30/2024 - 12:40:18: [AMXX] To enable debug mode, add "debug" after the plugin name in plugins.ini (without quotes).
L 09/30/2024 - 12:42:32: Start of error session.
L 09/30/2024 - 12:42:32: Info (map "zm_202") (file "addons/amxmodx/logs/error_20240930.log")
L 09/30/2024 - 12:42:32: [AMXX] Plugin file open error (plugin "scm_entity_editor.amxx")
L 09/30/2024 - 12:42:33: Invalid index 13 (count: 13)
L 09/30/2024 - 12:42:33: [AMXX] Run time error 10 (plugin "zombie_plague40.amxx") (native "ArrayGetCell") - debug not enabled!
L 09/30/2024 - 12:42:33: [AMXX] To enable debug mode, add "debug" after the plugin name in plugins.ini (without quotes).
L 09/30/2024 - 12:42:33: Unhandled dynamic native error
L 09/30/2024 - 12:42:33: [AMXX] Run time error 10 (plugin "zp_gungnir_v2.amxx") (native "zp_register_extra_item") - debug not enabled!
L 09/30/2024 - 12:42:33: [AMXX] To enable debug mode, add "debug" after the plugin name in plugins.ini (without quotes).
L 09/30/2024 - 12:42:36: String formatted incorrectly - parameter 5 (total 4)
L 09/30/2024 - 12:42:36: [AMXX] Run time error 25 (plugin "saveData.amxx") - debug not enabled!
L 09/30/2024 - 12:42:36: [AMXX] To enable debug mode, add "debug" after the plugin name in plugins.ini (without quotes).
L 09/30/2024 - 12:42:42: Called dynanative into a paused plugin.
L 09/30/2024 - 12:42:42: [AMXX] Run time error 10 (plugin "start_menu.amxx") (native "n_get_rundom_donate_gun") - debug not enabled!
L 09/30/2024 - 12:42:42: [AMXX] To enable debug mode, add "debug" after the plugin name in plugins.ini (without quotes).
L 09/30/2024 - 12:43:27: Start of error session.
L 09/30/2024 - 12:43:27: Info (map "zm_202") (file "addons/amxmodx/logs/error_20240930.log")
L 09/30/2024 - 12:43:27: [AMXX] Plugin file open error (plugin "scm_entity_editor.amxx")
L 09/30/2024 - 12:43:28: Invalid index 13 (count: 13)
L 09/30/2024 - 12:43:28: [AMXX] Run time error 10 (plugin "zombie_plague40.amxx") (native "ArrayGetCell") - debug not enabled!
L 09/30/2024 - 12:43:28: [AMXX] To enable debug mode, add "debug" after the plugin name in plugins.ini (without quotes).
L 09/30/2024 - 12:43:28: Unhandled dynamic native error
L 09/30/2024 - 12:43:28: [AMXX] Run time error 10 (plugin "zp_gungnir_v2.amxx") (native "zp_register_extra_item") - debug not enabled!
L 09/30/2024 - 12:43:28: [AMXX] To enable debug mode, add "debug" after the plugin name in plugins.ini (without quotes).
L 09/30/2024 - 12:43:32: String formatted incorrectly - parameter 5 (total 4)
L 09/30/2024 - 12:43:32: [AMXX] Run time error 25 (plugin "saveData.amxx") - debug not enabled!
L 09/30/2024 - 12:43:32: [AMXX] To enable debug mode, add "debug" after the plugin name in plugins.ini (without quotes).
L 09/30/2024 - 12:48:54: Start of error session.
L 09/30/2024 - 12:48:54: Info (map "zm_202") (file "addons/amxmodx/logs/error_20240930.log")
L 09/30/2024 - 12:48:54: [AMXX] Plugin file open error (plugin "scm_entity_editor.amxx")
L 09/30/2024 - 12:48:54: Invalid index 13 (count: 13)
L 09/30/2024 - 12:48:54: [AMXX] Run time error 10 (plugin "zombie_plague40.amxx") (native "ArrayGetCell") - debug not enabled!
L 09/30/2024 - 12:48:54: [AMXX] To enable debug mode, add "debug" after the plugin name in plugins.ini (without quotes).
L 09/30/2024 - 12:48:54: Unhandled dynamic native error
L 09/30/2024 - 12:48:54: [AMXX] Run time error 10 (plugin "zp_gungnir_v2.amxx") (native "zp_register_extra_item") - debug not enabled!
L 09/30/2024 - 12:48:54: [AMXX] To enable debug mode, add "debug" after the plugin name in plugins.ini (without quotes).
L 09/30/2024 - 12:48:58: String formatted incorrectly - parameter 5 (total 4)
L 09/30/2024 - 12:48:58: [AMXX] Run time error 25 (plugin "saveData.amxx") - debug not enabled!
L 09/30/2024 - 12:48:58: [AMXX] To enable debug mode, add "debug" after the plugin name in plugins.ini (without quotes).
L 09/30/2024 - 12:50:06: Start of error session.
L 09/30/2024 - 12:50:06: Info (map "zm_202") (file "addons/amxmodx/logs/error_20240930.log")
L 09/30/2024 - 12:50:06: [AMXX] Plugin file open error (plugin "scm_entity_editor.amxx")
L 09/30/2024 - 12:50:07: Invalid index 13 (count: 13)
L 09/30/2024 - 12:50:07: [AMXX] Run time error 10 (plugin "zombie_plague40.amxx") (native "ArrayGetCell") - debug not enabled!
L 09/30/2024 - 12:50:07: [AMXX] To enable debug mode, add "debug" after the plugin name in plugins.ini (without quotes).
L 09/30/2024 - 12:50:07: Unhandled dynamic native error
L 09/30/2024 - 12:50:07: [AMXX] Run time error 10 (plugin "zp_gungnir_v2.amxx") (native "zp_register_extra_item") - debug not enabled!
L 09/30/2024 - 12:50:07: [AMXX] To enable debug mode, add "debug" after the plugin name in plugins.ini (without quotes).
L 09/30/2024 - 12:50:11: String formatted incorrectly - parameter 5 (total 4)
L 09/30/2024 - 12:50:11: [AMXX] Run time error 25 (plugin "saveData.amxx") - debug not enabled!
L 09/30/2024 - 12:50:11: [AMXX] To enable debug mode, add "debug" after the plugin name in plugins.ini (without quotes).
L 09/30/2024 - 12:53:31: Start of error session.
L 09/30/2024 - 12:53:31: Info (map "zm_202") (file "addons/amxmodx/logs/error_20240930.log")
L 09/30/2024 - 12:53:31: [AMXX] Plugin file open error (plugin "scm_entity_editor.amxx")
L 09/30/2024 - 12:53:32: Invalid index 13 (count: 13)
L 09/30/2024 - 12:53:32: [AMXX] Run time error 10 (plugin "zombie_plague40.amxx") (native "ArrayGetCell") - debug not enabled!
L 09/30/2024 - 12:53:32: [AMXX] To enable debug mode, add "debug" after the plugin name in plugins.ini (without quotes).
L 09/30/2024 - 12:53:32: Unhandled dynamic native error
L 09/30/2024 - 12:53:32: [AMXX] Run time error 10 (plugin "zp_gungnir_v2.amxx") (native "zp_register_extra_item") - debug not enabled!
L 09/30/2024 - 12:53:32: [AMXX] To enable debug mode, add "debug" after the plugin name in plugins.ini (without quotes).
L 09/30/2024 - 12:53:35: String formatted incorrectly - parameter 5 (total 4)
L 09/30/2024 - 12:53:35: [AMXX] Run time error 25 (plugin "saveData.amxx") - debug not enabled!
L 09/30/2024 - 12:53:35: [AMXX] To enable debug mode, add "debug" after the plugin name in plugins.ini (without quotes).
L 09/30/2024 - 13:06:23: Start of error session.
L 09/30/2024 - 13:06:23: Info (map "zm_202") (file "addons/amxmodx/logs/error_20240930.log")
L 09/30/2024 - 13:06:23: [AMXX] Plugin file open error (plugin "scm_entity_editor.amxx")
L 09/30/2024 - 13:06:24: Invalid index 13 (count: 13)
L 09/30/2024 - 13:06:24: [AMXX] Run time error 10 (plugin "zombie_plague40.amxx") (native "ArrayGetCell") - debug not enabled!
L 09/30/2024 - 13:06:24: [AMXX] To enable debug mode, add "debug" after the plugin name in plugins.ini (without quotes).
L 09/30/2024 - 13:06:24: Unhandled dynamic native error
L 09/30/2024 - 13:06:24: [AMXX] Run time error 10 (plugin "zp_gungnir_v2.amxx") (native "zp_register_extra_item") - debug not enabled!
L 09/30/2024 - 13:06:24: [AMXX] To enable debug mode, add "debug" after the plugin name in plugins.ini (without quotes).
L 09/30/2024 - 13:06:28: String formatted incorrectly - parameter 5 (total 4)
L 09/30/2024 - 13:06:28: [AMXX] Run time error 25 (plugin "saveData.amxx") - debug not enabled!
L 09/30/2024 - 13:06:28: [AMXX] To enable debug mode, add "debug" after the plugin name in plugins.ini (without quotes).
L 09/30/2024 - 13:07:24: Start of error session.
L 09/30/2024 - 13:07:24: Info (map "zm_202") (file "addons/amxmodx/logs/error_20240930.log")
L 09/30/2024 - 13:07:24: [AMXX] Plugin file open error (plugin "scm_entity_editor.amxx")
L 09/30/2024 - 13:07:25: Invalid index 13 (count: 13)
L 09/30/2024 - 13:07:25: [AMXX] Run time error 10 (plugin "zombie_plague40.amxx") (native "ArrayGetCell") - debug not enabled!
L 09/30/2024 - 13:07:25: [AMXX] To enable debug mode, add "debug" after the plugin name in plugins.ini (without quotes).
L 09/30/2024 - 13:07:25: Unhandled dynamic native error
L 09/30/2024 - 13:07:25: [AMXX] Run time error 10 (plugin "zp_gungnir_v2.amxx") (native "zp_register_extra_item") - debug not enabled!
L 09/30/2024 - 13:07:25: [AMXX] To enable debug mode, add "debug" after the plugin name in plugins.ini (without quotes).
L 09/30/2024 - 13:07:28: String formatted incorrectly - parameter 5 (total 4)
L 09/30/2024 - 13:07:28: [AMXX] Run time error 25 (plugin "saveData.amxx") - debug not enabled!
L 09/30/2024 - 13:07:28: [AMXX] To enable debug mode, add "debug" after the plugin name in plugins.ini (without quotes).
L 09/30/2024 - 20:53:08: Start of error session.
L 09/30/2024 - 20:53:08: Info (map "zm_fdust2x2") (file "addons/amxmodx/logs/error_20240930.log")
L 09/30/2024 - 20:53:08: [AMXX] Plugin file open error (plugin "scm_entity_editor.amxx")
L 09/30/2024 - 20:53:09: Invalid index 13 (count: 13)
L 09/30/2024 - 20:53:09: [AMXX] Run time error 10 (plugin "zombie_plague40.amxx") (native "ArrayGetCell") - debug not enabled!
L 09/30/2024 - 20:53:09: [AMXX] To enable debug mode, add "debug" after the plugin name in plugins.ini (without quotes).
L 09/30/2024 - 20:53:09: Unhandled dynamic native error
L 09/30/2024 - 20:53:10: [AMXX] Run time error 10 (plugin "zp_gungnir_v2.amxx") (native "zp_register_extra_item") - debug not enabled!
L 09/30/2024 - 20:53:10: [AMXX] To enable debug mode, add "debug" after the plugin name in plugins.ini (without quotes).
L 09/30/2024 - 20:53:15: String formatted incorrectly - parameter 5 (total 4)
L 09/30/2024 - 20:53:15: [AMXX] Run time error 25 (plugin "saveData.amxx") - debug not enabled!
L 09/30/2024 - 20:53:15: [AMXX] To enable debug mode, add "debug" after the plugin name in plugins.ini (without quotes).
L 09/30/2024 - 20:53:15: String formatted incorrectly - parameter 5 (total 4)
L 09/30/2024 - 20:53:15: [AMXX] Run time error 25 (plugin "saveData.amxx") - debug not enabled!
L 09/30/2024 - 20:53:15: [AMXX] To enable debug mode, add "debug" after the plugin name in plugins.ini (without quotes).
L 09/30/2024 - 20:53:16: String formatted incorrectly - parameter 5 (total 4)
L 09/30/2024 - 20:53:16: [AMXX] Run time error 25 (plugin "saveData.amxx") - debug not enabled!
L 09/30/2024 - 20:53:16: [AMXX] To enable debug mode, add "debug" after the plugin name in plugins.ini (without quotes).
L 09/30/2024 - 20:53:16: String formatted incorrectly - parameter 5 (total 4)
L 09/30/2024 - 20:53:16: [AMXX] Run time error 25 (plugin "saveData.amxx") - debug not enabled!
L 09/30/2024 - 20:53:16: [AMXX] To enable debug mode, add "debug" after the plugin name in plugins.ini (without quotes).
L 09/30/2024 - 20:53:17: String formatted incorrectly - parameter 5 (total 4)
L 09/30/2024 - 20:53:17: [AMXX] Run time error 25 (plugin "saveData.amxx") - debug not enabled!
L 09/30/2024 - 20:53:17: [AMXX] To enable debug mode, add "debug" after the plugin name in plugins.ini (without quotes).
L 09/30/2024 - 20:53:17: String formatted incorrectly - parameter 5 (total 4)
L 09/30/2024 - 20:53:17: [AMXX] Run time error 25 (plugin "saveData.amxx") - debug not enabled!
L 09/30/2024 - 20:53:17: [AMXX] To enable debug mode, add "debug" after the plugin name in plugins.ini (without quotes).
L 09/30/2024 - 20:53:18: String formatted incorrectly - parameter 5 (total 4)
L 09/30/2024 - 20:53:18: [AMXX] Run time error 25 (plugin "saveData.amxx") - debug not enabled!
L 09/30/2024 - 20:53:18: [AMXX] To enable debug mode, add "debug" after the plugin name in plugins.ini (without quotes).
L 09/30/2024 - 20:53:39: String formatted incorrectly - parameter 5 (total 4)
L 09/30/2024 - 20:53:39: [AMXX] Run time error 25 (plugin "saveData.amxx") - debug not enabled!
L 09/30/2024 - 20:53:39: [AMXX] To enable debug mode, add "debug" after the plugin name in plugins.ini (without quotes).
L 09/30/2024 - 20:54:04: Start of error session.
L 09/30/2024 - 20:54:04: Info (map "zm_bounty") (file "addons/amxmodx/logs/error_20240930.log")
L 09/30/2024 - 20:54:04: [AMXX] Plugin file open error (plugin "scm_entity_editor.amxx")
L 09/30/2024 - 20:54:05: Invalid index 13 (count: 13)
L 09/30/2024 - 20:54:05: [AMXX] Run time error 10 (plugin "zombie_plague40.amxx") (native "ArrayGetCell") - debug not enabled!
L 09/30/2024 - 20:54:05: [AMXX] To enable debug mode, add "debug" after the plugin name in plugins.ini (without quotes).
L 09/30/2024 - 20:54:05: Unhandled dynamic native error
L 09/30/2024 - 20:54:05: [AMXX] Run time error 10 (plugin "zp_gungnir_v2.amxx") (native "zp_register_extra_item") - debug not enabled!
L 09/30/2024 - 20:54:05: [AMXX] To enable debug mode, add "debug" after the plugin name in plugins.ini (without quotes).
L 09/30/2024 - 20:54:43: Start of error session.
L 09/30/2024 - 20:54:43: Info (map "zm_bounty") (file "addons/amxmodx/logs/error_20240930.log")
L 09/30/2024 - 20:54:43: [AMXX] Plugin file open error (plugin "scm_entity_editor.amxx")
L 09/30/2024 - 20:54:44: Invalid index 13 (count: 13)
L 09/30/2024 - 20:54:44: [AMXX] Run time error 10 (plugin "zombie_plague40.amxx") (native "ArrayGetCell") - debug not enabled!
L 09/30/2024 - 20:54:44: [AMXX] To enable debug mode, add "debug" after the plugin name in plugins.ini (without quotes).
L 09/30/2024 - 20:54:44: Unhandled dynamic native error
L 09/30/2024 - 20:54:44: [AMXX] Run time error 10 (plugin "zp_gungnir_v2.amxx") (native "zp_register_extra_item") - debug not enabled!
L 09/30/2024 - 20:54:44: [AMXX] To enable debug mode, add "debug" after the plugin name in plugins.ini (without quotes).
L 09/30/2024 - 20:54:59: String formatted incorrectly - parameter 5 (total 4)
L 09/30/2024 - 20:54:59: [AMXX] Displaying debug trace (plugin "saveData.amxx", version "1.0")
L 09/30/2024 - 20:54:59: [AMXX] Run time error 25: parameter error 
L 09/30/2024 - 20:54:59: [AMXX]    [0] saveData.sma::Load_date (line 72)
L 09/30/2024 - 20:54:59: [AMXX]    [1] saveData.sma::client_putinserver (line 45)
L 09/30/2024 - 20:56:04: Start of error session.
L 09/30/2024 - 20:56:04: Info (map "zm_bounty") (file "addons/amxmodx/logs/error_20240930.log")
L 09/30/2024 - 20:56:04: [AMXX] Plugin file open error (plugin "scm_entity_editor.amxx")
L 09/30/2024 - 20:56:05: Invalid index 13 (count: 13)
L 09/30/2024 - 20:56:05: [AMXX] Run time error 10 (plugin "zombie_plague40.amxx") (native "ArrayGetCell") - debug not enabled!
L 09/30/2024 - 20:56:05: [AMXX] To enable debug mode, add "debug" after the plugin name in plugins.ini (without quotes).
L 09/30/2024 - 20:56:05: Unhandled dynamic native error
L 09/30/2024 - 20:56:05: [AMXX] Run time error 10 (plugin "zp_gungnir_v2.amxx") (native "zp_register_extra_item") - debug not enabled!
L 09/30/2024 - 20:56:05: [AMXX] To enable debug mode, add "debug" after the plugin name in plugins.ini (without quotes).
L 09/30/2024 - 20:56:34: Start of error session.
L 09/30/2024 - 20:56:34: Info (map "zm_bounty") (file "addons/amxmodx/logs/error_20240930.log")
L 09/30/2024 - 20:56:34: [AMXX] Plugin file open error (plugin "scm_entity_editor.amxx")
L 09/30/2024 - 20:56:35: Invalid index 13 (count: 13)
L 09/30/2024 - 20:56:35: [AMXX] Run time error 10 (plugin "zombie_plague40.amxx") (native "ArrayGetCell") - debug not enabled!
L 09/30/2024 - 20:56:35: [AMXX] To enable debug mode, add "debug" after the plugin name in plugins.ini (without quotes).
L 09/30/2024 - 20:56:35: Unhandled dynamic native error
L 09/30/2024 - 20:56:35: [AMXX] Run time error 10 (plugin "zp_gungnir_v2.amxx") (native "zp_register_extra_item") - debug not enabled!
L 09/30/2024 - 20:56:35: [AMXX] To enable debug mode, add "debug" after the plugin name in plugins.ini (without quotes).
L 09/30/2024 - 20:57:35: Start of error session.
L 09/30/2024 - 20:57:35: Info (map "zm_bounty") (file "addons/amxmodx/logs/error_20240930.log")
L 09/30/2024 - 20:57:35: [AMXX] Plugin file open error (plugin "scm_entity_editor.amxx")
L 09/30/2024 - 20:57:36: Invalid index 13 (count: 13)
L 09/30/2024 - 20:57:36: [AMXX] Run time error 10 (plugin "zombie_plague40.amxx") (native "ArrayGetCell") - debug not enabled!
L 09/30/2024 - 20:57:36: [AMXX] To enable debug mode, add "debug" after the plugin name in plugins.ini (without quotes).
L 09/30/2024 - 20:57:36: Unhandled dynamic native error
L 09/30/2024 - 20:57:36: [AMXX] Run time error 10 (plugin "zp_gungnir_v2.amxx") (native "zp_register_extra_item") - debug not enabled!
L 09/30/2024 - 20:57:36: [AMXX] To enable debug mode, add "debug" after the plugin name in plugins.ini (without quotes).
L 09/30/2024 - 21:02:16: Start of error session.
L 09/30/2024 - 21:02:16: Info (map "zm_bounty") (file "addons/amxmodx/logs/error_20240930.log")
L 09/30/2024 - 21:02:16: [AMXX] Plugin file open error (plugin "scm_entity_editor.amxx")
L 09/30/2024 - 21:02:17: Invalid index 13 (count: 13)
L 09/30/2024 - 21:02:17: [AMXX] Run time error 10 (plugin "zombie_plague40.amxx") (native "ArrayGetCell") - debug not enabled!
L 09/30/2024 - 21:02:17: [AMXX] To enable debug mode, add "debug" after the plugin name in plugins.ini (without quotes).
L 09/30/2024 - 21:02:17: Unhandled dynamic native error
L 09/30/2024 - 21:02:17: [AMXX] Run time error 10 (plugin "zp_gungnir_v2.amxx") (native "zp_register_extra_item") - debug not enabled!
L 09/30/2024 - 21:02:17: [AMXX] To enable debug mode, add "debug" after the plugin name in plugins.ini (without quotes).
L 09/30/2024 - 21:03:01: Start of error session.
L 09/30/2024 - 21:03:01: Info (map "zm_bounty") (file "addons/amxmodx/logs/error_20240930.log")
L 09/30/2024 - 21:03:01: [AMXX] Plugin file open error (plugin "scm_entity_editor.amxx")
L 09/30/2024 - 21:03:02: Invalid index 13 (count: 13)
L 09/30/2024 - 21:03:02: [AMXX] Run time error 10 (plugin "zombie_plague40.amxx") (native "ArrayGetCell") - debug not enabled!
L 09/30/2024 - 21:03:02: [AMXX] To enable debug mode, add "debug" after the plugin name in plugins.ini (without quotes).
L 09/30/2024 - 21:03:02: Unhandled dynamic native error
L 09/30/2024 - 21:03:02: [AMXX] Run time error 10 (plugin "zp_gungnir_v2.amxx") (native "zp_register_extra_item") - debug not enabled!
L 09/30/2024 - 21:03:02: [AMXX] To enable debug mode, add "debug" after the plugin name in plugins.ini (without quotes).
L 09/30/2024 - 21:03:34: Start of error session.
L 09/30/2024 - 21:03:34: Info (map "zm_bounty") (file "addons/amxmodx/logs/error_20240930.log")
L 09/30/2024 - 21:03:34: [AMXX] Plugin file open error (plugin "scm_entity_editor.amxx")
L 09/30/2024 - 21:03:35: Invalid index 13 (count: 13)
L 09/30/2024 - 21:03:35: [AMXX] Run time error 10 (plugin "zombie_plague40.amxx") (native "ArrayGetCell") - debug not enabled!
L 09/30/2024 - 21:03:35: [AMXX] To enable debug mode, add "debug" after the plugin name in plugins.ini (without quotes).
L 09/30/2024 - 21:03:35: Unhandled dynamic native error
L 09/30/2024 - 21:03:35: [AMXX] Run time error 10 (plugin "zp_gungnir_v2.amxx") (native "zp_register_extra_item") - debug not enabled!
L 09/30/2024 - 21:03:35: [AMXX] To enable debug mode, add "debug" after the plugin name in plugins.ini (without quotes).
L 09/30/2024 - 21:05:05: Start of error session.
L 09/30/2024 - 21:05:05: Info (map "zm_bounty") (file "addons/amxmodx/logs/error_20240930.log")
L 09/30/2024 - 21:05:05: [AMXX] Plugin file open error (plugin "scm_entity_editor.amxx")
L 09/30/2024 - 21:05:06: Invalid index 13 (count: 13)
L 09/30/2024 - 21:05:06: [AMXX] Run time error 10 (plugin "zombie_plague40.amxx") (native "ArrayGetCell") - debug not enabled!
L 09/30/2024 - 21:05:06: [AMXX] To enable debug mode, add "debug" after the plugin name in plugins.ini (without quotes).
L 09/30/2024 - 21:05:06: Unhandled dynamic native error
L 09/30/2024 - 21:05:06: [AMXX] Run time error 10 (plugin "zp_gungnir_v2.amxx") (native "zp_register_extra_item") - debug not enabled!
L 09/30/2024 - 21:05:06: [AMXX] To enable debug mode, add "debug" after the plugin name in plugins.ini (without quotes).
L 09/30/2024 - 21:05:39: Start of error session.
L 09/30/2024 - 21:05:39: Info (map "zm_bounty") (file "addons/amxmodx/logs/error_20240930.log")
L 09/30/2024 - 21:05:39: [AMXX] Plugin file open error (plugin "scm_entity_editor.amxx")
L 09/30/2024 - 21:05:40: Invalid index 13 (count: 13)
L 09/30/2024 - 21:05:40: [AMXX] Run time error 10 (plugin "zombie_plague40.amxx") (native "ArrayGetCell") - debug not enabled!
L 09/30/2024 - 21:05:40: [AMXX] To enable debug mode, add "debug" after the plugin name in plugins.ini (without quotes).
L 09/30/2024 - 21:05:40: Unhandled dynamic native error
L 09/30/2024 - 21:05:40: [AMXX] Run time error 10 (plugin "zp_gungnir_v2.amxx") (native "zp_register_extra_item") - debug not enabled!
L 09/30/2024 - 21:05:40: [AMXX] To enable debug mode, add "debug" after the plugin name in plugins.ini (without quotes).
L 09/30/2024 - 21:06:07: Start of error session.
L 09/30/2024 - 21:06:07: Info (map "zm_bounty") (file "addons/amxmodx/logs/error_20240930.log")
L 09/30/2024 - 21:06:07: [AMXX] Plugin file open error (plugin "scm_entity_editor.amxx")
L 09/30/2024 - 21:06:08: Invalid index 13 (count: 13)
L 09/30/2024 - 21:06:08: [AMXX] Run time error 10 (plugin "zombie_plague40.amxx") (native "ArrayGetCell") - debug not enabled!
L 09/30/2024 - 21:06:08: [AMXX] To enable debug mode, add "debug" after the plugin name in plugins.ini (without quotes).
L 09/30/2024 - 21:06:08: Unhandled dynamic native error
L 09/30/2024 - 21:06:08: [AMXX] Run time error 10 (plugin "zp_gungnir_v2.amxx") (native "zp_register_extra_item") - debug not enabled!
L 09/30/2024 - 21:06:08: [AMXX] To enable debug mode, add "debug" after the plugin name in plugins.ini (without quotes).
L 09/30/2024 - 21:08:09: Start of error session.
L 09/30/2024 - 21:08:09: Info (map "zm_bounty") (file "addons/amxmodx/logs/error_20240930.log")
L 09/30/2024 - 21:08:09: [AMXX] Plugin file open error (plugin "scm_entity_editor.amxx")
L 09/30/2024 - 21:08:11: Invalid index 13 (count: 13)
L 09/30/2024 - 21:08:11: [AMXX] Run time error 10 (plugin "zombie_plague40.amxx") (native "ArrayGetCell") - debug not enabled!
L 09/30/2024 - 21:08:11: [AMXX] To enable debug mode, add "debug" after the plugin name in plugins.ini (without quotes).
L 09/30/2024 - 21:08:11: Unhandled dynamic native error
L 09/30/2024 - 21:08:11: [AMXX] Run time error 10 (plugin "zp_gungnir_v2.amxx") (native "zp_register_extra_item") - debug not enabled!
L 09/30/2024 - 21:08:11: [AMXX] To enable debug mode, add "debug" after the plugin name in plugins.ini (without quotes).
L 09/30/2024 - 21:09:14: Start of error session.
L 09/30/2024 - 21:09:14: Info (map "zm_bounty") (file "addons/amxmodx/logs/error_20240930.log")
L 09/30/2024 - 21:09:14: [AMXX] Plugin file open error (plugin "scm_entity_editor.amxx")
L 09/30/2024 - 21:09:15: Invalid index 13 (count: 13)
L 09/30/2024 - 21:09:15: [AMXX] Run time error 10 (plugin "zombie_plague40.amxx") (native "ArrayGetCell") - debug not enabled!
L 09/30/2024 - 21:09:15: [AMXX] To enable debug mode, add "debug" after the plugin name in plugins.ini (without quotes).
L 09/30/2024 - 21:09:15: Unhandled dynamic native error
L 09/30/2024 - 21:09:15: [AMXX] Run time error 10 (plugin "zp_gungnir_v2.amxx") (native "zp_register_extra_item") - debug not enabled!
L 09/30/2024 - 21:09:15: [AMXX] To enable debug mode, add "debug" after the plugin name in plugins.ini (without quotes).
L 09/30/2024 - 21:11:30: Start of error session.
L 09/30/2024 - 21:11:30: Info (map "zm_bounty") (file "addons/amxmodx/logs/error_20240930.log")
L 09/30/2024 - 21:11:30: [AMXX] Plugin file open error (plugin "scm_entity_editor.amxx")
L 09/30/2024 - 21:11:32: Invalid index 13 (count: 13)
L 09/30/2024 - 21:11:32: [AMXX] Run time error 10 (plugin "zombie_plague40.amxx") (native "ArrayGetCell") - debug not enabled!
L 09/30/2024 - 21:11:32: [AMXX] To enable debug mode, add "debug" after the plugin name in plugins.ini (without quotes).
L 09/30/2024 - 21:11:32: Unhandled dynamic native error
L 09/30/2024 - 21:11:32: [AMXX] Run time error 10 (plugin "zp_gungnir_v2.amxx") (native "zp_register_extra_item") - debug not enabled!
L 09/30/2024 - 21:11:32: [AMXX] To enable debug mode, add "debug" after the plugin name in plugins.ini (without quotes).
L 09/30/2024 - 21:14:03: Start of error session.
L 09/30/2024 - 21:14:03: Info (map "zm_bounty") (file "addons/amxmodx/logs/error_20240930.log")
L 09/30/2024 - 21:14:03: [AMXX] Plugin file open error (plugin "scm_entity_editor.amxx")
L 09/30/2024 - 21:14:04: Invalid index 13 (count: 13)
L 09/30/2024 - 21:14:04: [AMXX] Run time error 10 (plugin "zombie_plague40.amxx") (native "ArrayGetCell") - debug not enabled!
L 09/30/2024 - 21:14:04: [AMXX] To enable debug mode, add "debug" after the plugin name in plugins.ini (without quotes).
L 09/30/2024 - 21:14:04: Unhandled dynamic native error
L 09/30/2024 - 21:14:04: [AMXX] Run time error 10 (plugin "zp_gungnir_v2.amxx") (native "zp_register_extra_item") - debug not enabled!
L 09/30/2024 - 21:14:04: [AMXX] To enable debug mode, add "debug" after the plugin name in plugins.ini (without quotes).
L 09/30/2024 - 21:16:07: [ENGINE] Invalid entity 146
L 09/30/2024 - 21:16:07: [AMXX] Run time error 10 (plugin "grenade_modes.amxx") (native "entity_get_vector") - debug not enabled!
L 09/30/2024 - 21:16:07: [AMXX] To enable debug mode, add "debug" after the plugin name in plugins.ini (without quotes).
L 09/30/2024 - 21:18:39: Start of error session.
L 09/30/2024 - 21:18:39: Info (map "zm_bounty") (file "addons/amxmodx/logs/error_20240930.log")
L 09/30/2024 - 21:18:39: [AMXX] Plugin file open error (plugin "scm_entity_editor.amxx")
L 09/30/2024 - 21:18:41: Invalid index 13 (count: 13)
L 09/30/2024 - 21:18:41: [AMXX] Run time error 10 (plugin "zombie_plague40.amxx") (native "ArrayGetCell") - debug not enabled!
L 09/30/2024 - 21:18:41: [AMXX] To enable debug mode, add "debug" after the plugin name in plugins.ini (without quotes).
L 09/30/2024 - 21:18:41: Unhandled dynamic native error
L 09/30/2024 - 21:18:41: [AMXX] Run time error 10 (plugin "zp_gungnir_v2.amxx") (native "zp_register_extra_item") - debug not enabled!
L 09/30/2024 - 21:18:41: [AMXX] To enable debug mode, add "debug" after the plugin name in plugins.ini (without quotes).
L 09/30/2024 - 21:32:14: Start of error session.
L 09/30/2024 - 21:32:14: Info (map "zm_bounty") (file "addons/amxmodx/logs/error_20240930.log")
L 09/30/2024 - 21:32:14: [AMXX] Plugin file open error (plugin "scm_entity_editor.amxx")
L 09/30/2024 - 21:32:16: Invalid index 13 (count: 13)
L 09/30/2024 - 21:32:16: [AMXX] Run time error 10 (plugin "zombie_plague40.amxx") (native "ArrayGetCell") - debug not enabled!
L 09/30/2024 - 21:32:16: [AMXX] To enable debug mode, add "debug" after the plugin name in plugins.ini (without quotes).
L 09/30/2024 - 21:32:16: Unhandled dynamic native error
L 09/30/2024 - 21:32:16: [AMXX] Run time error 10 (plugin "zp_gungnir_v2.amxx") (native "zp_register_extra_item") - debug not enabled!
L 09/30/2024 - 21:32:16: [AMXX] To enable debug mode, add "debug" after the plugin name in plugins.ini (without quotes).
L 09/30/2024 - 21:32:21: String formatted incorrectly - parameter 4 (total 3)
L 09/30/2024 - 21:32:21: [AMXX] Run time error 25 (plugin "menu_person_seting.amxx") - debug not enabled!
L 09/30/2024 - 21:32:21: [AMXX] To enable debug mode, add "debug" after the plugin name in plugins.ini (without quotes).
L 09/30/2024 - 21:32:22: String formatted incorrectly - parameter 4 (total 3)
L 09/30/2024 - 21:32:22: [AMXX] Run time error 25 (plugin "menu_person_seting.amxx") - debug not enabled!
L 09/30/2024 - 21:32:22: [AMXX] To enable debug mode, add "debug" after the plugin name in plugins.ini (without quotes).
L 09/30/2024 - 21:32:23: String formatted incorrectly - parameter 4 (total 3)
L 09/30/2024 - 21:32:23: [AMXX] Run time error 25 (plugin "menu_person_seting.amxx") - debug not enabled!
L 09/30/2024 - 21:32:23: [AMXX] To enable debug mode, add "debug" after the plugin name in plugins.ini (without quotes).
L 09/30/2024 - 21:32:24: String formatted incorrectly - parameter 4 (total 3)
L 09/30/2024 - 21:32:24: [AMXX] Run time error 25 (plugin "menu_person_seting.amxx") - debug not enabled!
L 09/30/2024 - 21:32:24: [AMXX] To enable debug mode, add "debug" after the plugin name in plugins.ini (without quotes).
L 09/30/2024 - 21:32:25: String formatted incorrectly - parameter 4 (total 3)
L 09/30/2024 - 21:32:25: [AMXX] Run time error 25 (plugin "menu_person_seting.amxx") - debug not enabled!
L 09/30/2024 - 21:32:25: [AMXX] To enable debug mode, add "debug" after the plugin name in plugins.ini (without quotes).
L 09/30/2024 - 21:32:26: String formatted incorrectly - parameter 4 (total 3)
L 09/30/2024 - 21:32:26: [AMXX] Run time error 25 (plugin "menu_person_seting.amxx") - debug not enabled!
L 09/30/2024 - 21:32:26: [AMXX] To enable debug mode, add "debug" after the plugin name in plugins.ini (without quotes).
L 09/30/2024 - 21:32:27: String formatted incorrectly - parameter 4 (total 3)
L 09/30/2024 - 21:32:27: [AMXX] Run time error 25 (plugin "menu_person_seting.amxx") - debug not enabled!
L 09/30/2024 - 21:32:27: [AMXX] To enable debug mode, add "debug" after the plugin name in plugins.ini (without quotes).
L 09/30/2024 - 21:32:28: String formatted incorrectly - parameter 4 (total 3)
L 09/30/2024 - 21:32:28: [AMXX] Run time error 25 (plugin "menu_person_seting.amxx") - debug not enabled!
L 09/30/2024 - 21:32:28: [AMXX] To enable debug mode, add "debug" after the plugin name in plugins.ini (without quotes).
L 09/30/2024 - 21:32:29: String formatted incorrectly - parameter 4 (total 3)
L 09/30/2024 - 21:32:29: [AMXX] Run time error 25 (plugin "menu_person_seting.amxx") - debug not enabled!
L 09/30/2024 - 21:32:29: [AMXX] To enable debug mode, add "debug" after the plugin name in plugins.ini (without quotes).
L 09/30/2024 - 21:32:30: String formatted incorrectly - parameter 4 (total 3)
L 09/30/2024 - 21:32:30: [AMXX] Run time error 25 (plugin "menu_person_seting.amxx") - debug not enabled!
L 09/30/2024 - 21:32:30: [AMXX] To enable debug mode, add "debug" after the plugin name in plugins.ini (without quotes).
L 09/30/2024 - 21:32:31: String formatted incorrectly - parameter 4 (total 3)
L 09/30/2024 - 21:32:31: [AMXX] Run time error 25 (plugin "menu_person_seting.amxx") - debug not enabled!
L 09/30/2024 - 21:32:31: [AMXX] To enable debug mode, add "debug" after the plugin name in plugins.ini (without quotes).
L 09/30/2024 - 21:32:32: String formatted incorrectly - parameter 4 (total 3)
L 09/30/2024 - 21:32:32: [AMXX] Run time error 25 (plugin "menu_person_seting.amxx") - debug not enabled!
L 09/30/2024 - 21:32:32: [AMXX] To enable debug mode, add "debug" after the plugin name in plugins.ini (without quotes).
L 09/30/2024 - 21:32:33: String formatted incorrectly - parameter 4 (total 3)
L 09/30/2024 - 21:32:33: [AMXX] Run time error 25 (plugin "menu_person_seting.amxx") - debug not enabled!
L 09/30/2024 - 21:32:33: [AMXX] To enable debug mode, add "debug" after the plugin name in plugins.ini (without quotes).
L 09/30/2024 - 21:32:34: String formatted incorrectly - parameter 4 (total 3)
L 09/30/2024 - 21:32:34: [AMXX] Run time error 25 (plugin "menu_person_seting.amxx") - debug not enabled!
L 09/30/2024 - 21:32:34: [AMXX] To enable debug mode, add "debug" after the plugin name in plugins.ini (without quotes).
L 09/30/2024 - 21:32:35: String formatted incorrectly - parameter 4 (total 3)
L 09/30/2024 - 21:32:35: [AMXX] Run time error 25 (plugin "menu_person_seting.amxx") - debug not enabled!
L 09/30/2024 - 21:32:35: [AMXX] To enable debug mode, add "debug" after the plugin name in plugins.ini (without quotes).
L 09/30/2024 - 21:32:36: String formatted incorrectly - parameter 4 (total 3)
L 09/30/2024 - 21:32:36: [AMXX] Run time error 25 (plugin "menu_person_seting.amxx") - debug not enabled!
L 09/30/2024 - 21:32:36: [AMXX] To enable debug mode, add "debug" after the plugin name in plugins.ini (without quotes).
L 09/30/2024 - 21:32:37: String formatted incorrectly - parameter 4 (total 3)
L 09/30/2024 - 21:32:37: [AMXX] Run time error 25 (plugin "menu_person_seting.amxx") - debug not enabled!
L 09/30/2024 - 21:32:37: [AMXX] To enable debug mode, add "debug" after the plugin name in plugins.ini (without quotes).
L 09/30/2024 - 21:32:38: String formatted incorrectly - parameter 4 (total 3)
L 09/30/2024 - 21:32:38: [AMXX] Run time error 25 (plugin "menu_person_seting.amxx") - debug not enabled!
L 09/30/2024 - 21:32:38: [AMXX] To enable debug mode, add "debug" after the plugin name in plugins.ini (without quotes).
L 09/30/2024 - 21:32:39: String formatted incorrectly - parameter 4 (total 3)
L 09/30/2024 - 21:32:39: [AMXX] Run time error 25 (plugin "menu_person_seting.amxx") - debug not enabled!
L 09/30/2024 - 21:32:39: [AMXX] To enable debug mode, add "debug" after the plugin name in plugins.ini (without quotes).
L 09/30/2024 - 21:32:40: String formatted incorrectly - parameter 4 (total 3)
L 09/30/2024 - 21:32:40: [AMXX] Run time error 25 (plugin "menu_person_seting.amxx") - debug not enabled!
L 09/30/2024 - 21:32:40: [AMXX] To enable debug mode, add "debug" after the plugin name in plugins.ini (without quotes).
L 09/30/2024 - 21:32:41: String formatted incorrectly - parameter 4 (total 3)
L 09/30/2024 - 21:32:41: [AMXX] Run time error 25 (plugin "menu_person_seting.amxx") - debug not enabled!
L 09/30/2024 - 21:32:41: [AMXX] To enable debug mode, add "debug" after the plugin name in plugins.ini (without quotes).
L 09/30/2024 - 21:32:42: String formatted incorrectly - parameter 4 (total 3)
L 09/30/2024 - 21:32:42: [AMXX] Run time error 25 (plugin "menu_person_seting.amxx") - debug not enabled!
L 09/30/2024 - 21:32:42: [AMXX] To enable debug mode, add "debug" after the plugin name in plugins.ini (without quotes).
L 09/30/2024 - 21:32:43: String formatted incorrectly - parameter 4 (total 3)
L 09/30/2024 - 21:32:43: [AMXX] Run time error 25 (plugin "menu_person_seting.amxx") - debug not enabled!
L 09/30/2024 - 21:32:43: [AMXX] To enable debug mode, add "debug" after the plugin name in plugins.ini (without quotes).
L 09/30/2024 - 21:32:44: String formatted incorrectly - parameter 4 (total 3)
L 09/30/2024 - 21:32:44: [AMXX] Run time error 25 (plugin "menu_person_seting.amxx") - debug not enabled!
L 09/30/2024 - 21:32:44: [AMXX] To enable debug mode, add "debug" after the plugin name in plugins.ini (without quotes).
L 09/30/2024 - 21:32:45: String formatted incorrectly - parameter 4 (total 3)
L 09/30/2024 - 21:32:45: [AMXX] Run time error 25 (plugin "menu_person_seting.amxx") - debug not enabled!
L 09/30/2024 - 21:32:45: [AMXX] To enable debug mode, add "debug" after the plugin name in plugins.ini (without quotes).
L 09/30/2024 - 21:32:46: String formatted incorrectly - parameter 4 (total 3)
L 09/30/2024 - 21:32:46: [AMXX] Run time error 25 (plugin "menu_person_seting.amxx") - debug not enabled!
L 09/30/2024 - 21:32:46: [AMXX] To enable debug mode, add "debug" after the plugin name in plugins.ini (without quotes).
L 09/30/2024 - 21:32:47: String formatted incorrectly - parameter 4 (total 3)
L 09/30/2024 - 21:32:47: [AMXX] Run time error 25 (plugin "menu_person_seting.amxx") - debug not enabled!
L 09/30/2024 - 21:32:47: [AMXX] To enable debug mode, add "debug" after the plugin name in plugins.ini (without quotes).
L 09/30/2024 - 21:32:48: String formatted incorrectly - parameter 4 (total 3)
L 09/30/2024 - 21:32:48: [AMXX] Run time error 25 (plugin "menu_person_seting.amxx") - debug not enabled!
L 09/30/2024 - 21:32:48: [AMXX] To enable debug mode, add "debug" after the plugin name in plugins.ini (without quotes).
L 09/30/2024 - 21:32:49: String formatted incorrectly - parameter 4 (total 3)
L 09/30/2024 - 21:32:49: [AMXX] Run time error 25 (plugin "menu_person_seting.amxx") - debug not enabled!
L 09/30/2024 - 21:32:49: [AMXX] To enable debug mode, add "debug" after the plugin name in plugins.ini (without quotes).
L 09/30/2024 - 21:32:50: String formatted incorrectly - parameter 4 (total 3)
L 09/30/2024 - 21:32:50: [AMXX] Run time error 25 (plugin "menu_person_seting.amxx") - debug not enabled!
L 09/30/2024 - 21:32:50: [AMXX] To enable debug mode, add "debug" after the plugin name in plugins.ini (without quotes).
L 09/30/2024 - 21:32:51: String formatted incorrectly - parameter 4 (total 3)
L 09/30/2024 - 21:32:51: [AMXX] Run time error 25 (plugin "menu_person_seting.amxx") - debug not enabled!
L 09/30/2024 - 21:32:51: [AMXX] To enable debug mode, add "debug" after the plugin name in plugins.ini (without quotes).
L 09/30/2024 - 21:32:52: String formatted incorrectly - parameter 4 (total 3)
L 09/30/2024 - 21:32:52: [AMXX] Run time error 25 (plugin "menu_person_seting.amxx") - debug not enabled!
L 09/30/2024 - 21:32:52: [AMXX] To enable debug mode, add "debug" after the plugin name in plugins.ini (without quotes).
L 09/30/2024 - 21:32:53: String formatted incorrectly - parameter 4 (total 3)
L 09/30/2024 - 21:32:53: [AMXX] Run time error 25 (plugin "menu_person_seting.amxx") - debug not enabled!
L 09/30/2024 - 21:32:53: [AMXX] To enable debug mode, add "debug" after the plugin name in plugins.ini (without quotes).
L 09/30/2024 - 21:32:54: String formatted incorrectly - parameter 4 (total 3)
L 09/30/2024 - 21:32:54: [AMXX] Run time error 25 (plugin "menu_person_seting.amxx") - debug not enabled!
L 09/30/2024 - 21:32:54: [AMXX] To enable debug mode, add "debug" after the plugin name in plugins.ini (without quotes).
L 09/30/2024 - 21:32:55: String formatted incorrectly - parameter 4 (total 3)
L 09/30/2024 - 21:32:55: [AMXX] Run time error 25 (plugin "menu_person_seting.amxx") - debug not enabled!
L 09/30/2024 - 21:32:55: [AMXX] To enable debug mode, add "debug" after the plugin name in plugins.ini (without quotes).
L 09/30/2024 - 21:32:56: String formatted incorrectly - parameter 4 (total 3)
L 09/30/2024 - 21:32:56: [AMXX] Run time error 25 (plugin "menu_person_seting.amxx") - debug not enabled!
L 09/30/2024 - 21:32:56: [AMXX] To enable debug mode, add "debug" after the plugin name in plugins.ini (without quotes).
L 09/30/2024 - 21:32:57: Start of error session.
L 09/30/2024 - 21:32:57: Info (map "zm_bounty") (file "addons/amxmodx/logs/error_20240930.log")
L 09/30/2024 - 21:32:57: [AMXX] Plugin file open error (plugin "scm_entity_editor.amxx")
L 09/30/2024 - 21:32:58: Invalid index 13 (count: 13)
L 09/30/2024 - 21:32:58: [AMXX] Run time error 10 (plugin "zombie_plague40.amxx") (native "ArrayGetCell") - debug not enabled!
L 09/30/2024 - 21:32:58: [AMXX] To enable debug mode, add "debug" after the plugin name in plugins.ini (without quotes).
L 09/30/2024 - 21:32:58: Unhandled dynamic native error
L 09/30/2024 - 21:32:58: [AMXX] Run time error 10 (plugin "zp_gungnir_v2.amxx") (native "zp_register_extra_item") - debug not enabled!
L 09/30/2024 - 21:32:58: [AMXX] To enable debug mode, add "debug" after the plugin name in plugins.ini (without quotes).
L 09/30/2024 - 21:33:43: Start of error session.
L 09/30/2024 - 21:33:43: Info (map "zm_bounty") (file "addons/amxmodx/logs/error_20240930.log")
L 09/30/2024 - 21:33:43: [AMXX] Plugin file open error (plugin "scm_entity_editor.amxx")
L 09/30/2024 - 21:33:44: Invalid index 13 (count: 13)
L 09/30/2024 - 21:33:44: [AMXX] Run time error 10 (plugin "zombie_plague40.amxx") (native "ArrayGetCell") - debug not enabled!
L 09/30/2024 - 21:33:44: [AMXX] To enable debug mode, add "debug" after the plugin name in plugins.ini (without quotes).
L 09/30/2024 - 21:33:44: Unhandled dynamic native error
L 09/30/2024 - 21:33:44: [AMXX] Run time error 10 (plugin "zp_gungnir_v2.amxx") (native "zp_register_extra_item") - debug not enabled!
L 09/30/2024 - 21:33:44: [AMXX] To enable debug mode, add "debug" after the plugin name in plugins.ini (without quotes).
L 09/30/2024 - 21:34:21: Start of error session.
L 09/30/2024 - 21:34:21: Info (map "zm_bounty") (file "addons/amxmodx/logs/error_20240930.log")
L 09/30/2024 - 21:34:21: [AMXX] Plugin file open error (plugin "scm_entity_editor.amxx")
L 09/30/2024 - 21:34:22: Invalid index 13 (count: 13)
L 09/30/2024 - 21:34:22: [AMXX] Run time error 10 (plugin "zombie_plague40.amxx") (native "ArrayGetCell") - debug not enabled!
L 09/30/2024 - 21:34:22: [AMXX] To enable debug mode, add "debug" after the plugin name in plugins.ini (without quotes).
L 09/30/2024 - 21:34:22: Unhandled dynamic native error
L 09/30/2024 - 21:34:22: [AMXX] Run time error 10 (plugin "zp_gungnir_v2.amxx") (native "zp_register_extra_item") - debug not enabled!
L 09/30/2024 - 21:34:22: [AMXX] To enable debug mode, add "debug" after the plugin name in plugins.ini (without quotes).
L 09/30/2024 - 21:34:39: Start of error session.
L 09/30/2024 - 21:34:39: Info (map "zm_bounty") (file "addons/amxmodx/logs/error_20240930.log")
L 09/30/2024 - 21:34:39: [AMXX] Plugin file open error (plugin "scm_entity_editor.amxx")
L 09/30/2024 - 21:34:40: Invalid index 13 (count: 13)
L 09/30/2024 - 21:34:40: [AMXX] Run time error 10 (plugin "zombie_plague40.amxx") (native "ArrayGetCell") - debug not enabled!
L 09/30/2024 - 21:34:40: [AMXX] To enable debug mode, add "debug" after the plugin name in plugins.ini (without quotes).
L 09/30/2024 - 21:34:40: Unhandled dynamic native error
L 09/30/2024 - 21:34:40: [AMXX] Run time error 10 (plugin "zp_gungnir_v2.amxx") (native "zp_register_extra_item") - debug not enabled!
L 09/30/2024 - 21:34:40: [AMXX] To enable debug mode, add "debug" after the plugin name in plugins.ini (without quotes).
L 09/30/2024 - 21:46:14: Start of error session.
L 09/30/2024 - 21:46:14: Info (map "zm_bounty") (file "addons/amxmodx/logs/error_20240930.log")
L 09/30/2024 - 21:46:14: [AMXX] Plugin file open error (plugin "scm_entity_editor.amxx")
L 09/30/2024 - 21:46:15: Invalid index 13 (count: 13)
L 09/30/2024 - 21:46:15: [AMXX] Run time error 10 (plugin "zombie_plague40.amxx") (native "ArrayGetCell") - debug not enabled!
L 09/30/2024 - 21:46:15: [AMXX] To enable debug mode, add "debug" after the plugin name in plugins.ini (without quotes).
L 09/30/2024 - 21:46:15: Unhandled dynamic native error
L 09/30/2024 - 21:46:15: [AMXX] Run time error 10 (plugin "zp_gungnir_v2.amxx") (native "zp_register_extra_item") - debug not enabled!
L 09/30/2024 - 21:46:15: [AMXX] To enable debug mode, add "debug" after the plugin name in plugins.ini (without quotes).
L 09/30/2024 - 21:47:06: Start of error session.
L 09/30/2024 - 21:47:06: Info (map "zm_fdust2x2") (file "addons/amxmodx/logs/error_20240930.log")
L 09/30/2024 - 21:47:06: [AMXX] Plugin file open error (plugin "scm_entity_editor.amxx")
L 09/30/2024 - 21:47:07: Invalid index 13 (count: 13)
L 09/30/2024 - 21:47:07: [AMXX] Run time error 10 (plugin "zombie_plague40.amxx") (native "ArrayGetCell") - debug not enabled!
L 09/30/2024 - 21:47:07: [AMXX] To enable debug mode, add "debug" after the plugin name in plugins.ini (without quotes).
L 09/30/2024 - 21:47:07: Unhandled dynamic native error
L 09/30/2024 - 21:47:07: [AMXX] Run time error 10 (plugin "zp_gungnir_v2.amxx") (native "zp_register_extra_item") - debug not enabled!
L 09/30/2024 - 21:47:07: [AMXX] To enable debug mode, add "debug" after the plugin name in plugins.ini (without quotes).
L 09/30/2024 - 21:47:52: Function is not present (function "task_update_info_bar") (plugin "Krol_menu_knifes.amxx")
L 09/30/2024 - 21:47:52: [AMXX] Run time error 10 (plugin "Krol_menu_knifes.amxx") (native "set_task") - debug not enabled!
L 09/30/2024 - 21:47:52: [AMXX] To enable debug mode, add "debug" after the plugin name in plugins.ini (without quotes).
L 09/30/2024 - 21:49:50: Start of error session.
L 09/30/2024 - 21:49:50: Info (map "zm_fdust2x2") (file "addons/amxmodx/logs/error_20240930.log")
L 09/30/2024 - 21:49:50: [AMXX] Plugin file open error (plugin "scm_entity_editor.amxx")
L 09/30/2024 - 21:49:51: Invalid index 13 (count: 13)
L 09/30/2024 - 21:49:51: [AMXX] Run time error 10 (plugin "zombie_plague40.amxx") (native "ArrayGetCell") - debug not enabled!
L 09/30/2024 - 21:49:51: [AMXX] To enable debug mode, add "debug" after the plugin name in plugins.ini (without quotes).
L 09/30/2024 - 21:49:51: Unhandled dynamic native error
L 09/30/2024 - 21:49:51: [AMXX] Run time error 10 (plugin "zp_gungnir_v2.amxx") (native "zp_register_extra_item") - debug not enabled!
L 09/30/2024 - 21:49:51: [AMXX] To enable debug mode, add "debug" after the plugin name in plugins.ini (without quotes).
L 09/30/2024 - 21:52:42: Start of error session.
L 09/30/2024 - 21:52:42: Info (map "zm_fdust2x2") (file "addons/amxmodx/logs/error_20240930.log")
L 09/30/2024 - 21:52:42: [AMXX] Plugin file open error (plugin "scm_entity_editor.amxx")
L 09/30/2024 - 21:52:43: Invalid index 13 (count: 13)
L 09/30/2024 - 21:52:43: [AMXX] Run time error 10 (plugin "zombie_plague40.amxx") (native "ArrayGetCell") - debug not enabled!
L 09/30/2024 - 21:52:43: [AMXX] To enable debug mode, add "debug" after the plugin name in plugins.ini (without quotes).
L 09/30/2024 - 21:52:43: Unhandled dynamic native error
L 09/30/2024 - 21:52:43: [AMXX] Run time error 10 (plugin "zp_gungnir_v2.amxx") (native "zp_register_extra_item") - debug not enabled!
L 09/30/2024 - 21:52:43: [AMXX] To enable debug mode, add "debug" after the plugin name in plugins.ini (without quotes).
L 09/30/2024 - 21:55:34: Start of error session.
L 09/30/2024 - 21:55:34: Info (map "zm_fdust2x2") (file "addons/amxmodx/logs/error_20240930.log")
L 09/30/2024 - 21:55:34: [AMXX] Plugin file open error (plugin "scm_entity_editor.amxx")
L 09/30/2024 - 21:55:35: Invalid index 13 (count: 13)
L 09/30/2024 - 21:55:35: [AMXX] Run time error 10 (plugin "zombie_plague40.amxx") (native "ArrayGetCell") - debug not enabled!
L 09/30/2024 - 21:55:35: [AMXX] To enable debug mode, add "debug" after the plugin name in plugins.ini (without quotes).
L 09/30/2024 - 21:55:35: Unhandled dynamic native error
L 09/30/2024 - 21:55:35: [AMXX] Run time error 10 (plugin "zp_gungnir_v2.amxx") (native "zp_register_extra_item") - debug not enabled!
L 09/30/2024 - 21:55:35: [AMXX] To enable debug mode, add "debug" after the plugin name in plugins.ini (without quotes).
