L 04/18/2018 - 00:03:32: [AMXX] Language "1" not found
L 04/18/2018 - 07:49:04: Start of error session.
L 04/18/2018 - 07:49:04: Info (map "(null)") (file "addons/amxmodx/logs/error_20180418.log")
L 04/18/2018 - 07:49:04: Error parsing gameconfig file "cstrike\addons\amxmodx\data\gamedata\common.games.txt":
L 04/18/2018 - 07:49:04: Error 1 on line 0, col 0: Stream failed to open
L 04/18/2018 - 07:52:56: Start of error session.
L 04/18/2018 - 07:52:56: Info (map "de_dust2") (file "addons/amxmodx/logs/error_20180418.log")
L 04/18/2018 - 07:52:56: [AMXX] Language "1" not found
L 04/18/2018 - 07:54:56: [AMXX] Language "1" not found
L 04/18/2018 - 07:59:02: Start of error session.
L 04/18/2018 - 07:59:02: Info (map "de_dust2") (file "addons/amxmodx/logs/error_20180418.log")
L 04/18/2018 - 07:59:02: [AMXX] Language "1" not found
L 04/18/2018 - 08:01:02: [AMXX] Language "1" not found
L 04/18/2018 - 08:03:02: [AMXX] Language "1" not found
L 04/18/2018 - 08:05:03: [AMXX] Language "1" not found
L 04/18/2018 - 08:07:04: [AMXX] Language "1" not found
L 04/18/2018 - 08:09:04: [AMXX] Language "1" not found
L 04/18/2018 - 08:11:05: [AMXX] Language "1" not found
L 04/18/2018 - 08:13:05: [AMXX] Language "1" not found
L 04/18/2018 - 08:15:06: [AMXX] Language "1" not found
L 04/18/2018 - 08:17:07: [AMXX] Language "1" not found
L 04/18/2018 - 08:19:07: [AMXX] Language "1" not found
L 04/18/2018 - 08:21:08: [AMXX] Language "1" not found
L 04/18/2018 - 08:23:09: [AMXX] Language "1" not found
L 04/18/2018 - 08:25:10: [AMXX] Language "1" not found
L 04/18/2018 - 08:27:10: [AMXX] Language "1" not found
L 04/18/2018 - 08:29:10: [AMXX] Language "1" not found
L 04/18/2018 - 08:31:11: [AMXX] Language "1" not found
L 04/18/2018 - 08:33:11: [AMXX] Language "1" not found
L 04/18/2018 - 08:35:12: [AMXX] Language "1" not found
L 04/18/2018 - 08:37:12: [AMXX] Language "1" not found
L 04/18/2018 - 08:39:13: [AMXX] Language "1" not found
L 04/18/2018 - 08:41:13: [AMXX] Language "1" not found
L 04/18/2018 - 08:43:14: [AMXX] Language "1" not found
L 04/18/2018 - 08:45:15: [AMXX] Language "1" not found
L 04/18/2018 - 08:47:15: [AMXX] Language "1" not found
L 04/18/2018 - 10:39:20: [AMXX] Language "1" not found
L 04/18/2018 - 13:44:00: Start of error session.
L 04/18/2018 - 13:44:00: Info (map "de_dust2") (file "addons/amxmodx/logs/error_20180418.log")
L 04/18/2018 - 13:44:00: [AMXX] Language "1" not found
L 04/18/2018 - 13:46:00: [AMXX] Language "1" not found
L 04/18/2018 - 13:53:15: Start of error session.
L 04/18/2018 - 13:53:15: Info (map "de_dust2") (file "addons/amxmodx/logs/error_20180418.log")
L 04/18/2018 - 13:53:15: [AMXX] Language "1" not found
L 04/18/2018 - 13:55:15: [AMXX] Language "1" not found
L 04/18/2018 - 13:57:16: [AMXX] Language "1" not found
L 04/18/2018 - 13:59:16: [AMXX] Language "1" not found
L 04/18/2018 - 14:01:17: [AMXX] Language "1" not found
L 04/18/2018 - 14:03:18: [AMXX] Language "1" not found
L 04/18/2018 - 14:05:19: [AMXX] Language "1" not found
L 04/18/2018 - 14:07:20: [AMXX] Language "1" not found
L 04/18/2018 - 14:09:21: [AMXX] Language "1" not found
L 04/18/2018 - 14:45:32: Start of error session.
L 04/18/2018 - 14:45:32: Info (map "de_dust2") (file "addons/amxmodx/logs/error_20180418.log")
L 04/18/2018 - 14:45:32: [AMXX] Language "1" not found
L 04/18/2018 - 14:48:01: [AMXX] Language "1" not found
L 04/18/2018 - 14:51:21: [AMXX] Language "1" not found
