L 07/09/2024 - 10:43:46: Start of error session.
L 07/09/2024 - 10:43:46: Info (map "de_dust2") (file "addons/amxmodx/logs/error_20240709.log")
L 07/09/2024 - 10:43:46: [AMXX] Language "1" not found
L 07/09/2024 - 10:54:47: Start of error session.
L 07/09/2024 - 10:54:47: Info (map "de_dust2") (file "addons/amxmodx/logs/error_20240709.log")
L 07/09/2024 - 10:54:47: [AMXX] Language "1" not found
L 07/09/2024 - 11:02:25: Start of error session.
L 07/09/2024 - 11:02:25: Info (map "de_dust2") (file "addons/amxmodx/logs/error_20240709.log")
L 07/09/2024 - 11:02:25: [AMXX] Language "1" not found
L 07/09/2024 - 11:04:25: [AMXX] Language "1" not found
L 07/09/2024 - 11:21:35: Start of error session.
L 07/09/2024 - 11:21:35: Info (map "de_dust2") (file "addons/amxmodx/logs/error_20240709.log")
L 07/09/2024 - 11:21:35: [AMXX] Language "1" not found
L 07/09/2024 - 11:23:35: [AMXX] Language "1" not found
L 07/09/2024 - 11:25:36: [AMXX] Language "1" not found
L 07/09/2024 - 11:27:36: [AMXX] Language "1" not found
L 07/09/2024 - 11:29:36: [AMXX] Language "1" not found
L 07/09/2024 - 11:31:36: [AMXX] Language "1" not found
L 07/09/2024 - 11:35:39: Start of error session.
L 07/09/2024 - 11:35:39: Info (map "de_dust2") (file "addons/amxmodx/logs/error_20240709.log")
L 07/09/2024 - 11:35:39: [AMXX] Language "1" not found
L 07/09/2024 - 11:37:40: [AMXX] Language "1" not found
L 07/09/2024 - 11:41:28: Start of error session.
L 07/09/2024 - 11:41:28: Info (map "de_dust2") (file "addons/amxmodx/logs/error_20240709.log")
L 07/09/2024 - 11:41:28: [AMXX] Language "1" not found
L 07/09/2024 - 11:43:28: [AMXX] Language "1" not found
L 07/09/2024 - 11:45:28: [AMXX] Language "1" not found
L 07/09/2024 - 11:47:28: [AMXX] Language "1" not found
L 07/09/2024 - 11:49:29: [AMXX] Language "1" not found
L 07/09/2024 - 12:12:58: Start of error session.
L 07/09/2024 - 12:12:58: Info (map "de_dust2") (file "addons/amxmodx/logs/error_20240709.log")
L 07/09/2024 - 12:12:58: [AMXX] Language "1" not found
L 07/09/2024 - 12:14:58: [AMXX] Language "1" not found
L 07/09/2024 - 12:16:58: [AMXX] Language "1" not found
L 07/09/2024 - 12:18:59: [AMXX] Language "1" not found
L 07/09/2024 - 12:22:54: Start of error session.
L 07/09/2024 - 12:22:54: Info (map "de_dust2") (file "addons/amxmodx/logs/error_20240709.log")
L 07/09/2024 - 12:22:54: [AMXX] Language "1" not found
L 07/09/2024 - 12:24:55: [AMXX] Language "1" not found
L 07/09/2024 - 12:26:55: [AMXX] Language "1" not found
L 07/09/2024 - 12:56:19: Start of error session.
L 07/09/2024 - 12:56:19: Info (map "de_dust2") (file "addons/amxmodx/logs/error_20240709.log")
L 07/09/2024 - 12:56:19: [AMXX] Plugin file open error (plugin "scm_entity_editor.amxx")
L 07/09/2024 - 12:56:53: Start of error session.
L 07/09/2024 - 12:56:53: Info (map "de_dust2") (file "addons/amxmodx/logs/error_20240709.log")
L 07/09/2024 - 12:56:53: [AMXX] Plugin file open error (plugin "scm_entity_editor.amxx")
L 07/09/2024 - 12:57:06: Start of error session.
L 07/09/2024 - 12:57:06: Info (map "de_dust2") (file "addons/amxmodx/logs/error_20240709.log")
L 07/09/2024 - 12:57:06: [AMXX] Plugin file open error (plugin "scm_entity_editor.amxx")
L 07/09/2024 - 12:57:25: Start of error session.
L 07/09/2024 - 12:57:25: Info (map "de_airstrip") (file "addons/amxmodx/logs/error_20240709.log")
L 07/09/2024 - 12:57:25: [AMXX] Plugin file open error (plugin "scm_entity_editor.amxx")
L 07/09/2024 - 12:57:53: Start of error session.
L 07/09/2024 - 12:57:53: Info (map "de_airstrip") (file "addons/amxmodx/logs/error_20240709.log")
L 07/09/2024 - 12:57:53: [AMXX] Plugin file open error (plugin "scm_entity_editor.amxx")
L 07/09/2024 - 13:12:48: Start of error session.
L 07/09/2024 - 13:12:48: Info (map "de_dust2") (file "addons/amxmodx/logs/error_20240709.log")
L 07/09/2024 - 13:12:48: [AMXX] Plugin file open error (plugin "scm_entity_editor.amxx")
L 07/09/2024 - 13:14:47: [AMXX] Language "1" not found
L 07/09/2024 - 13:16:45: Start of error session.
L 07/09/2024 - 13:16:45: Info (map "de_dust2") (file "addons/amxmodx/logs/error_20240709.log")
L 07/09/2024 - 13:16:45: [AMXX] Plugin file open error (plugin "scm_entity_editor.amxx")
L 07/09/2024 - 13:18:44: [AMXX] Language "1" not found
L 07/09/2024 - 13:45:47: Start of error session.
L 07/09/2024 - 13:45:47: Info (map "de_dust2") (file "addons/amxmodx/logs/error_20240709.log")
L 07/09/2024 - 13:45:47: [AMXX] Plugin file open error (plugin "scm_entity_editor.amxx")
L 07/09/2024 - 13:48:48: Start of error session.
L 07/09/2024 - 13:48:48: Info (map "de_dust2") (file "addons/amxmodx/logs/error_20240709.log")
L 07/09/2024 - 13:48:48: [AMXX] Plugin file open error (plugin "scm_entity_editor.amxx")
L 07/09/2024 - 13:49:53: Start of error session.
L 07/09/2024 - 13:49:53: Info (map "de_dust2") (file "addons/amxmodx/logs/error_20240709.log")
L 07/09/2024 - 13:49:53: [AMXX] Plugin file open error (plugin "scm_entity_editor.amxx")
L 07/09/2024 - 13:50:43: Start of error session.
L 07/09/2024 - 13:50:43: Info (map "de_dust2") (file "addons/amxmodx/logs/error_20240709.log")
L 07/09/2024 - 13:50:43: [AMXX] Plugin file open error (plugin "scm_entity_editor.amxx")
L 07/09/2024 - 13:58:24: Start of error session.
L 07/09/2024 - 13:58:24: Info (map "de_dust2") (file "addons/amxmodx/logs/error_20240709.log")
L 07/09/2024 - 13:58:24: [AMXX] Plugin file open error (plugin "scm_entity_editor.amxx")
L 07/09/2024 - 14:19:42: Start of error session.
L 07/09/2024 - 14:19:42: Info (map "de_dust2") (file "addons/amxmodx/logs/error_20240709.log")
L 07/09/2024 - 14:19:42: [AMXX] Plugin file open error (plugin "scm_entity_editor.amxx")
L 07/09/2024 - 14:21:42: [AMXX] Language "1" not found
L 07/09/2024 - 14:22:56: Start of error session.
L 07/09/2024 - 14:22:56: Info (map "de_dust2") (file "addons/amxmodx/logs/error_20240709.log")
L 07/09/2024 - 14:22:56: [AMXX] Plugin file open error (plugin "scm_entity_editor.amxx")
L 07/09/2024 - 14:23:51: Start of error session.
L 07/09/2024 - 14:23:51: Info (map "de_dust2") (file "addons/amxmodx/logs/error_20240709.log")
L 07/09/2024 - 14:23:51: [AMXX] Plugin file open error (plugin "scm_entity_editor.amxx")
L 07/09/2024 - 14:25:51: [AMXX] Language "1" not found
L 07/09/2024 - 14:30:12: Start of error session.
L 07/09/2024 - 14:30:12: Info (map "de_dust2") (file "addons/amxmodx/logs/error_20240709.log")
L 07/09/2024 - 14:30:12: [AMXX] Plugin file open error (plugin "scm_entity_editor.amxx")
L 07/09/2024 - 14:30:48: Start of error session.
L 07/09/2024 - 14:30:48: Info (map "de_dust2") (file "addons/amxmodx/logs/error_20240709.log")
L 07/09/2024 - 14:30:48: [AMXX] Plugin file open error (plugin "scm_entity_editor.amxx")
L 07/09/2024 - 14:32:48: [AMXX] Language "1" not found
L 07/09/2024 - 14:34:48: [AMXX] Language "1" not found
L 07/09/2024 - 14:36:48: [AMXX] Language "1" not found
L 07/09/2024 - 14:38:32: Start of error session.
L 07/09/2024 - 14:38:32: Info (map "de_dust2") (file "addons/amxmodx/logs/error_20240709.log")
L 07/09/2024 - 14:38:32: [AMXX] Plugin file open error (plugin "scm_entity_editor.amxx")
L 07/09/2024 - 14:40:40: [AMXX] Language "1" not found
L 07/09/2024 - 14:43:18: [AMXX] Language "1" not found
L 07/09/2024 - 14:45:34: [AMXX] Language "1" not found
L 07/09/2024 - 14:48:00: [AMXX] Language "1" not found
L 07/09/2024 - 14:50:06: [AMXX] Language "1" not found
L 07/09/2024 - 14:52:11: [AMXX] Language "1" not found
L 07/09/2024 - 14:54:20: [AMXX] Language "1" not found
L 07/09/2024 - 14:56:38: [AMXX] Language "1" not found
L 07/09/2024 - 14:58:51: [AMXX] Language "1" not found
L 07/09/2024 - 15:00:57: [AMXX] Language "1" not found
L 07/09/2024 - 15:03:17: [AMXX] Language "1" not found
L 07/09/2024 - 15:05:34: [AMXX] Language "1" not found
L 07/09/2024 - 15:07:42: [AMXX] Language "1" not found
L 07/09/2024 - 15:09:53: [AMXX] Language "1" not found
L 07/09/2024 - 15:10:08: Start of error session.
L 07/09/2024 - 15:10:08: Info (map "de_dust2") (file "addons/amxmodx/logs/error_20240709.log")
L 07/09/2024 - 15:10:08: [AMXX] Plugin file open error (plugin "yt_class_revenant_fire_0.amxx")
L 07/09/2024 - 15:10:08: [AMXX] Plugin file open error (plugin "yt_class_revenant_ice_0.amxx")
L 07/09/2024 - 15:10:08: [AMXX] Plugin file open error (plugin "scm_entity_editor.amxx")
L 07/09/2024 - 15:10:37: Start of error session.
L 07/09/2024 - 15:10:37: Info (map "de_dust2") (file "addons/amxmodx/logs/error_20240709.log")
L 07/09/2024 - 15:10:37: [AMXX] Plugin file open error (plugin "scm_entity_editor.amxx")
L 07/09/2024 - 15:11:06: Start of error session.
L 07/09/2024 - 15:11:06: Info (map "de_dust2") (file "addons/amxmodx/logs/error_20240709.log")
L 07/09/2024 - 15:11:06: [AMXX] Plugin file open error (plugin "scm_entity_editor.amxx")
L 07/09/2024 - 15:13:08: Start of error session.
L 07/09/2024 - 15:13:08: Info (map "de_dust2") (file "addons/amxmodx/logs/error_20240709.log")
L 07/09/2024 - 15:13:08: [AMXX] Plugin file open error (plugin "scm_entity_editor.amxx")
L 07/09/2024 - 15:15:08: [AMXX] Language "1" not found
L 07/09/2024 - 18:28:06: Start of error session.
L 07/09/2024 - 18:28:06: Info (map "de_dust2") (file "addons/amxmodx/logs/error_20240709.log")
L 07/09/2024 - 18:28:06: [AMXX] Plugin file open error (plugin "scm_entity_editor.amxx")
L 07/09/2024 - 18:28:45: Start of error session.
L 07/09/2024 - 18:28:45: Info (map "de_dust2") (file "addons/amxmodx/logs/error_20240709.log")
L 07/09/2024 - 18:28:45: [AMXX] Plugin file open error (plugin "scm_entity_editor.amxx")
L 07/09/2024 - 18:31:11: Start of error session.
L 07/09/2024 - 18:31:11: Info (map "de_dust2") (file "addons/amxmodx/logs/error_20240709.log")
L 07/09/2024 - 18:31:11: [AMXX] Plugin file open error (plugin "scm_entity_editor.amxx")
L 07/09/2024 - 18:33:11: [AMXX] Language "1" not found
L 07/09/2024 - 18:35:12: [AMXX] Language "1" not found
L 07/09/2024 - 18:37:12: [AMXX] Language "1" not found
L 07/09/2024 - 18:39:13: [AMXX] Language "1" not found
L 07/09/2024 - 18:41:13: [AMXX] Language "1" not found
L 07/09/2024 - 18:43:13: [AMXX] Language "1" not found
L 07/09/2024 - 18:45:13: [AMXX] Language "1" not found
L 07/09/2024 - 18:47:14: [AMXX] Language "1" not found
L 07/09/2024 - 18:50:35: [AMXX] Language "1" not found
L 07/09/2024 - 18:52:36: [AMXX] Language "1" not found
L 07/09/2024 - 18:54:38: [AMXX] Language "1" not found
L 07/09/2024 - 18:57:05: [AMXX] Language "1" not found
L 07/09/2024 - 18:59:16: [AMXX] Language "1" not found
L 07/09/2024 - 19:01:16: [AMXX] Language "1" not found
L 07/09/2024 - 19:03:32: [AMXX] Language "1" not found
L 07/09/2024 - 19:06:09: [AMXX] Language "1" not found
L 07/09/2024 - 19:08:12: [AMXX] Language "1" not found
L 07/09/2024 - 19:10:16: [AMXX] Language "1" not found
L 07/09/2024 - 19:12:51: [AMXX] Language "1" not found
L 07/09/2024 - 19:14:53: [AMXX] Language "1" not found
L 07/09/2024 - 19:17:22: [AMXX] Language "1" not found
L 07/09/2024 - 19:22:03: [AMXX] Language "1" not found
L 07/09/2024 - 19:24:38: [AMXX] Language "1" not found
L 07/09/2024 - 19:26:56: [AMXX] Language "1" not found
L 07/09/2024 - 19:29:06: [AMXX] Language "1" not found
L 07/09/2024 - 19:31:07: [AMXX] Language "1" not found
L 07/09/2024 - 19:33:13: [AMXX] Language "1" not found
L 07/09/2024 - 19:34:42: Start of error session.
L 07/09/2024 - 19:34:42: Info (map "de_dust2") (file "addons/amxmodx/logs/error_20240709.log")
L 07/09/2024 - 19:34:42: [AMXX] Plugin file open error (plugin "scm_entity_editor.amxx")
L 07/09/2024 - 20:01:43: Start of error session.
L 07/09/2024 - 20:01:43: Info (map "de_dust2") (file "addons/amxmodx/logs/error_20240709.log")
L 07/09/2024 - 20:01:43: [AMXX] Plugin file open error (plugin "scm_entity_editor.amxx")
L 07/09/2024 - 20:03:37: Start of error session.
L 07/09/2024 - 20:03:37: Info (map "de_dust2") (file "addons/amxmodx/logs/error_20240709.log")
L 07/09/2024 - 20:03:37: [AMXX] Plugin file open error (plugin "scm_entity_editor.amxx")
L 07/09/2024 - 20:05:19: Start of error session.
L 07/09/2024 - 20:05:19: Info (map "de_dust2") (file "addons/amxmodx/logs/error_20240709.log")
L 07/09/2024 - 20:05:19: [AMXX] Plugin file open error (plugin "scm_entity_editor.amxx")
L 07/09/2024 - 20:06:29: Start of error session.
L 07/09/2024 - 20:06:29: Info (map "de_dust2") (file "addons/amxmodx/logs/error_20240709.log")
L 07/09/2024 - 20:06:29: [AMXX] Plugin file open error (plugin "scm_entity_editor.amxx")
L 07/09/2024 - 20:07:14: Start of error session.
L 07/09/2024 - 20:07:14: Info (map "de_dust2") (file "addons/amxmodx/logs/error_20240709.log")
L 07/09/2024 - 20:07:14: [AMXX] Plugin file open error (plugin "scm_entity_editor.amxx")
L 07/09/2024 - 20:10:54: Start of error session.
L 07/09/2024 - 20:10:54: Info (map "de_dust2") (file "addons/amxmodx/logs/error_20240709.log")
L 07/09/2024 - 20:10:54: [AMXX] Plugin file open error (plugin "scm_entity_editor.amxx")
L 07/09/2024 - 20:12:54: [AMXX] Language "1" not found
L 07/09/2024 - 20:14:54: [AMXX] Language "1" not found
L 07/09/2024 - 20:16:55: [AMXX] Language "1" not found
L 07/09/2024 - 20:23:38: Start of error session.
L 07/09/2024 - 20:23:38: Info (map "de_dust2") (file "addons/amxmodx/logs/error_20240709.log")
L 07/09/2024 - 20:23:38: [AMXX] Plugin file open error (plugin "scm_entity_editor.amxx")
L 07/09/2024 - 20:25:37: [AMXX] Language "1" not found
L 07/09/2024 - 20:27:37: [AMXX] Language "1" not found
L 07/09/2024 - 20:29:04: Start of error session.
L 07/09/2024 - 20:29:04: Info (map "de_dust2") (file "addons/amxmodx/logs/error_20240709.log")
L 07/09/2024 - 20:29:04: [AMXX] Plugin file open error (plugin "scm_entity_editor.amxx")
L 07/09/2024 - 20:30:08: Start of error session.
L 07/09/2024 - 20:30:08: Info (map "de_dust2") (file "addons/amxmodx/logs/error_20240709.log")
L 07/09/2024 - 20:30:08: [AMXX] Plugin file open error (plugin "scm_entity_editor.amxx")
L 07/09/2024 - 20:31:04: Start of error session.
L 07/09/2024 - 20:31:04: Info (map "de_dust2") (file "addons/amxmodx/logs/error_20240709.log")
L 07/09/2024 - 20:31:04: [AMXX] Plugin file open error (plugin "scm_entity_editor.amxx")
L 07/09/2024 - 20:33:04: [AMXX] Language "1" not found
L 07/09/2024 - 20:35:04: [AMXX] Language "1" not found
L 07/09/2024 - 20:37:04: [AMXX] Language "1" not found
