L 12/13/2024 - 09:42:40: Start of error session.
L 12/13/2024 - 09:42:40: Info (map "zm_ngamers_lights_f") (file "addons/amxmodx/logs/error_20241213.log")
L 12/13/2024 - 09:42:40: [HAMSANDWICH] Failed to retrieve classtype for "", hook for "f_HamWeaponReload" not active.
L 12/13/2024 - 09:42:40: [AMXX] Displaying debug trace (plugin "K_ZP_main.amxx", version "1.0")
L 12/13/2024 - 09:42:40: [AMXX] Run time error 10: native error (native "RegisterHam")
L 12/13/2024 - 09:42:40: [AMXX]    [0] Krol_basic.inc::get_guns_name_by_id (line 531)
L 12/13/2024 - 09:42:40: [AMXX]    [1] K_ZP_main.sma::plugin_init (line 33)
L 12/13/2024 - 09:48:01: Function is not present (function "task_change_infEff_to_knife") (plugin "K_lib_ZP.amxx")
L 12/13/2024 - 09:48:01: [AMXX] Displaying debug trace (plugin "K_lib_ZP.amxx", version "1.0")
L 12/13/2024 - 09:48:01: [AMXX] Run time error 10: native error (native "set_task")
L 12/13/2024 - 09:48:01: [AMXX]    [0] K_lib_ZP.sma::change_knife_to_zombie (line 310)
L 12/13/2024 - 09:48:01: [AMXX]    [1] K_lib_ZP.sma::native_make_zombie (line 161)
L 12/13/2024 - 09:48:01: Unhandled dynamic native error
L 12/13/2024 - 09:48:01: [AMXX] Displaying debug trace (plugin "K_M_ZP.amxx", version "1.0")
L 12/13/2024 - 09:48:01: [AMXX] Run time error 10: native error (native "make_zombie")
L 12/13/2024 - 09:48:01: [AMXX]    [0] K_M_ZP.sma::func_menu_list_players (line 162)
L 12/13/2024 - 09:49:17: Start of error session.
L 12/13/2024 - 09:49:17: Info (map "zm_ngamers_lights_f") (file "addons/amxmodx/logs/error_20241213.log")
L 12/13/2024 - 09:49:17: [HAMSANDWICH] Failed to retrieve classtype for "", hook for "f_HamWeaponReload" not active.
L 12/13/2024 - 09:49:17: [AMXX] Displaying debug trace (plugin "K_ZP_main.amxx", version "1.0")
L 12/13/2024 - 09:49:17: [AMXX] Run time error 10: native error (native "RegisterHam")
L 12/13/2024 - 09:49:17: [AMXX]    [0] Krol_basic.inc::get_guns_name_by_id (line 531)
L 12/13/2024 - 09:49:17: [AMXX]    [1] K_ZP_main.sma::plugin_init (line 33)
L 12/13/2024 - 09:49:24: Function is not present (function "task_change_infEff_to_knife") (plugin "K_lib_ZP.amxx")
L 12/13/2024 - 09:49:24: [AMXX] Displaying debug trace (plugin "K_lib_ZP.amxx", version "1.0")
L 12/13/2024 - 09:49:24: [AMXX] Run time error 10: native error (native "set_task")
L 12/13/2024 - 09:49:24: [AMXX]    [0] K_lib_ZP.sma::change_knife_to_zombie (line 310)
L 12/13/2024 - 09:49:24: [AMXX]    [1] K_lib_ZP.sma::native_make_zombie (line 161)
L 12/13/2024 - 09:49:24: Unhandled dynamic native error
L 12/13/2024 - 09:49:24: [AMXX] Displaying debug trace (plugin "K_M_ZP.amxx", version "1.0")
L 12/13/2024 - 09:49:24: [AMXX] Run time error 10: native error (native "make_zombie")
L 12/13/2024 - 09:49:24: [AMXX]    [0] K_M_ZP.sma::func_menu_list_players (line 162)
L 12/13/2024 - 09:55:40: Start of error session.
L 12/13/2024 - 09:55:40: Info (map "zm_ngamers_lights_f") (file "addons/amxmodx/logs/error_20241213.log")
L 12/13/2024 - 09:55:40: [HAMSANDWICH] Failed to retrieve classtype for "", hook for "f_HamWeaponReload" not active.
L 12/13/2024 - 09:55:40: [AMXX] Displaying debug trace (plugin "K_ZP_main.amxx", version "1.0")
L 12/13/2024 - 09:55:40: [AMXX] Run time error 10: native error (native "RegisterHam")
L 12/13/2024 - 09:55:40: [AMXX]    [0] Krol_basic.inc::get_guns_name_by_id (line 531)
L 12/13/2024 - 09:55:40: [AMXX]    [1] K_ZP_main.sma::plugin_init (line 33)
L 12/13/2024 - 09:55:49: Function is not present (function "task_change_infEff_to_knife") (plugin "K_lib_ZP.amxx")
L 12/13/2024 - 09:55:49: [AMXX] Displaying debug trace (plugin "K_lib_ZP.amxx", version "1.0")
L 12/13/2024 - 09:55:49: [AMXX] Run time error 10: native error (native "set_task")
L 12/13/2024 - 09:55:49: [AMXX]    [0] K_lib_ZP.sma::change_knife_to_zombie (line 310)
L 12/13/2024 - 09:55:49: [AMXX]    [1] K_lib_ZP.sma::native_make_zombie (line 161)
L 12/13/2024 - 09:55:49: Unhandled dynamic native error
L 12/13/2024 - 09:55:49: [AMXX] Displaying debug trace (plugin "K_M_ZP.amxx", version "1.0")
L 12/13/2024 - 09:55:49: [AMXX] Run time error 10: native error (native "make_zombie")
L 12/13/2024 - 09:55:49: [AMXX]    [0] K_M_ZP.sma::func_menu_list_players (line 162)
L 12/13/2024 - 09:57:09: Start of error session.
L 12/13/2024 - 09:57:09: Info (map "zm_ngamers_lights_f") (file "addons/amxmodx/logs/error_20241213.log")
L 12/13/2024 - 09:57:09: [HAMSANDWICH] Failed to retrieve classtype for "", hook for "f_HamWeaponReload" not active.
L 12/13/2024 - 09:57:09: [AMXX] Displaying debug trace (plugin "K_ZP_main.amxx", version "1.0")
L 12/13/2024 - 09:57:09: [AMXX] Run time error 10: native error (native "RegisterHam")
L 12/13/2024 - 09:57:09: [AMXX]    [0] Krol_basic.inc::get_guns_name_by_id (line 531)
L 12/13/2024 - 09:57:09: [AMXX]    [1] K_ZP_main.sma::plugin_init (line 33)
L 12/13/2024 - 09:58:49: Start of error session.
L 12/13/2024 - 09:58:49: Info (map "zm_ngamers_lights_f") (file "addons/amxmodx/logs/error_20241213.log")
L 12/13/2024 - 09:58:49: [HAMSANDWICH] Failed to retrieve classtype for "", hook for "f_HamWeaponReload" not active.
L 12/13/2024 - 09:58:49: [AMXX] Displaying debug trace (plugin "K_ZP_main.amxx", version "1.0")
L 12/13/2024 - 09:58:49: [AMXX] Run time error 10: native error (native "RegisterHam")
L 12/13/2024 - 09:58:49: [AMXX]    [0] Krol_basic.inc::get_guns_name_by_id (line 531)
L 12/13/2024 - 09:58:49: [AMXX]    [1] K_ZP_main.sma::plugin_init (line 33)
L 12/13/2024 - 09:59:54: Start of error session.
L 12/13/2024 - 09:59:54: Info (map "zm_ngamers_lights_f") (file "addons/amxmodx/logs/error_20241213.log")
L 12/13/2024 - 09:59:54: [HAMSANDWICH] Failed to retrieve classtype for "", hook for "f_HamWeaponReload" not active.
L 12/13/2024 - 09:59:54: [AMXX] Displaying debug trace (plugin "K_ZP_main.amxx", version "1.0")
L 12/13/2024 - 09:59:54: [AMXX] Run time error 10: native error (native "RegisterHam")
L 12/13/2024 - 09:59:54: [AMXX]    [0] Krol_basic.inc::get_guns_name_by_id (line 531)
L 12/13/2024 - 09:59:54: [AMXX]    [1] K_ZP_main.sma::plugin_init (line 33)
L 12/13/2024 - 10:01:41: Start of error session.
L 12/13/2024 - 10:01:41: Info (map "zm_ngamers_lights_f") (file "addons/amxmodx/logs/error_20241213.log")
L 12/13/2024 - 10:01:41: [HAMSANDWICH] Failed to retrieve classtype for "", hook for "f_HamWeaponReload" not active.
L 12/13/2024 - 10:01:41: [AMXX] Displaying debug trace (plugin "K_ZP_main.amxx", version "1.0")
L 12/13/2024 - 10:01:41: [AMXX] Run time error 10: native error (native "RegisterHam")
L 12/13/2024 - 10:01:41: [AMXX]    [0] Krol_basic.inc::get_guns_name_by_id (line 531)
L 12/13/2024 - 10:01:41: [AMXX]    [1] K_ZP_main.sma::plugin_init (line 33)
L 12/13/2024 - 10:03:59: Start of error session.
L 12/13/2024 - 10:03:59: Info (map "zm_ngamers_lights_f") (file "addons/amxmodx/logs/error_20241213.log")
L 12/13/2024 - 10:03:59: [HAMSANDWICH] Failed to retrieve classtype for "", hook for "f_HamWeaponReload" not active.
L 12/13/2024 - 10:03:59: [AMXX] Displaying debug trace (plugin "K_ZP_main.amxx", version "1.0")
L 12/13/2024 - 10:03:59: [AMXX] Run time error 10: native error (native "RegisterHam")
L 12/13/2024 - 10:03:59: [AMXX]    [0] Krol_basic.inc::get_guns_name_by_id (line 531)
L 12/13/2024 - 10:03:59: [AMXX]    [1] K_ZP_main.sma::plugin_init (line 33)
L 12/13/2024 - 10:04:37: Start of error session.
L 12/13/2024 - 10:04:37: Info (map "zm_ngamers_lights_f") (file "addons/amxmodx/logs/error_20241213.log")
L 12/13/2024 - 10:04:37: [HAMSANDWICH] Failed to retrieve classtype for "", hook for "f_HamWeaponReload" not active.
L 12/13/2024 - 10:04:37: [AMXX] Displaying debug trace (plugin "K_ZP_main.amxx", version "1.0")
L 12/13/2024 - 10:04:37: [AMXX] Run time error 10: native error (native "RegisterHam")
L 12/13/2024 - 10:04:37: [AMXX]    [0] Krol_basic.inc::get_guns_name_by_id (line 531)
L 12/13/2024 - 10:04:37: [AMXX]    [1] K_ZP_main.sma::plugin_init (line 33)
L 12/13/2024 - 10:08:25: Start of error session.
L 12/13/2024 - 10:08:25: Info (map "zm_ngamers_lights_f") (file "addons/amxmodx/logs/error_20241213.log")
L 12/13/2024 - 10:08:25: [HAMSANDWICH] Failed to retrieve classtype for "", hook for "f_HamWeaponReload" not active.
L 12/13/2024 - 10:08:25: [AMXX] Displaying debug trace (plugin "K_ZP_main.amxx", version "1.0")
L 12/13/2024 - 10:08:25: [AMXX] Run time error 10: native error (native "RegisterHam")
L 12/13/2024 - 10:08:25: [AMXX]    [0] Krol_basic.inc::get_guns_name_by_id (line 531)
L 12/13/2024 - 10:08:25: [AMXX]    [1] K_ZP_main.sma::plugin_init (line 33)
L 12/13/2024 - 10:09:55: Start of error session.
L 12/13/2024 - 10:09:55: Info (map "zm_ngamers_lights_f") (file "addons/amxmodx/logs/error_20241213.log")
L 12/13/2024 - 10:09:55: [HAMSANDWICH] Failed to retrieve classtype for "", hook for "f_HamWeaponReload" not active.
L 12/13/2024 - 10:09:55: [AMXX] Displaying debug trace (plugin "K_ZP_main.amxx", version "1.0")
L 12/13/2024 - 10:09:55: [AMXX] Run time error 10: native error (native "RegisterHam")
L 12/13/2024 - 10:09:55: [AMXX]    [0] Krol_basic.inc::get_guns_name_by_id (line 531)
L 12/13/2024 - 10:09:55: [AMXX]    [1] K_ZP_main.sma::plugin_init (line 33)
L 12/13/2024 - 10:10:25: [FUN] Invalid player 3
L 12/13/2024 - 10:10:25: [AMXX] Displaying debug trace (plugin "K_lib_ZP.amxx", version "1.0")
L 12/13/2024 - 10:10:25: [AMXX] Run time error 10: native error (native "give_item")
L 12/13/2024 - 10:10:25: [AMXX]    [0] K_lib_ZP.sma::native_make_zombie (line 171)
L 12/13/2024 - 10:10:25: Unhandled dynamic native error
L 12/13/2024 - 10:10:25: [AMXX] Displaying debug trace (plugin "K_M_ZP.amxx", version "1.0")
L 12/13/2024 - 10:10:25: [AMXX] Run time error 10: native error (native "make_zombie")
L 12/13/2024 - 10:10:25: [AMXX]    [0] K_M_ZP.sma::func_menu_list_players (line 162)
L 12/13/2024 - 10:30:06: Start of error session.
L 12/13/2024 - 10:30:06: Info (map "zm_bounty") (file "addons/amxmodx/logs/error_20241213.log")
L 12/13/2024 - 10:30:06: [HAMSANDWICH] Failed to retrieve classtype for "", hook for "f_HamWeaponReload" not active.
L 12/13/2024 - 10:30:06: [AMXX] Displaying debug trace (plugin "K_ZP_main.amxx", version "1.0")
L 12/13/2024 - 10:30:06: [AMXX] Run time error 10: native error (native "RegisterHam")
L 12/13/2024 - 10:30:06: [AMXX]    [0] Krol_basic.inc::get_guns_name_by_id (line 531)
L 12/13/2024 - 10:30:06: [AMXX]    [1] K_ZP_main.sma::plugin_init (line 33)
L 12/13/2024 - 10:40:07: Start of error session.
L 12/13/2024 - 10:40:07: Info (map "zm_bounty") (file "addons/amxmodx/logs/error_20241213.log")
L 12/13/2024 - 10:40:07: [HAMSANDWICH] Failed to retrieve classtype for "", hook for "f_HamWeaponReload" not active.
L 12/13/2024 - 10:40:07: [AMXX] Displaying debug trace (plugin "K_ZP_main.amxx", version "1.0")
L 12/13/2024 - 10:40:07: [AMXX] Run time error 10: native error (native "RegisterHam")
L 12/13/2024 - 10:40:07: [AMXX]    [0] Krol_basic.inc::get_guns_name_by_id (line 516)
L 12/13/2024 - 10:40:07: [AMXX]    [1] K_ZP_main.sma::plugin_init (line 33)
L 12/13/2024 - 10:51:28: Invalid player id 0
L 12/13/2024 - 10:51:28: [AMXX] Displaying debug trace (plugin "K_lib_ZP.amxx", version "1.0")
L 12/13/2024 - 10:51:28: [AMXX] Run time error 10: native error (native "get_user_weapons")
L 12/13/2024 - 10:51:28: [AMXX]    [0] Krol_basic.inc::drop_weapons (line 403)
L 12/13/2024 - 10:51:28: [AMXX]    [1] K_lib_ZP.sma::native_make_nemesis (line 189)
L 12/13/2024 - 10:51:28: [AMXX]    [2] K_lib_ZP.sma::native_start_mode (line 133)
L 12/13/2024 - 10:51:28: Unhandled dynamic native error
L 12/13/2024 - 10:51:28: [AMXX] Displaying debug trace (plugin "K_ZP_main.amxx", version "1.0")
L 12/13/2024 - 10:51:28: [AMXX] Run time error 10: native error (native "start_mode")
L 12/13/2024 - 10:51:28: [AMXX]    [0] K_ZP_main.sma::task_start_mode (line 118)
L 12/13/2024 - 10:56:10: Start of error session.
L 12/13/2024 - 10:56:10: Info (map "zm_bounty") (file "addons/amxmodx/logs/error_20241213.log")
L 12/13/2024 - 10:56:10: [HAMSANDWICH] Failed to retrieve classtype for "", hook for "f_HamWeaponReload" not active.
L 12/13/2024 - 10:56:10: [AMXX] Displaying debug trace (plugin "K_ZP_main.amxx", version "1.0")
L 12/13/2024 - 10:56:10: [AMXX] Run time error 10: native error (native "RegisterHam")
L 12/13/2024 - 10:56:10: [AMXX]    [0] Krol_basic.inc::get_guns_name_by_id (line 516)
L 12/13/2024 - 10:56:10: [AMXX]    [1] K_ZP_main.sma::plugin_init (line 33)
L 12/13/2024 - 10:57:09: Start of error session.
L 12/13/2024 - 10:57:09: Info (map "zm_bounty") (file "addons/amxmodx/logs/error_20241213.log")
L 12/13/2024 - 10:57:09: [HAMSANDWICH] Failed to retrieve classtype for "", hook for "f_HamWeaponReload" not active.
L 12/13/2024 - 10:57:09: [AMXX] Displaying debug trace (plugin "K_ZP_main.amxx", version "1.0")
L 12/13/2024 - 10:57:09: [AMXX] Run time error 10: native error (native "RegisterHam")
L 12/13/2024 - 10:57:09: [AMXX]    [0] Krol_basic.inc::get_guns_name_by_id (line 516)
L 12/13/2024 - 10:57:09: [AMXX]    [1] K_ZP_main.sma::plugin_init (line 33)
L 12/13/2024 - 10:57:32: [FUN] Invalid player 1
L 12/13/2024 - 10:57:32: [AMXX] Displaying debug trace (plugin "parachute.amxx", version "1.3")
L 12/13/2024 - 10:57:32: [AMXX] Run time error 10: native error (native "set_user_gravity")
L 12/13/2024 - 10:57:32: [AMXX]    [0] parachute.sma::parachute_reset (line 104)
L 12/13/2024 - 10:57:32: [AMXX]    [1] parachute.sma::client_connect (line 81)
L 12/13/2024 - 11:00:53: Start of error session.
L 12/13/2024 - 11:00:53: Info (map "zm_bounty") (file "addons/amxmodx/logs/error_20241213.log")
L 12/13/2024 - 11:00:53: [HAMSANDWICH] Failed to retrieve classtype for "", hook for "f_HamWeaponReload" not active.
L 12/13/2024 - 11:00:53: [AMXX] Displaying debug trace (plugin "K_ZP_main.amxx", version "1.0")
L 12/13/2024 - 11:00:53: [AMXX] Run time error 10: native error (native "RegisterHam")
L 12/13/2024 - 11:00:53: [AMXX]    [0] Krol_basic.inc::get_guns_name_by_id (line 516)
L 12/13/2024 - 11:00:53: [AMXX]    [1] K_ZP_main.sma::plugin_init (line 33)
L 12/13/2024 - 11:04:05: Start of error session.
L 12/13/2024 - 11:04:05: Info (map "zm_bounty") (file "addons/amxmodx/logs/error_20241213.log")
L 12/13/2024 - 11:04:05: [HAMSANDWICH] Failed to retrieve classtype for "", hook for "f_HamWeaponReload" not active.
L 12/13/2024 - 11:04:05: [AMXX] Displaying debug trace (plugin "K_ZP_main.amxx", version "1.0")
L 12/13/2024 - 11:04:05: [AMXX] Run time error 10: native error (native "RegisterHam")
L 12/13/2024 - 11:04:05: [AMXX]    [0] Krol_basic.inc::get_guns_name_by_id (line 516)
L 12/13/2024 - 11:04:05: [AMXX]    [1] K_ZP_main.sma::plugin_init (line 33)
L 12/13/2024 - 11:06:30: Start of error session.
L 12/13/2024 - 11:06:30: Info (map "zm_bounty") (file "addons/amxmodx/logs/error_20241213.log")
L 12/13/2024 - 11:06:30: [HAMSANDWICH] Failed to retrieve classtype for "", hook for "f_HamWeaponReload" not active.
L 12/13/2024 - 11:06:30: [AMXX] Displaying debug trace (plugin "K_ZP_main.amxx", version "1.0")
L 12/13/2024 - 11:06:30: [AMXX] Run time error 10: native error (native "RegisterHam")
L 12/13/2024 - 11:06:30: [AMXX]    [0] Krol_basic.inc::get_guns_name_by_id (line 516)
L 12/13/2024 - 11:06:30: [AMXX]    [1] K_ZP_main.sma::plugin_init (line 33)
L 12/13/2024 - 11:09:24: Player 1 is not in game.
L 12/13/2024 - 11:09:24: [AMXX] Run time error 10 (plugin "pluginmenu.amxx") (native "menu_display") - debug not enabled!
L 12/13/2024 - 11:09:24: [AMXX] To enable debug mode, add "debug" after the plugin name in plugins.ini (without quotes).
L 12/13/2024 - 11:09:25: Start of error session.
L 12/13/2024 - 11:09:25: Info (map "zm_bounty") (file "addons/amxmodx/logs/error_20241213.log")
L 12/13/2024 - 11:09:25: [HAMSANDWICH] Failed to retrieve classtype for "", hook for "f_HamWeaponReload" not active.
L 12/13/2024 - 11:09:25: [AMXX] Displaying debug trace (plugin "K_ZP_main.amxx", version "1.0")
L 12/13/2024 - 11:09:25: [AMXX] Run time error 10: native error (native "RegisterHam")
L 12/13/2024 - 11:09:25: [AMXX]    [0] Krol_basic.inc::get_guns_name_by_id (line 516)
L 12/13/2024 - 11:09:25: [AMXX]    [1] K_ZP_main.sma::plugin_init (line 33)
L 12/13/2024 - 11:10:05: Start of error session.
L 12/13/2024 - 11:10:05: Info (map "zm_bounty") (file "addons/amxmodx/logs/error_20241213.log")
L 12/13/2024 - 11:10:05: [HAMSANDWICH] Failed to retrieve classtype for "", hook for "f_HamWeaponReload" not active.
L 12/13/2024 - 11:10:05: [AMXX] Displaying debug trace (plugin "K_ZP_main.amxx", version "1.0")
L 12/13/2024 - 11:10:05: [AMXX] Run time error 10: native error (native "RegisterHam")
L 12/13/2024 - 11:10:05: [AMXX]    [0] Krol_basic.inc::get_guns_name_by_id (line 516)
L 12/13/2024 - 11:10:05: [AMXX]    [1] K_ZP_main.sma::plugin_init (line 33)
L 12/13/2024 - 11:12:09: Start of error session.
L 12/13/2024 - 11:12:09: Info (map "zm_bounty") (file "addons/amxmodx/logs/error_20241213.log")
L 12/13/2024 - 11:12:09: [HAMSANDWICH] Failed to retrieve classtype for "", hook for "f_HamWeaponReload" not active.
L 12/13/2024 - 11:12:09: [AMXX] Displaying debug trace (plugin "K_ZP_main.amxx", version "1.0")
L 12/13/2024 - 11:12:09: [AMXX] Run time error 10: native error (native "RegisterHam")
L 12/13/2024 - 11:12:09: [AMXX]    [0] Krol_basic.inc::get_guns_name_by_id (line 516)
L 12/13/2024 - 11:12:09: [AMXX]    [1] K_ZP_main.sma::plugin_init (line 33)
L 12/13/2024 - 11:14:14: Start of error session.
L 12/13/2024 - 11:14:14: Info (map "zm_bounty") (file "addons/amxmodx/logs/error_20241213.log")
L 12/13/2024 - 11:14:14: [HAMSANDWICH] Failed to retrieve classtype for "", hook for "f_HamWeaponReload" not active.
L 12/13/2024 - 11:14:14: [AMXX] Displaying debug trace (plugin "K_ZP_main.amxx", version "1.0")
L 12/13/2024 - 11:14:14: [AMXX] Run time error 10: native error (native "RegisterHam")
L 12/13/2024 - 11:14:14: [AMXX]    [0] Krol_basic.inc::get_guns_name_by_id (line 516)
L 12/13/2024 - 11:14:14: [AMXX]    [1] K_ZP_main.sma::plugin_init (line 33)
L 12/13/2024 - 11:16:36: Start of error session.
L 12/13/2024 - 11:16:36: Info (map "zm_bounty") (file "addons/amxmodx/logs/error_20241213.log")
L 12/13/2024 - 11:16:36: [HAMSANDWICH] Failed to retrieve classtype for "", hook for "f_HamWeaponReload" not active.
L 12/13/2024 - 11:16:36: [AMXX] Displaying debug trace (plugin "K_ZP_main.amxx", version "1.0")
L 12/13/2024 - 11:16:36: [AMXX] Run time error 10: native error (native "RegisterHam")
L 12/13/2024 - 11:16:36: [AMXX]    [0] Krol_basic.inc::get_guns_name_by_id (line 516)
L 12/13/2024 - 11:16:36: [AMXX]    [1] K_ZP_main.sma::plugin_init (line 33)
L 12/13/2024 - 11:18:31: Start of error session.
L 12/13/2024 - 11:18:31: Info (map "zm_bounty") (file "addons/amxmodx/logs/error_20241213.log")
L 12/13/2024 - 11:18:31: [HAMSANDWICH] Failed to retrieve classtype for "", hook for "f_HamWeaponReload" not active.
L 12/13/2024 - 11:18:31: [AMXX] Displaying debug trace (plugin "K_ZP_main.amxx", version "1.0")
L 12/13/2024 - 11:18:31: [AMXX] Run time error 10: native error (native "RegisterHam")
L 12/13/2024 - 11:18:31: [AMXX]    [0] Krol_basic.inc::get_guns_name_by_id (line 516)
L 12/13/2024 - 11:18:31: [AMXX]    [1] K_ZP_main.sma::plugin_init (line 33)
L 12/13/2024 - 11:21:43: Start of error session.
L 12/13/2024 - 11:21:43: Info (map "zm_bounty") (file "addons/amxmodx/logs/error_20241213.log")
L 12/13/2024 - 11:21:43: [HAMSANDWICH] Failed to retrieve classtype for "", hook for "f_HamWeaponReload" not active.
L 12/13/2024 - 11:21:43: [AMXX] Displaying debug trace (plugin "K_ZP_main.amxx", version "1.0")
L 12/13/2024 - 11:21:43: [AMXX] Run time error 10: native error (native "RegisterHam")
L 12/13/2024 - 11:21:43: [AMXX]    [0] Krol_basic.inc::get_guns_name_by_id (line 516)
L 12/13/2024 - 11:21:43: [AMXX]    [1] K_ZP_main.sma::plugin_init (line 33)
