L 08/24/2024 - 09:20:52: Start of error session.
L 08/24/2024 - 09:20:52: Info (map "zm_fdust2x2") (file "addons/amxmodx/logs/error_20240824.log")
L 08/24/2024 - 09:20:52: [AMXX] Plugin file open error (plugin "scm_entity_editor.amxx")
L 08/24/2024 - 09:21:04: [AMXX] Run time error 4 (plugin "menu_donate_guns.amxx") - debug not enabled!
L 08/24/2024 - 09:21:04: [AMXX] To enable debug mode, add "debug" after the plugin name in plugins.ini (without quotes).
L 08/24/2024 - 09:21:04: [CS] Player is not in game (8)
L 08/24/2024 - 09:21:04: [AMXX] Displaying debug trace (plugin "K_menu_model.amxx", version "1.0")
L 08/24/2024 - 09:21:04: [AMXX] Run time error 10: native error (native "cs_set_player_model")
L 08/24/2024 - 09:21:04: [AMXX]    [0] K_menu_model.sma::native_return_ham_skin (line 664)
L 08/24/2024 - 09:21:04: [AMXX]    [1] K_menu_model.sma::fw_new_round (line 38)
L 08/24/2024 - 09:21:52: Start of error session.
L 08/24/2024 - 09:21:52: Info (map "zm_fdust2x2") (file "addons/amxmodx/logs/error_20240824.log")
L 08/24/2024 - 09:21:52: [AMXX] Plugin file open error (plugin "scm_entity_editor.amxx")
L 08/24/2024 - 09:22:02: [AMXX] Run time error 4 (plugin "menu_donate_guns.amxx") - debug not enabled!
L 08/24/2024 - 09:22:02: [AMXX] To enable debug mode, add "debug" after the plugin name in plugins.ini (without quotes).
L 08/24/2024 - 09:22:02: [CS] Player is not in game (8)
L 08/24/2024 - 09:22:02: [AMXX] Run time error 10 (plugin "K_menu_model.amxx") (native "cs_set_player_model") - debug not enabled!
L 08/24/2024 - 09:22:02: [AMXX] To enable debug mode, add "debug" after the plugin name in plugins.ini (without quotes).
L 08/24/2024 - 09:23:45: Start of error session.
L 08/24/2024 - 09:23:45: Info (map "zm_fdust2x2") (file "addons/amxmodx/logs/error_20240824.log")
L 08/24/2024 - 09:23:45: [AMXX] Plugin file open error (plugin "scm_entity_editor.amxx")
L 08/24/2024 - 09:23:56: [AMXX] Run time error 4 (plugin "menu_donate_guns.amxx") - debug not enabled!
L 08/24/2024 - 09:23:56: [AMXX] To enable debug mode, add "debug" after the plugin name in plugins.ini (without quotes).
L 08/24/2024 - 09:25:55: Start of error session.
L 08/24/2024 - 09:25:55: Info (map "zm_fdust2x2") (file "addons/amxmodx/logs/error_20240824.log")
L 08/24/2024 - 09:25:55: [AMXX] Plugin file open error (plugin "scm_entity_editor.amxx")
L 08/24/2024 - 09:26:58: Invalid index -1 (count: 9)
L 08/24/2024 - 09:26:58: [AMXX] Run time error 10 (plugin "zombie_plague40.amxx") (native "ArrayGetString") - debug not enabled!
L 08/24/2024 - 09:26:58: [AMXX] To enable debug mode, add "debug" after the plugin name in plugins.ini (without quotes).
L 08/24/2024 - 09:26:58: Invalid index -1 (count: 9)
L 08/24/2024 - 09:26:58: [AMXX] Run time error 10 (plugin "zombie_plague40.amxx") (native "ArrayGetString") - debug not enabled!
L 08/24/2024 - 09:26:58: [AMXX] To enable debug mode, add "debug" after the plugin name in plugins.ini (without quotes).
L 08/24/2024 - 09:29:13: Invalid index -1 (count: 9)
L 08/24/2024 - 09:29:13: [AMXX] Run time error 10 (plugin "zombie_plague40.amxx") (native "ArrayGetString") - debug not enabled!
L 08/24/2024 - 09:29:13: [AMXX] To enable debug mode, add "debug" after the plugin name in plugins.ini (without quotes).
L 08/24/2024 - 09:29:13: Invalid index -1 (count: 9)
L 08/24/2024 - 09:29:13: [AMXX] Run time error 10 (plugin "zombie_plague40.amxx") (native "ArrayGetString") - debug not enabled!
L 08/24/2024 - 09:29:13: [AMXX] To enable debug mode, add "debug" after the plugin name in plugins.ini (without quotes).
L 08/24/2024 - 09:34:52: Start of error session.
L 08/24/2024 - 09:34:52: Info (map "zm_fdust2x2") (file "addons/amxmodx/logs/error_20240824.log")
L 08/24/2024 - 09:34:52: [AMXX] Plugin file open error (plugin "scm_entity_editor.amxx")
L 08/24/2024 - 09:35:48: Invalid index -1 (count: 9)
L 08/24/2024 - 09:35:48: [AMXX] Run time error 10 (plugin "zombie_plague40.amxx") (native "ArrayGetString") - debug not enabled!
L 08/24/2024 - 09:35:48: [AMXX] To enable debug mode, add "debug" after the plugin name in plugins.ini (without quotes).
L 08/24/2024 - 09:35:48: Invalid index -1 (count: 9)
L 08/24/2024 - 09:35:48: [AMXX] Run time error 10 (plugin "zombie_plague40.amxx") (native "ArrayGetString") - debug not enabled!
L 08/24/2024 - 09:35:48: [AMXX] To enable debug mode, add "debug" after the plugin name in plugins.ini (without quotes).
L 08/24/2024 - 09:37:43: Start of error session.
L 08/24/2024 - 09:37:43: Info (map "zm_fdust2x2") (file "addons/amxmodx/logs/error_20240824.log")
L 08/24/2024 - 09:37:43: [AMXX] Plugin file open error (plugin "scm_entity_editor.amxx")
L 08/24/2024 - 09:51:57: Start of error session.
L 08/24/2024 - 09:51:57: Info (map "zm_fdust2x2") (file "addons/amxmodx/logs/error_20240824.log")
L 08/24/2024 - 09:51:57: [AMXX] Plugin file open error (plugin "scm_entity_editor.amxx")
L 08/24/2024 - 10:02:12: Start of error session.
L 08/24/2024 - 10:02:12: Info (map "zm_fdust2x2") (file "addons/amxmodx/logs/error_20240824.log")
L 08/24/2024 - 10:02:12: [AMXX] Plugin file open error (plugin "scm_entity_editor.amxx")
L 08/24/2024 - 10:23:33: Start of error session.
L 08/24/2024 - 10:23:33: Info (map "zm_fdust2x2") (file "addons/amxmodx/logs/error_20240824.log")
L 08/24/2024 - 10:23:33: [AMXX] Plugin file open error (plugin "scm_entity_editor.amxx")
L 08/24/2024 - 10:25:16: Start of error session.
L 08/24/2024 - 10:25:16: Info (map "zm_fdust2x2") (file "addons/amxmodx/logs/error_20240824.log")
L 08/24/2024 - 10:25:16: [AMXX] Plugin file open error (plugin "scm_entity_editor.amxx")
L 08/24/2024 - 10:26:25: Start of error session.
L 08/24/2024 - 10:26:25: Info (map "zm_fdust2x2") (file "addons/amxmodx/logs/error_20240824.log")
L 08/24/2024 - 10:26:25: [AMXX] Plugin file open error (plugin "scm_entity_editor.amxx")
L 08/24/2024 - 10:27:13: Start of error session.
L 08/24/2024 - 10:27:13: Info (map "zm_fdust2x2") (file "addons/amxmodx/logs/error_20240824.log")
L 08/24/2024 - 10:27:13: [AMXX] Plugin file open error (plugin "scm_entity_editor.amxx")
L 08/24/2024 - 10:28:02: Start of error session.
L 08/24/2024 - 10:28:02: Info (map "zm_fdust2x2") (file "addons/amxmodx/logs/error_20240824.log")
L 08/24/2024 - 10:28:02: [AMXX] Plugin file open error (plugin "scm_entity_editor.amxx")
L 08/24/2024 - 10:28:53: Start of error session.
L 08/24/2024 - 10:28:53: Info (map "zm_fdust2x2") (file "addons/amxmodx/logs/error_20240824.log")
L 08/24/2024 - 10:28:53: [AMXX] Plugin file open error (plugin "scm_entity_editor.amxx")
L 08/24/2024 - 10:37:57: Start of error session.
L 08/24/2024 - 10:37:57: Info (map "zm_fdust2x2") (file "addons/amxmodx/logs/error_20240824.log")
L 08/24/2024 - 10:37:57: [AMXX] Plugin file open error (plugin "scm_entity_editor.amxx")
L 08/24/2024 - 10:37:59: Start of error session.
L 08/24/2024 - 10:37:59: Info (map "zm_fdust2x2") (file "addons/amxmodx/logs/error_20240824.log")
L 08/24/2024 - 10:37:59: [AMXX] Plugin file open error (plugin "scm_entity_editor.amxx")
L 08/24/2024 - 10:38:01: Start of error session.
L 08/24/2024 - 10:38:01: Info (map "zm_fdust2x2") (file "addons/amxmodx/logs/error_20240824.log")
L 08/24/2024 - 10:38:01: [AMXX] Plugin file open error (plugin "scm_entity_editor.amxx")
L 08/24/2024 - 10:58:17: Start of error session.
L 08/24/2024 - 10:58:17: Info (map "zm_fdust2x2") (file "addons/amxmodx/logs/error_20240824.log")
L 08/24/2024 - 10:58:17: [AMXX] Plugin file open error (plugin "scm_entity_editor.amxx")
L 08/24/2024 - 11:03:22: Start of error session.
L 08/24/2024 - 11:03:22: Info (map "zm_fdust2x2") (file "addons/amxmodx/logs/error_20240824.log")
L 08/24/2024 - 11:03:22: [AMXX] Plugin file open error (plugin "scm_entity_editor.amxx")
L 08/24/2024 - 11:05:35: Start of error session.
L 08/24/2024 - 11:05:35: Info (map "zm_fdust2x2") (file "addons/amxmodx/logs/error_20240824.log")
L 08/24/2024 - 11:05:35: [AMXX] Plugin file open error (plugin "scm_entity_editor.amxx")
L 08/24/2024 - 11:09:39: Start of error session.
L 08/24/2024 - 11:09:39: Info (map "zm_fdust2x2") (file "addons/amxmodx/logs/error_20240824.log")
L 08/24/2024 - 11:09:39: [AMXX] Plugin file open error (plugin "scm_entity_editor.amxx")
L 08/24/2024 - 11:14:40: Start of error session.
L 08/24/2024 - 11:14:40: Info (map "zm_fdust2x2") (file "addons/amxmodx/logs/error_20240824.log")
L 08/24/2024 - 11:14:40: [AMXX] Plugin file open error (plugin "scm_entity_editor.amxx")
L 08/24/2024 - 11:17:52: Start of error session.
L 08/24/2024 - 11:17:52: Info (map "zm_fdust2x2") (file "addons/amxmodx/logs/error_20240824.log")
L 08/24/2024 - 11:17:52: [AMXX] Plugin file open error (plugin "scm_entity_editor.amxx")
L 08/24/2024 - 11:27:44: Start of error session.
L 08/24/2024 - 11:27:44: Info (map "zm_fdust2x2") (file "addons/amxmodx/logs/error_20240824.log")
L 08/24/2024 - 11:27:44: [AMXX] Plugin file open error (plugin "scm_entity_editor.amxx")
L 08/24/2024 - 11:38:18: Start of error session.
L 08/24/2024 - 11:38:18: Info (map "zm_fdust2x2") (file "addons/amxmodx/logs/error_20240824.log")
L 08/24/2024 - 11:38:18: [AMXX] Plugin file open error (plugin "scm_entity_editor.amxx")
L 08/24/2024 - 11:39:52: Start of error session.
L 08/24/2024 - 11:39:52: Info (map "zm_fdust2x2") (file "addons/amxmodx/logs/error_20240824.log")
L 08/24/2024 - 11:39:52: [AMXX] Plugin file open error (plugin "scm_entity_editor.amxx")
L 08/24/2024 - 12:16:18: Start of error session.
L 08/24/2024 - 12:16:18: Info (map "zm_biohazard_base_mx") (file "addons/amxmodx/logs/error_20240824.log")
L 08/24/2024 - 12:16:18: [AMXX] Plugin file open error (plugin "scm_entity_editor.amxx")
L 08/24/2024 - 12:24:30: Start of error session.
L 08/24/2024 - 12:24:30: Info (map "zm_biohazard_base_mx") (file "addons/amxmodx/logs/error_20240824.log")
L 08/24/2024 - 12:24:30: [AMXX] Plugin file open error (plugin "scm_entity_editor.amxx")
L 08/24/2024 - 12:24:47: Start of error session.
L 08/24/2024 - 12:24:47: Info (map "zm_fdust2x2") (file "addons/amxmodx/logs/error_20240824.log")
L 08/24/2024 - 12:24:47: [AMXX] Plugin file open error (plugin "scm_entity_editor.amxx")
L 08/24/2024 - 12:34:10: Start of error session.
L 08/24/2024 - 12:34:10: Info (map "zm_fdust2x2") (file "addons/amxmodx/logs/error_20240824.log")
L 08/24/2024 - 12:34:10: [AMXX] Plugin file open error (plugin "scm_entity_editor.amxx")
L 08/24/2024 - 12:40:01: Start of error session.
L 08/24/2024 - 12:40:01: Info (map "zm_fdust2x2") (file "addons/amxmodx/logs/error_20240824.log")
L 08/24/2024 - 12:40:01: [AMXX] Plugin file open error (plugin "scm_entity_editor.amxx")
L 08/24/2024 - 12:42:12: Start of error session.
L 08/24/2024 - 12:42:12: Info (map "zm_fdust2x2") (file "addons/amxmodx/logs/error_20240824.log")
L 08/24/2024 - 12:42:12: [AMXX] Plugin file open error (plugin "scm_entity_editor.amxx")
L 08/24/2024 - 12:44:01: Start of error session.
L 08/24/2024 - 12:44:01: Info (map "zm_fdust2x2") (file "addons/amxmodx/logs/error_20240824.log")
L 08/24/2024 - 12:44:01: [AMXX] Plugin file open error (plugin "scm_entity_editor.amxx")
L 08/24/2024 - 12:53:49: Start of error session.
L 08/24/2024 - 12:53:49: Info (map "zm_fdust2x2") (file "addons/amxmodx/logs/error_20240824.log")
L 08/24/2024 - 12:53:49: [AMXX] Plugin file open error (plugin "scm_entity_editor.amxx")
L 08/24/2024 - 13:00:34: Start of error session.
L 08/24/2024 - 13:00:34: Info (map "zm_fdust2x2") (file "addons/amxmodx/logs/error_20240824.log")
L 08/24/2024 - 13:00:34: [AMXX] Plugin file open error (plugin "scm_entity_editor.amxx")
L 08/24/2024 - 13:04:35: Start of error session.
L 08/24/2024 - 13:04:35: Info (map "zm_fdust2x2") (file "addons/amxmodx/logs/error_20240824.log")
L 08/24/2024 - 13:04:35: [AMXX] Plugin file open error (plugin "scm_entity_editor.amxx")
L 08/24/2024 - 13:05:55: Start of error session.
L 08/24/2024 - 13:05:55: Info (map "zm_fdust2x2") (file "addons/amxmodx/logs/error_20240824.log")
L 08/24/2024 - 13:05:55: [AMXX] Plugin file open error (plugin "scm_entity_editor.amxx")
L 08/24/2024 - 13:06:08: [AMXX] Run time error 4 (plugin "Krol_funs.amxx") - debug not enabled!
L 08/24/2024 - 13:06:08: [AMXX] To enable debug mode, add "debug" after the plugin name in plugins.ini (without quotes).
L 08/24/2024 - 13:10:53: Start of error session.
L 08/24/2024 - 13:10:53: Info (map "zm_fdust2x2") (file "addons/amxmodx/logs/error_20240824.log")
L 08/24/2024 - 13:10:53: [AMXX] Plugin file open error (plugin "scm_entity_editor.amxx")
L 08/24/2024 - 13:11:47: Start of error session.
L 08/24/2024 - 13:11:47: Info (map "zm_fdust2x2") (file "addons/amxmodx/logs/error_20240824.log")
L 08/24/2024 - 13:11:47: [AMXX] Plugin file open error (plugin "scm_entity_editor.amxx")
L 08/24/2024 - 13:12:10: Start of error session.
L 08/24/2024 - 13:12:10: Info (map "zm_fdust2x2") (file "addons/amxmodx/logs/error_20240824.log")
L 08/24/2024 - 13:12:10: [AMXX] Plugin file open error (plugin "scm_entity_editor.amxx")
L 08/24/2024 - 13:43:07: Start of error session.
L 08/24/2024 - 13:43:07: Info (map "zm_tc_death_zg") (file "addons/amxmodx/logs/error_20240824.log")
L 08/24/2024 - 13:43:07: [AMXX] Plugin file open error (plugin "scm_entity_editor.amxx")
L 08/24/2024 - 13:47:18: Start of error session.
L 08/24/2024 - 13:47:18: Info (map "zm_tc_death_zg") (file "addons/amxmodx/logs/error_20240824.log")
L 08/24/2024 - 13:47:18: [AMXX] Plugin file open error (plugin "scm_entity_editor.amxx")
L 08/24/2024 - 13:47:36: Start of error session.
L 08/24/2024 - 13:47:36: Info (map "zm_fdust2x2") (file "addons/amxmodx/logs/error_20240824.log")
L 08/24/2024 - 13:47:36: [AMXX] Plugin file open error (plugin "scm_entity_editor.amxx")
L 08/24/2024 - 13:48:09: Start of error session.
L 08/24/2024 - 13:48:09: Info (map "zm_fdust2x2") (file "addons/amxmodx/logs/error_20240824.log")
L 08/24/2024 - 13:48:09: [AMXX] Plugin file open error (plugin "scm_entity_editor.amxx")
L 08/24/2024 - 13:49:31: [FUN] Invalid player 1
L 08/24/2024 - 13:49:31: [AMXX] Run time error 10 (plugin "parachute.amxx") (native "set_user_gravity") - debug not enabled!
L 08/24/2024 - 13:49:31: [AMXX] To enable debug mode, add "debug" after the plugin name in plugins.ini (without quotes).
L 08/24/2024 - 14:15:42: Start of error session.
L 08/24/2024 - 14:15:42: Info (map "zm_tower_new") (file "addons/amxmodx/logs/error_20240824.log")
L 08/24/2024 - 14:15:42: [AMXX] Plugin file open error (plugin "scm_entity_editor.amxx")
L 08/24/2024 - 14:41:46: Start of error session.
L 08/24/2024 - 14:41:46: Info (map "zm_bounty") (file "addons/amxmodx/logs/error_20240824.log")
L 08/24/2024 - 14:41:46: [AMXX] Plugin file open error (plugin "scm_entity_editor.amxx")
L 08/24/2024 - 15:06:51: Start of error session.
L 08/24/2024 - 15:06:51: Info (map "zm_bounty") (file "addons/amxmodx/logs/error_20240824.log")
L 08/24/2024 - 15:06:51: [AMXX] Plugin file open error (plugin "scm_entity_editor.amxx")
L 08/24/2024 - 15:07:06: Start of error session.
L 08/24/2024 - 15:07:06: Info (map "zm_fdust2x2") (file "addons/amxmodx/logs/error_20240824.log")
L 08/24/2024 - 15:07:06: [AMXX] Plugin file open error (plugin "scm_entity_editor.amxx")
L 08/24/2024 - 15:10:05: Start of error session.
L 08/24/2024 - 15:10:05: Info (map "zm_fdust2x2") (file "addons/amxmodx/logs/error_20240824.log")
L 08/24/2024 - 15:10:05: [AMXX] Plugin file open error (plugin "scm_entity_editor.amxx")
L 08/24/2024 - 15:23:39: Start of error session.
L 08/24/2024 - 15:23:39: Info (map "zm_fdust2x2") (file "addons/amxmodx/logs/error_20240824.log")
L 08/24/2024 - 15:23:39: [AMXX] Plugin file open error (plugin "scm_entity_editor.amxx")
L 08/24/2024 - 15:25:41: Start of error session.
L 08/24/2024 - 15:25:41: Info (map "zm_fdust2x2") (file "addons/amxmodx/logs/error_20240824.log")
L 08/24/2024 - 15:25:41: [AMXX] Plugin file open error (plugin "scm_entity_editor.amxx")
L 08/24/2024 - 15:36:30: Start of error session.
L 08/24/2024 - 15:36:30: Info (map "zm_fdust2x2") (file "addons/amxmodx/logs/error_20240824.log")
L 08/24/2024 - 15:36:30: [AMXX] Plugin file open error (plugin "scm_entity_editor.amxx")
L 08/24/2024 - 15:38:20: Start of error session.
L 08/24/2024 - 15:38:20: Info (map "zm_fdust2x2") (file "addons/amxmodx/logs/error_20240824.log")
L 08/24/2024 - 15:38:20: [AMXX] Plugin file open error (plugin "scm_entity_editor.amxx")
L 08/24/2024 - 15:45:37: [ENGINE] Invalid entity 99
L 08/24/2024 - 15:45:37: [AMXX] Run time error 10 (plugin "grenade_modes.amxx") (native "entity_get_vector") - debug not enabled!
L 08/24/2024 - 15:45:37: [AMXX] To enable debug mode, add "debug" after the plugin name in plugins.ini (without quotes).
L 08/24/2024 - 17:14:05: Start of error session.
L 08/24/2024 - 17:14:05: Info (map "zm_fdust2x2") (file "addons/amxmodx/logs/error_20240824.log")
L 08/24/2024 - 17:14:05: [AMXX] Plugin file open error (plugin "scm_entity_editor.amxx")
L 08/24/2024 - 17:14:13: [AMXX] Run time error 4 (plugin "shop_lasermine_28.amxx") - debug not enabled!
L 08/24/2024 - 17:14:13: [AMXX] To enable debug mode, add "debug" after the plugin name in plugins.ini (without quotes).
L 08/24/2024 - 17:19:24: [AMXX] Run time error 4 (plugin "shop_lasermine_28.amxx") - debug not enabled!
L 08/24/2024 - 17:19:24: [AMXX] To enable debug mode, add "debug" after the plugin name in plugins.ini (without quotes).
L 08/24/2024 - 17:24:35: [AMXX] Run time error 4 (plugin "shop_lasermine_28.amxx") - debug not enabled!
L 08/24/2024 - 17:24:35: [AMXX] To enable debug mode, add "debug" after the plugin name in plugins.ini (without quotes).
L 08/24/2024 - 17:25:27: [AMXX] Run time error 4 (plugin "shop_lasermine_28.amxx") - debug not enabled!
L 08/24/2024 - 17:25:27: [AMXX] To enable debug mode, add "debug" after the plugin name in plugins.ini (without quotes).
L 08/24/2024 - 17:25:28: Start of error session.
L 08/24/2024 - 17:25:28: Info (map "zm_fdust2x2") (file "addons/amxmodx/logs/error_20240824.log")
L 08/24/2024 - 17:25:28: [AMXX] Plugin file open error (plugin "scm_entity_editor.amxx")
L 08/24/2024 - 17:51:54: Start of error session.
L 08/24/2024 - 17:51:54: Info (map "zm_tower_new") (file "addons/amxmodx/logs/error_20240824.log")
L 08/24/2024 - 17:51:54: [AMXX] Plugin file open error (plugin "scm_entity_editor.amxx")
