L 11/02/2024 - 12:14:00: Start of error session.
L 11/02/2024 - 12:14:00: Info (map "zm_fox") (file "addons/amxmodx/logs/error_20241102.log")
L 11/02/2024 - 12:14:00: Function "native_save_knife" was not found
L 11/02/2024 - 12:14:00: [AMXX] Run time error 19 (plugin "K_ZP_control_data.amxx") - debug not enabled!
L 11/02/2024 - 12:14:00: [AMXX] To enable debug mode, add "debug" after the plugin name in plugins.ini (without quotes).
L 11/02/2024 - 12:14:00: [AMXX] Run time error -1 (plugin "K_ZP_control_data.amxx") - debug not enabled!
L 11/02/2024 - 12:34:10: Start of error session.
L 11/02/2024 - 12:34:10: Info (map "zm_3rooms") (file "addons/amxmodx/logs/error_20241102.log")
L 11/02/2024 - 12:34:10: Function "native_save_knife" was not found
L 11/02/2024 - 12:34:10: [AMXX] Run time error 19 (plugin "K_ZP_control_data.amxx") - debug not enabled!
L 11/02/2024 - 12:34:10: [AMXX] To enable debug mode, add "debug" after the plugin name in plugins.ini (without quotes).
L 11/02/2024 - 12:34:10: [AMXX] Run time error -1 (plugin "K_ZP_control_data.amxx") - debug not enabled!
L 11/02/2024 - 12:54:20: Start of error session.
L 11/02/2024 - 12:54:20: Info (map "zm_202") (file "addons/amxmodx/logs/error_20241102.log")
L 11/02/2024 - 12:54:20: Function "native_save_knife" was not found
L 11/02/2024 - 12:54:20: [AMXX] Run time error 19 (plugin "K_ZP_control_data.amxx") - debug not enabled!
L 11/02/2024 - 12:54:20: [AMXX] To enable debug mode, add "debug" after the plugin name in plugins.ini (without quotes).
L 11/02/2024 - 12:54:20: [AMXX] Run time error -1 (plugin "K_ZP_control_data.amxx") - debug not enabled!
L 11/02/2024 - 13:14:29: Start of error session.
L 11/02/2024 - 13:14:29: Info (map "zm_base_human_lg_new_v2") (file "addons/amxmodx/logs/error_20241102.log")
L 11/02/2024 - 13:14:29: Function "native_save_knife" was not found
L 11/02/2024 - 13:14:29: [AMXX] Run time error 19 (plugin "K_ZP_control_data.amxx") - debug not enabled!
L 11/02/2024 - 13:14:29: [AMXX] To enable debug mode, add "debug" after the plugin name in plugins.ini (without quotes).
L 11/02/2024 - 13:14:29: [AMXX] Run time error -1 (plugin "K_ZP_control_data.amxx") - debug not enabled!
L 11/02/2024 - 13:34:38: Start of error session.
L 11/02/2024 - 13:34:38: Info (map "zm_biohazard_base_mx") (file "addons/amxmodx/logs/error_20241102.log")
L 11/02/2024 - 13:34:38: Function "native_save_knife" was not found
L 11/02/2024 - 13:34:38: [AMXX] Run time error 19 (plugin "K_ZP_control_data.amxx") - debug not enabled!
L 11/02/2024 - 13:34:38: [AMXX] To enable debug mode, add "debug" after the plugin name in plugins.ini (without quotes).
L 11/02/2024 - 13:34:38: [AMXX] Run time error -1 (plugin "K_ZP_control_data.amxx") - debug not enabled!
L 11/02/2024 - 13:40:32: Start of error session.
L 11/02/2024 - 13:40:32: Info (map "zm_biohazard_base_mx") (file "addons/amxmodx/logs/error_20241102.log")
L 11/02/2024 - 13:40:32: Function "native_save_knife" was not found
L 11/02/2024 - 13:40:32: [AMXX] Run time error 19 (plugin "K_ZP_control_data.amxx") - debug not enabled!
L 11/02/2024 - 13:40:32: [AMXX] To enable debug mode, add "debug" after the plugin name in plugins.ini (without quotes).
L 11/02/2024 - 13:40:32: [AMXX] Run time error -1 (plugin "K_ZP_control_data.amxx") - debug not enabled!
L 11/02/2024 - 13:40:32: Function "native_give_inv_bomb" was not found
L 11/02/2024 - 13:40:32: [AMXX] Displaying debug trace (plugin "item_infec_bomb.amxx", version "unknown")
L 11/02/2024 - 13:40:32: [AMXX] Run time error 19: function not found 
L 11/02/2024 - 13:40:32: [AMXX]    [0] item_infec_bomb.sma::plugin_precache (line 56)
L 11/02/2024 - 13:45:40: Start of error session.
L 11/02/2024 - 13:45:40: Info (map "zm_biohazard_base_mx") (file "addons/amxmodx/logs/error_20241102.log")
L 11/02/2024 - 13:45:40: Function "native_save_knife" was not found
L 11/02/2024 - 13:45:40: [AMXX] Run time error 19 (plugin "K_ZP_control_data.amxx") - debug not enabled!
L 11/02/2024 - 13:45:40: [AMXX] To enable debug mode, add "debug" after the plugin name in plugins.ini (without quotes).
L 11/02/2024 - 13:45:40: [AMXX] Run time error -1 (plugin "K_ZP_control_data.amxx") - debug not enabled!
L 11/02/2024 - 13:45:40: Function "native_give_inv_bomb" was not found
L 11/02/2024 - 13:45:40: [AMXX] Displaying debug trace (plugin "item_infec_bomb.amxx", version "unknown")
L 11/02/2024 - 13:45:40: [AMXX] Run time error 19: function not found 
L 11/02/2024 - 13:45:40: [AMXX]    [0] item_infec_bomb.sma::plugin_precache (line 56)
L 11/02/2024 - 13:47:16: Start of error session.
L 11/02/2024 - 13:47:16: Info (map "zm_biohazard_base_mx") (file "addons/amxmodx/logs/error_20241102.log")
L 11/02/2024 - 13:47:16: Function "native_save_knife" was not found
L 11/02/2024 - 13:47:16: [AMXX] Run time error 19 (plugin "K_ZP_control_data.amxx") - debug not enabled!
L 11/02/2024 - 13:47:16: [AMXX] To enable debug mode, add "debug" after the plugin name in plugins.ini (without quotes).
L 11/02/2024 - 13:47:16: [AMXX] Run time error -1 (plugin "K_ZP_control_data.amxx") - debug not enabled!
L 11/02/2024 - 13:47:16: Function "native_give_inv_bomb" was not found
L 11/02/2024 - 13:47:16: [AMXX] Displaying debug trace (plugin "item_infec_bomb.amxx", version "unknown")
L 11/02/2024 - 13:47:16: [AMXX] Run time error 19: function not found 
L 11/02/2024 - 13:47:16: [AMXX]    [0] item_infec_bomb.sma::plugin_precache (line 56)
L 11/02/2024 - 13:57:46: Start of error session.
L 11/02/2024 - 13:57:46: Info (map "zm_biohazard_base_mx") (file "addons/amxmodx/logs/error_20241102.log")
L 11/02/2024 - 13:57:46: Function "native_save_knife" was not found
L 11/02/2024 - 13:57:46: [AMXX] Run time error 19 (plugin "K_ZP_control_data.amxx") - debug not enabled!
L 11/02/2024 - 13:57:46: [AMXX] To enable debug mode, add "debug" after the plugin name in plugins.ini (without quotes).
L 11/02/2024 - 13:57:46: [AMXX] Run time error -1 (plugin "K_ZP_control_data.amxx") - debug not enabled!
L 11/02/2024 - 13:57:46: Function "native_give_inv_bomb" was not found
L 11/02/2024 - 13:57:46: [AMXX] Displaying debug trace (plugin "item_infec_bomb.amxx", version "unknown")
L 11/02/2024 - 13:57:46: [AMXX] Run time error 19: function not found 
L 11/02/2024 - 13:57:46: [AMXX]    [0] item_infec_bomb.sma::plugin_precache (line 56)
L 11/02/2024 - 14:03:26: Start of error session.
L 11/02/2024 - 14:03:26: Info (map "zm_biohazard_base_mx") (file "addons/amxmodx/logs/error_20241102.log")
L 11/02/2024 - 14:03:26: Function "native_save_knife" was not found
L 11/02/2024 - 14:03:26: [AMXX] Run time error 19 (plugin "K_ZP_control_data.amxx") - debug not enabled!
L 11/02/2024 - 14:03:26: [AMXX] To enable debug mode, add "debug" after the plugin name in plugins.ini (without quotes).
L 11/02/2024 - 14:03:26: [AMXX] Run time error -1 (plugin "K_ZP_control_data.amxx") - debug not enabled!
L 11/02/2024 - 14:03:27: Function "native_give_inv_bomb" was not found
L 11/02/2024 - 14:03:27: [AMXX] Displaying debug trace (plugin "item_infec_bomb.amxx", version "unknown")
L 11/02/2024 - 14:03:27: [AMXX] Run time error 19: function not found 
L 11/02/2024 - 14:03:27: [AMXX]    [0] item_infec_bomb.sma::plugin_precache (line 56)
L 11/02/2024 - 14:23:35: Start of error session.
L 11/02/2024 - 14:23:35: Info (map "zm_epic_base") (file "addons/amxmodx/logs/error_20241102.log")
L 11/02/2024 - 14:23:35: Function "native_save_knife" was not found
L 11/02/2024 - 14:23:35: [AMXX] Run time error 19 (plugin "K_ZP_control_data.amxx") - debug not enabled!
L 11/02/2024 - 14:23:35: [AMXX] To enable debug mode, add "debug" after the plugin name in plugins.ini (without quotes).
L 11/02/2024 - 14:23:35: [AMXX] Run time error -1 (plugin "K_ZP_control_data.amxx") - debug not enabled!
L 11/02/2024 - 14:23:36: Function "native_give_inv_bomb" was not found
L 11/02/2024 - 14:23:36: [AMXX] Displaying debug trace (plugin "item_infec_bomb.amxx", version "unknown")
L 11/02/2024 - 14:23:36: [AMXX] Run time error 19: function not found 
L 11/02/2024 - 14:23:36: [AMXX]    [0] item_infec_bomb.sma::plugin_precache (line 56)
L 11/02/2024 - 14:33:25: Start of error session.
L 11/02/2024 - 14:33:25: Info (map "zm_fdust2x2") (file "addons/amxmodx/logs/error_20241102.log")
L 11/02/2024 - 14:33:25: Function "native_save_knife" was not found
L 11/02/2024 - 14:33:25: [AMXX] Run time error 19 (plugin "K_ZP_control_data.amxx") - debug not enabled!
L 11/02/2024 - 14:33:25: [AMXX] To enable debug mode, add "debug" after the plugin name in plugins.ini (without quotes).
L 11/02/2024 - 14:33:25: [AMXX] Run time error -1 (plugin "K_ZP_control_data.amxx") - debug not enabled!
L 11/02/2024 - 14:44:39: [FUN] Invalid player 1
L 11/02/2024 - 14:44:39: [AMXX] Displaying debug trace (plugin "parachute.amxx", version "1.3")
L 11/02/2024 - 14:44:39: [AMXX] Run time error 10: native error (native "set_user_gravity")
L 11/02/2024 - 14:44:39: [AMXX]    [0] parachute.sma::parachute_reset (line 104)
L 11/02/2024 - 14:44:39: [AMXX]    [1] parachute.sma::client_connect (line 81)
L 11/02/2024 - 14:45:07: Start of error session.
L 11/02/2024 - 14:45:07: Info (map "zm_fdust2x2") (file "addons/amxmodx/logs/error_20241102.log")
L 11/02/2024 - 14:45:07: Function "native_save_knife" was not found
L 11/02/2024 - 14:45:07: [AMXX] Run time error 19 (plugin "K_ZP_control_data.amxx") - debug not enabled!
L 11/02/2024 - 14:45:07: [AMXX] To enable debug mode, add "debug" after the plugin name in plugins.ini (without quotes).
L 11/02/2024 - 14:45:07: [AMXX] Run time error -1 (plugin "K_ZP_control_data.amxx") - debug not enabled!
L 11/02/2024 - 14:46:36: Start of error session.
L 11/02/2024 - 14:46:36: Info (map "zm_fdust2x2") (file "addons/amxmodx/logs/error_20241102.log")
L 11/02/2024 - 14:46:36: Function "native_save_knife" was not found
L 11/02/2024 - 14:46:36: [AMXX] Run time error 19 (plugin "K_ZP_control_data.amxx") - debug not enabled!
L 11/02/2024 - 14:46:36: [AMXX] To enable debug mode, add "debug" after the plugin name in plugins.ini (without quotes).
L 11/02/2024 - 14:46:36: [AMXX] Run time error -1 (plugin "K_ZP_control_data.amxx") - debug not enabled!
L 11/02/2024 - 14:57:10: [FUN] Invalid player 1
L 11/02/2024 - 14:57:10: [AMXX] Displaying debug trace (plugin "parachute.amxx", version "1.3")
L 11/02/2024 - 14:57:10: [AMXX] Run time error 10: native error (native "set_user_gravity")
L 11/02/2024 - 14:57:10: [AMXX]    [0] parachute.sma::parachute_reset (line 104)
L 11/02/2024 - 14:57:10: [AMXX]    [1] parachute.sma::client_connect (line 81)
L 11/02/2024 - 14:58:27: Start of error session.
L 11/02/2024 - 14:58:27: Info (map "zm_fdust2x2") (file "addons/amxmodx/logs/error_20241102.log")
L 11/02/2024 - 14:58:27: Function "native_save_knife" was not found
L 11/02/2024 - 14:58:27: [AMXX] Run time error 19 (plugin "K_ZP_control_data.amxx") - debug not enabled!
L 11/02/2024 - 14:58:27: [AMXX] To enable debug mode, add "debug" after the plugin name in plugins.ini (without quotes).
L 11/02/2024 - 14:58:27: [AMXX] Run time error -1 (plugin "K_ZP_control_data.amxx") - debug not enabled!
L 11/02/2024 - 15:02:48: Start of error session.
L 11/02/2024 - 15:02:48: Info (map "zm_fdust2x2") (file "addons/amxmodx/logs/error_20241102.log")
L 11/02/2024 - 15:02:48: Function "native_save_knife" was not found
L 11/02/2024 - 15:02:48: [AMXX] Run time error 19 (plugin "K_ZP_control_data.amxx") - debug not enabled!
L 11/02/2024 - 15:02:48: [AMXX] To enable debug mode, add "debug" after the plugin name in plugins.ini (without quotes).
L 11/02/2024 - 15:02:48: [AMXX] Run time error -1 (plugin "K_ZP_control_data.amxx") - debug not enabled!
L 11/02/2024 - 15:03:34: Start of error session.
L 11/02/2024 - 15:03:34: Info (map "zm_fdust2x2") (file "addons/amxmodx/logs/error_20241102.log")
L 11/02/2024 - 15:03:34: Function "native_save_knife" was not found
L 11/02/2024 - 15:03:34: [AMXX] Run time error 19 (plugin "K_ZP_control_data.amxx") - debug not enabled!
L 11/02/2024 - 15:03:34: [AMXX] To enable debug mode, add "debug" after the plugin name in plugins.ini (without quotes).
L 11/02/2024 - 15:03:34: [AMXX] Run time error -1 (plugin "K_ZP_control_data.amxx") - debug not enabled!
L 11/02/2024 - 15:06:28: Start of error session.
L 11/02/2024 - 15:06:28: Info (map "zm_fdust2x2") (file "addons/amxmodx/logs/error_20241102.log")
L 11/02/2024 - 15:06:28: Function "native_save_knife" was not found
L 11/02/2024 - 15:06:28: [AMXX] Run time error 19 (plugin "K_ZP_control_data.amxx") - debug not enabled!
L 11/02/2024 - 15:06:28: [AMXX] To enable debug mode, add "debug" after the plugin name in plugins.ini (without quotes).
L 11/02/2024 - 15:06:28: [AMXX] Run time error -1 (plugin "K_ZP_control_data.amxx") - debug not enabled!
L 11/02/2024 - 15:08:00: Start of error session.
L 11/02/2024 - 15:08:00: Info (map "zm_fdust2x2") (file "addons/amxmodx/logs/error_20241102.log")
L 11/02/2024 - 15:08:00: Function "native_save_knife" was not found
L 11/02/2024 - 15:08:00: [AMXX] Run time error 19 (plugin "K_ZP_control_data.amxx") - debug not enabled!
L 11/02/2024 - 15:08:00: [AMXX] To enable debug mode, add "debug" after the plugin name in plugins.ini (without quotes).
L 11/02/2024 - 15:08:00: [AMXX] Run time error -1 (plugin "K_ZP_control_data.amxx") - debug not enabled!
L 11/02/2024 - 15:08:38: Start of error session.
L 11/02/2024 - 15:08:38: Info (map "zm_fdust2x2") (file "addons/amxmodx/logs/error_20241102.log")
L 11/02/2024 - 15:08:38: Function "native_save_knife" was not found
L 11/02/2024 - 15:08:38: [AMXX] Run time error 19 (plugin "K_ZP_control_data.amxx") - debug not enabled!
L 11/02/2024 - 15:08:38: [AMXX] To enable debug mode, add "debug" after the plugin name in plugins.ini (without quotes).
L 11/02/2024 - 15:08:38: [AMXX] Run time error -1 (plugin "K_ZP_control_data.amxx") - debug not enabled!
L 11/02/2024 - 15:09:45: [FUN] Invalid player 1
L 11/02/2024 - 15:09:45: [AMXX] Displaying debug trace (plugin "parachute.amxx", version "1.3")
L 11/02/2024 - 15:09:45: [AMXX] Run time error 10: native error (native "set_user_gravity")
L 11/02/2024 - 15:09:45: [AMXX]    [0] parachute.sma::parachute_reset (line 104)
L 11/02/2024 - 15:09:45: [AMXX]    [1] parachute.sma::client_connect (line 81)
