L 12/22/2024 - 15:53:08: Start of error session.
L 12/22/2024 - 15:53:08: Info (map "zm_ngamers_lights_f") (file "addons/amxmodx/logs/error_20241222.log")
L 12/22/2024 - 15:53:08: [HAMSANDWICH] Failed to retrieve classtype for "", hook for "f_HamWeaponReload" not active.
L 12/22/2024 - 15:53:08: [AMXX] Displaying debug trace (plugin "K_ZP_main.amxx", version "1.0")
L 12/22/2024 - 15:53:08: [AMXX] Run time error 10: native error (native "RegisterHam")
L 12/22/2024 - 15:53:08: [AMXX]    [0] Krol_basic.inc::get_guns_name_by_id (line 516)
L 12/22/2024 - 15:53:08: [AMXX]    [1] K_ZP_main.sma::plugin_init (line 33)
L 12/22/2024 - 15:56:24: Start of error session.
L 12/22/2024 - 15:56:24: Info (map "zm_ngamers_lights_f") (file "addons/amxmodx/logs/error_20241222.log")
L 12/22/2024 - 15:56:24: [HAMSANDWICH] Failed to retrieve classtype for "", hook for "f_HamWeaponReload" not active.
L 12/22/2024 - 15:56:24: [AMXX] Displaying debug trace (plugin "K_ZP_main.amxx", version "1.0")
L 12/22/2024 - 15:56:24: [AMXX] Run time error 10: native error (native "RegisterHam")
L 12/22/2024 - 15:56:24: [AMXX]    [0] Krol_basic.inc::get_guns_name_by_id (line 516)
L 12/22/2024 - 15:56:24: [AMXX]    [1] K_ZP_main.sma::plugin_init (line 33)
L 12/22/2024 - 16:01:46: Start of error session.
L 12/22/2024 - 16:01:46: Info (map "zm_ngamers_lights_f") (file "addons/amxmodx/logs/error_20241222.log")
L 12/22/2024 - 16:01:46: [HAMSANDWICH] Failed to retrieve classtype for "", hook for "f_HamWeaponReload" not active.
L 12/22/2024 - 16:01:46: [AMXX] Displaying debug trace (plugin "K_ZP_main.amxx", version "1.0")
L 12/22/2024 - 16:01:46: [AMXX] Run time error 10: native error (native "RegisterHam")
L 12/22/2024 - 16:01:46: [AMXX]    [0] Krol_basic.inc::get_guns_name_by_id (line 516)
L 12/22/2024 - 16:01:46: [AMXX]    [1] K_ZP_main.sma::plugin_init (line 33)
L 12/22/2024 - 16:02:28: Start of error session.
L 12/22/2024 - 16:02:28: Info (map "zm_ngamers_lights_f") (file "addons/amxmodx/logs/error_20241222.log")
L 12/22/2024 - 16:02:28: [HAMSANDWICH] Failed to retrieve classtype for "", hook for "f_HamWeaponReload" not active.
L 12/22/2024 - 16:02:28: [AMXX] Displaying debug trace (plugin "K_ZP_main.amxx", version "1.0")
L 12/22/2024 - 16:02:28: [AMXX] Run time error 10: native error (native "RegisterHam")
L 12/22/2024 - 16:02:28: [AMXX]    [0] Krol_basic.inc::get_guns_name_by_id (line 516)
L 12/22/2024 - 16:02:28: [AMXX]    [1] K_ZP_main.sma::plugin_init (line 33)
L 12/22/2024 - 16:05:23: Start of error session.
L 12/22/2024 - 16:05:23: Info (map "zm_ngamers_lights_f") (file "addons/amxmodx/logs/error_20241222.log")
L 12/22/2024 - 16:05:23: [HAMSANDWICH] Failed to retrieve classtype for "", hook for "f_HamWeaponReload" not active.
L 12/22/2024 - 16:05:23: [AMXX] Displaying debug trace (plugin "K_ZP_main.amxx", version "1.0")
L 12/22/2024 - 16:05:23: [AMXX] Run time error 10: native error (native "RegisterHam")
L 12/22/2024 - 16:05:23: [AMXX]    [0] Krol_basic.inc::get_guns_name_by_id (line 516)
L 12/22/2024 - 16:05:23: [AMXX]    [1] K_ZP_main.sma::plugin_init (line 33)
L 12/22/2024 - 16:08:01: Start of error session.
L 12/22/2024 - 16:08:01: Info (map "zm_ngamers_lights_f") (file "addons/amxmodx/logs/error_20241222.log")
L 12/22/2024 - 16:08:01: [HAMSANDWICH] Failed to retrieve classtype for "", hook for "f_HamWeaponReload" not active.
L 12/22/2024 - 16:08:01: [AMXX] Displaying debug trace (plugin "K_ZP_main.amxx", version "1.0")
L 12/22/2024 - 16:08:01: [AMXX] Run time error 10: native error (native "RegisterHam")
L 12/22/2024 - 16:08:01: [AMXX]    [0] Krol_basic.inc::get_guns_name_by_id (line 516)
L 12/22/2024 - 16:08:01: [AMXX]    [1] K_ZP_main.sma::plugin_init (line 33)
L 12/22/2024 - 16:09:57: Start of error session.
L 12/22/2024 - 16:09:57: Info (map "zm_ngamers_lights_f") (file "addons/amxmodx/logs/error_20241222.log")
L 12/22/2024 - 16:09:57: [HAMSANDWICH] Failed to retrieve classtype for "", hook for "f_HamWeaponReload" not active.
L 12/22/2024 - 16:09:57: [AMXX] Displaying debug trace (plugin "K_ZP_main.amxx", version "1.0")
L 12/22/2024 - 16:09:57: [AMXX] Run time error 10: native error (native "RegisterHam")
L 12/22/2024 - 16:09:57: [AMXX]    [0] Krol_basic.inc::get_guns_name_by_id (line 516)
L 12/22/2024 - 16:09:57: [AMXX]    [1] K_ZP_main.sma::plugin_init (line 33)
L 12/22/2024 - 16:21:16: Start of error session.
L 12/22/2024 - 16:21:16: Info (map "zm_ngamers_lights_f") (file "addons/amxmodx/logs/error_20241222.log")
L 12/22/2024 - 16:21:16: [HAMSANDWICH] Failed to retrieve classtype for "", hook for "f_HamWeaponReload" not active.
L 12/22/2024 - 16:21:16: [AMXX] Displaying debug trace (plugin "K_ZP_main.amxx", version "1.0")
L 12/22/2024 - 16:21:16: [AMXX] Run time error 10: native error (native "RegisterHam")
L 12/22/2024 - 16:21:16: [AMXX]    [0] Krol_basic.inc::get_guns_name_by_id (line 516)
L 12/22/2024 - 16:21:16: [AMXX]    [1] K_ZP_main.sma::plugin_init (line 33)
L 12/22/2024 - 16:21:32: Invalid player id 0
L 12/22/2024 - 16:21:32: [AMXX] Displaying debug trace (plugin "K_lib_ZP.amxx", version "1.0")
L 12/22/2024 - 16:21:32: [AMXX] Run time error 10: native error (native "get_user_weapons")
L 12/22/2024 - 16:21:32: [AMXX]    [0] Krol_basic.inc::drop_weapons (line 403)
L 12/22/2024 - 16:21:32: [AMXX]    [1] K_lib_ZP.sma::native_make_zombie (line 170)
L 12/22/2024 - 16:21:32: [AMXX]    [2] K_lib_ZP.sma::native_start_mode (line 150)
L 12/22/2024 - 16:21:32: [AMXX]    [3] K_lib_ZP.sma::native_start_mode (line 148)
L 12/22/2024 - 16:21:32: Unhandled dynamic native error
L 12/22/2024 - 16:21:32: [AMXX] Displaying debug trace (plugin "K_ZP_main.amxx", version "1.0")
L 12/22/2024 - 16:21:32: [AMXX] Run time error 10: native error (native "start_mode")
L 12/22/2024 - 16:21:32: [AMXX]    [0] K_ZP_main.sma::task_start_mode (line 118)
L 12/22/2024 - 16:22:03: Invalid player id 0
L 12/22/2024 - 16:22:03: [AMXX] Displaying debug trace (plugin "K_lib_ZP.amxx", version "1.0")
L 12/22/2024 - 16:22:03: [AMXX] Run time error 10: native error (native "get_user_weapons")
L 12/22/2024 - 16:22:03: [AMXX]    [0] Krol_basic.inc::drop_weapons (line 403)
L 12/22/2024 - 16:22:03: [AMXX]    [1] K_lib_ZP.sma::native_make_zombie (line 170)
L 12/22/2024 - 16:22:03: [AMXX]    [2] K_lib_ZP.sma::native_start_mode (line 150)
L 12/22/2024 - 16:22:03: [AMXX]    [3] K_lib_ZP.sma::native_start_mode (line 148)
L 12/22/2024 - 16:22:03: Unhandled dynamic native error
L 12/22/2024 - 16:22:03: [AMXX] Displaying debug trace (plugin "K_ZP_main.amxx", version "1.0")
L 12/22/2024 - 16:22:03: [AMXX] Run time error 10: native error (native "start_mode")
L 12/22/2024 - 16:22:03: [AMXX]    [0] K_ZP_main.sma::task_start_mode (line 118)
L 12/22/2024 - 16:26:18: Start of error session.
L 12/22/2024 - 16:26:18: Info (map "zm_ngamers_lights_f") (file "addons/amxmodx/logs/error_20241222.log")
L 12/22/2024 - 16:26:18: [HAMSANDWICH] Failed to retrieve classtype for "", hook for "f_HamWeaponReload" not active.
L 12/22/2024 - 16:26:18: [AMXX] Displaying debug trace (plugin "K_ZP_main.amxx", version "1.0")
L 12/22/2024 - 16:26:18: [AMXX] Run time error 10: native error (native "RegisterHam")
L 12/22/2024 - 16:26:18: [AMXX]    [0] Krol_basic.inc::get_guns_name_by_id (line 516)
L 12/22/2024 - 16:26:18: [AMXX]    [1] K_ZP_main.sma::plugin_init (line 33)
L 12/22/2024 - 16:26:35: Invalid player id 0
L 12/22/2024 - 16:26:35: [AMXX] Displaying debug trace (plugin "K_lib_ZP.amxx", version "1.0")
L 12/22/2024 - 16:26:35: [AMXX] Run time error 10: native error (native "get_user_weapons")
L 12/22/2024 - 16:26:35: [AMXX]    [0] Krol_basic.inc::drop_weapons (line 403)
L 12/22/2024 - 16:26:35: [AMXX]    [1] K_lib_ZP.sma::native_make_zombie (line 170)
L 12/22/2024 - 16:26:35: [AMXX]    [2] K_lib_ZP.sma::native_start_mode (line 150)
L 12/22/2024 - 16:26:35: [AMXX]    [3] K_lib_ZP.sma::native_start_mode (line 148)
L 12/22/2024 - 16:26:35: Unhandled dynamic native error
L 12/22/2024 - 16:26:35: [AMXX] Displaying debug trace (plugin "K_ZP_main.amxx", version "1.0")
L 12/22/2024 - 16:26:35: [AMXX] Run time error 10: native error (native "start_mode")
L 12/22/2024 - 16:26:35: [AMXX]    [0] K_ZP_main.sma::task_start_mode (line 118)
L 12/22/2024 - 16:26:37: Invalid player id 0
L 12/22/2024 - 16:26:37: [AMXX] Displaying debug trace (plugin "K_lib_ZP.amxx", version "1.0")
L 12/22/2024 - 16:26:37: [AMXX] Run time error 10: native error (native "get_user_weapon")
L 12/22/2024 - 16:26:37: [AMXX]    [0] K_lib_ZP.sma::TakeDamage_Infection (line 281)
L 12/22/2024 - 16:46:28: Start of error session.
L 12/22/2024 - 16:46:28: Info (map "zm_dust_world") (file "addons/amxmodx/logs/error_20241222.log")
L 12/22/2024 - 16:46:28: [HAMSANDWICH] Failed to retrieve classtype for "", hook for "f_HamWeaponReload" not active.
L 12/22/2024 - 16:46:28: [AMXX] Displaying debug trace (plugin "K_ZP_main.amxx", version "1.0")
L 12/22/2024 - 16:46:28: [AMXX] Run time error 10: native error (native "RegisterHam")
L 12/22/2024 - 16:46:28: [AMXX]    [0] Krol_basic.inc::get_guns_name_by_id (line 516)
L 12/22/2024 - 16:46:28: [AMXX]    [1] K_ZP_main.sma::plugin_init (line 33)
L 12/22/2024 - 16:46:32: [CSTRIKE] Invalid player 2 (no private data)
L 12/22/2024 - 16:46:32: [AMXX] Displaying debug trace (plugin "K_M_models.amxx", version "1.0")
L 12/22/2024 - 16:46:32: [AMXX] Run time error 10: native error (native "cs_set_user_model")
L 12/22/2024 - 16:46:32: [AMXX]    [0] K_M_models.sma::native_return_ham_skin (line 59)
L 12/22/2024 - 16:46:32: [AMXX]    [1] K_M_models.sma::client_putinserver (line 113)
L 12/22/2024 - 16:46:33: [CSTRIKE] Invalid player 3 (no private data)
L 12/22/2024 - 16:46:33: [AMXX] Displaying debug trace (plugin "K_M_models.amxx", version "1.0")
L 12/22/2024 - 16:46:33: [AMXX] Run time error 10: native error (native "cs_set_user_model")
L 12/22/2024 - 16:46:33: [AMXX]    [0] K_M_models.sma::native_return_ham_skin (line 59)
L 12/22/2024 - 16:46:33: [AMXX]    [1] K_M_models.sma::client_putinserver (line 113)
L 12/22/2024 - 16:46:33: [CSTRIKE] Invalid player 4 (no private data)
L 12/22/2024 - 16:46:33: [AMXX] Displaying debug trace (plugin "K_M_models.amxx", version "1.0")
L 12/22/2024 - 16:46:33: [AMXX] Run time error 10: native error (native "cs_set_user_model")
L 12/22/2024 - 16:46:33: [AMXX]    [0] K_M_models.sma::native_return_ham_skin (line 59)
L 12/22/2024 - 16:46:33: [AMXX]    [1] K_M_models.sma::client_putinserver (line 113)
L 12/22/2024 - 16:46:34: [CSTRIKE] Invalid player 5 (no private data)
L 12/22/2024 - 16:46:34: [AMXX] Displaying debug trace (plugin "K_M_models.amxx", version "1.0")
L 12/22/2024 - 16:46:34: [AMXX] Run time error 10: native error (native "cs_set_user_model")
L 12/22/2024 - 16:46:34: [AMXX]    [0] K_M_models.sma::native_return_ham_skin (line 59)
L 12/22/2024 - 16:46:34: [AMXX]    [1] K_M_models.sma::client_putinserver (line 113)
L 12/22/2024 - 16:46:35: [CSTRIKE] Invalid player 6 (no private data)
L 12/22/2024 - 16:46:35: [AMXX] Displaying debug trace (plugin "K_M_models.amxx", version "1.0")
L 12/22/2024 - 16:46:35: [AMXX] Run time error 10: native error (native "cs_set_user_model")
L 12/22/2024 - 16:46:35: [AMXX]    [0] K_M_models.sma::native_return_ham_skin (line 59)
L 12/22/2024 - 16:46:35: [AMXX]    [1] K_M_models.sma::client_putinserver (line 113)
L 12/22/2024 - 16:46:35: [CSTRIKE] Invalid player 7 (no private data)
L 12/22/2024 - 16:46:35: [AMXX] Displaying debug trace (plugin "K_M_models.amxx", version "1.0")
L 12/22/2024 - 16:46:35: [AMXX] Run time error 10: native error (native "cs_set_user_model")
L 12/22/2024 - 16:46:35: [AMXX]    [0] K_M_models.sma::native_return_ham_skin (line 59)
L 12/22/2024 - 16:46:35: [AMXX]    [1] K_M_models.sma::client_putinserver (line 113)
L 12/22/2024 - 16:55:14: Start of error session.
L 12/22/2024 - 16:55:14: Info (map "zm_ngamers_lights_f") (file "addons/amxmodx/logs/error_20241222.log")
L 12/22/2024 - 16:55:14: [HAMSANDWICH] Failed to retrieve classtype for "", hook for "f_HamWeaponReload" not active.
L 12/22/2024 - 16:55:14: [AMXX] Displaying debug trace (plugin "K_ZP_main.amxx", version "1.0")
L 12/22/2024 - 16:55:14: [AMXX] Run time error 10: native error (native "RegisterHam")
L 12/22/2024 - 16:55:14: [AMXX]    [0] Krol_basic.inc::get_guns_name_by_id (line 516)
L 12/22/2024 - 16:55:14: [AMXX]    [1] K_ZP_main.sma::plugin_init (line 33)
L 12/22/2024 - 16:55:38: Invalid player id 0
L 12/22/2024 - 16:55:38: [AMXX] Displaying debug trace (plugin "K_lib_ZP.amxx", version "1.0")
L 12/22/2024 - 16:55:38: [AMXX] Run time error 10: native error (native "get_user_weapons")
L 12/22/2024 - 16:55:38: [AMXX]    [0] Krol_basic.inc::drop_weapons (line 403)
L 12/22/2024 - 16:55:38: [AMXX]    [1] K_lib_ZP.sma::native_make_survivor (line 224)
L 12/22/2024 - 16:55:38: [AMXX]    [2] K_lib_ZP.sma::native_start_mode (line 149)
L 12/22/2024 - 16:55:38: Unhandled dynamic native error
L 12/22/2024 - 16:55:38: [AMXX] Displaying debug trace (plugin "K_ZP_main.amxx", version "1.0")
L 12/22/2024 - 16:55:38: [AMXX] Run time error 10: native error (native "start_mode")
L 12/22/2024 - 16:55:38: [AMXX]    [0] K_ZP_main.sma::task_start_mode (line 118)
L 12/22/2024 - 16:59:32: Start of error session.
L 12/22/2024 - 16:59:32: Info (map "zm_ngamers_lights_f") (file "addons/amxmodx/logs/error_20241222.log")
L 12/22/2024 - 16:59:32: [HAMSANDWICH] Failed to retrieve classtype for "", hook for "f_HamWeaponReload" not active.
L 12/22/2024 - 16:59:32: [AMXX] Displaying debug trace (plugin "K_ZP_main.amxx", version "1.0")
L 12/22/2024 - 16:59:32: [AMXX] Run time error 10: native error (native "RegisterHam")
L 12/22/2024 - 16:59:32: [AMXX]    [0] Krol_basic.inc::get_guns_name_by_id (line 516)
L 12/22/2024 - 16:59:32: [AMXX]    [1] K_ZP_main.sma::plugin_init (line 33)
L 12/22/2024 - 16:59:48: Invalid player id 0
L 12/22/2024 - 16:59:48: [AMXX] Displaying debug trace (plugin "K_lib_ZP.amxx", version "1.0")
L 12/22/2024 - 16:59:48: [AMXX] Run time error 10: native error (native "get_user_weapons")
L 12/22/2024 - 16:59:48: [AMXX]    [0] Krol_basic.inc::drop_weapons (line 403)
L 12/22/2024 - 16:59:48: [AMXX]    [1] K_lib_ZP.sma::native_make_zombie (line 171)
L 12/22/2024 - 16:59:48: [AMXX]    [2] K_lib_ZP.sma::native_start_mode (line 151)
L 12/22/2024 - 16:59:48: [AMXX]    [3] K_lib_ZP.sma::native_start_mode (line 149)
L 12/22/2024 - 16:59:48: Unhandled dynamic native error
L 12/22/2024 - 16:59:48: [AMXX] Displaying debug trace (plugin "K_ZP_main.amxx", version "1.0")
L 12/22/2024 - 16:59:48: [AMXX] Run time error 10: native error (native "start_mode")
L 12/22/2024 - 16:59:48: [AMXX]    [0] K_ZP_main.sma::task_start_mode (line 118)
L 12/22/2024 - 17:03:01: Start of error session.
L 12/22/2024 - 17:03:01: Info (map "zm_ngamers_lights_f") (file "addons/amxmodx/logs/error_20241222.log")
L 12/22/2024 - 17:03:01: [HAMSANDWICH] Failed to retrieve classtype for "", hook for "f_HamWeaponReload" not active.
L 12/22/2024 - 17:03:01: [AMXX] Displaying debug trace (plugin "K_ZP_main.amxx", version "1.0")
L 12/22/2024 - 17:03:01: [AMXX] Run time error 10: native error (native "RegisterHam")
L 12/22/2024 - 17:03:01: [AMXX]    [0] Krol_basic.inc::get_guns_name_by_id (line 516)
L 12/22/2024 - 17:03:01: [AMXX]    [1] K_ZP_main.sma::plugin_init (line 33)
L 12/22/2024 - 17:03:25: Invalid player id 0
L 12/22/2024 - 17:03:25: [AMXX] Displaying debug trace (plugin "K_lib_ZP.amxx", version "1.0")
L 12/22/2024 - 17:03:25: [AMXX] Run time error 10: native error (native "get_user_weapons")
L 12/22/2024 - 17:03:25: [AMXX]    [0] Krol_basic.inc::drop_weapons (line 403)
L 12/22/2024 - 17:03:25: [AMXX]    [1] K_lib_ZP.sma::native_make_survivor (line 224)
L 12/22/2024 - 17:03:25: [AMXX]    [2] K_lib_ZP.sma::native_start_mode (line 149)
L 12/22/2024 - 17:03:25: Unhandled dynamic native error
L 12/22/2024 - 17:03:25: [AMXX] Displaying debug trace (plugin "K_ZP_main.amxx", version "1.0")
L 12/22/2024 - 17:03:25: [AMXX] Run time error 10: native error (native "start_mode")
L 12/22/2024 - 17:03:25: [AMXX]    [0] K_ZP_main.sma::task_start_mode (line 118)
L 12/22/2024 - 17:04:11: Start of error session.
L 12/22/2024 - 17:04:11: Info (map "zm_ngamers_lights_f") (file "addons/amxmodx/logs/error_20241222.log")
L 12/22/2024 - 17:04:11: [HAMSANDWICH] Failed to retrieve classtype for "", hook for "f_HamWeaponReload" not active.
L 12/22/2024 - 17:04:11: [AMXX] Displaying debug trace (plugin "K_ZP_main.amxx", version "1.0")
L 12/22/2024 - 17:04:11: [AMXX] Run time error 10: native error (native "RegisterHam")
L 12/22/2024 - 17:04:11: [AMXX]    [0] Krol_basic.inc::get_guns_name_by_id (line 516)
L 12/22/2024 - 17:04:11: [AMXX]    [1] K_ZP_main.sma::plugin_init (line 33)
L 12/22/2024 - 17:04:27: Invalid player id 0
L 12/22/2024 - 17:04:27: [AMXX] Displaying debug trace (plugin "K_lib_ZP.amxx", version "1.0")
L 12/22/2024 - 17:04:27: [AMXX] Run time error 10: native error (native "get_user_weapons")
L 12/22/2024 - 17:04:27: [AMXX]    [0] Krol_basic.inc::drop_weapons (line 403)
L 12/22/2024 - 17:04:27: [AMXX]    [1] K_lib_ZP.sma::native_make_zombie (line 171)
L 12/22/2024 - 17:04:27: [AMXX]    [2] K_lib_ZP.sma::native_start_mode (line 151)
L 12/22/2024 - 17:04:27: [AMXX]    [3] K_lib_ZP.sma::native_start_mode (line 149)
L 12/22/2024 - 17:04:27: Unhandled dynamic native error
L 12/22/2024 - 17:04:27: [AMXX] Displaying debug trace (plugin "K_ZP_main.amxx", version "1.0")
L 12/22/2024 - 17:04:27: [AMXX] Run time error 10: native error (native "start_mode")
L 12/22/2024 - 17:04:27: [AMXX]    [0] K_ZP_main.sma::task_start_mode (line 118)
L 12/22/2024 - 17:04:29: Invalid player id 0
L 12/22/2024 - 17:04:29: [AMXX] Displaying debug trace (plugin "K_lib_ZP.amxx", version "1.0")
L 12/22/2024 - 17:04:29: [AMXX] Run time error 10: native error (native "get_user_weapon")
L 12/22/2024 - 17:04:29: [AMXX]    [0] K_lib_ZP.sma::TakeDamage_Infection (line 281)
L 12/22/2024 - 17:05:28: Start of error session.
L 12/22/2024 - 17:05:28: Info (map "zm_ngamers_lights_f") (file "addons/amxmodx/logs/error_20241222.log")
L 12/22/2024 - 17:05:28: [HAMSANDWICH] Failed to retrieve classtype for "", hook for "f_HamWeaponReload" not active.
L 12/22/2024 - 17:05:28: [AMXX] Displaying debug trace (plugin "K_ZP_main.amxx", version "1.0")
L 12/22/2024 - 17:05:28: [AMXX] Run time error 10: native error (native "RegisterHam")
L 12/22/2024 - 17:05:28: [AMXX]    [0] Krol_basic.inc::get_guns_name_by_id (line 516)
L 12/22/2024 - 17:05:28: [AMXX]    [1] K_ZP_main.sma::plugin_init (line 33)
L 12/22/2024 - 17:05:45: Invalid player id 0
L 12/22/2024 - 17:05:45: [AMXX] Displaying debug trace (plugin "K_lib_ZP.amxx", version "1.0")
L 12/22/2024 - 17:05:45: [AMXX] Run time error 10: native error (native "get_user_weapons")
L 12/22/2024 - 17:05:45: [AMXX]    [0] Krol_basic.inc::drop_weapons (line 403)
L 12/22/2024 - 17:05:45: [AMXX]    [1] K_lib_ZP.sma::native_make_zombie (line 172)
L 12/22/2024 - 17:05:45: [AMXX]    [2] K_lib_ZP.sma::native_start_mode (line 152)
L 12/22/2024 - 17:05:45: [AMXX]    [3] K_lib_ZP.sma::native_start_mode (line 150)
L 12/22/2024 - 17:05:45: Unhandled dynamic native error
L 12/22/2024 - 17:05:45: [AMXX] Displaying debug trace (plugin "K_ZP_main.amxx", version "1.0")
L 12/22/2024 - 17:05:45: [AMXX] Run time error 10: native error (native "start_mode")
L 12/22/2024 - 17:05:45: [AMXX]    [0] K_ZP_main.sma::task_start_mode (line 118)
L 12/22/2024 - 17:12:48: Invalid player id 0
L 12/22/2024 - 17:12:48: [AMXX] Displaying debug trace (plugin "K_lib_ZP.amxx", version "1.0")
L 12/22/2024 - 17:12:48: [AMXX] Run time error 10: native error (native "get_user_weapons")
L 12/22/2024 - 17:12:48: [AMXX]    [0] Krol_basic.inc::drop_weapons (line 403)
L 12/22/2024 - 17:12:48: [AMXX]    [1] K_lib_ZP.sma::native_make_survivor (line 225)
L 12/22/2024 - 17:12:48: [AMXX]    [2] K_lib_ZP.sma::native_start_mode (line 150)
L 12/22/2024 - 17:12:48: Unhandled dynamic native error
L 12/22/2024 - 17:12:48: [AMXX] Displaying debug trace (plugin "K_ZP_main.amxx", version "1.0")
L 12/22/2024 - 17:12:48: [AMXX] Run time error 10: native error (native "start_mode")
L 12/22/2024 - 17:12:48: [AMXX]    [0] K_ZP_main.sma::task_start_mode (line 118)
L 12/22/2024 - 17:13:53: Start of error session.
L 12/22/2024 - 17:13:53: Info (map "zm_ngamers_lights_f") (file "addons/amxmodx/logs/error_20241222.log")
L 12/22/2024 - 17:13:53: [HAMSANDWICH] Failed to retrieve classtype for "", hook for "f_HamWeaponReload" not active.
L 12/22/2024 - 17:13:53: [AMXX] Displaying debug trace (plugin "K_ZP_main.amxx", version "1.0")
L 12/22/2024 - 17:13:53: [AMXX] Run time error 10: native error (native "RegisterHam")
L 12/22/2024 - 17:13:53: [AMXX]    [0] Krol_basic.inc::get_guns_name_by_id (line 516)
L 12/22/2024 - 17:13:53: [AMXX]    [1] K_ZP_main.sma::plugin_init (line 33)
L 12/22/2024 - 17:14:09: Invalid player id 0
L 12/22/2024 - 17:14:09: [AMXX] Displaying debug trace (plugin "K_lib_ZP.amxx", version "1.0")
L 12/22/2024 - 17:14:09: [AMXX] Run time error 10: native error (native "get_user_weapons")
L 12/22/2024 - 17:14:09: [AMXX]    [0] Krol_basic.inc::drop_weapons (line 403)
L 12/22/2024 - 17:14:09: [AMXX]    [1] K_lib_ZP.sma::native_make_zombie (line 172)
L 12/22/2024 - 17:14:09: [AMXX]    [2] K_lib_ZP.sma::native_start_mode (line 152)
L 12/22/2024 - 17:14:09: [AMXX]    [3] K_lib_ZP.sma::native_start_mode (line 150)
L 12/22/2024 - 17:14:09: Unhandled dynamic native error
L 12/22/2024 - 17:14:09: [AMXX] Displaying debug trace (plugin "K_ZP_main.amxx", version "1.0")
L 12/22/2024 - 17:14:09: [AMXX] Run time error 10: native error (native "start_mode")
L 12/22/2024 - 17:14:09: [AMXX]    [0] K_ZP_main.sma::task_start_mode (line 118)
L 12/22/2024 - 17:17:45: Start of error session.
L 12/22/2024 - 17:17:45: Info (map "zm_ngamers_lights_f") (file "addons/amxmodx/logs/error_20241222.log")
L 12/22/2024 - 17:17:45: [HAMSANDWICH] Failed to retrieve classtype for "", hook for "f_HamWeaponReload" not active.
L 12/22/2024 - 17:17:45: [AMXX] Displaying debug trace (plugin "K_ZP_main.amxx", version "1.0")
L 12/22/2024 - 17:17:45: [AMXX] Run time error 10: native error (native "RegisterHam")
L 12/22/2024 - 17:17:45: [AMXX]    [0] Krol_basic.inc::get_guns_name_by_id (line 516)
L 12/22/2024 - 17:17:45: [AMXX]    [1] K_ZP_main.sma::plugin_init (line 33)
L 12/22/2024 - 17:18:08: Invalid player id 0
L 12/22/2024 - 17:18:08: [AMXX] Displaying debug trace (plugin "K_lib_ZP.amxx", version "1.0")
L 12/22/2024 - 17:18:08: [AMXX] Run time error 10: native error (native "get_user_weapons")
L 12/22/2024 - 17:18:08: [AMXX]    [0] Krol_basic.inc::drop_weapons (line 403)
L 12/22/2024 - 17:18:08: [AMXX]    [1] K_lib_ZP.sma::native_make_survivor (line 225)
L 12/22/2024 - 17:18:08: [AMXX]    [2] K_lib_ZP.sma::native_start_mode (line 150)
L 12/22/2024 - 17:18:08: Unhandled dynamic native error
L 12/22/2024 - 17:18:08: [AMXX] Displaying debug trace (plugin "K_ZP_main.amxx", version "1.0")
L 12/22/2024 - 17:18:08: [AMXX] Run time error 10: native error (native "start_mode")
L 12/22/2024 - 17:18:08: [AMXX]    [0] K_ZP_main.sma::task_start_mode (line 118)
L 12/22/2024 - 17:18:31: Start of error session.
L 12/22/2024 - 17:18:31: Info (map "zm_ngamers_lights_f") (file "addons/amxmodx/logs/error_20241222.log")
L 12/22/2024 - 17:18:31: [HAMSANDWICH] Failed to retrieve classtype for "", hook for "f_HamWeaponReload" not active.
L 12/22/2024 - 17:18:31: [AMXX] Displaying debug trace (plugin "K_ZP_main.amxx", version "1.0")
L 12/22/2024 - 17:18:31: [AMXX] Run time error 10: native error (native "RegisterHam")
L 12/22/2024 - 17:18:31: [AMXX]    [0] Krol_basic.inc::get_guns_name_by_id (line 516)
L 12/22/2024 - 17:18:31: [AMXX]    [1] K_ZP_main.sma::plugin_init (line 33)
L 12/22/2024 - 17:18:47: Invalid player id 0
L 12/22/2024 - 17:18:47: [AMXX] Displaying debug trace (plugin "K_lib_ZP.amxx", version "1.0")
L 12/22/2024 - 17:18:47: [AMXX] Run time error 10: native error (native "get_user_weapons")
L 12/22/2024 - 17:18:47: [AMXX]    [0] Krol_basic.inc::drop_weapons (line 403)
L 12/22/2024 - 17:18:47: [AMXX]    [1] K_lib_ZP.sma::native_make_zombie (line 172)
L 12/22/2024 - 17:18:47: [AMXX]    [2] K_lib_ZP.sma::native_start_mode (line 152)
L 12/22/2024 - 17:18:47: [AMXX]    [3] K_lib_ZP.sma::native_start_mode (line 150)
L 12/22/2024 - 17:18:47: Unhandled dynamic native error
L 12/22/2024 - 17:18:47: [AMXX] Displaying debug trace (plugin "K_ZP_main.amxx", version "1.0")
L 12/22/2024 - 17:18:47: [AMXX] Run time error 10: native error (native "start_mode")
L 12/22/2024 - 17:18:47: [AMXX]    [0] K_ZP_main.sma::task_start_mode (line 118)
L 12/22/2024 - 17:20:20: Start of error session.
L 12/22/2024 - 17:20:20: Info (map "zm_ngamers_lights_f") (file "addons/amxmodx/logs/error_20241222.log")
L 12/22/2024 - 17:20:20: [HAMSANDWICH] Failed to retrieve classtype for "", hook for "f_HamWeaponReload" not active.
L 12/22/2024 - 17:20:20: [AMXX] Displaying debug trace (plugin "K_ZP_main.amxx", version "1.0")
L 12/22/2024 - 17:20:20: [AMXX] Run time error 10: native error (native "RegisterHam")
L 12/22/2024 - 17:20:20: [AMXX]    [0] Krol_basic.inc::get_guns_name_by_id (line 516)
L 12/22/2024 - 17:20:20: [AMXX]    [1] K_ZP_main.sma::plugin_init (line 33)
L 12/22/2024 - 17:20:36: Start of error session.
L 12/22/2024 - 17:20:36: Info (map "zm_ngamers_lights_f") (file "addons/amxmodx/logs/error_20241222.log")
L 12/22/2024 - 17:20:36: [HAMSANDWICH] Failed to retrieve classtype for "", hook for "f_HamWeaponReload" not active.
L 12/22/2024 - 17:20:36: [AMXX] Displaying debug trace (plugin "K_ZP_main.amxx", version "1.0")
L 12/22/2024 - 17:20:36: [AMXX] Run time error 10: native error (native "RegisterHam")
L 12/22/2024 - 17:20:36: [AMXX]    [0] Krol_basic.inc::get_guns_name_by_id (line 516)
L 12/22/2024 - 17:20:36: [AMXX]    [1] K_ZP_main.sma::plugin_init (line 33)
L 12/22/2024 - 17:20:53: Invalid player id 0
L 12/22/2024 - 17:20:53: [AMXX] Displaying debug trace (plugin "K_lib_ZP.amxx", version "1.0")
L 12/22/2024 - 17:20:53: [AMXX] Run time error 10: native error (native "get_user_weapons")
L 12/22/2024 - 17:20:53: [AMXX]    [0] Krol_basic.inc::drop_weapons (line 403)
L 12/22/2024 - 17:20:53: [AMXX]    [1] K_lib_ZP.sma::native_make_zombie (line 172)
L 12/22/2024 - 17:20:53: [AMXX]    [2] K_lib_ZP.sma::native_start_mode (line 152)
L 12/22/2024 - 17:20:53: [AMXX]    [3] K_lib_ZP.sma::native_start_mode (line 150)
L 12/22/2024 - 17:20:53: Unhandled dynamic native error
L 12/22/2024 - 17:20:53: [AMXX] Displaying debug trace (plugin "K_ZP_main.amxx", version "1.0")
L 12/22/2024 - 17:20:53: [AMXX] Run time error 10: native error (native "start_mode")
L 12/22/2024 - 17:20:53: [AMXX]    [0] K_ZP_main.sma::task_start_mode (line 118)
L 12/22/2024 - 17:31:23: Invalid player id 0
L 12/22/2024 - 17:31:23: [AMXX] Displaying debug trace (plugin "K_lib_ZP.amxx", version "1.0")
L 12/22/2024 - 17:31:23: [AMXX] Run time error 10: native error (native "get_user_weapons")
L 12/22/2024 - 17:31:23: [AMXX]    [0] Krol_basic.inc::drop_weapons (line 403)
L 12/22/2024 - 17:31:23: [AMXX]    [1] K_lib_ZP.sma::native_make_survivor (line 225)
L 12/22/2024 - 17:31:23: [AMXX]    [2] K_lib_ZP.sma::native_start_mode (line 150)
L 12/22/2024 - 17:31:23: Unhandled dynamic native error
L 12/22/2024 - 17:31:23: [AMXX] Displaying debug trace (plugin "K_ZP_main.amxx", version "1.0")
L 12/22/2024 - 17:31:23: [AMXX] Run time error 10: native error (native "start_mode")
L 12/22/2024 - 17:31:23: [AMXX]    [0] K_ZP_main.sma::task_start_mode (line 118)
L 12/22/2024 - 17:34:38: Start of error session.
L 12/22/2024 - 17:34:38: Info (map "zm_ngamers_lights_f") (file "addons/amxmodx/logs/error_20241222.log")
L 12/22/2024 - 17:34:38: [HAMSANDWICH] Failed to retrieve classtype for "", hook for "f_HamWeaponReload" not active.
L 12/22/2024 - 17:34:38: [AMXX] Displaying debug trace (plugin "K_ZP_main.amxx", version "1.0")
L 12/22/2024 - 17:34:38: [AMXX] Run time error 10: native error (native "RegisterHam")
L 12/22/2024 - 17:34:38: [AMXX]    [0] Krol_basic.inc::get_guns_name_by_id (line 516)
L 12/22/2024 - 17:34:38: [AMXX]    [1] K_ZP_main.sma::plugin_init (line 33)
L 12/22/2024 - 17:34:54: Invalid player id 0
L 12/22/2024 - 17:34:54: [AMXX] Displaying debug trace (plugin "K_lib_ZP.amxx", version "1.0")
L 12/22/2024 - 17:34:54: [AMXX] Run time error 10: native error (native "get_user_weapons")
L 12/22/2024 - 17:34:54: [AMXX]    [0] Krol_basic.inc::drop_weapons (line 403)
L 12/22/2024 - 17:34:54: [AMXX]    [1] K_lib_ZP.sma::native_make_zombie (line 172)
L 12/22/2024 - 17:34:54: [AMXX]    [2] K_lib_ZP.sma::native_start_mode (line 152)
L 12/22/2024 - 17:34:54: [AMXX]    [3] K_lib_ZP.sma::native_start_mode (line 150)
L 12/22/2024 - 17:34:54: Unhandled dynamic native error
L 12/22/2024 - 17:34:54: [AMXX] Displaying debug trace (plugin "K_ZP_main.amxx", version "1.0")
L 12/22/2024 - 17:34:54: [AMXX] Run time error 10: native error (native "start_mode")
L 12/22/2024 - 17:34:54: [AMXX]    [0] K_ZP_main.sma::task_start_mode (line 118)
L 12/22/2024 - 17:44:08: Invalid player id 0
L 12/22/2024 - 17:44:08: [AMXX] Displaying debug trace (plugin "K_lib_ZP.amxx", version "1.0")
L 12/22/2024 - 17:44:08: [AMXX] Run time error 10: native error (native "get_user_weapons")
L 12/22/2024 - 17:44:08: [AMXX]    [0] Krol_basic.inc::drop_weapons (line 403)
L 12/22/2024 - 17:44:08: [AMXX]    [1] K_lib_ZP.sma::native_make_survivor (line 225)
L 12/22/2024 - 17:44:08: [AMXX]    [2] K_lib_ZP.sma::native_start_mode (line 150)
L 12/22/2024 - 17:44:08: Unhandled dynamic native error
L 12/22/2024 - 17:44:08: [AMXX] Displaying debug trace (plugin "K_ZP_main.amxx", version "1.0")
L 12/22/2024 - 17:44:08: [AMXX] Run time error 10: native error (native "start_mode")
L 12/22/2024 - 17:44:08: [AMXX]    [0] K_ZP_main.sma::task_start_mode (line 118)
L 12/22/2024 - 17:44:43: Start of error session.
L 12/22/2024 - 17:44:43: Info (map "zm_ngamers_lights_f") (file "addons/amxmodx/logs/error_20241222.log")
L 12/22/2024 - 17:44:43: [HAMSANDWICH] Failed to retrieve classtype for "", hook for "f_HamWeaponReload" not active.
L 12/22/2024 - 17:44:43: [AMXX] Displaying debug trace (plugin "K_ZP_main.amxx", version "1.0")
L 12/22/2024 - 17:44:43: [AMXX] Run time error 10: native error (native "RegisterHam")
L 12/22/2024 - 17:44:43: [AMXX]    [0] Krol_basic.inc::get_guns_name_by_id (line 516)
L 12/22/2024 - 17:44:43: [AMXX]    [1] K_ZP_main.sma::plugin_init (line 33)
L 12/22/2024 - 17:45:00: Invalid player id 0
L 12/22/2024 - 17:45:00: [AMXX] Displaying debug trace (plugin "K_lib_ZP.amxx", version "1.0")
L 12/22/2024 - 17:45:00: [AMXX] Run time error 10: native error (native "get_user_weapons")
L 12/22/2024 - 17:45:00: [AMXX]    [0] Krol_basic.inc::drop_weapons (line 403)
L 12/22/2024 - 17:45:00: [AMXX]    [1] K_lib_ZP.sma::native_make_zombie (line 172)
L 12/22/2024 - 17:45:00: [AMXX]    [2] K_lib_ZP.sma::native_start_mode (line 152)
L 12/22/2024 - 17:45:00: [AMXX]    [3] K_lib_ZP.sma::native_start_mode (line 150)
L 12/22/2024 - 17:45:00: Unhandled dynamic native error
L 12/22/2024 - 17:45:00: [AMXX] Displaying debug trace (plugin "K_ZP_main.amxx", version "1.0")
L 12/22/2024 - 17:45:00: [AMXX] Run time error 10: native error (native "start_mode")
L 12/22/2024 - 17:45:00: [AMXX]    [0] K_ZP_main.sma::task_start_mode (line 118)
L 12/22/2024 - 17:46:03: Start of error session.
L 12/22/2024 - 17:46:03: Info (map "zm_ngamers_lights_f") (file "addons/amxmodx/logs/error_20241222.log")
L 12/22/2024 - 17:46:03: [HAMSANDWICH] Failed to retrieve classtype for "", hook for "f_HamWeaponReload" not active.
L 12/22/2024 - 17:46:03: [AMXX] Displaying debug trace (plugin "K_ZP_main.amxx", version "1.0")
L 12/22/2024 - 17:46:03: [AMXX] Run time error 10: native error (native "RegisterHam")
L 12/22/2024 - 17:46:03: [AMXX]    [0] Krol_basic.inc::get_guns_name_by_id (line 516)
L 12/22/2024 - 17:46:03: [AMXX]    [1] K_ZP_main.sma::plugin_init (line 33)
L 12/22/2024 - 17:46:20: Invalid player id 0
L 12/22/2024 - 17:46:20: [AMXX] Displaying debug trace (plugin "K_lib_ZP.amxx", version "1.0")
L 12/22/2024 - 17:46:20: [AMXX] Run time error 10: native error (native "get_user_weapons")
L 12/22/2024 - 17:46:20: [AMXX]    [0] Krol_basic.inc::drop_weapons (line 403)
L 12/22/2024 - 17:46:20: [AMXX]    [1] K_lib_ZP.sma::native_make_survivor (line 225)
L 12/22/2024 - 17:46:20: [AMXX]    [2] K_lib_ZP.sma::native_start_mode (line 150)
L 12/22/2024 - 17:46:20: Unhandled dynamic native error
L 12/22/2024 - 17:46:20: [AMXX] Displaying debug trace (plugin "K_ZP_main.amxx", version "1.0")
L 12/22/2024 - 17:46:20: [AMXX] Run time error 10: native error (native "start_mode")
L 12/22/2024 - 17:46:20: [AMXX]    [0] K_ZP_main.sma::task_start_mode (line 118)
L 12/22/2024 - 17:46:46: Start of error session.
L 12/22/2024 - 17:46:46: Info (map "zm_ngamers_lights_f") (file "addons/amxmodx/logs/error_20241222.log")
L 12/22/2024 - 17:46:46: [HAMSANDWICH] Failed to retrieve classtype for "", hook for "f_HamWeaponReload" not active.
L 12/22/2024 - 17:46:46: [AMXX] Displaying debug trace (plugin "K_ZP_main.amxx", version "1.0")
L 12/22/2024 - 17:46:46: [AMXX] Run time error 10: native error (native "RegisterHam")
L 12/22/2024 - 17:46:46: [AMXX]    [0] Krol_basic.inc::get_guns_name_by_id (line 516)
L 12/22/2024 - 17:46:46: [AMXX]    [1] K_ZP_main.sma::plugin_init (line 33)
L 12/22/2024 - 17:47:02: Invalid player id 0
L 12/22/2024 - 17:47:02: [AMXX] Displaying debug trace (plugin "K_lib_ZP.amxx", version "1.0")
L 12/22/2024 - 17:47:02: [AMXX] Run time error 10: native error (native "get_user_weapons")
L 12/22/2024 - 17:47:02: [AMXX]    [0] Krol_basic.inc::drop_weapons (line 403)
L 12/22/2024 - 17:47:02: [AMXX]    [1] K_lib_ZP.sma::native_make_survivor (line 225)
L 12/22/2024 - 17:47:02: [AMXX]    [2] K_lib_ZP.sma::native_start_mode (line 150)
L 12/22/2024 - 17:47:02: Unhandled dynamic native error
L 12/22/2024 - 17:47:02: [AMXX] Displaying debug trace (plugin "K_ZP_main.amxx", version "1.0")
L 12/22/2024 - 17:47:02: [AMXX] Run time error 10: native error (native "start_mode")
L 12/22/2024 - 17:47:02: [AMXX]    [0] K_ZP_main.sma::task_start_mode (line 118)
L 12/22/2024 - 17:47:24: Start of error session.
L 12/22/2024 - 17:47:24: Info (map "zm_ngamers_lights_f") (file "addons/amxmodx/logs/error_20241222.log")
L 12/22/2024 - 17:47:24: [HAMSANDWICH] Failed to retrieve classtype for "", hook for "f_HamWeaponReload" not active.
L 12/22/2024 - 17:47:24: [AMXX] Displaying debug trace (plugin "K_ZP_main.amxx", version "1.0")
L 12/22/2024 - 17:47:24: [AMXX] Run time error 10: native error (native "RegisterHam")
L 12/22/2024 - 17:47:24: [AMXX]    [0] Krol_basic.inc::get_guns_name_by_id (line 516)
L 12/22/2024 - 17:47:24: [AMXX]    [1] K_ZP_main.sma::plugin_init (line 33)
L 12/22/2024 - 17:47:40: Invalid player id 0
L 12/22/2024 - 17:47:40: [AMXX] Displaying debug trace (plugin "K_lib_ZP.amxx", version "1.0")
L 12/22/2024 - 17:47:40: [AMXX] Run time error 10: native error (native "get_user_weapons")
L 12/22/2024 - 17:47:40: [AMXX]    [0] Krol_basic.inc::drop_weapons (line 403)
L 12/22/2024 - 17:47:40: [AMXX]    [1] K_lib_ZP.sma::native_make_zombie (line 172)
L 12/22/2024 - 17:47:40: [AMXX]    [2] K_lib_ZP.sma::native_start_mode (line 152)
L 12/22/2024 - 17:47:40: [AMXX]    [3] K_lib_ZP.sma::native_start_mode (line 150)
L 12/22/2024 - 17:47:40: Unhandled dynamic native error
L 12/22/2024 - 17:47:40: [AMXX] Displaying debug trace (plugin "K_ZP_main.amxx", version "1.0")
L 12/22/2024 - 17:47:40: [AMXX] Run time error 10: native error (native "start_mode")
L 12/22/2024 - 17:47:40: [AMXX]    [0] K_ZP_main.sma::task_start_mode (line 118)
L 12/22/2024 - 17:48:25: Start of error session.
L 12/22/2024 - 17:48:25: Info (map "zm_ngamers_lights_f") (file "addons/amxmodx/logs/error_20241222.log")
L 12/22/2024 - 17:48:25: [HAMSANDWICH] Failed to retrieve classtype for "", hook for "f_HamWeaponReload" not active.
L 12/22/2024 - 17:48:25: [AMXX] Displaying debug trace (plugin "K_ZP_main.amxx", version "1.0")
L 12/22/2024 - 17:48:25: [AMXX] Run time error 10: native error (native "RegisterHam")
L 12/22/2024 - 17:48:25: [AMXX]    [0] Krol_basic.inc::get_guns_name_by_id (line 516)
L 12/22/2024 - 17:48:25: [AMXX]    [1] K_ZP_main.sma::plugin_init (line 33)
L 12/22/2024 - 17:48:41: Invalid player id 0
L 12/22/2024 - 17:48:41: [AMXX] Displaying debug trace (plugin "K_lib_ZP.amxx", version "1.0")
L 12/22/2024 - 17:48:41: [AMXX] Run time error 10: native error (native "get_user_weapons")
L 12/22/2024 - 17:48:41: [AMXX]    [0] Krol_basic.inc::drop_weapons (line 403)
L 12/22/2024 - 17:48:41: [AMXX]    [1] K_lib_ZP.sma::native_make_survivor (line 225)
L 12/22/2024 - 17:48:41: [AMXX]    [2] K_lib_ZP.sma::native_start_mode (line 150)
L 12/22/2024 - 17:48:41: Unhandled dynamic native error
L 12/22/2024 - 17:48:41: [AMXX] Displaying debug trace (plugin "K_ZP_main.amxx", version "1.0")
L 12/22/2024 - 17:48:41: [AMXX] Run time error 10: native error (native "start_mode")
L 12/22/2024 - 17:48:41: [AMXX]    [0] K_ZP_main.sma::task_start_mode (line 118)
L 12/22/2024 - 18:03:24: Invalid player id 0
L 12/22/2024 - 18:03:24: [AMXX] Displaying debug trace (plugin "K_lib_ZP.amxx", version "1.0")
L 12/22/2024 - 18:03:24: [AMXX] Run time error 10: native error (native "get_user_weapons")
L 12/22/2024 - 18:03:24: [AMXX]    [0] Krol_basic.inc::drop_weapons (line 403)
L 12/22/2024 - 18:03:24: [AMXX]    [1] K_lib_ZP.sma::native_make_survivor (line 225)
L 12/22/2024 - 18:03:24: [AMXX]    [2] K_lib_ZP.sma::native_start_mode (line 150)
L 12/22/2024 - 18:03:24: Unhandled dynamic native error
L 12/22/2024 - 18:03:24: [AMXX] Displaying debug trace (plugin "K_ZP_main.amxx", version "1.0")
L 12/22/2024 - 18:03:24: [AMXX] Run time error 10: native error (native "start_mode")
L 12/22/2024 - 18:03:24: [AMXX]    [0] K_ZP_main.sma::task_start_mode (line 118)
L 12/22/2024 - 18:07:23: Start of error session.
L 12/22/2024 - 18:07:23: Info (map "zm_ngamers_lights_f") (file "addons/amxmodx/logs/error_20241222.log")
L 12/22/2024 - 18:07:23: [HAMSANDWICH] Failed to retrieve classtype for "", hook for "f_HamWeaponReload" not active.
L 12/22/2024 - 18:07:23: [AMXX] Displaying debug trace (plugin "K_ZP_main.amxx", version "1.0")
L 12/22/2024 - 18:07:23: [AMXX] Run time error 10: native error (native "RegisterHam")
L 12/22/2024 - 18:07:23: [AMXX]    [0] Krol_basic.inc::get_guns_name_by_id (line 516)
L 12/22/2024 - 18:07:23: [AMXX]    [1] K_ZP_main.sma::plugin_init (line 33)
L 12/22/2024 - 18:07:40: Invalid player id 0
L 12/22/2024 - 18:07:40: [AMXX] Displaying debug trace (plugin "K_lib_ZP.amxx", version "1.0")
L 12/22/2024 - 18:07:40: [AMXX] Run time error 10: native error (native "get_user_weapons")
L 12/22/2024 - 18:07:40: [AMXX]    [0] Krol_basic.inc::drop_weapons (line 403)
L 12/22/2024 - 18:07:40: [AMXX]    [1] K_lib_ZP.sma::native_make_zombie (line 175)
L 12/22/2024 - 18:07:40: [AMXX]    [2] K_lib_ZP.sma::native_start_mode (line 155)
L 12/22/2024 - 18:07:40: [AMXX]    [3] K_lib_ZP.sma::native_start_mode (line 153)
L 12/22/2024 - 18:07:40: Unhandled dynamic native error
L 12/22/2024 - 18:07:40: [AMXX] Displaying debug trace (plugin "K_ZP_main.amxx", version "1.0")
L 12/22/2024 - 18:07:40: [AMXX] Run time error 10: native error (native "start_mode")
L 12/22/2024 - 18:07:40: [AMXX]    [0] K_ZP_main.sma::task_start_mode (line 118)
L 12/22/2024 - 18:09:02: Invalid player id 0
L 12/22/2024 - 18:09:02: [AMXX] Displaying debug trace (plugin "K_lib_ZP.amxx", version "1.0")
L 12/22/2024 - 18:09:02: [AMXX] Run time error 10: native error (native "get_user_weapon")
L 12/22/2024 - 18:09:02: [AMXX]    [0] K_lib_ZP.sma::TakeDamage_Infection (line 285)
L 12/22/2024 - 19:55:52: Start of error session.
L 12/22/2024 - 19:55:52: Info (map "zm_ngamers_lights_f") (file "addons/amxmodx/logs/error_20241222.log")
L 12/22/2024 - 19:55:52: [HAMSANDWICH] Failed to retrieve classtype for "", hook for "f_HamWeaponReload" not active.
L 12/22/2024 - 19:55:52: [AMXX] Displaying debug trace (plugin "K_ZP_main.amxx", version "1.0")
L 12/22/2024 - 19:55:52: [AMXX] Run time error 10: native error (native "RegisterHam")
L 12/22/2024 - 19:55:52: [AMXX]    [0] Krol_basic.inc::get_guns_name_by_id (line 516)
L 12/22/2024 - 19:55:52: [AMXX]    [1] K_ZP_main.sma::plugin_init (line 33)
L 12/22/2024 - 19:56:15: Invalid player id 0
L 12/22/2024 - 19:56:15: [AMXX] Displaying debug trace (plugin "K_lib_ZP.amxx", version "1.0")
L 12/22/2024 - 19:56:15: [AMXX] Run time error 10: native error (native "get_user_weapons")
L 12/22/2024 - 19:56:15: [AMXX]    [0] Krol_basic.inc::drop_weapons (line 403)
L 12/22/2024 - 19:56:15: [AMXX]    [1] K_lib_ZP.sma::native_make_survivor (line 228)
L 12/22/2024 - 19:56:15: [AMXX]    [2] K_lib_ZP.sma::native_start_mode (line 153)
L 12/22/2024 - 19:56:15: Unhandled dynamic native error
L 12/22/2024 - 19:56:15: [AMXX] Displaying debug trace (plugin "K_ZP_main.amxx", version "1.0")
L 12/22/2024 - 19:56:15: [AMXX] Run time error 10: native error (native "start_mode")
L 12/22/2024 - 19:56:15: [AMXX]    [0] K_ZP_main.sma::task_start_mode (line 118)
L 12/22/2024 - 20:04:48: Start of error session.
L 12/22/2024 - 20:04:48: Info (map "zm_ngamers_lights_f") (file "addons/amxmodx/logs/error_20241222.log")
L 12/22/2024 - 20:04:48: [HAMSANDWICH] Failed to retrieve classtype for "", hook for "f_HamWeaponReload" not active.
L 12/22/2024 - 20:04:48: [AMXX] Displaying debug trace (plugin "K_ZP_main.amxx", version "1.0")
L 12/22/2024 - 20:04:48: [AMXX] Run time error 10: native error (native "RegisterHam")
L 12/22/2024 - 20:04:48: [AMXX]    [0] Krol_basic.inc::get_guns_name_by_id (line 516)
L 12/22/2024 - 20:04:48: [AMXX]    [1] K_ZP_main.sma::plugin_init (line 33)
L 12/22/2024 - 20:05:04: Invalid player id 0
L 12/22/2024 - 20:05:04: [AMXX] Displaying debug trace (plugin "K_lib_ZP.amxx", version "1.0")
L 12/22/2024 - 20:05:04: [AMXX] Run time error 10: native error (native "get_user_weapons")
L 12/22/2024 - 20:05:04: [AMXX]    [0] Krol_basic.inc::drop_weapons (line 403)
L 12/22/2024 - 20:05:04: [AMXX]    [1] K_lib_ZP.sma::native_make_survivor (line 228)
L 12/22/2024 - 20:05:04: [AMXX]    [2] K_lib_ZP.sma::native_start_mode (line 153)
L 12/22/2024 - 20:05:04: Unhandled dynamic native error
L 12/22/2024 - 20:05:04: [AMXX] Displaying debug trace (plugin "K_ZP_main.amxx", version "1.0")
L 12/22/2024 - 20:05:04: [AMXX] Run time error 10: native error (native "start_mode")
L 12/22/2024 - 20:05:04: [AMXX]    [0] K_ZP_main.sma::task_start_mode (line 118)
L 12/22/2024 - 20:06:09: Start of error session.
L 12/22/2024 - 20:06:09: Info (map "zm_ngamers_lights_f") (file "addons/amxmodx/logs/error_20241222.log")
L 12/22/2024 - 20:06:09: [HAMSANDWICH] Failed to retrieve classtype for "", hook for "f_HamWeaponReload" not active.
L 12/22/2024 - 20:06:09: [AMXX] Displaying debug trace (plugin "K_ZP_main.amxx", version "1.0")
L 12/22/2024 - 20:06:09: [AMXX] Run time error 10: native error (native "RegisterHam")
L 12/22/2024 - 20:06:09: [AMXX]    [0] Krol_basic.inc::get_guns_name_by_id (line 516)
L 12/22/2024 - 20:06:09: [AMXX]    [1] K_ZP_main.sma::plugin_init (line 33)
L 12/22/2024 - 20:06:25: Invalid player id 0
L 12/22/2024 - 20:06:25: [AMXX] Displaying debug trace (plugin "K_lib_ZP.amxx", version "1.0")
L 12/22/2024 - 20:06:25: [AMXX] Run time error 10: native error (native "get_user_weapons")
L 12/22/2024 - 20:06:25: [AMXX]    [0] Krol_basic.inc::drop_weapons (line 403)
L 12/22/2024 - 20:06:25: [AMXX]    [1] K_lib_ZP.sma::native_make_zombie (line 175)
L 12/22/2024 - 20:06:25: [AMXX]    [2] K_lib_ZP.sma::native_start_mode (line 155)
L 12/22/2024 - 20:06:25: [AMXX]    [3] K_lib_ZP.sma::native_start_mode (line 153)
L 12/22/2024 - 20:06:25: Unhandled dynamic native error
L 12/22/2024 - 20:06:25: [AMXX] Displaying debug trace (plugin "K_ZP_main.amxx", version "1.0")
L 12/22/2024 - 20:06:25: [AMXX] Run time error 10: native error (native "start_mode")
L 12/22/2024 - 20:06:25: [AMXX]    [0] K_ZP_main.sma::task_start_mode (line 118)
L 12/22/2024 - 20:11:58: Start of error session.
L 12/22/2024 - 20:11:58: Info (map "zm_ngamers_lights_f") (file "addons/amxmodx/logs/error_20241222.log")
L 12/22/2024 - 20:11:58: [HAMSANDWICH] Failed to retrieve classtype for "", hook for "f_HamWeaponReload" not active.
L 12/22/2024 - 20:11:58: [AMXX] Displaying debug trace (plugin "K_ZP_main.amxx", version "1.0")
L 12/22/2024 - 20:11:58: [AMXX] Run time error 10: native error (native "RegisterHam")
L 12/22/2024 - 20:11:58: [AMXX]    [0] Krol_basic.inc::get_guns_name_by_id (line 516)
L 12/22/2024 - 20:11:58: [AMXX]    [1] K_ZP_main.sma::plugin_init (line 33)
L 12/22/2024 - 20:12:21: Invalid player id 0
L 12/22/2024 - 20:12:21: [AMXX] Displaying debug trace (plugin "K_lib_ZP.amxx", version "1.0")
L 12/22/2024 - 20:12:21: [AMXX] Run time error 10: native error (native "get_user_weapons")
L 12/22/2024 - 20:12:21: [AMXX]    [0] Krol_basic.inc::drop_weapons (line 403)
L 12/22/2024 - 20:12:21: [AMXX]    [1] K_lib_ZP.sma::native_make_zombie (line 175)
L 12/22/2024 - 20:12:21: [AMXX]    [2] K_lib_ZP.sma::native_start_mode (line 155)
L 12/22/2024 - 20:12:21: [AMXX]    [3] K_lib_ZP.sma::native_start_mode (line 153)
L 12/22/2024 - 20:12:21: Unhandled dynamic native error
L 12/22/2024 - 20:12:21: [AMXX] Displaying debug trace (plugin "K_ZP_main.amxx", version "1.0")
L 12/22/2024 - 20:12:21: [AMXX] Run time error 10: native error (native "start_mode")
L 12/22/2024 - 20:12:21: [AMXX]    [0] K_ZP_main.sma::task_start_mode (line 118)
L 12/22/2024 - 20:13:29: Start of error session.
L 12/22/2024 - 20:13:29: Info (map "zm_ngamers_lights_f") (file "addons/amxmodx/logs/error_20241222.log")
L 12/22/2024 - 20:13:29: [HAMSANDWICH] Failed to retrieve classtype for "", hook for "f_HamWeaponReload" not active.
L 12/22/2024 - 20:13:29: [AMXX] Displaying debug trace (plugin "K_ZP_main.amxx", version "1.0")
L 12/22/2024 - 20:13:29: [AMXX] Run time error 10: native error (native "RegisterHam")
L 12/22/2024 - 20:13:29: [AMXX]    [0] Krol_basic.inc::get_guns_name_by_id (line 516)
L 12/22/2024 - 20:13:29: [AMXX]    [1] K_ZP_main.sma::plugin_init (line 33)
L 12/22/2024 - 20:13:46: Invalid player id 0
L 12/22/2024 - 20:13:46: [AMXX] Displaying debug trace (plugin "K_lib_ZP.amxx", version "1.0")
L 12/22/2024 - 20:13:46: [AMXX] Run time error 10: native error (native "get_user_weapons")
L 12/22/2024 - 20:13:46: [AMXX]    [0] Krol_basic.inc::drop_weapons (line 403)
L 12/22/2024 - 20:13:46: [AMXX]    [1] K_lib_ZP.sma::native_make_zombie (line 172)
L 12/22/2024 - 20:13:46: [AMXX]    [2] K_lib_ZP.sma::native_start_mode (line 152)
L 12/22/2024 - 20:13:46: [AMXX]    [3] K_lib_ZP.sma::native_start_mode (line 150)
L 12/22/2024 - 20:13:46: Unhandled dynamic native error
L 12/22/2024 - 20:13:46: [AMXX] Displaying debug trace (plugin "K_ZP_main.amxx", version "1.0")
L 12/22/2024 - 20:13:46: [AMXX] Run time error 10: native error (native "start_mode")
L 12/22/2024 - 20:13:46: [AMXX]    [0] K_ZP_main.sma::task_start_mode (line 118)
L 12/22/2024 - 20:16:15: Start of error session.
L 12/22/2024 - 20:16:15: Info (map "zm_ngamers_lights_f") (file "addons/amxmodx/logs/error_20241222.log")
L 12/22/2024 - 20:16:15: [HAMSANDWICH] Failed to retrieve classtype for "", hook for "f_HamWeaponReload" not active.
L 12/22/2024 - 20:16:15: [AMXX] Displaying debug trace (plugin "K_ZP_main.amxx", version "1.0")
L 12/22/2024 - 20:16:15: [AMXX] Run time error 10: native error (native "RegisterHam")
L 12/22/2024 - 20:16:15: [AMXX]    [0] Krol_basic.inc::get_guns_name_by_id (line 516)
L 12/22/2024 - 20:16:15: [AMXX]    [1] K_ZP_main.sma::plugin_init (line 33)
L 12/22/2024 - 20:16:31: Invalid player id 0
L 12/22/2024 - 20:16:31: [AMXX] Displaying debug trace (plugin "K_lib_ZP.amxx", version "1.0")
L 12/22/2024 - 20:16:31: [AMXX] Run time error 10: native error (native "get_user_weapons")
L 12/22/2024 - 20:16:31: [AMXX]    [0] Krol_basic.inc::drop_weapons (line 403)
L 12/22/2024 - 20:16:31: [AMXX]    [1] K_lib_ZP.sma::native_make_survivor (line 225)
L 12/22/2024 - 20:16:31: [AMXX]    [2] K_lib_ZP.sma::native_start_mode (line 150)
L 12/22/2024 - 20:16:31: Unhandled dynamic native error
L 12/22/2024 - 20:16:31: [AMXX] Displaying debug trace (plugin "K_ZP_main.amxx", version "1.0")
L 12/22/2024 - 20:16:31: [AMXX] Run time error 10: native error (native "start_mode")
L 12/22/2024 - 20:16:31: [AMXX]    [0] K_ZP_main.sma::task_start_mode (line 118)
L 12/22/2024 - 20:16:41: Start of error session.
L 12/22/2024 - 20:16:41: Info (map "zm_ngamers_lights_f") (file "addons/amxmodx/logs/error_20241222.log")
L 12/22/2024 - 20:16:41: [HAMSANDWICH] Failed to retrieve classtype for "", hook for "f_HamWeaponReload" not active.
L 12/22/2024 - 20:16:41: [AMXX] Displaying debug trace (plugin "K_ZP_main.amxx", version "1.0")
L 12/22/2024 - 20:16:41: [AMXX] Run time error 10: native error (native "RegisterHam")
L 12/22/2024 - 20:16:41: [AMXX]    [0] Krol_basic.inc::get_guns_name_by_id (line 516)
L 12/22/2024 - 20:16:41: [AMXX]    [1] K_ZP_main.sma::plugin_init (line 33)
L 12/22/2024 - 20:16:57: Invalid player id 0
L 12/22/2024 - 20:16:57: [AMXX] Displaying debug trace (plugin "K_lib_ZP.amxx", version "1.0")
L 12/22/2024 - 20:16:57: [AMXX] Run time error 10: native error (native "get_user_weapons")
L 12/22/2024 - 20:16:57: [AMXX]    [0] Krol_basic.inc::drop_weapons (line 403)
L 12/22/2024 - 20:16:57: [AMXX]    [1] K_lib_ZP.sma::native_make_zombie (line 172)
L 12/22/2024 - 20:16:57: [AMXX]    [2] K_lib_ZP.sma::native_start_mode (line 152)
L 12/22/2024 - 20:16:57: [AMXX]    [3] K_lib_ZP.sma::native_start_mode (line 150)
L 12/22/2024 - 20:16:57: Unhandled dynamic native error
L 12/22/2024 - 20:16:57: [AMXX] Displaying debug trace (plugin "K_ZP_main.amxx", version "1.0")
L 12/22/2024 - 20:16:57: [AMXX] Run time error 10: native error (native "start_mode")
L 12/22/2024 - 20:16:57: [AMXX]    [0] K_ZP_main.sma::task_start_mode (line 118)
L 12/22/2024 - 20:16:58: Invalid player id 0
L 12/22/2024 - 20:16:58: [AMXX] Displaying debug trace (plugin "K_lib_ZP.amxx", version "1.0")
L 12/22/2024 - 20:16:58: [AMXX] Run time error 10: native error (native "get_user_weapon")
L 12/22/2024 - 20:16:58: [AMXX]    [0] K_lib_ZP.sma::TakeDamage_Infection (line 282)
L 12/22/2024 - 20:19:06: Start of error session.
L 12/22/2024 - 20:19:06: Info (map "zm_ngamers_lights_f") (file "addons/amxmodx/logs/error_20241222.log")
L 12/22/2024 - 20:19:06: [HAMSANDWICH] Failed to retrieve classtype for "", hook for "f_HamWeaponReload" not active.
L 12/22/2024 - 20:19:06: [AMXX] Displaying debug trace (plugin "K_ZP_main.amxx", version "1.0")
L 12/22/2024 - 20:19:06: [AMXX] Run time error 10: native error (native "RegisterHam")
L 12/22/2024 - 20:19:06: [AMXX]    [0] Krol_basic.inc::get_guns_name_by_id (line 516)
L 12/22/2024 - 20:19:06: [AMXX]    [1] K_ZP_main.sma::plugin_init (line 33)
L 12/22/2024 - 20:19:22: Invalid player id 0
L 12/22/2024 - 20:19:22: [AMXX] Displaying debug trace (plugin "K_lib_ZP.amxx", version "1.0")
L 12/22/2024 - 20:19:22: [AMXX] Run time error 10: native error (native "get_user_weapons")
L 12/22/2024 - 20:19:22: [AMXX]    [0] Krol_basic.inc::drop_weapons (line 403)
L 12/22/2024 - 20:19:22: [AMXX]    [1] K_lib_ZP.sma::native_make_zombie (line 172)
L 12/22/2024 - 20:19:22: [AMXX]    [2] K_lib_ZP.sma::native_start_mode (line 152)
L 12/22/2024 - 20:19:22: [AMXX]    [3] K_lib_ZP.sma::native_start_mode (line 150)
L 12/22/2024 - 20:19:22: Unhandled dynamic native error
L 12/22/2024 - 20:19:22: [AMXX] Displaying debug trace (plugin "K_ZP_main.amxx", version "1.0")
L 12/22/2024 - 20:19:22: [AMXX] Run time error 10: native error (native "start_mode")
L 12/22/2024 - 20:19:22: [AMXX]    [0] K_ZP_main.sma::task_start_mode (line 118)
L 12/22/2024 - 20:19:27: Start of error session.
L 12/22/2024 - 20:19:27: Info (map "zm_ngamers_lights_f") (file "addons/amxmodx/logs/error_20241222.log")
L 12/22/2024 - 20:19:27: [HAMSANDWICH] Failed to retrieve classtype for "", hook for "f_HamWeaponReload" not active.
L 12/22/2024 - 20:19:27: [AMXX] Displaying debug trace (plugin "K_ZP_main.amxx", version "1.0")
L 12/22/2024 - 20:19:27: [AMXX] Run time error 10: native error (native "RegisterHam")
L 12/22/2024 - 20:19:27: [AMXX]    [0] Krol_basic.inc::get_guns_name_by_id (line 516)
L 12/22/2024 - 20:19:27: [AMXX]    [1] K_ZP_main.sma::plugin_init (line 33)
L 12/22/2024 - 20:19:43: Invalid player id 0
L 12/22/2024 - 20:19:43: [AMXX] Displaying debug trace (plugin "K_lib_ZP.amxx", version "1.0")
L 12/22/2024 - 20:19:43: [AMXX] Run time error 10: native error (native "get_user_weapons")
L 12/22/2024 - 20:19:43: [AMXX]    [0] Krol_basic.inc::drop_weapons (line 403)
L 12/22/2024 - 20:19:43: [AMXX]    [1] K_lib_ZP.sma::native_make_zombie (line 172)
L 12/22/2024 - 20:19:43: [AMXX]    [2] K_lib_ZP.sma::native_start_mode (line 152)
L 12/22/2024 - 20:19:43: [AMXX]    [3] K_lib_ZP.sma::native_start_mode (line 150)
L 12/22/2024 - 20:19:43: Unhandled dynamic native error
L 12/22/2024 - 20:19:43: [AMXX] Displaying debug trace (plugin "K_ZP_main.amxx", version "1.0")
L 12/22/2024 - 20:19:43: [AMXX] Run time error 10: native error (native "start_mode")
L 12/22/2024 - 20:19:43: [AMXX]    [0] K_ZP_main.sma::task_start_mode (line 118)
L 12/22/2024 - 20:20:41: Start of error session.
L 12/22/2024 - 20:20:41: Info (map "zm_ngamers_lights_f") (file "addons/amxmodx/logs/error_20241222.log")
L 12/22/2024 - 20:20:41: [HAMSANDWICH] Failed to retrieve classtype for "", hook for "f_HamWeaponReload" not active.
L 12/22/2024 - 20:20:41: [AMXX] Displaying debug trace (plugin "K_ZP_main.amxx", version "1.0")
L 12/22/2024 - 20:20:41: [AMXX] Run time error 10: native error (native "RegisterHam")
L 12/22/2024 - 20:20:41: [AMXX]    [0] Krol_basic.inc::get_guns_name_by_id (line 516)
L 12/22/2024 - 20:20:41: [AMXX]    [1] K_ZP_main.sma::plugin_init (line 33)
L 12/22/2024 - 20:20:57: Invalid player id 0
L 12/22/2024 - 20:20:57: [AMXX] Displaying debug trace (plugin "K_lib_ZP.amxx", version "1.0")
L 12/22/2024 - 20:20:57: [AMXX] Run time error 10: native error (native "get_user_weapons")
L 12/22/2024 - 20:20:57: [AMXX]    [0] Krol_basic.inc::drop_weapons (line 403)
L 12/22/2024 - 20:20:57: [AMXX]    [1] K_lib_ZP.sma::native_make_zombie (line 172)
L 12/22/2024 - 20:20:57: [AMXX]    [2] K_lib_ZP.sma::native_start_mode (line 152)
L 12/22/2024 - 20:20:57: [AMXX]    [3] K_lib_ZP.sma::native_start_mode (line 150)
L 12/22/2024 - 20:20:57: Unhandled dynamic native error
L 12/22/2024 - 20:20:57: [AMXX] Displaying debug trace (plugin "K_ZP_main.amxx", version "1.0")
L 12/22/2024 - 20:20:57: [AMXX] Run time error 10: native error (native "start_mode")
L 12/22/2024 - 20:20:57: [AMXX]    [0] K_ZP_main.sma::task_start_mode (line 118)
L 12/22/2024 - 20:32:21: Start of error session.
L 12/22/2024 - 20:32:21: Info (map "zm_ngamers_lights_f") (file "addons/amxmodx/logs/error_20241222.log")
L 12/22/2024 - 20:32:21: [HAMSANDWICH] Failed to retrieve classtype for "", hook for "f_HamWeaponReload" not active.
L 12/22/2024 - 20:32:21: [AMXX] Displaying debug trace (plugin "K_ZP_main.amxx", version "1.0")
L 12/22/2024 - 20:32:21: [AMXX] Run time error 10: native error (native "RegisterHam")
L 12/22/2024 - 20:32:21: [AMXX]    [0] Krol_basic.inc::get_guns_name_by_id (line 516)
L 12/22/2024 - 20:32:21: [AMXX]    [1] K_ZP_main.sma::plugin_init (line 33)
L 12/22/2024 - 20:32:38: Invalid player id 0
L 12/22/2024 - 20:32:38: [AMXX] Displaying debug trace (plugin "K_lib_ZP.amxx", version "1.0")
L 12/22/2024 - 20:32:38: [AMXX] Run time error 10: native error (native "get_user_weapons")
L 12/22/2024 - 20:32:38: [AMXX]    [0] Krol_basic.inc::drop_weapons (line 403)
L 12/22/2024 - 20:32:38: [AMXX]    [1] K_lib_ZP.sma::native_make_zombie (line 172)
L 12/22/2024 - 20:32:38: [AMXX]    [2] K_lib_ZP.sma::native_start_mode (line 152)
L 12/22/2024 - 20:32:38: [AMXX]    [3] K_lib_ZP.sma::native_start_mode (line 150)
L 12/22/2024 - 20:32:38: Unhandled dynamic native error
L 12/22/2024 - 20:32:38: [AMXX] Displaying debug trace (plugin "K_ZP_main.amxx", version "1.0")
L 12/22/2024 - 20:32:38: [AMXX] Run time error 10: native error (native "start_mode")
L 12/22/2024 - 20:32:38: [AMXX]    [0] K_ZP_main.sma::task_start_mode (line 118)
L 12/22/2024 - 20:40:19: Start of error session.
L 12/22/2024 - 20:40:19: Info (map "zm_ngamers_lights_f") (file "addons/amxmodx/logs/error_20241222.log")
L 12/22/2024 - 20:40:19: [HAMSANDWICH] Failed to retrieve classtype for "", hook for "f_HamWeaponReload" not active.
L 12/22/2024 - 20:40:19: [AMXX] Displaying debug trace (plugin "K_ZP_main.amxx", version "1.0")
L 12/22/2024 - 20:40:19: [AMXX] Run time error 10: native error (native "RegisterHam")
L 12/22/2024 - 20:40:19: [AMXX]    [0] Krol_basic.inc::get_guns_name_by_id (line 516)
L 12/22/2024 - 20:40:19: [AMXX]    [1] K_ZP_main.sma::plugin_init (line 33)
L 12/22/2024 - 20:40:36: Invalid player id 0
L 12/22/2024 - 20:40:36: [AMXX] Displaying debug trace (plugin "K_lib_ZP.amxx", version "1.0")
L 12/22/2024 - 20:40:36: [AMXX] Run time error 10: native error (native "get_user_weapons")
L 12/22/2024 - 20:40:36: [AMXX]    [0] Krol_basic.inc::drop_weapons (line 403)
L 12/22/2024 - 20:40:36: [AMXX]    [1] K_lib_ZP.sma::native_make_survivor (line 225)
L 12/22/2024 - 20:40:36: [AMXX]    [2] K_lib_ZP.sma::native_start_mode (line 150)
L 12/22/2024 - 20:40:36: Unhandled dynamic native error
L 12/22/2024 - 20:40:36: [AMXX] Displaying debug trace (plugin "K_ZP_main.amxx", version "1.0")
L 12/22/2024 - 20:40:36: [AMXX] Run time error 10: native error (native "start_mode")
L 12/22/2024 - 20:40:36: [AMXX]    [0] K_ZP_main.sma::task_start_mode (line 118)
L 12/22/2024 - 20:41:04: Start of error session.
L 12/22/2024 - 20:41:04: Info (map "zm_ngamers_lights_f") (file "addons/amxmodx/logs/error_20241222.log")
L 12/22/2024 - 20:41:04: [HAMSANDWICH] Failed to retrieve classtype for "", hook for "f_HamWeaponReload" not active.
L 12/22/2024 - 20:41:04: [AMXX] Displaying debug trace (plugin "K_ZP_main.amxx", version "1.0")
L 12/22/2024 - 20:41:04: [AMXX] Run time error 10: native error (native "RegisterHam")
L 12/22/2024 - 20:41:04: [AMXX]    [0] Krol_basic.inc::get_guns_name_by_id (line 516)
L 12/22/2024 - 20:41:04: [AMXX]    [1] K_ZP_main.sma::plugin_init (line 33)
L 12/22/2024 - 20:41:20: Invalid player id 0
L 12/22/2024 - 20:41:20: [AMXX] Displaying debug trace (plugin "K_lib_ZP.amxx", version "1.0")
L 12/22/2024 - 20:41:20: [AMXX] Run time error 10: native error (native "get_user_weapons")
L 12/22/2024 - 20:41:20: [AMXX]    [0] Krol_basic.inc::drop_weapons (line 403)
L 12/22/2024 - 20:41:20: [AMXX]    [1] K_lib_ZP.sma::native_make_zombie (line 172)
L 12/22/2024 - 20:41:20: [AMXX]    [2] K_lib_ZP.sma::native_start_mode (line 152)
L 12/22/2024 - 20:41:20: [AMXX]    [3] K_lib_ZP.sma::native_start_mode (line 150)
L 12/22/2024 - 20:41:20: Unhandled dynamic native error
L 12/22/2024 - 20:41:20: [AMXX] Displaying debug trace (plugin "K_ZP_main.amxx", version "1.0")
L 12/22/2024 - 20:41:20: [AMXX] Run time error 10: native error (native "start_mode")
L 12/22/2024 - 20:41:20: [AMXX]    [0] K_ZP_main.sma::task_start_mode (line 118)
L 12/22/2024 - 20:45:09: Start of error session.
L 12/22/2024 - 20:45:09: Info (map "zm_ngamers_lights_f") (file "addons/amxmodx/logs/error_20241222.log")
L 12/22/2024 - 20:45:09: [HAMSANDWICH] Failed to retrieve classtype for "", hook for "f_HamWeaponReload" not active.
L 12/22/2024 - 20:45:09: [AMXX] Displaying debug trace (plugin "K_ZP_main.amxx", version "1.0")
L 12/22/2024 - 20:45:09: [AMXX] Run time error 10: native error (native "RegisterHam")
L 12/22/2024 - 20:45:09: [AMXX]    [0] Krol_basic.inc::get_guns_name_by_id (line 516)
L 12/22/2024 - 20:45:09: [AMXX]    [1] K_ZP_main.sma::plugin_init (line 33)
L 12/22/2024 - 20:45:25: Invalid player id 0
L 12/22/2024 - 20:45:25: [AMXX] Displaying debug trace (plugin "K_lib_ZP.amxx", version "1.0")
L 12/22/2024 - 20:45:25: [AMXX] Run time error 10: native error (native "get_user_weapons")
L 12/22/2024 - 20:45:25: [AMXX]    [0] Krol_basic.inc::drop_weapons (line 403)
L 12/22/2024 - 20:45:25: [AMXX]    [1] K_lib_ZP.sma::native_make_zombie (line 171)
L 12/22/2024 - 20:45:25: [AMXX]    [2] K_lib_ZP.sma::native_start_mode (line 151)
L 12/22/2024 - 20:45:25: [AMXX]    [3] K_lib_ZP.sma::native_start_mode (line 149)
L 12/22/2024 - 20:45:25: Unhandled dynamic native error
L 12/22/2024 - 20:45:25: [AMXX] Displaying debug trace (plugin "K_ZP_main.amxx", version "1.0")
L 12/22/2024 - 20:45:25: [AMXX] Run time error 10: native error (native "start_mode")
L 12/22/2024 - 20:45:25: [AMXX]    [0] K_ZP_main.sma::task_start_mode (line 118)
L 12/22/2024 - 20:46:07: Start of error session.
L 12/22/2024 - 20:46:07: Info (map "zm_ngamers_lights_f") (file "addons/amxmodx/logs/error_20241222.log")
L 12/22/2024 - 20:46:07: [HAMSANDWICH] Failed to retrieve classtype for "", hook for "f_HamWeaponReload" not active.
L 12/22/2024 - 20:46:07: [AMXX] Displaying debug trace (plugin "K_ZP_main.amxx", version "1.0")
L 12/22/2024 - 20:46:07: [AMXX] Run time error 10: native error (native "RegisterHam")
L 12/22/2024 - 20:46:07: [AMXX]    [0] Krol_basic.inc::get_guns_name_by_id (line 516)
L 12/22/2024 - 20:46:07: [AMXX]    [1] K_ZP_main.sma::plugin_init (line 33)
L 12/22/2024 - 20:46:24: Invalid player id 0
L 12/22/2024 - 20:46:24: [AMXX] Displaying debug trace (plugin "K_lib_ZP.amxx", version "1.0")
L 12/22/2024 - 20:46:24: [AMXX] Run time error 10: native error (native "get_user_weapons")
L 12/22/2024 - 20:46:24: [AMXX]    [0] Krol_basic.inc::drop_weapons (line 403)
L 12/22/2024 - 20:46:24: [AMXX]    [1] K_lib_ZP.sma::native_make_zombie (line 171)
L 12/22/2024 - 20:46:24: [AMXX]    [2] K_lib_ZP.sma::native_start_mode (line 151)
L 12/22/2024 - 20:46:24: [AMXX]    [3] K_lib_ZP.sma::native_start_mode (line 149)
L 12/22/2024 - 20:46:24: Unhandled dynamic native error
L 12/22/2024 - 20:46:24: [AMXX] Displaying debug trace (plugin "K_ZP_main.amxx", version "1.0")
L 12/22/2024 - 20:46:24: [AMXX] Run time error 10: native error (native "start_mode")
L 12/22/2024 - 20:46:24: [AMXX]    [0] K_ZP_main.sma::task_start_mode (line 118)
L 12/22/2024 - 20:48:53: Start of error session.
L 12/22/2024 - 20:48:53: Info (map "zm_ngamers_lights_f") (file "addons/amxmodx/logs/error_20241222.log")
L 12/22/2024 - 20:48:53: [HAMSANDWICH] Failed to retrieve classtype for "", hook for "f_HamWeaponReload" not active.
L 12/22/2024 - 20:48:53: [AMXX] Displaying debug trace (plugin "K_ZP_main.amxx", version "1.0")
L 12/22/2024 - 20:48:53: [AMXX] Run time error 10: native error (native "RegisterHam")
L 12/22/2024 - 20:48:53: [AMXX]    [0] Krol_basic.inc::get_guns_name_by_id (line 516)
L 12/22/2024 - 20:48:53: [AMXX]    [1] K_ZP_main.sma::plugin_init (line 33)
L 12/22/2024 - 20:49:09: Invalid player id 0
L 12/22/2024 - 20:49:09: [AMXX] Displaying debug trace (plugin "K_lib_ZP.amxx", version "1.0")
L 12/22/2024 - 20:49:09: [AMXX] Run time error 10: native error (native "get_user_weapons")
L 12/22/2024 - 20:49:09: [AMXX]    [0] Krol_basic.inc::drop_weapons (line 403)
L 12/22/2024 - 20:49:09: [AMXX]    [1] K_lib_ZP.sma::native_make_zombie (line 171)
L 12/22/2024 - 20:49:09: [AMXX]    [2] K_lib_ZP.sma::native_start_mode (line 151)
L 12/22/2024 - 20:49:09: [AMXX]    [3] K_lib_ZP.sma::native_start_mode (line 149)
L 12/22/2024 - 20:49:09: Unhandled dynamic native error
L 12/22/2024 - 20:49:09: [AMXX] Displaying debug trace (plugin "K_ZP_main.amxx", version "1.0")
L 12/22/2024 - 20:49:09: [AMXX] Run time error 10: native error (native "start_mode")
L 12/22/2024 - 20:49:09: [AMXX]    [0] K_ZP_main.sma::task_start_mode (line 118)
L 12/22/2024 - 20:50:24: Start of error session.
L 12/22/2024 - 20:50:24: Info (map "zm_ngamers_lights_f") (file "addons/amxmodx/logs/error_20241222.log")
L 12/22/2024 - 20:50:24: [HAMSANDWICH] Failed to retrieve classtype for "", hook for "f_HamWeaponReload" not active.
L 12/22/2024 - 20:50:24: [AMXX] Displaying debug trace (plugin "K_ZP_main.amxx", version "1.0")
L 12/22/2024 - 20:50:24: [AMXX] Run time error 10: native error (native "RegisterHam")
L 12/22/2024 - 20:50:24: [AMXX]    [0] Krol_basic.inc::get_guns_name_by_id (line 516)
L 12/22/2024 - 20:50:24: [AMXX]    [1] K_ZP_main.sma::plugin_init (line 33)
L 12/22/2024 - 20:50:40: Invalid player id 0
L 12/22/2024 - 20:50:40: [AMXX] Displaying debug trace (plugin "K_lib_ZP.amxx", version "1.0")
L 12/22/2024 - 20:50:40: [AMXX] Run time error 10: native error (native "get_user_weapons")
L 12/22/2024 - 20:50:40: [AMXX]    [0] Krol_basic.inc::drop_weapons (line 403)
L 12/22/2024 - 20:50:40: [AMXX]    [1] K_lib_ZP.sma::native_make_zombie (line 171)
L 12/22/2024 - 20:50:40: [AMXX]    [2] K_lib_ZP.sma::native_start_mode (line 151)
L 12/22/2024 - 20:50:40: [AMXX]    [3] K_lib_ZP.sma::native_start_mode (line 149)
L 12/22/2024 - 20:50:40: Unhandled dynamic native error
L 12/22/2024 - 20:50:40: [AMXX] Displaying debug trace (plugin "K_ZP_main.amxx", version "1.0")
L 12/22/2024 - 20:50:40: [AMXX] Run time error 10: native error (native "start_mode")
L 12/22/2024 - 20:50:40: [AMXX]    [0] K_ZP_main.sma::task_start_mode (line 118)
L 12/22/2024 - 20:50:52: Start of error session.
L 12/22/2024 - 20:50:52: Info (map "zm_ngamers_lights_f") (file "addons/amxmodx/logs/error_20241222.log")
L 12/22/2024 - 20:50:52: [HAMSANDWICH] Failed to retrieve classtype for "", hook for "f_HamWeaponReload" not active.
L 12/22/2024 - 20:50:52: [AMXX] Displaying debug trace (plugin "K_ZP_main.amxx", version "1.0")
L 12/22/2024 - 20:50:52: [AMXX] Run time error 10: native error (native "RegisterHam")
L 12/22/2024 - 20:50:52: [AMXX]    [0] Krol_basic.inc::get_guns_name_by_id (line 516)
L 12/22/2024 - 20:50:52: [AMXX]    [1] K_ZP_main.sma::plugin_init (line 33)
L 12/22/2024 - 20:51:08: Invalid player id 0
L 12/22/2024 - 20:51:08: [AMXX] Displaying debug trace (plugin "K_lib_ZP.amxx", version "1.0")
L 12/22/2024 - 20:51:08: [AMXX] Run time error 10: native error (native "get_user_weapons")
L 12/22/2024 - 20:51:08: [AMXX]    [0] Krol_basic.inc::drop_weapons (line 403)
L 12/22/2024 - 20:51:08: [AMXX]    [1] K_lib_ZP.sma::native_make_zombie (line 171)
L 12/22/2024 - 20:51:08: [AMXX]    [2] K_lib_ZP.sma::native_start_mode (line 151)
L 12/22/2024 - 20:51:08: [AMXX]    [3] K_lib_ZP.sma::native_start_mode (line 149)
L 12/22/2024 - 20:51:08: Unhandled dynamic native error
L 12/22/2024 - 20:51:08: [AMXX] Displaying debug trace (plugin "K_ZP_main.amxx", version "1.0")
L 12/22/2024 - 20:51:08: [AMXX] Run time error 10: native error (native "start_mode")
L 12/22/2024 - 20:51:08: [AMXX]    [0] K_ZP_main.sma::task_start_mode (line 118)
L 12/22/2024 - 20:56:59: Start of error session.
L 12/22/2024 - 20:56:59: Info (map "zm_ngamers_lights_f") (file "addons/amxmodx/logs/error_20241222.log")
L 12/22/2024 - 20:56:59: [HAMSANDWICH] Failed to retrieve classtype for "", hook for "f_HamWeaponReload" not active.
L 12/22/2024 - 20:56:59: [AMXX] Displaying debug trace (plugin "K_ZP_main.amxx", version "1.0")
L 12/22/2024 - 20:56:59: [AMXX] Run time error 10: native error (native "RegisterHam")
L 12/22/2024 - 20:56:59: [AMXX]    [0] Krol_basic.inc::get_guns_name_by_id (line 516)
L 12/22/2024 - 20:56:59: [AMXX]    [1] K_ZP_main.sma::plugin_init (line 33)
L 12/22/2024 - 20:59:34: Start of error session.
L 12/22/2024 - 20:59:34: Info (map "zm_ngamers_lights_f") (file "addons/amxmodx/logs/error_20241222.log")
L 12/22/2024 - 20:59:34: [HAMSANDWICH] Failed to retrieve classtype for "", hook for "f_HamWeaponReload" not active.
L 12/22/2024 - 20:59:34: [AMXX] Displaying debug trace (plugin "K_ZP_main.amxx", version "1.0")
L 12/22/2024 - 20:59:34: [AMXX] Run time error 10: native error (native "RegisterHam")
L 12/22/2024 - 20:59:34: [AMXX]    [0] Krol_basic.inc::get_guns_name_by_id (line 515)
L 12/22/2024 - 20:59:34: [AMXX]    [1] K_ZP_main.sma::plugin_init (line 33)
L 12/22/2024 - 20:59:40: Start of error session.
L 12/22/2024 - 20:59:40: Info (map "zm_ngamers_lights_f") (file "addons/amxmodx/logs/error_20241222.log")
L 12/22/2024 - 20:59:40: [HAMSANDWICH] Failed to retrieve classtype for "", hook for "f_HamWeaponReload" not active.
L 12/22/2024 - 20:59:40: [AMXX] Displaying debug trace (plugin "K_ZP_main.amxx", version "1.0")
L 12/22/2024 - 20:59:40: [AMXX] Run time error 10: native error (native "RegisterHam")
L 12/22/2024 - 20:59:40: [AMXX]    [0] Krol_basic.inc::get_guns_name_by_id (line 515)
L 12/22/2024 - 20:59:40: [AMXX]    [1] K_ZP_main.sma::plugin_init (line 33)
L 12/22/2024 - 20:59:56: Invalid player id 0
L 12/22/2024 - 20:59:56: [AMXX] Displaying debug trace (plugin "K_lib_ZP.amxx", version "1.0")
L 12/22/2024 - 20:59:56: [AMXX] Run time error 10: native error (native "get_user_weapons")
L 12/22/2024 - 20:59:56: [AMXX]    [0] Krol_basic.inc::drop_weapons (line 403)
L 12/22/2024 - 20:59:56: [AMXX]    [1] K_lib_ZP.sma::native_make_survivor (line 224)
L 12/22/2024 - 20:59:56: [AMXX]    [2] K_lib_ZP.sma::native_start_mode (line 149)
L 12/22/2024 - 20:59:56: Unhandled dynamic native error
L 12/22/2024 - 20:59:56: [AMXX] Displaying debug trace (plugin "K_ZP_main.amxx", version "1.0")
L 12/22/2024 - 20:59:56: [AMXX] Run time error 10: native error (native "start_mode")
L 12/22/2024 - 20:59:56: [AMXX]    [0] K_ZP_main.sma::task_start_mode (line 118)
L 12/22/2024 - 21:03:56: Start of error session.
L 12/22/2024 - 21:03:56: Info (map "zm_ngamers_lights_f") (file "addons/amxmodx/logs/error_20241222.log")
L 12/22/2024 - 21:03:56: [HAMSANDWICH] Failed to retrieve classtype for "", hook for "f_HamWeaponReload" not active.
L 12/22/2024 - 21:03:56: [AMXX] Displaying debug trace (plugin "K_ZP_main.amxx", version "1.0")
L 12/22/2024 - 21:03:56: [AMXX] Run time error 10: native error (native "RegisterHam")
L 12/22/2024 - 21:03:56: [AMXX]    [0] Krol_basic.inc::get_guns_name_by_id (line 517)
L 12/22/2024 - 21:03:56: [AMXX]    [1] K_ZP_main.sma::plugin_init (line 33)
L 12/22/2024 - 21:04:12: Invalid player id 0
L 12/22/2024 - 21:04:12: [AMXX] Displaying debug trace (plugin "K_lib_ZP.amxx", version "1.0")
L 12/22/2024 - 21:04:12: [AMXX] Run time error 10: native error (native "get_user_weapons")
L 12/22/2024 - 21:04:12: [AMXX]    [0] Krol_basic.inc::drop_weapons (line 405)
L 12/22/2024 - 21:04:12: [AMXX]    [1] K_lib_ZP.sma::native_make_survivor (line 224)
L 12/22/2024 - 21:04:12: [AMXX]    [2] K_lib_ZP.sma::native_start_mode (line 149)
L 12/22/2024 - 21:04:12: Unhandled dynamic native error
L 12/22/2024 - 21:04:12: [AMXX] Displaying debug trace (plugin "K_ZP_main.amxx", version "1.0")
L 12/22/2024 - 21:04:12: [AMXX] Run time error 10: native error (native "start_mode")
L 12/22/2024 - 21:04:12: [AMXX]    [0] K_ZP_main.sma::task_start_mode (line 118)
L 12/22/2024 - 21:04:20: Start of error session.
L 12/22/2024 - 21:04:20: Info (map "zm_ngamers_lights_f") (file "addons/amxmodx/logs/error_20241222.log")
L 12/22/2024 - 21:04:20: [HAMSANDWICH] Failed to retrieve classtype for "", hook for "f_HamWeaponReload" not active.
L 12/22/2024 - 21:04:20: [AMXX] Displaying debug trace (plugin "K_ZP_main.amxx", version "1.0")
L 12/22/2024 - 21:04:20: [AMXX] Run time error 10: native error (native "RegisterHam")
L 12/22/2024 - 21:04:20: [AMXX]    [0] Krol_basic.inc::get_guns_name_by_id (line 517)
L 12/22/2024 - 21:04:20: [AMXX]    [1] K_ZP_main.sma::plugin_init (line 33)
L 12/22/2024 - 21:04:37: Invalid player id 0
L 12/22/2024 - 21:04:37: [AMXX] Displaying debug trace (plugin "K_lib_ZP.amxx", version "1.0")
L 12/22/2024 - 21:04:37: [AMXX] Run time error 10: native error (native "get_user_weapons")
L 12/22/2024 - 21:04:37: [AMXX]    [0] Krol_basic.inc::drop_weapons (line 405)
L 12/22/2024 - 21:04:37: [AMXX]    [1] K_lib_ZP.sma::native_make_survivor (line 224)
L 12/22/2024 - 21:04:37: [AMXX]    [2] K_lib_ZP.sma::native_start_mode (line 149)
L 12/22/2024 - 21:04:37: Unhandled dynamic native error
L 12/22/2024 - 21:04:37: [AMXX] Displaying debug trace (plugin "K_ZP_main.amxx", version "1.0")
L 12/22/2024 - 21:04:37: [AMXX] Run time error 10: native error (native "start_mode")
L 12/22/2024 - 21:04:37: [AMXX]    [0] K_ZP_main.sma::task_start_mode (line 118)
L 12/22/2024 - 21:05:31: Start of error session.
L 12/22/2024 - 21:05:31: Info (map "zm_ngamers_lights_f") (file "addons/amxmodx/logs/error_20241222.log")
L 12/22/2024 - 21:05:31: [HAMSANDWICH] Failed to retrieve classtype for "", hook for "f_HamWeaponReload" not active.
L 12/22/2024 - 21:05:31: [AMXX] Displaying debug trace (plugin "K_ZP_main.amxx", version "1.0")
L 12/22/2024 - 21:05:31: [AMXX] Run time error 10: native error (native "RegisterHam")
L 12/22/2024 - 21:05:31: [AMXX]    [0] Krol_basic.inc::get_guns_name_by_id (line 517)
L 12/22/2024 - 21:05:31: [AMXX]    [1] K_ZP_main.sma::plugin_init (line 33)
L 12/22/2024 - 21:05:47: Invalid player id 0
L 12/22/2024 - 21:05:47: [AMXX] Displaying debug trace (plugin "K_lib_ZP.amxx", version "1.0")
L 12/22/2024 - 21:05:47: [AMXX] Run time error 10: native error (native "get_user_weapons")
L 12/22/2024 - 21:05:47: [AMXX]    [0] Krol_basic.inc::drop_weapons (line 405)
L 12/22/2024 - 21:05:47: [AMXX]    [1] K_lib_ZP.sma::native_make_survivor (line 224)
L 12/22/2024 - 21:05:47: [AMXX]    [2] K_lib_ZP.sma::native_start_mode (line 149)
L 12/22/2024 - 21:05:47: Unhandled dynamic native error
L 12/22/2024 - 21:05:47: [AMXX] Displaying debug trace (plugin "K_ZP_main.amxx", version "1.0")
L 12/22/2024 - 21:05:47: [AMXX] Run time error 10: native error (native "start_mode")
L 12/22/2024 - 21:05:47: [AMXX]    [0] K_ZP_main.sma::task_start_mode (line 118)
L 12/22/2024 - 21:05:57: Start of error session.
L 12/22/2024 - 21:05:57: Info (map "zm_ngamers_lights_f") (file "addons/amxmodx/logs/error_20241222.log")
L 12/22/2024 - 21:05:57: [HAMSANDWICH] Failed to retrieve classtype for "", hook for "f_HamWeaponReload" not active.
L 12/22/2024 - 21:05:57: [AMXX] Displaying debug trace (plugin "K_ZP_main.amxx", version "1.0")
L 12/22/2024 - 21:05:57: [AMXX] Run time error 10: native error (native "RegisterHam")
L 12/22/2024 - 21:05:57: [AMXX]    [0] Krol_basic.inc::get_guns_name_by_id (line 517)
L 12/22/2024 - 21:05:57: [AMXX]    [1] K_ZP_main.sma::plugin_init (line 33)
L 12/22/2024 - 21:06:14: Invalid player id 0
L 12/22/2024 - 21:06:14: [AMXX] Displaying debug trace (plugin "K_lib_ZP.amxx", version "1.0")
L 12/22/2024 - 21:06:14: [AMXX] Run time error 10: native error (native "get_user_weapons")
L 12/22/2024 - 21:06:14: [AMXX]    [0] Krol_basic.inc::drop_weapons (line 405)
L 12/22/2024 - 21:06:14: [AMXX]    [1] K_lib_ZP.sma::native_make_survivor (line 224)
L 12/22/2024 - 21:06:14: [AMXX]    [2] K_lib_ZP.sma::native_start_mode (line 149)
L 12/22/2024 - 21:06:14: Unhandled dynamic native error
L 12/22/2024 - 21:06:14: [AMXX] Displaying debug trace (plugin "K_ZP_main.amxx", version "1.0")
L 12/22/2024 - 21:06:14: [AMXX] Run time error 10: native error (native "start_mode")
L 12/22/2024 - 21:06:14: [AMXX]    [0] K_ZP_main.sma::task_start_mode (line 118)
L 12/22/2024 - 21:06:43: Start of error session.
L 12/22/2024 - 21:06:43: Info (map "zm_ngamers_lights_f") (file "addons/amxmodx/logs/error_20241222.log")
L 12/22/2024 - 21:06:43: [HAMSANDWICH] Failed to retrieve classtype for "", hook for "f_HamWeaponReload" not active.
L 12/22/2024 - 21:06:43: [AMXX] Displaying debug trace (plugin "K_ZP_main.amxx", version "1.0")
L 12/22/2024 - 21:06:43: [AMXX] Run time error 10: native error (native "RegisterHam")
L 12/22/2024 - 21:06:43: [AMXX]    [0] Krol_basic.inc::get_weapon_guns_name_by_id (line 506)
L 12/22/2024 - 21:06:43: [AMXX]    [1] K_ZP_main.sma::plugin_init (line 33)
L 12/22/2024 - 21:07:00: Invalid player id 0
L 12/22/2024 - 21:07:00: [AMXX] Displaying debug trace (plugin "K_lib_ZP.amxx", version "1.0")
L 12/22/2024 - 21:07:00: [AMXX] Run time error 10: native error (native "get_user_weapons")
L 12/22/2024 - 21:07:00: [AMXX]    [0] Krol_basic.inc::drop_weapons (line 405)
L 12/22/2024 - 21:07:00: [AMXX]    [1] K_lib_ZP.sma::native_make_survivor (line 224)
L 12/22/2024 - 21:07:00: [AMXX]    [2] K_lib_ZP.sma::native_start_mode (line 149)
L 12/22/2024 - 21:07:00: Unhandled dynamic native error
L 12/22/2024 - 21:07:00: [AMXX] Displaying debug trace (plugin "K_ZP_main.amxx", version "1.0")
L 12/22/2024 - 21:07:00: [AMXX] Run time error 10: native error (native "start_mode")
L 12/22/2024 - 21:07:00: [AMXX]    [0] K_ZP_main.sma::task_start_mode (line 118)
L 12/22/2024 - 21:07:29: Start of error session.
L 12/22/2024 - 21:07:29: Info (map "zm_ngamers_lights_f") (file "addons/amxmodx/logs/error_20241222.log")
L 12/22/2024 - 21:07:29: [HAMSANDWICH] Failed to retrieve classtype for "", hook for "f_HamWeaponReload" not active.
L 12/22/2024 - 21:07:29: [AMXX] Displaying debug trace (plugin "K_ZP_main.amxx", version "1.0")
L 12/22/2024 - 21:07:29: [AMXX] Run time error 10: native error (native "RegisterHam")
L 12/22/2024 - 21:07:29: [AMXX]    [0] Krol_basic.inc::get_guns_name_by_id (line 517)
L 12/22/2024 - 21:07:29: [AMXX]    [1] K_ZP_main.sma::plugin_init (line 33)
L 12/22/2024 - 21:08:34: Start of error session.
L 12/22/2024 - 21:08:34: Info (map "zm_ngamers_lights_f") (file "addons/amxmodx/logs/error_20241222.log")
L 12/22/2024 - 21:08:34: [HAMSANDWICH] Failed to retrieve classtype for "", hook for "f_HamWeaponReload" not active.
L 12/22/2024 - 21:08:34: [AMXX] Displaying debug trace (plugin "K_ZP_main.amxx", version "1.0")
L 12/22/2024 - 21:08:34: [AMXX] Run time error 10: native error (native "RegisterHam")
L 12/22/2024 - 21:08:34: [AMXX]    [0] Krol_basic.inc::get_weapon_guns_name_by_id (line 506)
L 12/22/2024 - 21:08:34: [AMXX]    [1] K_ZP_main.sma::plugin_init (line 33)
L 12/22/2024 - 21:09:15: Start of error session.
L 12/22/2024 - 21:09:15: Info (map "zm_ngamers_lights_f") (file "addons/amxmodx/logs/error_20241222.log")
L 12/22/2024 - 21:09:15: [HAMSANDWICH] Failed to retrieve classtype for "", hook for "f_HamWeaponReload" not active.
L 12/22/2024 - 21:09:15: [AMXX] Displaying debug trace (plugin "K_ZP_main.amxx", version "1.0")
L 12/22/2024 - 21:09:15: [AMXX] Run time error 10: native error (native "RegisterHam")
L 12/22/2024 - 21:09:15: [AMXX]    [0] Krol_basic.inc::get_weapon_guns_name_by_id (line 506)
L 12/22/2024 - 21:09:15: [AMXX]    [1] K_ZP_main.sma::plugin_init (line 33)
L 12/22/2024 - 21:10:36: Start of error session.
L 12/22/2024 - 21:10:36: Info (map "zm_ngamers_lights_f") (file "addons/amxmodx/logs/error_20241222.log")
L 12/22/2024 - 21:10:36: [HAMSANDWICH] Failed to retrieve classtype for "", hook for "f_HamWeaponReload" not active.
L 12/22/2024 - 21:10:36: [AMXX] Displaying debug trace (plugin "K_ZP_main.amxx", version "1.0")
L 12/22/2024 - 21:10:36: [AMXX] Run time error 10: native error (native "RegisterHam")
L 12/22/2024 - 21:10:36: [AMXX]    [0] Krol_basic.inc::get_weapon_guns_name_by_id (line 506)
L 12/22/2024 - 21:10:36: [AMXX]    [1] K_ZP_main.sma::plugin_init (line 33)
L 12/22/2024 - 21:10:52: Invalid player id 0
L 12/22/2024 - 21:10:52: [AMXX] Displaying debug trace (plugin "K_lib_ZP.amxx", version "1.0")
L 12/22/2024 - 21:10:52: [AMXX] Run time error 10: native error (native "get_user_weapons")
L 12/22/2024 - 21:10:52: [AMXX]    [0] Krol_basic.inc::drop_weapons (line 405)
L 12/22/2024 - 21:10:52: [AMXX]    [1] K_lib_ZP.sma::native_make_survivor (line 224)
L 12/22/2024 - 21:10:52: [AMXX]    [2] K_lib_ZP.sma::native_start_mode (line 149)
L 12/22/2024 - 21:10:52: Unhandled dynamic native error
L 12/22/2024 - 21:10:52: [AMXX] Displaying debug trace (plugin "K_ZP_main.amxx", version "1.0")
L 12/22/2024 - 21:10:52: [AMXX] Run time error 10: native error (native "start_mode")
L 12/22/2024 - 21:10:52: [AMXX]    [0] K_ZP_main.sma::task_start_mode (line 118)
L 12/22/2024 - 21:10:55: Start of error session.
L 12/22/2024 - 21:10:55: Info (map "zm_ngamers_lights_f") (file "addons/amxmodx/logs/error_20241222.log")
L 12/22/2024 - 21:10:55: [HAMSANDWICH] Failed to retrieve classtype for "", hook for "f_HamWeaponReload" not active.
L 12/22/2024 - 21:10:55: [AMXX] Displaying debug trace (plugin "K_ZP_main.amxx", version "1.0")
L 12/22/2024 - 21:10:55: [AMXX] Run time error 10: native error (native "RegisterHam")
L 12/22/2024 - 21:10:55: [AMXX]    [0] Krol_basic.inc::get_weapon_guns_name_by_id (line 506)
L 12/22/2024 - 21:10:55: [AMXX]    [1] K_ZP_main.sma::plugin_init (line 33)
L 12/22/2024 - 21:25:55: Invalid player id 0
L 12/22/2024 - 21:25:55: [AMXX] Displaying debug trace (plugin "K_lib_ZP.amxx", version "1.0")
L 12/22/2024 - 21:25:55: [AMXX] Run time error 10: native error (native "get_user_weapons")
L 12/22/2024 - 21:25:55: [AMXX]    [0] Krol_basic.inc::drop_weapons (line 405)
L 12/22/2024 - 21:25:55: [AMXX]    [1] K_lib_ZP.sma::native_make_survivor (line 224)
L 12/22/2024 - 21:25:55: [AMXX]    [2] K_lib_ZP.sma::native_start_mode (line 149)
L 12/22/2024 - 21:25:55: Unhandled dynamic native error
L 12/22/2024 - 21:25:55: [AMXX] Displaying debug trace (plugin "K_ZP_main.amxx", version "1.0")
L 12/22/2024 - 21:25:55: [AMXX] Run time error 10: native error (native "start_mode")
L 12/22/2024 - 21:25:55: [AMXX]    [0] K_ZP_main.sma::task_start_mode (line 118)
L 12/22/2024 - 21:31:05: Start of error session.
L 12/22/2024 - 21:31:05: Info (map "zm_base_human_lg_new_v2") (file "addons/amxmodx/logs/error_20241222.log")
L 12/22/2024 - 21:31:05: [HAMSANDWICH] Failed to retrieve classtype for "", hook for "f_HamWeaponReload" not active.
L 12/22/2024 - 21:31:05: [AMXX] Displaying debug trace (plugin "K_ZP_main.amxx", version "1.0")
L 12/22/2024 - 21:31:05: [AMXX] Run time error 10: native error (native "RegisterHam")
L 12/22/2024 - 21:31:05: [AMXX]    [0] Krol_basic.inc::get_weapon_guns_name_by_id (line 506)
L 12/22/2024 - 21:31:05: [AMXX]    [1] K_ZP_main.sma::plugin_init (line 33)
L 12/22/2024 - 21:31:21: Invalid player id 0
L 12/22/2024 - 21:31:21: [AMXX] Displaying debug trace (plugin "K_lib_ZP.amxx", version "1.0")
L 12/22/2024 - 21:31:21: [AMXX] Run time error 10: native error (native "get_user_weapons")
L 12/22/2024 - 21:31:21: [AMXX]    [0] Krol_basic.inc::drop_weapons (line 405)
L 12/22/2024 - 21:31:21: [AMXX]    [1] K_lib_ZP.sma::native_make_survivor (line 224)
L 12/22/2024 - 21:31:21: [AMXX]    [2] K_lib_ZP.sma::native_start_mode (line 149)
L 12/22/2024 - 21:31:21: Unhandled dynamic native error
L 12/22/2024 - 21:31:21: [AMXX] Displaying debug trace (plugin "K_ZP_main.amxx", version "1.0")
L 12/22/2024 - 21:31:21: [AMXX] Run time error 10: native error (native "start_mode")
L 12/22/2024 - 21:31:21: [AMXX]    [0] K_ZP_main.sma::task_start_mode (line 118)
L 12/22/2024 - 21:45:04: Start of error session.
L 12/22/2024 - 21:45:04: Info (map "zm_ngamers_lights_f") (file "addons/amxmodx/logs/error_20241222.log")
L 12/22/2024 - 21:45:04: [HAMSANDWICH] Failed to retrieve classtype for "", hook for "f_HamWeaponReload" not active.
L 12/22/2024 - 21:45:04: [AMXX] Displaying debug trace (plugin "K_ZP_main.amxx", version "1.0")
L 12/22/2024 - 21:45:04: [AMXX] Run time error 10: native error (native "RegisterHam")
L 12/22/2024 - 21:45:04: [AMXX]    [0] Krol_basic.inc::get_weapon_guns_name_by_id (line 506)
L 12/22/2024 - 21:45:04: [AMXX]    [1] K_ZP_main.sma::plugin_init (line 33)
L 12/22/2024 - 21:56:08: Invalid player id 0
L 12/22/2024 - 21:56:08: [AMXX] Displaying debug trace (plugin "K_lib_ZP.amxx", version "1.0")
L 12/22/2024 - 21:56:08: [AMXX] Run time error 10: native error (native "get_user_weapons")
L 12/22/2024 - 21:56:08: [AMXX]    [0] Krol_basic.inc::drop_weapons (line 405)
L 12/22/2024 - 21:56:08: [AMXX]    [1] K_lib_ZP.sma::native_make_survivor (line 224)
L 12/22/2024 - 21:56:08: [AMXX]    [2] K_lib_ZP.sma::native_start_mode (line 149)
L 12/22/2024 - 21:56:08: Unhandled dynamic native error
L 12/22/2024 - 21:56:08: [AMXX] Displaying debug trace (plugin "K_ZP_main.amxx", version "1.0")
L 12/22/2024 - 21:56:08: [AMXX] Run time error 10: native error (native "start_mode")
L 12/22/2024 - 21:56:08: [AMXX]    [0] K_ZP_main.sma::task_start_mode (line 118)
L 12/22/2024 - 21:58:49: Start of error session.
L 12/22/2024 - 21:58:49: Info (map "zm_ngamers_lights_f") (file "addons/amxmodx/logs/error_20241222.log")
L 12/22/2024 - 21:58:49: [HAMSANDWICH] Failed to retrieve classtype for "", hook for "f_HamWeaponReload" not active.
L 12/22/2024 - 21:58:49: [AMXX] Displaying debug trace (plugin "K_ZP_main.amxx", version "1.0")
L 12/22/2024 - 21:58:49: [AMXX] Run time error 10: native error (native "RegisterHam")
L 12/22/2024 - 21:58:49: [AMXX]    [0] Krol_basic.inc::get_weapon_guns_name_by_id (line 506)
L 12/22/2024 - 21:58:49: [AMXX]    [1] K_ZP_main.sma::plugin_init (line 33)
L 12/22/2024 - 21:59:23: Start of error session.
L 12/22/2024 - 21:59:23: Info (map "zm_ngamers_lights_f") (file "addons/amxmodx/logs/error_20241222.log")
L 12/22/2024 - 21:59:23: [HAMSANDWICH] Failed to retrieve classtype for "", hook for "f_HamWeaponReload" not active.
L 12/22/2024 - 21:59:23: [AMXX] Displaying debug trace (plugin "K_ZP_main.amxx", version "1.0")
L 12/22/2024 - 21:59:23: [AMXX] Run time error 10: native error (native "RegisterHam")
L 12/22/2024 - 21:59:23: [AMXX]    [0] Krol_basic.inc::get_weapon_guns_name_by_id (line 506)
L 12/22/2024 - 21:59:23: [AMXX]    [1] K_ZP_main.sma::plugin_init (line 33)
L 12/22/2024 - 21:59:47: Invalid player id 0
L 12/22/2024 - 21:59:47: [AMXX] Displaying debug trace (plugin "K_lib_ZP.amxx", version "1.0")
L 12/22/2024 - 21:59:47: [AMXX] Run time error 10: native error (native "get_user_weapons")
L 12/22/2024 - 21:59:47: [AMXX]    [0] Krol_basic.inc::drop_weapons (line 405)
L 12/22/2024 - 21:59:47: [AMXX]    [1] K_lib_ZP.sma::native_make_survivor (line 224)
L 12/22/2024 - 21:59:47: [AMXX]    [2] K_lib_ZP.sma::native_start_mode (line 149)
L 12/22/2024 - 21:59:47: Unhandled dynamic native error
L 12/22/2024 - 21:59:47: [AMXX] Displaying debug trace (plugin "K_ZP_main.amxx", version "1.0")
L 12/22/2024 - 21:59:47: [AMXX] Run time error 10: native error (native "start_mode")
L 12/22/2024 - 21:59:47: [AMXX]    [0] K_ZP_main.sma::task_start_mode (line 118)
L 12/22/2024 - 22:04:44: Start of error session.
L 12/22/2024 - 22:04:44: Info (map "zm_ngamers_lights_f") (file "addons/amxmodx/logs/error_20241222.log")
L 12/22/2024 - 22:04:44: [HAMSANDWICH] Failed to retrieve classtype for "", hook for "f_HamWeaponReload" not active.
L 12/22/2024 - 22:04:44: [AMXX] Displaying debug trace (plugin "K_ZP_main.amxx", version "1.0")
L 12/22/2024 - 22:04:44: [AMXX] Run time error 10: native error (native "RegisterHam")
L 12/22/2024 - 22:04:44: [AMXX]    [0] Krol_basic.inc::get_weapon_guns_name_by_id (line 506)
L 12/22/2024 - 22:04:44: [AMXX]    [1] K_ZP_main.sma::plugin_init (line 33)
L 12/22/2024 - 22:05:08: Invalid player id 0
L 12/22/2024 - 22:05:08: [AMXX] Displaying debug trace (plugin "K_lib_ZP.amxx", version "1.0")
L 12/22/2024 - 22:05:08: [AMXX] Run time error 10: native error (native "get_user_weapons")
L 12/22/2024 - 22:05:08: [AMXX]    [0] Krol_basic.inc::drop_weapons (line 405)
L 12/22/2024 - 22:05:08: [AMXX]    [1] K_lib_ZP.sma::native_make_survivor (line 224)
L 12/22/2024 - 22:05:08: [AMXX]    [2] K_lib_ZP.sma::native_start_mode (line 149)
L 12/22/2024 - 22:05:08: Unhandled dynamic native error
L 12/22/2024 - 22:05:08: [AMXX] Displaying debug trace (plugin "K_ZP_main.amxx", version "1.0")
L 12/22/2024 - 22:05:08: [AMXX] Run time error 10: native error (native "start_mode")
L 12/22/2024 - 22:05:08: [AMXX]    [0] K_ZP_main.sma::task_start_mode (line 118)
L 12/22/2024 - 22:07:32: Start of error session.
L 12/22/2024 - 22:07:32: Info (map "zm_ngamers_lights_f") (file "addons/amxmodx/logs/error_20241222.log")
L 12/22/2024 - 22:07:32: [HAMSANDWICH] Failed to retrieve classtype for "", hook for "f_HamWeaponReload" not active.
L 12/22/2024 - 22:07:32: [AMXX] Displaying debug trace (plugin "K_ZP_main.amxx", version "1.0")
L 12/22/2024 - 22:07:32: [AMXX] Run time error 10: native error (native "RegisterHam")
L 12/22/2024 - 22:07:32: [AMXX]    [0] Krol_basic.inc::get_weapon_guns_name_by_id (line 506)
L 12/22/2024 - 22:07:32: [AMXX]    [1] K_ZP_main.sma::plugin_init (line 33)
L 12/22/2024 - 22:07:49: Invalid player id 0
L 12/22/2024 - 22:07:49: [AMXX] Displaying debug trace (plugin "K_lib_ZP.amxx", version "1.0")
L 12/22/2024 - 22:07:49: [AMXX] Run time error 10: native error (native "get_user_weapons")
L 12/22/2024 - 22:07:49: [AMXX]    [0] Krol_basic.inc::drop_weapons (line 405)
L 12/22/2024 - 22:07:49: [AMXX]    [1] K_lib_ZP.sma::native_make_survivor (line 224)
L 12/22/2024 - 22:07:49: [AMXX]    [2] K_lib_ZP.sma::native_start_mode (line 149)
L 12/22/2024 - 22:07:49: Unhandled dynamic native error
L 12/22/2024 - 22:07:49: [AMXX] Displaying debug trace (plugin "K_ZP_main.amxx", version "1.0")
L 12/22/2024 - 22:07:49: [AMXX] Run time error 10: native error (native "start_mode")
L 12/22/2024 - 22:07:49: [AMXX]    [0] K_ZP_main.sma::task_start_mode (line 118)
L 12/22/2024 - 22:10:02: Start of error session.
L 12/22/2024 - 22:10:02: Info (map "zm_ngamers_lights_f") (file "addons/amxmodx/logs/error_20241222.log")
L 12/22/2024 - 22:10:02: [HAMSANDWICH] Failed to retrieve classtype for "", hook for "f_HamWeaponReload" not active.
L 12/22/2024 - 22:10:02: [AMXX] Displaying debug trace (plugin "K_ZP_main.amxx", version "1.0")
L 12/22/2024 - 22:10:02: [AMXX] Run time error 10: native error (native "RegisterHam")
L 12/22/2024 - 22:10:02: [AMXX]    [0] Krol_basic.inc::get_weapon_guns_name_by_id (line 506)
L 12/22/2024 - 22:10:02: [AMXX]    [1] K_ZP_main.sma::plugin_init (line 33)
L 12/22/2024 - 22:10:26: Invalid player id 0
L 12/22/2024 - 22:10:26: [AMXX] Displaying debug trace (plugin "K_lib_ZP.amxx", version "1.0")
L 12/22/2024 - 22:10:26: [AMXX] Run time error 10: native error (native "get_user_weapons")
L 12/22/2024 - 22:10:26: [AMXX]    [0] Krol_basic.inc::drop_weapons (line 405)
L 12/22/2024 - 22:10:26: [AMXX]    [1] K_lib_ZP.sma::native_make_survivor (line 224)
L 12/22/2024 - 22:10:26: [AMXX]    [2] K_lib_ZP.sma::native_start_mode (line 149)
L 12/22/2024 - 22:10:26: Unhandled dynamic native error
L 12/22/2024 - 22:10:26: [AMXX] Displaying debug trace (plugin "K_ZP_main.amxx", version "1.0")
L 12/22/2024 - 22:10:26: [AMXX] Run time error 10: native error (native "start_mode")
L 12/22/2024 - 22:10:26: [AMXX]    [0] K_ZP_main.sma::task_start_mode (line 118)
L 12/22/2024 - 22:13:08: Start of error session.
L 12/22/2024 - 22:13:08: Info (map "zm_ngamers_lights_f") (file "addons/amxmodx/logs/error_20241222.log")
L 12/22/2024 - 22:13:08: [HAMSANDWICH] Failed to retrieve classtype for "", hook for "f_HamWeaponReload" not active.
L 12/22/2024 - 22:13:08: [AMXX] Displaying debug trace (plugin "K_ZP_main.amxx", version "1.0")
L 12/22/2024 - 22:13:08: [AMXX] Run time error 10: native error (native "RegisterHam")
L 12/22/2024 - 22:13:08: [AMXX]    [0] Krol_basic.inc::get_weapon_guns_name_by_id (line 506)
L 12/22/2024 - 22:13:08: [AMXX]    [1] K_ZP_main.sma::plugin_init (line 33)
L 12/22/2024 - 22:13:25: Invalid player id 0
L 12/22/2024 - 22:13:25: [AMXX] Displaying debug trace (plugin "K_lib_ZP.amxx", version "1.0")
L 12/22/2024 - 22:13:25: [AMXX] Run time error 10: native error (native "get_user_weapons")
L 12/22/2024 - 22:13:25: [AMXX]    [0] Krol_basic.inc::drop_weapons (line 405)
L 12/22/2024 - 22:13:25: [AMXX]    [1] K_lib_ZP.sma::native_make_survivor (line 224)
L 12/22/2024 - 22:13:25: [AMXX]    [2] K_lib_ZP.sma::native_start_mode (line 149)
L 12/22/2024 - 22:13:25: Unhandled dynamic native error
L 12/22/2024 - 22:13:25: [AMXX] Displaying debug trace (plugin "K_ZP_main.amxx", version "1.0")
L 12/22/2024 - 22:13:25: [AMXX] Run time error 10: native error (native "start_mode")
L 12/22/2024 - 22:13:25: [AMXX]    [0] K_ZP_main.sma::task_start_mode (line 118)
L 12/22/2024 - 22:20:32: Start of error session.
L 12/22/2024 - 22:20:32: Info (map "zm_ngamers_lights_f") (file "addons/amxmodx/logs/error_20241222.log")
L 12/22/2024 - 22:20:32: [HAMSANDWICH] Failed to retrieve classtype for "", hook for "f_HamWeaponReload" not active.
L 12/22/2024 - 22:20:32: [AMXX] Displaying debug trace (plugin "K_ZP_main.amxx", version "1.0")
L 12/22/2024 - 22:20:32: [AMXX] Run time error 10: native error (native "RegisterHam")
L 12/22/2024 - 22:20:32: [AMXX]    [0] Krol_basic.inc::get_weapon_guns_name_by_id (line 506)
L 12/22/2024 - 22:20:32: [AMXX]    [1] K_ZP_main.sma::plugin_init (line 33)
L 12/22/2024 - 22:23:13: Start of error session.
L 12/22/2024 - 22:23:13: Info (map "zm_ngamers_lights_f") (file "addons/amxmodx/logs/error_20241222.log")
L 12/22/2024 - 22:23:13: [HAMSANDWICH] Failed to retrieve classtype for "", hook for "f_HamWeaponReload" not active.
L 12/22/2024 - 22:23:13: [AMXX] Displaying debug trace (plugin "K_ZP_main.amxx", version "1.0")
L 12/22/2024 - 22:23:13: [AMXX] Run time error 10: native error (native "RegisterHam")
L 12/22/2024 - 22:23:13: [AMXX]    [0] Krol_basic.inc::get_weapon_guns_name_by_id (line 506)
L 12/22/2024 - 22:23:13: [AMXX]    [1] K_ZP_main.sma::plugin_init (line 33)
L 12/22/2024 - 22:23:37: Invalid player id 0
L 12/22/2024 - 22:23:37: [AMXX] Displaying debug trace (plugin "K_lib_ZP.amxx", version "1.0")
L 12/22/2024 - 22:23:37: [AMXX] Run time error 10: native error (native "get_user_weapons")
L 12/22/2024 - 22:23:37: [AMXX]    [0] Krol_basic.inc::drop_weapons (line 405)
L 12/22/2024 - 22:23:37: [AMXX]    [1] K_lib_ZP.sma::native_make_survivor (line 224)
L 12/22/2024 - 22:23:37: [AMXX]    [2] K_lib_ZP.sma::native_start_mode (line 149)
L 12/22/2024 - 22:23:37: Unhandled dynamic native error
L 12/22/2024 - 22:23:37: [AMXX] Displaying debug trace (plugin "K_ZP_main.amxx", version "1.0")
L 12/22/2024 - 22:23:37: [AMXX] Run time error 10: native error (native "start_mode")
L 12/22/2024 - 22:23:37: [AMXX]    [0] K_ZP_main.sma::task_start_mode (line 118)
L 12/22/2024 - 22:26:27: Start of error session.
L 12/22/2024 - 22:26:27: Info (map "zm_ngamers_lights_f") (file "addons/amxmodx/logs/error_20241222.log")
L 12/22/2024 - 22:26:27: [HAMSANDWICH] Failed to retrieve classtype for "", hook for "f_HamWeaponReload" not active.
L 12/22/2024 - 22:26:27: [AMXX] Displaying debug trace (plugin "K_ZP_main.amxx", version "1.0")
L 12/22/2024 - 22:26:27: [AMXX] Run time error 10: native error (native "RegisterHam")
L 12/22/2024 - 22:26:27: [AMXX]    [0] Krol_basic.inc::get_weapon_guns_name_by_id (line 506)
L 12/22/2024 - 22:26:27: [AMXX]    [1] K_ZP_main.sma::plugin_init (line 33)
