L 10/26/2024 - 11:58:53: Start of error session.
L 10/26/2024 - 11:58:53: Info (map "zm_fdust2x2") (file "addons/amxmodx/logs/error_20241026.log")
L 10/26/2024 - 11:58:53: [AMXX] Run time error 14 (plugin "parachute.amxx") - debug not enabled!
L 10/26/2024 - 11:58:53: [AMXX] To enable debug mode, add "debug" after the plugin name in plugins.ini (without quotes).
L 10/26/2024 - 11:58:57: [AMXX] Run time error 14 (plugin "parachute.amxx") - debug not enabled!
L 10/26/2024 - 11:58:57: [AMXX] To enable debug mode, add "debug" after the plugin name in plugins.ini (without quotes).
L 10/26/2024 - 11:58:58: [AMXX] Run time error 14 (plugin "parachute.amxx") - debug not enabled!
L 10/26/2024 - 11:58:58: [AMXX] To enable debug mode, add "debug" after the plugin name in plugins.ini (without quotes).
L 10/26/2024 - 11:58:58: [AMXX] Run time error 14 (plugin "parachute.amxx") - debug not enabled!
L 10/26/2024 - 11:58:58: [AMXX] To enable debug mode, add "debug" after the plugin name in plugins.ini (without quotes).
L 10/26/2024 - 11:58:59: [AMXX] Run time error 14 (plugin "parachute.amxx") - debug not enabled!
L 10/26/2024 - 11:58:59: [AMXX] To enable debug mode, add "debug" after the plugin name in plugins.ini (without quotes).
L 10/26/2024 - 11:58:59: [AMXX] Run time error 14 (plugin "parachute.amxx") - debug not enabled!
L 10/26/2024 - 11:58:59: [AMXX] To enable debug mode, add "debug" after the plugin name in plugins.ini (without quotes).
L 10/26/2024 - 11:59:00: [AMXX] Run time error 14 (plugin "parachute.amxx") - debug not enabled!
L 10/26/2024 - 11:59:00: [AMXX] To enable debug mode, add "debug" after the plugin name in plugins.ini (without quotes).
L 10/26/2024 - 12:01:12: [AMXX] Run time error 14 (plugin "parachute.amxx") - debug not enabled!
L 10/26/2024 - 12:01:12: [AMXX] To enable debug mode, add "debug" after the plugin name in plugins.ini (without quotes).
L 10/26/2024 - 12:01:12: [AMXX] Run time error 14 (plugin "parachute.amxx") - debug not enabled!
L 10/26/2024 - 12:01:12: [AMXX] To enable debug mode, add "debug" after the plugin name in plugins.ini (without quotes).
L 10/26/2024 - 12:01:12: [AMXX] Run time error 14 (plugin "parachute.amxx") - debug not enabled!
L 10/26/2024 - 12:01:12: [AMXX] To enable debug mode, add "debug" after the plugin name in plugins.ini (without quotes).
L 10/26/2024 - 12:01:12: [AMXX] Run time error 14 (plugin "parachute.amxx") - debug not enabled!
L 10/26/2024 - 12:01:12: [AMXX] To enable debug mode, add "debug" after the plugin name in plugins.ini (without quotes).
L 10/26/2024 - 12:01:12: [AMXX] Run time error 14 (plugin "parachute.amxx") - debug not enabled!
L 10/26/2024 - 12:01:12: [AMXX] To enable debug mode, add "debug" after the plugin name in plugins.ini (without quotes).
L 10/26/2024 - 12:01:12: [AMXX] Run time error 14 (plugin "parachute.amxx") - debug not enabled!
L 10/26/2024 - 12:01:12: [AMXX] To enable debug mode, add "debug" after the plugin name in plugins.ini (without quotes).
L 10/26/2024 - 12:01:12: [AMXX] Run time error 14 (plugin "parachute.amxx") - debug not enabled!
L 10/26/2024 - 12:01:12: [AMXX] To enable debug mode, add "debug" after the plugin name in plugins.ini (without quotes).
L 10/26/2024 - 12:34:19: Start of error session.
L 10/26/2024 - 12:34:19: Info (map "zm_fdust2x2") (file "addons/amxmodx/logs/error_20241026.log")
L 10/26/2024 - 12:34:19: [FUN] Invalid player 1
L 10/26/2024 - 12:34:19: [AMXX] Run time error 10 (plugin "parachute.amxx") (native "set_user_gravity") - debug not enabled!
L 10/26/2024 - 12:34:19: [AMXX] To enable debug mode, add "debug" after the plugin name in plugins.ini (without quotes).
L 10/26/2024 - 12:54:04: Start of error session.
L 10/26/2024 - 12:54:04: Info (map "zm_dust_world") (file "addons/amxmodx/logs/error_20241026.log")
L 10/26/2024 - 12:54:04: Function "native_show_set_zombie_menu" was not found
L 10/26/2024 - 12:54:04: [AMXX] Run time error 19 (plugin "K_M_set_zombie.amxx") - debug not enabled!
L 10/26/2024 - 12:54:04: [AMXX] To enable debug mode, add "debug" after the plugin name in plugins.ini (without quotes).
L 10/26/2024 - 12:54:04: [AMXX] Run time error -1 (plugin "K_M_set_zombie.amxx") - debug not enabled!
L 10/26/2024 - 12:54:04: Function "native_show_set_zombie_menu" was not found
L 10/26/2024 - 12:54:04: [AMXX] Run time error 19 (plugin "K_M_set_zombie.amxx") - debug not enabled!
L 10/26/2024 - 12:54:04: [AMXX] To enable debug mode, add "debug" after the plugin name in plugins.ini (without quotes).
L 10/26/2024 - 12:54:46: Called dynanative into a paused plugin.
L 10/26/2024 - 12:54:46: [AMXX] Displaying debug trace (plugin "K_ZP_main.amxx", version "1.0")
L 10/26/2024 - 12:54:46: [AMXX] Run time error 10: native error (native "show_mainMenu_menu")
L 10/26/2024 - 12:54:46: [AMXX]    [0] K_ZP_main.sma::clcmd_changeteam (line 183)
L 10/26/2024 - 12:54:53: Start of error session.
L 10/26/2024 - 12:54:53: Info (map "zm_dust_world") (file "addons/amxmodx/logs/error_20241026.log")
L 10/26/2024 - 12:54:53: Function "native_show_set_zombie_menu" was not found
L 10/26/2024 - 12:54:53: [AMXX] Run time error 19 (plugin "K_M_set_zombie.amxx") - debug not enabled!
L 10/26/2024 - 12:54:53: [AMXX] To enable debug mode, add "debug" after the plugin name in plugins.ini (without quotes).
L 10/26/2024 - 12:54:53: [AMXX] Run time error -1 (plugin "K_M_set_zombie.amxx") - debug not enabled!
L 10/26/2024 - 12:54:53: Function "native_show_set_zombie_menu" was not found
L 10/26/2024 - 12:54:53: [AMXX] Run time error 19 (plugin "K_M_set_zombie.amxx") - debug not enabled!
L 10/26/2024 - 12:54:53: [AMXX] To enable debug mode, add "debug" after the plugin name in plugins.ini (without quotes).
L 10/26/2024 - 12:55:16: Start of error session.
L 10/26/2024 - 12:55:16: Info (map "zm_dust_world") (file "addons/amxmodx/logs/error_20241026.log")
L 10/26/2024 - 12:55:16: Function "native_show_set_zombie_menu" was not found
L 10/26/2024 - 12:55:16: [AMXX] Run time error 19 (plugin "K_M_set_zombie.amxx") - debug not enabled!
L 10/26/2024 - 12:55:16: [AMXX] To enable debug mode, add "debug" after the plugin name in plugins.ini (without quotes).
L 10/26/2024 - 12:55:16: [AMXX] Run time error -1 (plugin "K_M_set_zombie.amxx") - debug not enabled!
L 10/26/2024 - 12:55:16: Function "native_show_set_zombie_menu" was not found
L 10/26/2024 - 12:55:16: [AMXX] Displaying debug trace (plugin "K_M_set_zombie.amxx", version "1.0")
L 10/26/2024 - 12:55:16: [AMXX] Run time error 19: function not found 
L 10/26/2024 - 12:55:16: [AMXX]    [0] K_M_set_zombie.sma::plugin_init (line 86)
L 10/26/2024 - 12:57:25: Start of error session.
L 10/26/2024 - 12:57:25: Info (map "zm_dust_world") (file "addons/amxmodx/logs/error_20241026.log")
L 10/26/2024 - 12:57:25: Function "native_show_set_zombie_menu" was not found
L 10/26/2024 - 12:57:25: [AMXX] Run time error 19 (plugin "K_M_set_zombie.amxx") - debug not enabled!
L 10/26/2024 - 12:57:25: [AMXX] To enable debug mode, add "debug" after the plugin name in plugins.ini (without quotes).
L 10/26/2024 - 12:57:25: [AMXX] Run time error -1 (plugin "K_M_set_zombie.amxx") - debug not enabled!
L 10/26/2024 - 12:57:25: Function "native_show_set_zombie_menu" was not found
L 10/26/2024 - 12:57:25: [AMXX] Displaying debug trace (plugin "K_M_set_zombie.amxx", version "1.0")
L 10/26/2024 - 12:57:25: [AMXX] Run time error 19: function not found 
L 10/26/2024 - 12:57:25: [AMXX]    [0] K_M_set_zombie.sma::plugin_init (line 86)
L 10/26/2024 - 12:59:35: Start of error session.
L 10/26/2024 - 12:59:35: Info (map "zm_dust_world") (file "addons/amxmodx/logs/error_20241026.log")
L 10/26/2024 - 12:59:35: [AMXX] Displaying debug trace (plugin "K_lib_skins.amxx", version "1.0")
L 10/26/2024 - 12:59:35: [AMXX] Run time error 4: index out of bounds 
L 10/26/2024 - 12:59:35: [AMXX]    [0] K_lib_skins.sma::native_change_skin_to_zombie (line 80)
L 10/26/2024 - 12:59:35: Unhandled dynamic native error
L 10/26/2024 - 12:59:35: [AMXX] Displaying debug trace (plugin "K_lib_ZP.amxx", version "1.0")
L 10/26/2024 - 12:59:35: [AMXX] Run time error 10: native error (native "change_skin_to_zombie")
L 10/26/2024 - 12:59:35: [AMXX]    [0] K_lib_ZP.sma::native_make_zombie (line 136)
L 10/26/2024 - 12:59:35: [AMXX]    [1] K_lib_ZP.sma::native_start_mode (line 123)
L 10/26/2024 - 12:59:35: Unhandled dynamic native error
L 10/26/2024 - 12:59:35: [AMXX] Displaying debug trace (plugin "K_ZP_main.amxx", version "1.0")
L 10/26/2024 - 12:59:35: [AMXX] Run time error 10: native error (native "start_mode")
L 10/26/2024 - 12:59:35: [AMXX]    [0] K_ZP_main.sma::task_start_mode (line 196)
L 10/26/2024 - 13:53:12: Start of error session.
L 10/26/2024 - 13:53:12: Info (map "zm_dust_world") (file "addons/amxmodx/logs/error_20241026.log")
L 10/26/2024 - 13:53:12: [FUN] Invalid player 3
L 10/26/2024 - 13:53:12: [AMXX] Displaying debug trace (plugin "parachute.amxx", version "1.3")
L 10/26/2024 - 13:53:12: [AMXX] Run time error 10: native error (native "set_user_gravity")
L 10/26/2024 - 13:53:12: [AMXX]    [0] parachute.sma::parachute_reset (line 104)
L 10/26/2024 - 13:53:12: [AMXX]    [1] parachute.sma::client_connect (line 81)
L 10/26/2024 - 13:53:13: Start of error session.
L 10/26/2024 - 13:53:13: Info (map "zm_dust_world") (file "addons/amxmodx/logs/error_20241026.log")
L 10/26/2024 - 13:53:13: [AMXX] Plugin file open error (plugin "zm_skills.amxx")
L 10/26/2024 - 14:03:18: Start of error session.
L 10/26/2024 - 14:03:18: Info (map "zm_dust_world") (file "addons/amxmodx/logs/error_20241026.log")
L 10/26/2024 - 14:03:18: [CSTRIKE] Model can not be empty
L 10/26/2024 - 14:03:18: [AMXX] Run time error 10 (plugin "zm_skills.amxx") (native "cs_set_user_model") - debug not enabled!
L 10/26/2024 - 14:03:18: [AMXX] To enable debug mode, add "debug" after the plugin name in plugins.ini (without quotes).
L 10/26/2024 - 14:03:21: [CSTRIKE] Model can not be empty
L 10/26/2024 - 14:03:21: [AMXX] Run time error 10 (plugin "zm_skills.amxx") (native "cs_set_user_model") - debug not enabled!
L 10/26/2024 - 14:03:21: [AMXX] To enable debug mode, add "debug" after the plugin name in plugins.ini (without quotes).
L 10/26/2024 - 14:03:23: [CSTRIKE] Model can not be empty
L 10/26/2024 - 14:03:23: [AMXX] Run time error 10 (plugin "zm_skills.amxx") (native "cs_set_user_model") - debug not enabled!
L 10/26/2024 - 14:03:23: [AMXX] To enable debug mode, add "debug" after the plugin name in plugins.ini (without quotes).
L 10/26/2024 - 14:03:49: [CSTRIKE] Model can not be empty
L 10/26/2024 - 14:03:49: [AMXX] Run time error 10 (plugin "zm_skills.amxx") (native "cs_set_user_model") - debug not enabled!
L 10/26/2024 - 14:03:49: [AMXX] To enable debug mode, add "debug" after the plugin name in plugins.ini (without quotes).
L 10/26/2024 - 14:04:13: [CSTRIKE] Model can not be empty
L 10/26/2024 - 14:04:13: [AMXX] Run time error 10 (plugin "zm_skills.amxx") (native "cs_set_user_model") - debug not enabled!
L 10/26/2024 - 14:04:13: [AMXX] To enable debug mode, add "debug" after the plugin name in plugins.ini (without quotes).
L 10/26/2024 - 14:04:47: Start of error session.
L 10/26/2024 - 14:04:47: Info (map "zm_dust_world") (file "addons/amxmodx/logs/error_20241026.log")
L 10/26/2024 - 14:04:47: [CSTRIKE] Model can not be empty
L 10/26/2024 - 14:04:47: [AMXX] Run time error 10 (plugin "zm_skills.amxx") (native "cs_set_user_model") - debug not enabled!
L 10/26/2024 - 14:04:47: [AMXX] To enable debug mode, add "debug" after the plugin name in plugins.ini (without quotes).
L 10/26/2024 - 14:04:54: [CSTRIKE] Model can not be empty
L 10/26/2024 - 14:04:54: [AMXX] Run time error 10 (plugin "zm_skills.amxx") (native "cs_set_user_model") - debug not enabled!
L 10/26/2024 - 14:04:54: [AMXX] To enable debug mode, add "debug" after the plugin name in plugins.ini (without quotes).
L 10/26/2024 - 14:04:55: [CSTRIKE] Model can not be empty
L 10/26/2024 - 14:04:55: [AMXX] Run time error 10 (plugin "zm_skills.amxx") (native "cs_set_user_model") - debug not enabled!
L 10/26/2024 - 14:04:55: [AMXX] To enable debug mode, add "debug" after the plugin name in plugins.ini (without quotes).
L 10/26/2024 - 14:04:56: [CSTRIKE] Model can not be empty
L 10/26/2024 - 14:04:56: [AMXX] Run time error 10 (plugin "zm_skills.amxx") (native "cs_set_user_model") - debug not enabled!
L 10/26/2024 - 14:04:56: [AMXX] To enable debug mode, add "debug" after the plugin name in plugins.ini (without quotes).
L 10/26/2024 - 14:04:56: [CSTRIKE] Model can not be empty
L 10/26/2024 - 14:04:56: [AMXX] Run time error 10 (plugin "zm_skills.amxx") (native "cs_set_user_model") - debug not enabled!
L 10/26/2024 - 14:04:56: [AMXX] To enable debug mode, add "debug" after the plugin name in plugins.ini (without quotes).
L 10/26/2024 - 14:04:57: [CSTRIKE] Model can not be empty
L 10/26/2024 - 14:04:57: [AMXX] Run time error 10 (plugin "zm_skills.amxx") (native "cs_set_user_model") - debug not enabled!
L 10/26/2024 - 14:04:57: [AMXX] To enable debug mode, add "debug" after the plugin name in plugins.ini (without quotes).
L 10/26/2024 - 14:04:57: [CSTRIKE] Model can not be empty
L 10/26/2024 - 14:04:57: [AMXX] Run time error 10 (plugin "zm_skills.amxx") (native "cs_set_user_model") - debug not enabled!
L 10/26/2024 - 14:04:57: [AMXX] To enable debug mode, add "debug" after the plugin name in plugins.ini (without quotes).
L 10/26/2024 - 14:04:58: [CSTRIKE] Model can not be empty
L 10/26/2024 - 14:04:58: [AMXX] Run time error 10 (plugin "zm_skills.amxx") (native "cs_set_user_model") - debug not enabled!
L 10/26/2024 - 14:04:58: [AMXX] To enable debug mode, add "debug" after the plugin name in plugins.ini (without quotes).
L 10/26/2024 - 14:04:58: [CSTRIKE] Model can not be empty
L 10/26/2024 - 14:04:58: [AMXX] Run time error 10 (plugin "zm_skills.amxx") (native "cs_set_user_model") - debug not enabled!
L 10/26/2024 - 14:04:58: [AMXX] To enable debug mode, add "debug" after the plugin name in plugins.ini (without quotes).
L 10/26/2024 - 14:04:58: [CSTRIKE] Model can not be empty
L 10/26/2024 - 14:04:58: [AMXX] Run time error 10 (plugin "zm_skills.amxx") (native "cs_set_user_model") - debug not enabled!
L 10/26/2024 - 14:04:58: [AMXX] To enable debug mode, add "debug" after the plugin name in plugins.ini (without quotes).
L 10/26/2024 - 14:06:54: Start of error session.
L 10/26/2024 - 14:06:54: Info (map "zm_dust_world") (file "addons/amxmodx/logs/error_20241026.log")
L 10/26/2024 - 14:06:54: [ReAPI] RegisterHookChain: function (CBasePlayer_DropPlayerItem) is not available, ReGameDLL required.
L 10/26/2024 - 14:06:54: [AMXX] Run time error 10 (plugin "zm_skills.amxx") (native "RegisterHookChain") - debug not enabled!
L 10/26/2024 - 14:06:54: [AMXX] To enable debug mode, add "debug" after the plugin name in plugins.ini (without quotes).
L 10/26/2024 - 14:13:43: Start of error session.
L 10/26/2024 - 14:13:43: Info (map "zm_dust_world") (file "addons/amxmodx/logs/error_20241026.log")
L 10/26/2024 - 14:13:43: [CSTRIKE] Model can not be empty
L 10/26/2024 - 14:13:43: [AMXX] Run time error 10 (plugin "zm_skills.amxx") (native "cs_set_user_model") - debug not enabled!
L 10/26/2024 - 14:13:43: [AMXX] To enable debug mode, add "debug" after the plugin name in plugins.ini (without quotes).
L 10/26/2024 - 14:13:43: [CSTRIKE] Model can not be empty
L 10/26/2024 - 14:13:43: [AMXX] Run time error 10 (plugin "zm_skills.amxx") (native "cs_set_user_model") - debug not enabled!
L 10/26/2024 - 14:13:43: [AMXX] To enable debug mode, add "debug" after the plugin name in plugins.ini (without quotes).
L 10/26/2024 - 14:13:44: [CSTRIKE] Model can not be empty
L 10/26/2024 - 14:13:44: [AMXX] Run time error 10 (plugin "zm_skills.amxx") (native "cs_set_user_model") - debug not enabled!
L 10/26/2024 - 14:13:44: [AMXX] To enable debug mode, add "debug" after the plugin name in plugins.ini (without quotes).
L 10/26/2024 - 14:13:44: [CSTRIKE] Model can not be empty
L 10/26/2024 - 14:13:44: [AMXX] Run time error 10 (plugin "zm_skills.amxx") (native "cs_set_user_model") - debug not enabled!
L 10/26/2024 - 14:13:44: [AMXX] To enable debug mode, add "debug" after the plugin name in plugins.ini (without quotes).
L 10/26/2024 - 14:13:44: [CSTRIKE] Model can not be empty
L 10/26/2024 - 14:13:44: [AMXX] Run time error 10 (plugin "zm_skills.amxx") (native "cs_set_user_model") - debug not enabled!
L 10/26/2024 - 14:13:44: [AMXX] To enable debug mode, add "debug" after the plugin name in plugins.ini (without quotes).
L 10/26/2024 - 14:13:44: [CSTRIKE] Model can not be empty
L 10/26/2024 - 14:13:44: [AMXX] Run time error 10 (plugin "zm_skills.amxx") (native "cs_set_user_model") - debug not enabled!
L 10/26/2024 - 14:13:44: [AMXX] To enable debug mode, add "debug" after the plugin name in plugins.ini (without quotes).
L 10/26/2024 - 14:29:22: [CSTRIKE] Model can not be empty
L 10/26/2024 - 14:29:22: [AMXX] Run time error 10 (plugin "zm_skills.amxx") (native "cs_set_user_model") - debug not enabled!
L 10/26/2024 - 14:29:22: [AMXX] To enable debug mode, add "debug" after the plugin name in plugins.ini (without quotes).
L 10/26/2024 - 18:13:25: Start of error session.
L 10/26/2024 - 18:13:25: Info (map "zm_3rooms") (file "addons/amxmodx/logs/error_20241026.log")
L 10/26/2024 - 18:13:25: [CSTRIKE] Invalid player 1 (not in-game)
L 10/26/2024 - 18:13:25: [AMXX] Displaying debug trace (plugin "K_lib_ZP.amxx", version "1.0")
L 10/26/2024 - 18:13:25: [AMXX] Run time error 10: native error (native "cs_set_user_team")
L 10/26/2024 - 18:13:25: [AMXX]    [0] K_lib_ZP.sma::native_make_zombie (line 135)
L 10/26/2024 - 18:13:25: Unhandled dynamic native error
L 10/26/2024 - 18:13:25: [AMXX] Displaying debug trace (plugin "K_M_ZP.amxx", version "1.0")
L 10/26/2024 - 18:13:25: [AMXX] Run time error 10: native error (native "make_zombie")
L 10/26/2024 - 18:13:25: [AMXX]    [0] K_M_ZP.sma::func_menu_list_players (line 162)
L 10/26/2024 - 18:24:48: Start of error session.
L 10/26/2024 - 18:24:48: Info (map "zm_fdust2x2") (file "addons/amxmodx/logs/error_20241026.log")
L 10/26/2024 - 18:24:48: [FUN] Invalid player 1
L 10/26/2024 - 18:24:48: [AMXX] Displaying debug trace (plugin "parachute.amxx", version "1.3")
L 10/26/2024 - 18:24:48: [AMXX] Run time error 10: native error (native "set_user_gravity")
L 10/26/2024 - 18:24:48: [AMXX]    [0] parachute.sma::parachute_reset (line 104)
L 10/26/2024 - 18:24:48: [AMXX]    [1] parachute.sma::client_connect (line 81)
L 10/26/2024 - 18:34:17: Start of error session.
L 10/26/2024 - 18:34:17: Info (map "zm_fdust2x2") (file "addons/amxmodx/logs/error_20241026.log")
L 10/26/2024 - 18:34:17: [CSTRIKE] Model can not be empty
L 10/26/2024 - 18:34:17: [AMXX] Run time error 10 (plugin "zm_skill_inv.amxx") (native "cs_set_user_model") - debug not enabled!
L 10/26/2024 - 18:34:17: [AMXX] To enable debug mode, add "debug" after the plugin name in plugins.ini (without quotes).
L 10/26/2024 - 18:34:17: Unhandled dynamic native error
L 10/26/2024 - 18:34:17: [AMXX] Run time error 10 (plugin "zm_skills.amxx") (native "use_zm_skill_invis") - debug not enabled!
L 10/26/2024 - 18:34:17: [AMXX] To enable debug mode, add "debug" after the plugin name in plugins.ini (without quotes).
L 10/26/2024 - 18:34:22: [CSTRIKE] Model can not be empty
L 10/26/2024 - 18:34:22: [AMXX] Run time error 10 (plugin "zm_skill_inv.amxx") (native "cs_set_user_model") - debug not enabled!
L 10/26/2024 - 18:34:22: [AMXX] To enable debug mode, add "debug" after the plugin name in plugins.ini (without quotes).
L 10/26/2024 - 18:34:22: Unhandled dynamic native error
L 10/26/2024 - 18:34:22: [AMXX] Run time error 10 (plugin "zm_skills.amxx") (native "use_zm_skill_invis") - debug not enabled!
L 10/26/2024 - 18:34:22: [AMXX] To enable debug mode, add "debug" after the plugin name in plugins.ini (without quotes).
L 10/26/2024 - 18:34:22: [CSTRIKE] Model can not be empty
L 10/26/2024 - 18:34:22: [AMXX] Run time error 10 (plugin "zm_skill_inv.amxx") (native "cs_set_user_model") - debug not enabled!
L 10/26/2024 - 18:34:22: [AMXX] To enable debug mode, add "debug" after the plugin name in plugins.ini (without quotes).
L 10/26/2024 - 18:34:22: Unhandled dynamic native error
L 10/26/2024 - 18:34:22: [AMXX] Run time error 10 (plugin "zm_skills.amxx") (native "use_zm_skill_invis") - debug not enabled!
L 10/26/2024 - 18:34:22: [AMXX] To enable debug mode, add "debug" after the plugin name in plugins.ini (without quotes).
L 10/26/2024 - 18:34:22: [CSTRIKE] Model can not be empty
L 10/26/2024 - 18:34:22: [AMXX] Run time error 10 (plugin "zm_skill_inv.amxx") (native "cs_set_user_model") - debug not enabled!
L 10/26/2024 - 18:34:22: [AMXX] To enable debug mode, add "debug" after the plugin name in plugins.ini (without quotes).
L 10/26/2024 - 18:34:22: Unhandled dynamic native error
L 10/26/2024 - 18:34:22: [AMXX] Run time error 10 (plugin "zm_skills.amxx") (native "use_zm_skill_invis") - debug not enabled!
L 10/26/2024 - 18:34:22: [AMXX] To enable debug mode, add "debug" after the plugin name in plugins.ini (without quotes).
L 10/26/2024 - 18:34:23: [CSTRIKE] Model can not be empty
L 10/26/2024 - 18:34:23: [AMXX] Run time error 10 (plugin "zm_skill_inv.amxx") (native "cs_set_user_model") - debug not enabled!
L 10/26/2024 - 18:34:23: [AMXX] To enable debug mode, add "debug" after the plugin name in plugins.ini (without quotes).
L 10/26/2024 - 18:34:23: Unhandled dynamic native error
L 10/26/2024 - 18:34:23: [AMXX] Run time error 10 (plugin "zm_skills.amxx") (native "use_zm_skill_invis") - debug not enabled!
L 10/26/2024 - 18:34:23: [AMXX] To enable debug mode, add "debug" after the plugin name in plugins.ini (without quotes).
L 10/26/2024 - 18:34:23: [CSTRIKE] Model can not be empty
L 10/26/2024 - 18:34:23: [AMXX] Run time error 10 (plugin "zm_skill_inv.amxx") (native "cs_set_user_model") - debug not enabled!
L 10/26/2024 - 18:34:23: [AMXX] To enable debug mode, add "debug" after the plugin name in plugins.ini (without quotes).
L 10/26/2024 - 18:34:23: Unhandled dynamic native error
L 10/26/2024 - 18:34:23: [AMXX] Run time error 10 (plugin "zm_skills.amxx") (native "use_zm_skill_invis") - debug not enabled!
L 10/26/2024 - 18:34:23: [AMXX] To enable debug mode, add "debug" after the plugin name in plugins.ini (without quotes).
L 10/26/2024 - 18:34:56: Start of error session.
L 10/26/2024 - 18:34:56: Info (map "zm_fdust2x2") (file "addons/amxmodx/logs/error_20241026.log")
L 10/26/2024 - 18:34:56: [CSTRIKE] Model can not be empty
L 10/26/2024 - 18:34:56: [AMXX] Run time error 10 (plugin "zm_skill_inv.amxx") (native "cs_set_user_model") - debug not enabled!
L 10/26/2024 - 18:34:56: [AMXX] To enable debug mode, add "debug" after the plugin name in plugins.ini (without quotes).
L 10/26/2024 - 18:34:56: Unhandled dynamic native error
L 10/26/2024 - 18:34:56: [AMXX] Run time error 10 (plugin "zm_skills.amxx") (native "use_zm_skill_invis") - debug not enabled!
L 10/26/2024 - 18:34:56: [AMXX] To enable debug mode, add "debug" after the plugin name in plugins.ini (without quotes).
L 10/26/2024 - 18:34:57: [CSTRIKE] Model can not be empty
L 10/26/2024 - 18:34:57: [AMXX] Run time error 10 (plugin "zm_skill_inv.amxx") (native "cs_set_user_model") - debug not enabled!
L 10/26/2024 - 18:34:57: [AMXX] To enable debug mode, add "debug" after the plugin name in plugins.ini (without quotes).
L 10/26/2024 - 18:34:57: Unhandled dynamic native error
L 10/26/2024 - 18:34:57: [AMXX] Run time error 10 (plugin "zm_skills.amxx") (native "use_zm_skill_invis") - debug not enabled!
L 10/26/2024 - 18:34:57: [AMXX] To enable debug mode, add "debug" after the plugin name in plugins.ini (without quotes).
L 10/26/2024 - 18:35:33: Start of error session.
L 10/26/2024 - 18:35:33: Info (map "zm_fdust2x2") (file "addons/amxmodx/logs/error_20241026.log")
L 10/26/2024 - 18:35:33: [CSTRIKE] Model can not be empty
L 10/26/2024 - 18:35:33: [AMXX] Displaying debug trace (plugin "zm_skill_inv.amxx", version "1.0")
L 10/26/2024 - 18:35:33: [AMXX] Run time error 10: native error (native "cs_set_user_model")
L 10/26/2024 - 18:35:33: [AMXX]    [0] zm_skill_inv.sma::native_use_zm_skill_invis (line 32)
L 10/26/2024 - 18:35:33: Unhandled dynamic native error
L 10/26/2024 - 18:35:33: [AMXX] Displaying debug trace (plugin "zm_skills.amxx", version "1.0")
L 10/26/2024 - 18:35:33: [AMXX] Run time error 10: native error (native "use_zm_skill_invis")
L 10/26/2024 - 18:35:33: [AMXX]    [0] zm_skills.sma::use_zm_skill (line 44)
L 10/26/2024 - 18:35:33: [CSTRIKE] Model can not be empty
L 10/26/2024 - 18:35:33: [AMXX] Displaying debug trace (plugin "zm_skill_inv.amxx", version "1.0")
L 10/26/2024 - 18:35:33: [AMXX] Run time error 10: native error (native "cs_set_user_model")
L 10/26/2024 - 18:35:33: [AMXX]    [0] zm_skill_inv.sma::native_use_zm_skill_invis (line 32)
L 10/26/2024 - 18:35:33: Unhandled dynamic native error
L 10/26/2024 - 18:35:33: [AMXX] Displaying debug trace (plugin "zm_skills.amxx", version "1.0")
L 10/26/2024 - 18:35:33: [AMXX] Run time error 10: native error (native "use_zm_skill_invis")
L 10/26/2024 - 18:35:33: [AMXX]    [0] zm_skills.sma::use_zm_skill (line 44)
L 10/26/2024 - 18:37:35: Start of error session.
L 10/26/2024 - 18:37:35: Info (map "zm_fdust2x2") (file "addons/amxmodx/logs/error_20241026.log")
L 10/26/2024 - 18:37:35: [CSTRIKE] Model can not be empty
L 10/26/2024 - 18:37:35: [AMXX] Displaying debug trace (plugin "zm_skill_inv.amxx", version "1.0")
L 10/26/2024 - 18:37:35: [AMXX] Run time error 10: native error (native "cs_set_user_model")
L 10/26/2024 - 18:37:35: [AMXX]    [0] zm_skill_inv.sma::native_use_zm_skill_invis (line 32)
L 10/26/2024 - 18:37:35: Unhandled dynamic native error
L 10/26/2024 - 18:37:35: [AMXX] Displaying debug trace (plugin "zm_skills.amxx", version "1.0")
L 10/26/2024 - 18:37:35: [AMXX] Run time error 10: native error (native "use_zm_skill_invis")
L 10/26/2024 - 18:37:35: [AMXX]    [0] zm_skills.sma::use_zm_skill (line 44)
L 10/26/2024 - 18:37:42: [CSTRIKE] Model can not be empty
L 10/26/2024 - 18:37:42: [AMXX] Displaying debug trace (plugin "zm_skill_inv.amxx", version "1.0")
L 10/26/2024 - 18:37:42: [AMXX] Run time error 10: native error (native "cs_set_user_model")
L 10/26/2024 - 18:37:42: [AMXX]    [0] zm_skill_inv.sma::native_use_zm_skill_invis (line 32)
L 10/26/2024 - 18:37:42: Unhandled dynamic native error
L 10/26/2024 - 18:37:42: [AMXX] Displaying debug trace (plugin "zm_skills.amxx", version "1.0")
L 10/26/2024 - 18:37:42: [AMXX] Run time error 10: native error (native "use_zm_skill_invis")
L 10/26/2024 - 18:37:42: [AMXX]    [0] zm_skills.sma::use_zm_skill (line 44)
L 10/26/2024 - 18:37:42: [CSTRIKE] Model can not be empty
L 10/26/2024 - 18:37:42: [AMXX] Displaying debug trace (plugin "zm_skill_inv.amxx", version "1.0")
L 10/26/2024 - 18:37:42: [AMXX] Run time error 10: native error (native "cs_set_user_model")
L 10/26/2024 - 18:37:42: [AMXX]    [0] zm_skill_inv.sma::native_use_zm_skill_invis (line 32)
L 10/26/2024 - 18:37:42: Unhandled dynamic native error
L 10/26/2024 - 18:37:42: [AMXX] Displaying debug trace (plugin "zm_skills.amxx", version "1.0")
L 10/26/2024 - 18:37:42: [AMXX] Run time error 10: native error (native "use_zm_skill_invis")
L 10/26/2024 - 18:37:42: [AMXX]    [0] zm_skills.sma::use_zm_skill (line 44)
L 10/26/2024 - 18:37:42: [CSTRIKE] Model can not be empty
L 10/26/2024 - 18:37:42: [AMXX] Displaying debug trace (plugin "zm_skill_inv.amxx", version "1.0")
L 10/26/2024 - 18:37:42: [AMXX] Run time error 10: native error (native "cs_set_user_model")
L 10/26/2024 - 18:37:42: [AMXX]    [0] zm_skill_inv.sma::native_use_zm_skill_invis (line 32)
L 10/26/2024 - 18:37:42: Unhandled dynamic native error
L 10/26/2024 - 18:37:42: [AMXX] Displaying debug trace (plugin "zm_skills.amxx", version "1.0")
L 10/26/2024 - 18:37:42: [AMXX] Run time error 10: native error (native "use_zm_skill_invis")
L 10/26/2024 - 18:37:42: [AMXX]    [0] zm_skills.sma::use_zm_skill (line 44)
L 10/26/2024 - 18:37:43: [CSTRIKE] Model can not be empty
L 10/26/2024 - 18:37:43: [AMXX] Displaying debug trace (plugin "zm_skill_inv.amxx", version "1.0")
L 10/26/2024 - 18:37:43: [AMXX] Run time error 10: native error (native "cs_set_user_model")
L 10/26/2024 - 18:37:43: [AMXX]    [0] zm_skill_inv.sma::native_use_zm_skill_invis (line 32)
L 10/26/2024 - 18:37:43: Unhandled dynamic native error
L 10/26/2024 - 18:37:43: [AMXX] Displaying debug trace (plugin "zm_skills.amxx", version "1.0")
L 10/26/2024 - 18:37:43: [AMXX] Run time error 10: native error (native "use_zm_skill_invis")
L 10/26/2024 - 18:37:43: [AMXX]    [0] zm_skills.sma::use_zm_skill (line 44)
L 10/26/2024 - 18:37:43: [CSTRIKE] Model can not be empty
L 10/26/2024 - 18:37:43: [AMXX] Displaying debug trace (plugin "zm_skill_inv.amxx", version "1.0")
L 10/26/2024 - 18:37:43: [AMXX] Run time error 10: native error (native "cs_set_user_model")
L 10/26/2024 - 18:37:43: [AMXX]    [0] zm_skill_inv.sma::native_use_zm_skill_invis (line 32)
L 10/26/2024 - 18:37:43: Unhandled dynamic native error
L 10/26/2024 - 18:37:43: [AMXX] Displaying debug trace (plugin "zm_skills.amxx", version "1.0")
L 10/26/2024 - 18:37:43: [AMXX] Run time error 10: native error (native "use_zm_skill_invis")
L 10/26/2024 - 18:37:43: [AMXX]    [0] zm_skills.sma::use_zm_skill (line 44)
L 10/26/2024 - 18:37:48: [CSTRIKE] Model can not be empty
L 10/26/2024 - 18:37:48: [AMXX] Displaying debug trace (plugin "zm_skill_inv.amxx", version "1.0")
L 10/26/2024 - 18:37:48: [AMXX] Run time error 10: native error (native "cs_set_user_model")
L 10/26/2024 - 18:37:48: [AMXX]    [0] zm_skill_inv.sma::native_use_zm_skill_invis (line 32)
L 10/26/2024 - 18:37:48: Unhandled dynamic native error
L 10/26/2024 - 18:37:48: [AMXX] Displaying debug trace (plugin "zm_skills.amxx", version "1.0")
L 10/26/2024 - 18:37:48: [AMXX] Run time error 10: native error (native "use_zm_skill_invis")
L 10/26/2024 - 18:37:48: [AMXX]    [0] zm_skills.sma::use_zm_skill (line 44)
L 10/26/2024 - 18:37:48: [CSTRIKE] Model can not be empty
L 10/26/2024 - 18:37:48: [AMXX] Displaying debug trace (plugin "zm_skill_inv.amxx", version "1.0")
L 10/26/2024 - 18:37:48: [AMXX] Run time error 10: native error (native "cs_set_user_model")
L 10/26/2024 - 18:37:48: [AMXX]    [0] zm_skill_inv.sma::native_use_zm_skill_invis (line 32)
L 10/26/2024 - 18:37:48: Unhandled dynamic native error
L 10/26/2024 - 18:37:48: [AMXX] Displaying debug trace (plugin "zm_skills.amxx", version "1.0")
L 10/26/2024 - 18:37:48: [AMXX] Run time error 10: native error (native "use_zm_skill_invis")
L 10/26/2024 - 18:37:48: [AMXX]    [0] zm_skills.sma::use_zm_skill (line 44)
L 10/26/2024 - 18:38:38: Start of error session.
L 10/26/2024 - 18:38:38: Info (map "zm_fdust2x2") (file "addons/amxmodx/logs/error_20241026.log")
L 10/26/2024 - 18:38:38: [CSTRIKE] Model can not be empty
L 10/26/2024 - 18:38:38: [AMXX] Displaying debug trace (plugin "zm_skill_inv.amxx", version "1.0")
L 10/26/2024 - 18:38:38: [AMXX] Run time error 10: native error (native "cs_set_user_model")
L 10/26/2024 - 18:38:38: [AMXX]    [0] zm_skill_inv.sma::native_use_zm_skill_invis (line 32)
L 10/26/2024 - 18:38:38: Unhandled dynamic native error
L 10/26/2024 - 18:38:38: [AMXX] Displaying debug trace (plugin "zm_skills.amxx", version "1.0")
L 10/26/2024 - 18:38:38: [AMXX] Run time error 10: native error (native "use_zm_skill_invis")
L 10/26/2024 - 18:38:38: [AMXX]    [0] zm_skills.sma::use_zm_skill (line 44)
L 10/26/2024 - 18:40:33: Start of error session.
L 10/26/2024 - 18:40:33: Info (map "zm_fdust2x2") (file "addons/amxmodx/logs/error_20241026.log")
L 10/26/2024 - 18:40:33: [CSTRIKE] Model can not be empty
L 10/26/2024 - 18:40:33: [AMXX] Displaying debug trace (plugin "zm_skill_inv.amxx", version "1.0")
L 10/26/2024 - 18:40:33: [AMXX] Run time error 10: native error (native "cs_set_user_model")
L 10/26/2024 - 18:40:33: [AMXX]    [0] zm_skill_inv.sma::native_use_zm_skill_invis (line 32)
L 10/26/2024 - 18:40:33: Unhandled dynamic native error
L 10/26/2024 - 18:40:33: [AMXX] Displaying debug trace (plugin "zm_skills.amxx", version "1.0")
L 10/26/2024 - 18:40:33: [AMXX] Run time error 10: native error (native "use_zm_skill_invis")
L 10/26/2024 - 18:40:33: [AMXX]    [0] zm_skills.sma::use_zm_skill (line 44)
L 10/26/2024 - 18:40:34: [CSTRIKE] Model can not be empty
L 10/26/2024 - 18:40:34: [AMXX] Displaying debug trace (plugin "zm_skill_inv.amxx", version "1.0")
L 10/26/2024 - 18:40:34: [AMXX] Run time error 10: native error (native "cs_set_user_model")
L 10/26/2024 - 18:40:34: [AMXX]    [0] zm_skill_inv.sma::native_use_zm_skill_invis (line 32)
L 10/26/2024 - 18:40:34: Unhandled dynamic native error
L 10/26/2024 - 18:40:34: [AMXX] Displaying debug trace (plugin "zm_skills.amxx", version "1.0")
L 10/26/2024 - 18:40:34: [AMXX] Run time error 10: native error (native "use_zm_skill_invis")
L 10/26/2024 - 18:40:34: [AMXX]    [0] zm_skills.sma::use_zm_skill (line 44)
L 10/26/2024 - 18:40:34: [CSTRIKE] Model can not be empty
L 10/26/2024 - 18:40:34: [AMXX] Displaying debug trace (plugin "zm_skill_inv.amxx", version "1.0")
L 10/26/2024 - 18:40:34: [AMXX] Run time error 10: native error (native "cs_set_user_model")
L 10/26/2024 - 18:40:34: [AMXX]    [0] zm_skill_inv.sma::native_use_zm_skill_invis (line 32)
L 10/26/2024 - 18:40:34: Unhandled dynamic native error
L 10/26/2024 - 18:40:34: [AMXX] Displaying debug trace (plugin "zm_skills.amxx", version "1.0")
L 10/26/2024 - 18:40:34: [AMXX] Run time error 10: native error (native "use_zm_skill_invis")
L 10/26/2024 - 18:40:34: [AMXX]    [0] zm_skills.sma::use_zm_skill (line 44)
L 10/26/2024 - 18:40:34: [CSTRIKE] Model can not be empty
L 10/26/2024 - 18:40:34: [AMXX] Displaying debug trace (plugin "zm_skill_inv.amxx", version "1.0")
L 10/26/2024 - 18:40:34: [AMXX] Run time error 10: native error (native "cs_set_user_model")
L 10/26/2024 - 18:40:34: [AMXX]    [0] zm_skill_inv.sma::native_use_zm_skill_invis (line 32)
L 10/26/2024 - 18:40:34: Unhandled dynamic native error
L 10/26/2024 - 18:40:34: [AMXX] Displaying debug trace (plugin "zm_skills.amxx", version "1.0")
L 10/26/2024 - 18:40:34: [AMXX] Run time error 10: native error (native "use_zm_skill_invis")
L 10/26/2024 - 18:40:34: [AMXX]    [0] zm_skills.sma::use_zm_skill (line 44)
L 10/26/2024 - 18:40:34: [CSTRIKE] Model can not be empty
L 10/26/2024 - 18:40:34: [AMXX] Displaying debug trace (plugin "zm_skill_inv.amxx", version "1.0")
L 10/26/2024 - 18:40:34: [AMXX] Run time error 10: native error (native "cs_set_user_model")
L 10/26/2024 - 18:40:34: [AMXX]    [0] zm_skill_inv.sma::native_use_zm_skill_invis (line 32)
L 10/26/2024 - 18:40:34: Unhandled dynamic native error
L 10/26/2024 - 18:40:34: [AMXX] Displaying debug trace (plugin "zm_skills.amxx", version "1.0")
L 10/26/2024 - 18:40:34: [AMXX] Run time error 10: native error (native "use_zm_skill_invis")
L 10/26/2024 - 18:40:34: [AMXX]    [0] zm_skills.sma::use_zm_skill (line 44)
L 10/26/2024 - 19:38:45: Start of error session.
L 10/26/2024 - 19:38:45: Info (map "zm_fdust2x2") (file "addons/amxmodx/logs/error_20241026.log")
L 10/26/2024 - 19:38:45: [FUN] Invalid player 1
L 10/26/2024 - 19:38:45: [AMXX] Displaying debug trace (plugin "parachute.amxx", version "1.3")
L 10/26/2024 - 19:38:45: [AMXX] Run time error 10: native error (native "set_user_gravity")
L 10/26/2024 - 19:38:45: [AMXX]    [0] parachute.sma::parachute_reset (line 104)
L 10/26/2024 - 19:38:45: [AMXX]    [1] parachute.sma::client_connect (line 81)
