L 12/29/2024 - 19:57:18: Start of error session.
L 12/29/2024 - 19:57:18: Info (map "zm_ngamers_lights_f") (file "addons/amxmodx/logs/error_20241229.log")
L 12/29/2024 - 19:57:18: [HAMSANDWICH] Failed to retrieve classtype for "", hook for "f_HamWeaponReload" not active.
L 12/29/2024 - 19:57:18: [AMXX] Displaying debug trace (plugin "K_ZP_main.amxx", version "1.0")
L 12/29/2024 - 19:57:18: [AMXX] Run time error 10: native error (native "RegisterHam")
L 12/29/2024 - 19:57:18: [AMXX]    [0] Krol_basic.inc::get_weapon_guns_name_by_id (line 506)
L 12/29/2024 - 19:57:18: [AMXX]    [1] K_ZP_main.sma::plugin_init (line 33)
L 12/29/2024 - 19:57:41: Invalid player id 0
L 12/29/2024 - 19:57:41: [AMXX] Displaying debug trace (plugin "K_lib_ZP.amxx", version "1.0")
L 12/29/2024 - 19:57:41: [AMXX] Run time error 10: native error (native "get_user_weapons")
L 12/29/2024 - 19:57:41: [AMXX]    [0] Krol_basic.inc::drop_weapons (line 405)
L 12/29/2024 - 19:57:41: [AMXX]    [1] K_lib_ZP.sma::native_make_survivor (line 224)
L 12/29/2024 - 19:57:41: [AMXX]    [2] K_lib_ZP.sma::native_start_mode (line 149)
L 12/29/2024 - 19:57:41: Unhandled dynamic native error
L 12/29/2024 - 19:57:41: [AMXX] Displaying debug trace (plugin "K_ZP_main.amxx", version "1.0")
L 12/29/2024 - 19:57:41: [AMXX] Run time error 10: native error (native "start_mode")
L 12/29/2024 - 19:57:41: [AMXX]    [0] K_ZP_main.sma::task_start_mode (line 118)
L 12/29/2024 - 20:10:26: Invalid player id 0
L 12/29/2024 - 20:10:26: [AMXX] Displaying debug trace (plugin "K_lib_ZP.amxx", version "1.0")
L 12/29/2024 - 20:10:26: [AMXX] Run time error 10: native error (native "get_user_weapons")
L 12/29/2024 - 20:10:26: [AMXX]    [0] Krol_basic.inc::drop_weapons (line 405)
L 12/29/2024 - 20:10:26: [AMXX]    [1] K_lib_ZP.sma::native_make_survivor (line 224)
L 12/29/2024 - 20:10:26: [AMXX]    [2] K_lib_ZP.sma::native_start_mode (line 149)
L 12/29/2024 - 20:10:26: Unhandled dynamic native error
L 12/29/2024 - 20:10:26: [AMXX] Displaying debug trace (plugin "K_ZP_main.amxx", version "1.0")
L 12/29/2024 - 20:10:26: [AMXX] Run time error 10: native error (native "start_mode")
L 12/29/2024 - 20:10:26: [AMXX]    [0] K_ZP_main.sma::task_start_mode (line 118)
L 12/29/2024 - 20:17:28: Start of error session.
L 12/29/2024 - 20:17:28: Info (map "zm_3rooms") (file "addons/amxmodx/logs/error_20241229.log")
L 12/29/2024 - 20:17:28: [HAMSANDWICH] Failed to retrieve classtype for "", hook for "f_HamWeaponReload" not active.
L 12/29/2024 - 20:17:28: [AMXX] Displaying debug trace (plugin "K_ZP_main.amxx", version "1.0")
L 12/29/2024 - 20:17:28: [AMXX] Run time error 10: native error (native "RegisterHam")
L 12/29/2024 - 20:17:28: [AMXX]    [0] Krol_basic.inc::get_weapon_guns_name_by_id (line 506)
L 12/29/2024 - 20:17:28: [AMXX]    [1] K_ZP_main.sma::plugin_init (line 33)
L 12/29/2024 - 20:28:34: Start of error session.
L 12/29/2024 - 20:28:34: Info (map "zm_3rooms") (file "addons/amxmodx/logs/error_20241229.log")
L 12/29/2024 - 20:28:34: [HAMSANDWICH] Failed to retrieve classtype for "", hook for "f_HamWeaponReload" not active.
L 12/29/2024 - 20:28:34: [AMXX] Displaying debug trace (plugin "K_ZP_main.amxx", version "1.0")
L 12/29/2024 - 20:28:34: [AMXX] Run time error 10: native error (native "RegisterHam")
L 12/29/2024 - 20:28:34: [AMXX]    [0] Krol_basic.inc::get_weapon_guns_name_by_id (line 506)
L 12/29/2024 - 20:28:34: [AMXX]    [1] K_ZP_main.sma::plugin_init (line 33)
L 12/29/2024 - 20:30:14: Start of error session.
L 12/29/2024 - 20:30:14: Info (map "zm_fdust2x2") (file "addons/amxmodx/logs/error_20241229.log")
L 12/29/2024 - 20:30:14: [HAMSANDWICH] Failed to retrieve classtype for "", hook for "f_HamWeaponReload" not active.
L 12/29/2024 - 20:30:14: [AMXX] Displaying debug trace (plugin "K_ZP_main.amxx", version "1.0")
L 12/29/2024 - 20:30:14: [AMXX] Run time error 10: native error (native "RegisterHam")
L 12/29/2024 - 20:30:14: [AMXX]    [0] Krol_basic.inc::get_weapon_guns_name_by_id (line 506)
L 12/29/2024 - 20:30:14: [AMXX]    [1] K_ZP_main.sma::plugin_init (line 33)
L 12/29/2024 - 20:30:19: [CSTRIKE] Invalid player 2 (no private data)
L 12/29/2024 - 20:30:19: [AMXX] Displaying debug trace (plugin "K_M_models.amxx", version "1.0")
L 12/29/2024 - 20:30:19: [AMXX] Run time error 10: native error (native "cs_set_user_model")
L 12/29/2024 - 20:30:19: [AMXX]    [0] K_M_models.sma::native_return_ham_skin (line 59)
L 12/29/2024 - 20:30:19: [AMXX]    [1] K_M_models.sma::client_putinserver (line 113)
L 12/29/2024 - 20:30:19: [CSTRIKE] Invalid player 3 (no private data)
L 12/29/2024 - 20:30:19: [AMXX] Displaying debug trace (plugin "K_M_models.amxx", version "1.0")
L 12/29/2024 - 20:30:19: [AMXX] Run time error 10: native error (native "cs_set_user_model")
L 12/29/2024 - 20:30:19: [AMXX]    [0] K_M_models.sma::native_return_ham_skin (line 59)
L 12/29/2024 - 20:30:19: [AMXX]    [1] K_M_models.sma::client_putinserver (line 113)
L 12/29/2024 - 20:30:20: [CSTRIKE] Invalid player 4 (no private data)
L 12/29/2024 - 20:30:20: [AMXX] Displaying debug trace (plugin "K_M_models.amxx", version "1.0")
L 12/29/2024 - 20:30:20: [AMXX] Run time error 10: native error (native "cs_set_user_model")
L 12/29/2024 - 20:30:20: [AMXX]    [0] K_M_models.sma::native_return_ham_skin (line 59)
L 12/29/2024 - 20:30:20: [AMXX]    [1] K_M_models.sma::client_putinserver (line 113)
L 12/29/2024 - 20:30:20: [CSTRIKE] Invalid player 5 (no private data)
L 12/29/2024 - 20:30:20: [AMXX] Displaying debug trace (plugin "K_M_models.amxx", version "1.0")
L 12/29/2024 - 20:30:20: [AMXX] Run time error 10: native error (native "cs_set_user_model")
L 12/29/2024 - 20:30:20: [AMXX]    [0] K_M_models.sma::native_return_ham_skin (line 59)
L 12/29/2024 - 20:30:20: [AMXX]    [1] K_M_models.sma::client_putinserver (line 113)
L 12/29/2024 - 20:30:21: [CSTRIKE] Invalid player 6 (no private data)
L 12/29/2024 - 20:30:21: [AMXX] Displaying debug trace (plugin "K_M_models.amxx", version "1.0")
L 12/29/2024 - 20:30:21: [AMXX] Run time error 10: native error (native "cs_set_user_model")
L 12/29/2024 - 20:30:21: [AMXX]    [0] K_M_models.sma::native_return_ham_skin (line 59)
L 12/29/2024 - 20:30:21: [AMXX]    [1] K_M_models.sma::client_putinserver (line 113)
L 12/29/2024 - 20:30:21: [CSTRIKE] Invalid player 7 (no private data)
L 12/29/2024 - 20:30:21: [AMXX] Displaying debug trace (plugin "K_M_models.amxx", version "1.0")
L 12/29/2024 - 20:30:21: [AMXX] Run time error 10: native error (native "cs_set_user_model")
L 12/29/2024 - 20:30:21: [AMXX]    [0] K_M_models.sma::native_return_ham_skin (line 59)
L 12/29/2024 - 20:30:21: [AMXX]    [1] K_M_models.sma::client_putinserver (line 113)
L 12/29/2024 - 20:30:22: [CSTRIKE] Invalid player 8 (no private data)
L 12/29/2024 - 20:30:22: [AMXX] Displaying debug trace (plugin "K_M_models.amxx", version "1.0")
L 12/29/2024 - 20:30:22: [AMXX] Run time error 10: native error (native "cs_set_user_model")
L 12/29/2024 - 20:30:22: [AMXX]    [0] K_M_models.sma::native_return_ham_skin (line 59)
L 12/29/2024 - 20:30:22: [AMXX]    [1] K_M_models.sma::client_putinserver (line 113)
L 12/29/2024 - 20:38:48: Start of error session.
L 12/29/2024 - 20:38:48: Info (map "zm_fdust2x2") (file "addons/amxmodx/logs/error_20241229.log")
L 12/29/2024 - 20:38:48: [HAMSANDWICH] Failed to retrieve classtype for "", hook for "f_HamWeaponReload" not active.
L 12/29/2024 - 20:38:48: [AMXX] Displaying debug trace (plugin "K_ZP_main.amxx", version "1.0")
L 12/29/2024 - 20:38:48: [AMXX] Run time error 10: native error (native "RegisterHam")
L 12/29/2024 - 20:38:48: [AMXX]    [0] Krol_basic.inc::get_weapon_guns_name_by_id (line 506)
L 12/29/2024 - 20:38:48: [AMXX]    [1] K_ZP_main.sma::plugin_init (line 33)
L 12/29/2024 - 20:38:53: [CSTRIKE] Invalid player 2 (no private data)
L 12/29/2024 - 20:38:53: [AMXX] Displaying debug trace (plugin "K_M_models.amxx", version "1.0")
L 12/29/2024 - 20:38:53: [AMXX] Run time error 10: native error (native "cs_set_user_model")
L 12/29/2024 - 20:38:53: [AMXX]    [0] K_M_models.sma::native_return_ham_skin (line 59)
L 12/29/2024 - 20:38:53: [AMXX]    [1] K_M_models.sma::client_putinserver (line 113)
L 12/29/2024 - 20:38:53: [CSTRIKE] Invalid player 3 (no private data)
L 12/29/2024 - 20:38:53: [AMXX] Displaying debug trace (plugin "K_M_models.amxx", version "1.0")
L 12/29/2024 - 20:38:53: [AMXX] Run time error 10: native error (native "cs_set_user_model")
L 12/29/2024 - 20:38:53: [AMXX]    [0] K_M_models.sma::native_return_ham_skin (line 59)
L 12/29/2024 - 20:38:53: [AMXX]    [1] K_M_models.sma::client_putinserver (line 113)
L 12/29/2024 - 20:38:54: [CSTRIKE] Invalid player 4 (no private data)
L 12/29/2024 - 20:38:54: [AMXX] Displaying debug trace (plugin "K_M_models.amxx", version "1.0")
L 12/29/2024 - 20:38:54: [AMXX] Run time error 10: native error (native "cs_set_user_model")
L 12/29/2024 - 20:38:54: [AMXX]    [0] K_M_models.sma::native_return_ham_skin (line 59)
L 12/29/2024 - 20:38:54: [AMXX]    [1] K_M_models.sma::client_putinserver (line 113)
L 12/29/2024 - 20:38:54: [CSTRIKE] Invalid player 5 (no private data)
L 12/29/2024 - 20:38:54: [AMXX] Displaying debug trace (plugin "K_M_models.amxx", version "1.0")
L 12/29/2024 - 20:38:54: [AMXX] Run time error 10: native error (native "cs_set_user_model")
L 12/29/2024 - 20:38:54: [AMXX]    [0] K_M_models.sma::native_return_ham_skin (line 59)
L 12/29/2024 - 20:38:54: [AMXX]    [1] K_M_models.sma::client_putinserver (line 113)
L 12/29/2024 - 20:38:55: [CSTRIKE] Invalid player 6 (no private data)
L 12/29/2024 - 20:38:55: [AMXX] Displaying debug trace (plugin "K_M_models.amxx", version "1.0")
L 12/29/2024 - 20:38:55: [AMXX] Run time error 10: native error (native "cs_set_user_model")
L 12/29/2024 - 20:38:55: [AMXX]    [0] K_M_models.sma::native_return_ham_skin (line 59)
L 12/29/2024 - 20:38:55: [AMXX]    [1] K_M_models.sma::client_putinserver (line 113)
L 12/29/2024 - 20:38:55: [CSTRIKE] Invalid player 7 (no private data)
L 12/29/2024 - 20:38:55: [AMXX] Displaying debug trace (plugin "K_M_models.amxx", version "1.0")
L 12/29/2024 - 20:38:55: [AMXX] Run time error 10: native error (native "cs_set_user_model")
L 12/29/2024 - 20:38:55: [AMXX]    [0] K_M_models.sma::native_return_ham_skin (line 59)
L 12/29/2024 - 20:38:55: [AMXX]    [1] K_M_models.sma::client_putinserver (line 113)
L 12/29/2024 - 20:41:56: Start of error session.
L 12/29/2024 - 20:41:56: Info (map "zm_fdust2x2") (file "addons/amxmodx/logs/error_20241229.log")
L 12/29/2024 - 20:41:56: [HAMSANDWICH] Failed to retrieve classtype for "", hook for "f_HamWeaponReload" not active.
L 12/29/2024 - 20:41:56: [AMXX] Displaying debug trace (plugin "K_ZP_main.amxx", version "1.0")
L 12/29/2024 - 20:41:56: [AMXX] Run time error 10: native error (native "RegisterHam")
L 12/29/2024 - 20:41:56: [AMXX]    [0] Krol_basic.inc::get_weapon_guns_name_by_id (line 506)
L 12/29/2024 - 20:41:56: [AMXX]    [1] K_ZP_main.sma::plugin_init (line 33)
L 12/29/2024 - 20:42:00: [CSTRIKE] Invalid player 2 (no private data)
L 12/29/2024 - 20:42:00: [AMXX] Displaying debug trace (plugin "K_M_models.amxx", version "1.0")
L 12/29/2024 - 20:42:00: [AMXX] Run time error 10: native error (native "cs_set_user_model")
L 12/29/2024 - 20:42:00: [AMXX]    [0] K_M_models.sma::native_return_ham_skin (line 59)
L 12/29/2024 - 20:42:00: [AMXX]    [1] K_M_models.sma::client_putinserver (line 114)
L 12/29/2024 - 20:42:01: [CSTRIKE] Invalid player 3 (no private data)
L 12/29/2024 - 20:42:01: [AMXX] Displaying debug trace (plugin "K_M_models.amxx", version "1.0")
L 12/29/2024 - 20:42:01: [AMXX] Run time error 10: native error (native "cs_set_user_model")
L 12/29/2024 - 20:42:01: [AMXX]    [0] K_M_models.sma::native_return_ham_skin (line 59)
L 12/29/2024 - 20:42:01: [AMXX]    [1] K_M_models.sma::client_putinserver (line 114)
L 12/29/2024 - 20:42:01: [CSTRIKE] Invalid player 4 (no private data)
L 12/29/2024 - 20:42:01: [AMXX] Displaying debug trace (plugin "K_M_models.amxx", version "1.0")
L 12/29/2024 - 20:42:01: [AMXX] Run time error 10: native error (native "cs_set_user_model")
L 12/29/2024 - 20:42:01: [AMXX]    [0] K_M_models.sma::native_return_ham_skin (line 59)
L 12/29/2024 - 20:42:01: [AMXX]    [1] K_M_models.sma::client_putinserver (line 114)
L 12/29/2024 - 20:42:02: [CSTRIKE] Invalid player 5 (no private data)
L 12/29/2024 - 20:42:02: [AMXX] Displaying debug trace (plugin "K_M_models.amxx", version "1.0")
L 12/29/2024 - 20:42:02: [AMXX] Run time error 10: native error (native "cs_set_user_model")
L 12/29/2024 - 20:42:02: [AMXX]    [0] K_M_models.sma::native_return_ham_skin (line 59)
L 12/29/2024 - 20:42:02: [AMXX]    [1] K_M_models.sma::client_putinserver (line 114)
L 12/29/2024 - 20:42:02: [CSTRIKE] Invalid player 6 (no private data)
L 12/29/2024 - 20:42:02: [AMXX] Displaying debug trace (plugin "K_M_models.amxx", version "1.0")
L 12/29/2024 - 20:42:02: [AMXX] Run time error 10: native error (native "cs_set_user_model")
L 12/29/2024 - 20:42:02: [AMXX]    [0] K_M_models.sma::native_return_ham_skin (line 59)
L 12/29/2024 - 20:42:02: [AMXX]    [1] K_M_models.sma::client_putinserver (line 114)
L 12/29/2024 - 20:42:03: [CSTRIKE] Invalid player 7 (no private data)
L 12/29/2024 - 20:42:03: [AMXX] Displaying debug trace (plugin "K_M_models.amxx", version "1.0")
L 12/29/2024 - 20:42:03: [AMXX] Run time error 10: native error (native "cs_set_user_model")
L 12/29/2024 - 20:42:03: [AMXX]    [0] K_M_models.sma::native_return_ham_skin (line 59)
L 12/29/2024 - 20:42:03: [AMXX]    [1] K_M_models.sma::client_putinserver (line 114)
L 12/29/2024 - 20:43:29: Start of error session.
L 12/29/2024 - 20:43:29: Info (map "zm_fdust2x2") (file "addons/amxmodx/logs/error_20241229.log")
L 12/29/2024 - 20:43:29: [HAMSANDWICH] Failed to retrieve classtype for "", hook for "f_HamWeaponReload" not active.
L 12/29/2024 - 20:43:29: [AMXX] Displaying debug trace (plugin "K_ZP_main.amxx", version "1.0")
L 12/29/2024 - 20:43:29: [AMXX] Run time error 10: native error (native "RegisterHam")
L 12/29/2024 - 20:43:29: [AMXX]    [0] Krol_basic.inc::get_weapon_guns_name_by_id (line 506)
L 12/29/2024 - 20:43:29: [AMXX]    [1] K_ZP_main.sma::plugin_init (line 33)
L 12/29/2024 - 20:56:22: Invalid player id 0
L 12/29/2024 - 20:56:22: [AMXX] Displaying debug trace (plugin "K_lib_ZP.amxx", version "1.0")
L 12/29/2024 - 20:56:22: [AMXX] Run time error 10: native error (native "get_user_weapons")
L 12/29/2024 - 20:56:22: [AMXX]    [0] Krol_basic.inc::drop_weapons (line 405)
L 12/29/2024 - 20:56:22: [AMXX]    [1] K_lib_ZP.sma::native_make_survivor (line 224)
L 12/29/2024 - 20:56:22: [AMXX]    [2] K_lib_ZP.sma::native_start_mode (line 149)
L 12/29/2024 - 20:56:22: Unhandled dynamic native error
L 12/29/2024 - 20:56:22: [AMXX] Displaying debug trace (plugin "K_ZP_main.amxx", version "1.0")
L 12/29/2024 - 20:56:22: [AMXX] Run time error 10: native error (native "start_mode")
L 12/29/2024 - 20:56:22: [AMXX]    [0] K_ZP_main.sma::task_start_mode (line 118)
L 12/29/2024 - 21:16:19: Start of error session.
L 12/29/2024 - 21:16:19: Info (map "zm_biohazard_base_mx") (file "addons/amxmodx/logs/error_20241229.log")
L 12/29/2024 - 21:16:19: [HAMSANDWICH] Failed to retrieve classtype for "", hook for "f_HamWeaponReload" not active.
L 12/29/2024 - 21:16:19: [AMXX] Displaying debug trace (plugin "K_ZP_main.amxx", version "1.0")
L 12/29/2024 - 21:16:19: [AMXX] Run time error 10: native error (native "RegisterHam")
L 12/29/2024 - 21:16:19: [AMXX]    [0] Krol_basic.inc::get_weapon_guns_name_by_id (line 506)
L 12/29/2024 - 21:16:19: [AMXX]    [1] K_ZP_main.sma::plugin_init (line 33)
L 12/29/2024 - 21:16:35: Invalid player id 0
L 12/29/2024 - 21:16:35: [AMXX] Displaying debug trace (plugin "K_lib_ZP.amxx", version "1.0")
L 12/29/2024 - 21:16:35: [AMXX] Run time error 10: native error (native "get_user_weapons")
L 12/29/2024 - 21:16:35: [AMXX]    [0] Krol_basic.inc::drop_weapons (line 405)
L 12/29/2024 - 21:16:35: [AMXX]    [1] K_lib_ZP.sma::native_make_survivor (line 224)
L 12/29/2024 - 21:16:35: [AMXX]    [2] K_lib_ZP.sma::native_start_mode (line 149)
L 12/29/2024 - 21:16:35: Unhandled dynamic native error
L 12/29/2024 - 21:16:35: [AMXX] Displaying debug trace (plugin "K_ZP_main.amxx", version "1.0")
L 12/29/2024 - 21:16:35: [AMXX] Run time error 10: native error (native "start_mode")
L 12/29/2024 - 21:16:35: [AMXX]    [0] K_ZP_main.sma::task_start_mode (line 118)
