L 08/11/2024 - 07:43:44: -------- Mapchange to zm_deko2 --------
L 08/11/2024 - 07:43:44: [CSX] Could not load csstats file: cstrike\
L 08/11/2024 - 07:43:44: [AMXX] Plugin "random_donate_gun.amxx" failed to load: Plugin uses an unknown function (name "brick_dbarrel") - check your modules.ini.
L 08/11/2024 - 07:43:48: [AMXX] Failed to open dictionary file: cstrike\addons\amxmodx\data\lang\zp_ammo_ex.txt
L 08/11/2024 - 07:43:48: New section, unterminated block (file "cstrike\addons\amxmodx\data\lang\nademodes.txt" key "NADE_HTML :" lang "da")
L 08/11/2024 - 07:43:48: [AMXX] Failed to open dictionary file: cstrike\addons\amxmodx\data\lang\grab_plus.txt
L 08/11/2024 - 07:43:51: [admin.amxx] Login: "test<1><STEAM_1:0:1404421313><>" became an admin (account "test") (access "abcdefghijklmnopqrstuv") (address "192.168.0.16")
L 08/11/2024 - 08:00:36: -------- Mapchange to zm_deko2 --------
L 08/11/2024 - 08:00:36: [AMXX] Plugin "random_donate_gun.amxx" failed to load: Plugin uses an unknown function (name "brick_dbarrel") - check your modules.ini.
L 08/11/2024 - 08:00:39: [AMXX] Failed to open dictionary file: cstrike\addons\amxmodx\data\lang\zp_ammo_ex.txt
L 08/11/2024 - 08:00:39: [AMXX] Failed to open dictionary file: cstrike\addons\amxmodx\data\lang\grab_plus.txt
L 08/11/2024 - 08:00:45: [admin.amxx] Login: "test<11><STEAM_1:0:1404421313><>" became an admin (account "test") (access "abcdefghijklmnopqrstuv") (address "192.168.0.16")
L 08/11/2024 - 08:01:58: -------- Mapchange to zm_deko2 --------
L 08/11/2024 - 08:01:58: [AMXX] Plugin "random_donate_gun.amxx" failed to load: Plugin uses an unknown function (name "brick_dbarrel") - check your modules.ini.
L 08/11/2024 - 08:02:01: [AMXX] Failed to open dictionary file: cstrike\addons\amxmodx\data\lang\zp_ammo_ex.txt
L 08/11/2024 - 08:02:01: [AMXX] Failed to open dictionary file: cstrike\addons\amxmodx\data\lang\grab_plus.txt
L 08/11/2024 - 08:02:01: [admin.amxx] Login: "test<11><STEAM_1:0:1404421313><>" became an admin (account "test") (access "abcdefghijklmnopqrstuv") (address "192.168.0.16")
L 08/11/2024 - 08:17:30: -------- Mapchange to zm_deko2 --------
L 08/11/2024 - 08:17:30: [AMXX] Plugin "random_donate_gun.amxx" failed to load: Plugin uses an unknown function (name "brick_dbarrel") - check your modules.ini.
L 08/11/2024 - 08:17:34: [AMXX] Failed to open dictionary file: cstrike\addons\amxmodx\data\lang\zp_ammo_ex.txt
L 08/11/2024 - 08:17:34: [AMXX] Failed to open dictionary file: cstrike\addons\amxmodx\data\lang\grab_plus.txt
L 08/11/2024 - 08:17:35: [admin.amxx] Login: "test<11><STEAM_1:0:1404421313><>" became an admin (account "test") (access "abcdefghijklmnopqrstuv") (address "192.168.0.16")
L 08/11/2024 - 08:20:44: -------- Mapchange to zm_deko2 --------
L 08/11/2024 - 08:20:44: [AMXX] Plugin "random_donate_gun.amxx" failed to load: Plugin uses an unknown function (name "brick_dbarrel") - check your modules.ini.
L 08/11/2024 - 08:20:48: [AMXX] Failed to open dictionary file: cstrike\addons\amxmodx\data\lang\zp_ammo_ex.txt
L 08/11/2024 - 08:20:48: [AMXX] Failed to open dictionary file: cstrike\addons\amxmodx\data\lang\grab_plus.txt
L 08/11/2024 - 08:20:49: [admin.amxx] Login: "test<11><STEAM_1:0:1404421313><>" became an admin (account "test") (access "abcdefghijklmnopqrstuv") (address "192.168.0.16")
L 08/11/2024 - 08:23:16: -------- Mapchange to zm_deko2 --------
L 08/11/2024 - 08:23:16: [AMXX] Plugin "random_donate_gun.amxx" failed to load: Plugin uses an unknown function (name "brick_dbarrel") - check your modules.ini.
L 08/11/2024 - 08:23:20: [AMXX] Failed to open dictionary file: cstrike\addons\amxmodx\data\lang\zp_ammo_ex.txt
L 08/11/2024 - 08:23:20: [AMXX] Failed to open dictionary file: cstrike\addons\amxmodx\data\lang\grab_plus.txt
L 08/11/2024 - 08:23:20: [admin.amxx] Login: "test<11><STEAM_1:0:1404421313><>" became an admin (account "test") (access "abcdefghijklmnopqrstuv") (address "192.168.0.16")
L 08/11/2024 - 08:26:57: -------- Mapchange to zm_deko2 --------
L 08/11/2024 - 08:26:58: [AMXX] Plugin "random_donate_gun.amxx" failed to load: Plugin uses an unknown function (name "brick_dbarrel") - check your modules.ini.
L 08/11/2024 - 08:27:01: [AMXX] Failed to open dictionary file: cstrike\addons\amxmodx\data\lang\zp_ammo_ex.txt
L 08/11/2024 - 08:27:01: [AMXX] Failed to open dictionary file: cstrike\addons\amxmodx\data\lang\grab_plus.txt
L 08/11/2024 - 08:27:02: [admin.amxx] Login: "test<11><STEAM_1:0:1404421313><>" became an admin (account "test") (access "abcdefghijklmnopqrstuv") (address "192.168.0.16")
L 08/11/2024 - 08:28:47: -------- Mapchange to zm_deko2 --------
L 08/11/2024 - 08:28:48: [AMXX] Plugin "random_donate_gun.amxx" failed to load: Plugin uses an unknown function (name "brick_dbarrel") - check your modules.ini.
L 08/11/2024 - 08:28:50: [AMXX] Failed to open dictionary file: cstrike\addons\amxmodx\data\lang\zp_ammo_ex.txt
L 08/11/2024 - 08:28:50: [AMXX] Failed to open dictionary file: cstrike\addons\amxmodx\data\lang\grab_plus.txt
L 08/11/2024 - 08:28:51: [admin.amxx] Login: "test<11><STEAM_1:0:1404421313><>" became an admin (account "test") (access "abcdefghijklmnopqrstuv") (address "192.168.0.16")
L 08/11/2024 - 08:31:52: -------- Mapchange to zm_deko2 --------
L 08/11/2024 - 08:31:53: [AMXX] Plugin "random_donate_gun.amxx" failed to load: Plugin uses an unknown function (name "brick_dbarrel") - check your modules.ini.
L 08/11/2024 - 08:32:06: [AMXX] Failed to open dictionary file: cstrike\addons\amxmodx\data\lang\zp_ammo_ex.txt
L 08/11/2024 - 08:32:06: [AMXX] Failed to open dictionary file: cstrike\addons\amxmodx\data\lang\grab_plus.txt
L 08/11/2024 - 08:32:15: [admin.amxx] Login: "test<60><STEAM_1:0:1404421313><>" became an admin (account "test") (access "abcdefghijklmnopqrstuv") (address "192.168.0.16")
L 08/11/2024 - 08:37:03: -------- Mapchange to zm_deko2 --------
L 08/11/2024 - 08:37:03: [AMXX] Plugin "random_donate_gun.amxx" failed to load: Plugin uses an unknown function (name "brick_dbarrel") - check your modules.ini.
L 08/11/2024 - 08:37:06: [AMXX] Failed to open dictionary file: cstrike\addons\amxmodx\data\lang\zp_ammo_ex.txt
L 08/11/2024 - 08:37:06: [AMXX] Failed to open dictionary file: cstrike\addons\amxmodx\data\lang\grab_plus.txt
L 08/11/2024 - 08:37:07: [admin.amxx] Login: "test<60><STEAM_1:0:1404421313><>" became an admin (account "test") (access "abcdefghijklmnopqrstuv") (address "192.168.0.16")
L 08/11/2024 - 08:38:02: -------- Mapchange to zm_deko2 --------
L 08/11/2024 - 08:38:02: [AMXX] Plugin "random_donate_gun.amxx" failed to load: Plugin uses an unknown function (name "brick_dbarrel") - check your modules.ini.
L 08/11/2024 - 08:38:05: [AMXX] Failed to open dictionary file: cstrike\addons\amxmodx\data\lang\zp_ammo_ex.txt
L 08/11/2024 - 08:38:05: [AMXX] Failed to open dictionary file: cstrike\addons\amxmodx\data\lang\grab_plus.txt
L 08/11/2024 - 08:38:06: [admin.amxx] Login: "test<60><STEAM_1:0:1404421313><>" became an admin (account "test") (access "abcdefghijklmnopqrstuv") (address "192.168.0.16")
L 08/11/2024 - 08:40:06: -------- Mapchange to zm_deko2 --------
L 08/11/2024 - 08:40:06: [AMXX] Plugin "random_donate_gun.amxx" failed to load: Plugin uses an unknown function (name "brick_dbarrel") - check your modules.ini.
L 08/11/2024 - 08:40:09: [AMXX] Failed to open dictionary file: cstrike\addons\amxmodx\data\lang\zp_ammo_ex.txt
L 08/11/2024 - 08:40:09: [AMXX] Failed to open dictionary file: cstrike\addons\amxmodx\data\lang\grab_plus.txt
L 08/11/2024 - 08:40:11: [admin.amxx] Login: "test<60><STEAM_1:0:1404421313><>" became an admin (account "test") (access "abcdefghijklmnopqrstuv") (address "192.168.0.16")
L 08/11/2024 - 09:03:10: [mapchooser.amxx] Vote: Voting for the nextmap started
L 08/11/2024 - 09:03:25: [mapchooser.amxx] Vote: Voting for the nextmap finished. The nextmap will be zm_ice_world_2
L 08/11/2024 - 09:06:18: -------- Mapchange to zm_ice_world_2 --------
L 08/11/2024 - 09:06:18: [AMXX] Plugin "random_donate_gun.amxx" failed to load: Plugin uses an unknown function (name "brick_dbarrel") - check your modules.ini.
L 08/11/2024 - 09:06:21: [AMXX] Failed to open dictionary file: cstrike\addons\amxmodx\data\lang\zp_ammo_ex.txt
L 08/11/2024 - 09:06:21: [AMXX] Failed to open dictionary file: cstrike\addons\amxmodx\data\lang\grab_plus.txt
L 08/11/2024 - 09:06:22: [admin.amxx] Login: "test<60><STEAM_1:0:1404421313><>" became an admin (account "test") (access "abcdefghijklmnopqrstuv") (address "192.168.0.16")
L 08/11/2024 - 09:10:12: -------- Mapchange to zm_ice_world_2 --------
L 08/11/2024 - 09:10:12: [AMXX] Plugin "random_donate_gun.amxx" failed to load: Plugin uses an unknown function (name "brick_dbarrel") - check your modules.ini.
L 08/11/2024 - 09:10:15: [AMXX] Failed to open dictionary file: cstrike\addons\amxmodx\data\lang\zp_ammo_ex.txt
L 08/11/2024 - 09:10:15: [AMXX] Failed to open dictionary file: cstrike\addons\amxmodx\data\lang\grab_plus.txt
L 08/11/2024 - 09:10:16: [admin.amxx] Login: "test<60><STEAM_1:0:1404421313><>" became an admin (account "test") (access "abcdefghijklmnopqrstuv") (address "192.168.0.16")
L 08/11/2024 - 09:11:00: -------- Mapchange to zm_ice_world_2 --------
L 08/11/2024 - 09:11:00: [AMXX] Plugin "random_donate_gun.amxx" failed to load: Plugin uses an unknown function (name "brick_dbarrel") - check your modules.ini.
L 08/11/2024 - 09:11:03: [AMXX] Failed to open dictionary file: cstrike\addons\amxmodx\data\lang\zp_ammo_ex.txt
L 08/11/2024 - 09:11:03: [AMXX] Failed to open dictionary file: cstrike\addons\amxmodx\data\lang\grab_plus.txt
L 08/11/2024 - 09:11:04: [admin.amxx] Login: "test<60><STEAM_1:0:1404421313><>" became an admin (account "test") (access "abcdefghijklmnopqrstuv") (address "192.168.0.16")
L 08/11/2024 - 09:12:02: -------- Mapchange to zm_ice_world_2 --------
L 08/11/2024 - 09:12:03: [AMXX] Plugin "random_donate_gun.amxx" failed to load: Plugin uses an unknown function (name "brick_dbarrel") - check your modules.ini.
L 08/11/2024 - 09:12:05: [AMXX] Failed to open dictionary file: cstrike\addons\amxmodx\data\lang\zp_ammo_ex.txt
L 08/11/2024 - 09:12:05: [AMXX] Failed to open dictionary file: cstrike\addons\amxmodx\data\lang\grab_plus.txt
L 08/11/2024 - 09:12:06: [admin.amxx] Login: "test<60><STEAM_1:0:1404421313><>" became an admin (account "test") (access "abcdefghijklmnopqrstuv") (address "192.168.0.16")
L 08/11/2024 - 09:16:10: -------- Mapchange to zm_ice_world_2 --------
L 08/11/2024 - 09:16:10: [AMXX] Plugin "random_donate_gun.amxx" failed to load: Plugin uses an unknown function (name "brick_dbarrel") - check your modules.ini.
L 08/11/2024 - 09:16:13: [AMXX] Failed to open dictionary file: cstrike\addons\amxmodx\data\lang\zp_ammo_ex.txt
L 08/11/2024 - 09:16:13: [AMXX] Failed to open dictionary file: cstrike\addons\amxmodx\data\lang\grab_plus.txt
L 08/11/2024 - 09:16:14: [admin.amxx] Login: "test<60><STEAM_1:0:1404421313><>" became an admin (account "test") (access "abcdefghijklmnopqrstuv") (address "192.168.0.16")
L 08/11/2024 - 09:21:36: -------- Mapchange to zm_ice_world_2 --------
L 08/11/2024 - 09:21:36: [AMXX] Plugin "random_donate_gun.amxx" failed to load: Plugin uses an unknown function (name "brick_dbarrel") - check your modules.ini.
L 08/11/2024 - 09:21:39: [AMXX] Failed to open dictionary file: cstrike\addons\amxmodx\data\lang\zp_ammo_ex.txt
L 08/11/2024 - 09:21:39: [AMXX] Failed to open dictionary file: cstrike\addons\amxmodx\data\lang\grab_plus.txt
L 08/11/2024 - 09:21:40: [admin.amxx] Login: "test<60><STEAM_1:0:1404421313><>" became an admin (account "test") (access "abcdefghijklmnopqrstuv") (address "192.168.0.16")
L 08/11/2024 - 09:26:38: -------- Mapchange to zm_ice_world_2 --------
L 08/11/2024 - 09:26:38: [AMXX] Plugin "random_donate_gun.amxx" failed to load: Plugin uses an unknown function (name "brick_dbarrel") - check your modules.ini.
L 08/11/2024 - 09:26:41: [AMXX] Failed to open dictionary file: cstrike\addons\amxmodx\data\lang\zp_ammo_ex.txt
L 08/11/2024 - 09:26:41: [AMXX] Failed to open dictionary file: cstrike\addons\amxmodx\data\lang\grab_plus.txt
L 08/11/2024 - 09:26:42: [admin.amxx] Login: "test<60><STEAM_1:0:1404421313><>" became an admin (account "test") (access "abcdefghijklmnopqrstuv") (address "192.168.0.16")
L 08/11/2024 - 09:27:22: -------- Mapchange to zm_ice_world_2 --------
L 08/11/2024 - 09:27:22: [AMXX] Plugin "random_donate_gun.amxx" failed to load: Plugin uses an unknown function (name "brick_dbarrel") - check your modules.ini.
L 08/11/2024 - 09:27:24: [AMXX] Failed to open dictionary file: cstrike\addons\amxmodx\data\lang\zp_ammo_ex.txt
L 08/11/2024 - 09:27:24: [AMXX] Failed to open dictionary file: cstrike\addons\amxmodx\data\lang\grab_plus.txt
L 08/11/2024 - 09:27:25: [admin.amxx] Login: "test<60><STEAM_1:0:1404421313><>" became an admin (account "test") (access "abcdefghijklmnopqrstuv") (address "192.168.0.16")
L 08/11/2024 - 09:30:40: -------- Mapchange to zm_ice_world_2 --------
L 08/11/2024 - 09:30:40: [AMXX] Plugin "random_donate_gun.amxx" failed to load: Plugin uses an unknown function (name "brick_dbarrel") - check your modules.ini.
L 08/11/2024 - 09:30:43: [AMXX] Failed to open dictionary file: cstrike\addons\amxmodx\data\lang\zp_ammo_ex.txt
L 08/11/2024 - 09:30:43: [AMXX] Failed to open dictionary file: cstrike\addons\amxmodx\data\lang\grab_plus.txt
L 08/11/2024 - 09:30:44: [admin.amxx] Login: "test<60><STEAM_1:0:1404421313><>" became an admin (account "test") (access "abcdefghijklmnopqrstuv") (address "192.168.0.16")
L 08/11/2024 - 09:31:45: -------- Mapchange to zm_ice_world_2 --------
L 08/11/2024 - 09:31:45: [AMXX] Plugin "random_donate_gun.amxx" failed to load: Plugin uses an unknown function (name "brick_dbarrel") - check your modules.ini.
L 08/11/2024 - 09:31:48: [AMXX] Failed to open dictionary file: cstrike\addons\amxmodx\data\lang\zp_ammo_ex.txt
L 08/11/2024 - 09:31:48: [AMXX] Failed to open dictionary file: cstrike\addons\amxmodx\data\lang\grab_plus.txt
L 08/11/2024 - 09:31:49: [admin.amxx] Login: "test<60><STEAM_1:0:1404421313><>" became an admin (account "test") (access "abcdefghijklmnopqrstuv") (address "192.168.0.16")
L 08/11/2024 - 09:40:48: -------- Mapchange to zm_ice_world_2 --------
L 08/11/2024 - 09:40:48: [AMXX] Plugin "random_donate_gun.amxx" failed to load: Plugin uses an unknown function (name "brick_dbarrel") - check your modules.ini.
L 08/11/2024 - 09:40:52: [AMXX] Failed to open dictionary file: cstrike\addons\amxmodx\data\lang\zp_ammo_ex.txt
L 08/11/2024 - 09:40:52: [AMXX] Failed to open dictionary file: cstrike\addons\amxmodx\data\lang\grab_plus.txt
L 08/11/2024 - 09:40:53: [admin.amxx] Login: "test<60><STEAM_1:0:1404421313><>" became an admin (account "test") (access "abcdefghijklmnopqrstuv") (address "192.168.0.16")
L 08/11/2024 - 09:41:45: -------- Mapchange to zm_ice_world_2 --------
L 08/11/2024 - 09:41:45: [AMXX] Plugin "random_donate_gun.amxx" failed to load: Plugin uses an unknown function (name "brick_dbarrel") - check your modules.ini.
L 08/11/2024 - 09:41:48: [AMXX] Failed to open dictionary file: cstrike\addons\amxmodx\data\lang\zp_ammo_ex.txt
L 08/11/2024 - 09:41:48: [AMXX] Failed to open dictionary file: cstrike\addons\amxmodx\data\lang\grab_plus.txt
L 08/11/2024 - 09:41:49: [admin.amxx] Login: "test<60><STEAM_1:0:1404421313><>" became an admin (account "test") (access "abcdefghijklmnopqrstuv") (address "192.168.0.16")
L 08/11/2024 - 09:43:43: -------- Mapchange to zm_ice_world_2 --------
L 08/11/2024 - 09:43:43: [AMXX] Plugin "random_donate_gun.amxx" failed to load: Plugin uses an unknown function (name "brick_dbarrel") - check your modules.ini.
L 08/11/2024 - 09:43:46: [AMXX] Failed to open dictionary file: cstrike\addons\amxmodx\data\lang\zp_ammo_ex.txt
L 08/11/2024 - 09:43:46: [AMXX] Failed to open dictionary file: cstrike\addons\amxmodx\data\lang\grab_plus.txt
L 08/11/2024 - 09:43:46: [admin.amxx] Login: "test<60><STEAM_1:0:1404421313><>" became an admin (account "test") (access "abcdefghijklmnopqrstuv") (address "192.168.0.16")
L 08/11/2024 - 09:48:55: -------- Mapchange to zm_ice_world_2 --------
L 08/11/2024 - 09:48:56: [AMXX] Plugin "random_donate_gun.amxx" failed to load: Plugin uses an unknown function (name "brick_dbarrel") - check your modules.ini.
L 08/11/2024 - 09:48:59: [AMXX] Failed to open dictionary file: cstrike\addons\amxmodx\data\lang\zp_ammo_ex.txt
L 08/11/2024 - 09:48:59: [AMXX] Failed to open dictionary file: cstrike\addons\amxmodx\data\lang\grab_plus.txt
L 08/11/2024 - 09:49:00: [admin.amxx] Login: "test<60><STEAM_1:0:1404421313><>" became an admin (account "test") (access "abcdefghijklmnopqrstuv") (address "192.168.0.16")
L 08/11/2024 - 09:52:56: -------- Mapchange to zm_ice_world_2 --------
L 08/11/2024 - 09:52:57: [AMXX] Plugin "random_donate_gun.amxx" failed to load: Plugin uses an unknown function (name "brick_dbarrel") - check your modules.ini.
L 08/11/2024 - 09:53:00: [AMXX] Failed to open dictionary file: cstrike\addons\amxmodx\data\lang\zp_ammo_ex.txt
L 08/11/2024 - 09:53:00: [AMXX] Failed to open dictionary file: cstrike\addons\amxmodx\data\lang\grab_plus.txt
L 08/11/2024 - 09:53:01: [admin.amxx] Login: "test<60><STEAM_1:0:1404421313><>" became an admin (account "test") (access "abcdefghijklmnopqrstuv") (address "192.168.0.16")
L 08/11/2024 - 09:53:51: -------- Mapchange to zm_ice_world_2 --------
L 08/11/2024 - 09:53:51: [AMXX] Plugin "random_donate_gun.amxx" failed to load: Plugin uses an unknown function (name "brick_dbarrel") - check your modules.ini.
L 08/11/2024 - 09:53:53: [AMXX] Failed to open dictionary file: cstrike\addons\amxmodx\data\lang\zp_ammo_ex.txt
L 08/11/2024 - 09:53:53: [AMXX] Failed to open dictionary file: cstrike\addons\amxmodx\data\lang\grab_plus.txt
L 08/11/2024 - 09:53:54: [admin.amxx] Login: "test<60><STEAM_1:0:1404421313><>" became an admin (account "test") (access "abcdefghijklmnopqrstuv") (address "192.168.0.16")
L 08/11/2024 - 10:12:24: -------- Mapchange to zm_ice_world_2 --------
L 08/11/2024 - 10:12:24: [AMXX] Plugin "random_donate_gun.amxx" failed to load: Plugin uses an unknown function (name "brick_dbarrel") - check your modules.ini.
L 08/11/2024 - 10:12:28: [AMXX] Failed to open dictionary file: cstrike\addons\amxmodx\data\lang\zp_ammo_ex.txt
L 08/11/2024 - 10:12:28: [AMXX] Failed to open dictionary file: cstrike\addons\amxmodx\data\lang\grab_plus.txt
L 08/11/2024 - 10:12:29: [admin.amxx] Login: "test<60><STEAM_1:0:1404421313><>" became an admin (account "test") (access "abcdefghijklmnopqrstuv") (address "192.168.0.16")
L 08/11/2024 - 10:13:50: -------- Mapchange to zm_ice_world_2 --------
L 08/11/2024 - 10:13:51: [AMXX] Plugin "random_donate_gun.amxx" failed to load: Plugin uses an unknown function (name "brick_dbarrel") - check your modules.ini.
L 08/11/2024 - 10:13:54: [AMXX] Failed to open dictionary file: cstrike\addons\amxmodx\data\lang\zp_ammo_ex.txt
L 08/11/2024 - 10:13:54: [AMXX] Failed to open dictionary file: cstrike\addons\amxmodx\data\lang\grab_plus.txt
L 08/11/2024 - 10:13:55: [admin.amxx] Login: "test<60><STEAM_1:0:1404421313><>" became an admin (account "test") (access "abcdefghijklmnopqrstuv") (address "192.168.0.16")
L 08/11/2024 - 10:17:46: -------- Mapchange to zm_ice_world_2 --------
L 08/11/2024 - 10:17:46: [AMXX] Plugin "random_donate_gun.amxx" failed to load: Plugin uses an unknown function (name "brick_dbarrel") - check your modules.ini.
L 08/11/2024 - 10:17:50: [AMXX] Failed to open dictionary file: cstrike\addons\amxmodx\data\lang\zp_ammo_ex.txt
L 08/11/2024 - 10:17:50: [AMXX] Failed to open dictionary file: cstrike\addons\amxmodx\data\lang\grab_plus.txt
L 08/11/2024 - 10:17:51: [admin.amxx] Login: "test<60><STEAM_1:0:1404421313><>" became an admin (account "test") (access "abcdefghijklmnopqrstuv") (address "192.168.0.16")
L 08/11/2024 - 10:18:53: -------- Mapchange to zm_ice_world_2 --------
L 08/11/2024 - 10:18:53: [AMXX] Plugin "random_donate_gun.amxx" failed to load: Plugin uses an unknown function (name "brick_dbarrel") - check your modules.ini.
L 08/11/2024 - 10:18:56: [AMXX] Failed to open dictionary file: cstrike\addons\amxmodx\data\lang\zp_ammo_ex.txt
L 08/11/2024 - 10:18:56: [AMXX] Failed to open dictionary file: cstrike\addons\amxmodx\data\lang\grab_plus.txt
L 08/11/2024 - 10:18:57: [admin.amxx] Login: "test<60><STEAM_1:0:1404421313><>" became an admin (account "test") (access "abcdefghijklmnopqrstuv") (address "192.168.0.16")
L 08/11/2024 - 10:19:32: -------- Mapchange to zm_ice_world_2 --------
L 08/11/2024 - 10:19:32: [AMXX] Plugin "random_donate_gun.amxx" failed to load: Plugin uses an unknown function (name "brick_dbarrel") - check your modules.ini.
L 08/11/2024 - 10:19:34: [AMXX] Failed to open dictionary file: cstrike\addons\amxmodx\data\lang\zp_ammo_ex.txt
L 08/11/2024 - 10:19:34: [AMXX] Failed to open dictionary file: cstrike\addons\amxmodx\data\lang\grab_plus.txt
L 08/11/2024 - 10:19:35: [admin.amxx] Login: "test<60><STEAM_1:0:1404421313><>" became an admin (account "test") (access "abcdefghijklmnopqrstuv") (address "192.168.0.16")
L 08/11/2024 - 10:20:34: -------- Mapchange to zm_ice_world_2 --------
L 08/11/2024 - 10:20:34: [AMXX] Plugin "random_donate_gun.amxx" failed to load: Plugin uses an unknown function (name "brick_dbarrel") - check your modules.ini.
L 08/11/2024 - 10:20:37: [AMXX] Failed to open dictionary file: cstrike\addons\amxmodx\data\lang\zp_ammo_ex.txt
L 08/11/2024 - 10:20:37: [AMXX] Failed to open dictionary file: cstrike\addons\amxmodx\data\lang\grab_plus.txt
L 08/11/2024 - 10:20:38: [admin.amxx] Login: "test<60><STEAM_1:0:1404421313><>" became an admin (account "test") (access "abcdefghijklmnopqrstuv") (address "192.168.0.16")
L 08/11/2024 - 10:21:13: -------- Mapchange to zm_ice_world_2 --------
L 08/11/2024 - 10:21:13: [AMXX] Plugin "random_donate_gun.amxx" failed to load: Plugin uses an unknown function (name "brick_dbarrel") - check your modules.ini.
L 08/11/2024 - 10:21:16: [AMXX] Failed to open dictionary file: cstrike\addons\amxmodx\data\lang\zp_ammo_ex.txt
L 08/11/2024 - 10:21:16: [AMXX] Failed to open dictionary file: cstrike\addons\amxmodx\data\lang\grab_plus.txt
L 08/11/2024 - 10:21:17: [admin.amxx] Login: "test<60><STEAM_1:0:1404421313><>" became an admin (account "test") (access "abcdefghijklmnopqrstuv") (address "192.168.0.16")
L 08/11/2024 - 10:21:57: -------- Mapchange to zm_ice_world_2 --------
L 08/11/2024 - 10:21:58: [AMXX] Plugin "random_donate_gun.amxx" failed to load: Plugin uses an unknown function (name "brick_dbarrel") - check your modules.ini.
L 08/11/2024 - 10:22:00: [AMXX] Failed to open dictionary file: cstrike\addons\amxmodx\data\lang\zp_ammo_ex.txt
L 08/11/2024 - 10:22:00: [AMXX] Failed to open dictionary file: cstrike\addons\amxmodx\data\lang\grab_plus.txt
L 08/11/2024 - 10:22:01: [admin.amxx] Login: "test<60><STEAM_1:0:1404421313><>" became an admin (account "test") (access "abcdefghijklmnopqrstuv") (address "192.168.0.16")
L 08/11/2024 - 10:22:56: -------- Mapchange to zm_ice_world_2 --------
L 08/11/2024 - 10:22:56: [AMXX] Plugin "random_donate_gun.amxx" failed to load: Plugin uses an unknown function (name "brick_dbarrel") - check your modules.ini.
L 08/11/2024 - 10:22:59: [AMXX] Failed to open dictionary file: cstrike\addons\amxmodx\data\lang\zp_ammo_ex.txt
L 08/11/2024 - 10:22:59: [AMXX] Failed to open dictionary file: cstrike\addons\amxmodx\data\lang\grab_plus.txt
L 08/11/2024 - 10:22:59: [admin.amxx] Login: "test<60><STEAM_1:0:1404421313><>" became an admin (account "test") (access "abcdefghijklmnopqrstuv") (address "192.168.0.16")
L 08/11/2024 - 10:23:38: -------- Mapchange to zm_ice_world_2 --------
L 08/11/2024 - 10:23:38: [AMXX] Plugin "random_donate_gun.amxx" failed to load: Plugin uses an unknown function (name "brick_dbarrel") - check your modules.ini.
L 08/11/2024 - 10:23:40: [AMXX] Failed to open dictionary file: cstrike\addons\amxmodx\data\lang\zp_ammo_ex.txt
L 08/11/2024 - 10:23:40: [AMXX] Failed to open dictionary file: cstrike\addons\amxmodx\data\lang\grab_plus.txt
L 08/11/2024 - 10:23:41: [admin.amxx] Login: "test<60><STEAM_1:0:1404421313><>" became an admin (account "test") (access "abcdefghijklmnopqrstuv") (address "192.168.0.16")
L 08/11/2024 - 10:25:11: -------- Mapchange to zm_ice_world_2 --------
L 08/11/2024 - 10:25:11: [AMXX] Plugin "random_donate_gun.amxx" failed to load: Plugin uses an unknown function (name "brick_dbarrel") - check your modules.ini.
L 08/11/2024 - 10:25:13: [AMXX] Failed to open dictionary file: cstrike\addons\amxmodx\data\lang\zp_ammo_ex.txt
L 08/11/2024 - 10:25:13: [AMXX] Failed to open dictionary file: cstrike\addons\amxmodx\data\lang\grab_plus.txt
L 08/11/2024 - 10:25:14: [admin.amxx] Login: "test<60><STEAM_1:0:1404421313><>" became an admin (account "test") (access "abcdefghijklmnopqrstuv") (address "192.168.0.16")
L 08/11/2024 - 10:25:51: -------- Mapchange to zm_ice_world_2 --------
L 08/11/2024 - 10:25:51: [AMXX] Plugin "random_donate_gun.amxx" failed to load: Plugin uses an unknown function (name "brick_dbarrel") - check your modules.ini.
L 08/11/2024 - 10:25:53: [AMXX] Failed to open dictionary file: cstrike\addons\amxmodx\data\lang\zp_ammo_ex.txt
L 08/11/2024 - 10:25:53: [AMXX] Failed to open dictionary file: cstrike\addons\amxmodx\data\lang\grab_plus.txt
L 08/11/2024 - 10:25:55: [admin.amxx] Login: "test<60><STEAM_1:0:1404421313><>" became an admin (account "test") (access "abcdefghijklmnopqrstuv") (address "192.168.0.16")
L 08/11/2024 - 10:27:20: -------- Mapchange to zm_ice_world_2 --------
L 08/11/2024 - 10:27:21: [AMXX] Plugin "random_donate_gun.amxx" failed to load: Plugin uses an unknown function (name "brick_dbarrel") - check your modules.ini.
L 08/11/2024 - 10:27:23: [AMXX] Failed to open dictionary file: cstrike\addons\amxmodx\data\lang\zp_ammo_ex.txt
L 08/11/2024 - 10:27:23: [AMXX] Failed to open dictionary file: cstrike\addons\amxmodx\data\lang\grab_plus.txt
L 08/11/2024 - 10:27:24: [admin.amxx] Login: "test<60><STEAM_1:0:1404421313><>" became an admin (account "test") (access "abcdefghijklmnopqrstuv") (address "192.168.0.16")
L 08/11/2024 - 10:31:50: -------- Mapchange to zm_ice_world_2 --------
L 08/11/2024 - 10:31:51: [AMXX] Plugin "random_donate_gun.amxx" failed to load: Plugin uses an unknown function (name "brick_dbarrel") - check your modules.ini.
L 08/11/2024 - 10:31:54: [AMXX] Failed to open dictionary file: cstrike\addons\amxmodx\data\lang\zp_ammo_ex.txt
L 08/11/2024 - 10:31:54: [AMXX] Failed to open dictionary file: cstrike\addons\amxmodx\data\lang\grab_plus.txt
L 08/11/2024 - 10:31:55: [admin.amxx] Login: "test<60><STEAM_1:0:1404421313><>" became an admin (account "test") (access "abcdefghijklmnopqrstuv") (address "192.168.0.16")
L 08/11/2024 - 10:36:56: -------- Mapchange to zm_ice_world_2 --------
L 08/11/2024 - 10:36:56: [AMXX] Plugin "random_donate_gun.amxx" failed to load: Plugin uses an unknown function (name "brick_dbarrel") - check your modules.ini.
L 08/11/2024 - 10:37:00: [AMXX] Failed to open dictionary file: cstrike\addons\amxmodx\data\lang\zp_ammo_ex.txt
L 08/11/2024 - 10:37:00: [AMXX] Failed to open dictionary file: cstrike\addons\amxmodx\data\lang\grab_plus.txt
L 08/11/2024 - 10:37:01: [admin.amxx] Login: "test<60><STEAM_1:0:1404421313><>" became an admin (account "test") (access "abcdefghijklmnopqrstuv") (address "192.168.0.16")
L 08/11/2024 - 10:37:34: -------- Mapchange to zm_ice_world_2 --------
L 08/11/2024 - 10:37:34: [AMXX] Plugin "random_donate_gun.amxx" failed to load: Plugin uses an unknown function (name "brick_dbarrel") - check your modules.ini.
L 08/11/2024 - 10:37:37: [AMXX] Failed to open dictionary file: cstrike\addons\amxmodx\data\lang\zp_ammo_ex.txt
L 08/11/2024 - 10:37:37: [AMXX] Failed to open dictionary file: cstrike\addons\amxmodx\data\lang\grab_plus.txt
L 08/11/2024 - 10:37:38: [admin.amxx] Login: "test<60><STEAM_1:0:1404421313><>" became an admin (account "test") (access "abcdefghijklmnopqrstuv") (address "192.168.0.16")
L 08/11/2024 - 10:39:31: -------- Mapchange to zm_ice_world_2 --------
L 08/11/2024 - 10:39:32: [AMXX] Plugin "random_donate_gun.amxx" failed to load: Plugin uses an unknown function (name "brick_dbarrel") - check your modules.ini.
L 08/11/2024 - 10:39:35: [AMXX] Failed to open dictionary file: cstrike\addons\amxmodx\data\lang\zp_ammo_ex.txt
L 08/11/2024 - 10:39:35: [AMXX] Failed to open dictionary file: cstrike\addons\amxmodx\data\lang\grab_plus.txt
L 08/11/2024 - 10:39:36: [admin.amxx] Login: "test<60><STEAM_1:0:1404421313><>" became an admin (account "test") (access "abcdefghijklmnopqrstuv") (address "192.168.0.16")
