L 08/08/2024 - 13:08:00: -------- Mapchange to zm_deko2 --------
L 08/08/2024 - 13:08:00: [CSX] Could not load csstats file: cstrike\
L 08/08/2024 - 13:08:00: [AMXX] Plugin "random_donate_gun.amxx" failed to load: Plugin uses an unknown function (name "brick_dbarrel") - check your modules.ini.
L 08/08/2024 - 13:08:03: [AMXX] Failed to open dictionary file: cstrike\addons\amxmodx\data\lang\zp_ammo_ex.txt
L 08/08/2024 - 13:08:03: New section, unterminated block (file "cstrike\addons\amxmodx\data\lang\nademodes.txt" key "NADE_HTML :" lang "da")
L 08/08/2024 - 13:08:03: [AMXX] Failed to open dictionary file: cstrike\addons\amxmodx\data\lang\grab_plus.txt
L 08/08/2024 - 13:09:03: [admin.amxx] Login: "test<8><STEAM_1:0:1404421313><>" became an admin (account "test") (access "abcdefghijklmnopqrstuv") (address "192.168.0.16")
L 08/08/2024 - 13:23:43: -------- Mapchange to zm_deko2 --------
L 08/08/2024 - 13:23:44: [AMXX] Plugin "random_donate_gun.amxx" failed to load: Plugin uses an unknown function (name "brick_dbarrel") - check your modules.ini.
L 08/08/2024 - 13:23:51: [AMXX] Failed to open dictionary file: cstrike\addons\amxmodx\data\lang\zp_ammo_ex.txt
L 08/08/2024 - 13:23:51: [AMXX] Failed to open dictionary file: cstrike\addons\amxmodx\data\lang\grab_plus.txt
L 08/08/2024 - 13:23:52: [admin.amxx] Login: "test<8><STEAM_1:0:1404421313><>" became an admin (account "test") (access "abcdefghijklmnopqrstuv") (address "192.168.0.16")
L 08/08/2024 - 13:31:54: -------- Mapchange to zm_deko2 --------
L 08/08/2024 - 13:31:54: [AMXX] Plugin "random_donate_gun.amxx" failed to load: Plugin uses an unknown function (name "brick_dbarrel") - check your modules.ini.
L 08/08/2024 - 13:31:57: [AMXX] Failed to open dictionary file: cstrike\addons\amxmodx\data\lang\zp_ammo_ex.txt
L 08/08/2024 - 13:31:57: [AMXX] Failed to open dictionary file: cstrike\addons\amxmodx\data\lang\grab_plus.txt
L 08/08/2024 - 13:31:57: [admin.amxx] Login: "test<8><STEAM_1:0:1404421313><>" became an admin (account "test") (access "abcdefghijklmnopqrstuv") (address "192.168.0.16")
L 08/08/2024 - 13:34:39: -------- Mapchange to zm_deko2 --------
L 08/08/2024 - 13:34:39: [AMXX] Plugin "random_donate_gun.amxx" failed to load: Plugin uses an unknown function (name "brick_dbarrel") - check your modules.ini.
L 08/08/2024 - 13:35:11: -------- Mapchange to zm_deko2 --------
L 08/08/2024 - 13:35:12: [CSX] Could not load csstats file: cstrike\
L 08/08/2024 - 13:35:12: [AMXX] Plugin "random_donate_gun.amxx" failed to load: Plugin uses an unknown function (name "brick_dbarrel") - check your modules.ini.
L 08/08/2024 - 13:35:14: [AMXX] Failed to open dictionary file: cstrike\addons\amxmodx\data\lang\zp_ammo_ex.txt
L 08/08/2024 - 13:35:14: New section, unterminated block (file "cstrike\addons\amxmodx\data\lang\nademodes.txt" key "NADE_HTML :" lang "da")
L 08/08/2024 - 13:35:14: [AMXX] Failed to open dictionary file: cstrike\addons\amxmodx\data\lang\grab_plus.txt
L 08/08/2024 - 13:35:17: [admin.amxx] Login: "test<1><STEAM_1:0:1404421313><>" became an admin (account "test") (access "abcdefghijklmnopqrstuv") (address "192.168.0.16")
L 08/08/2024 - 13:38:34: -------- Mapchange to zm_deko2 --------
L 08/08/2024 - 13:38:34: [AMXX] Plugin "random_donate_gun.amxx" failed to load: Plugin uses an unknown function (name "brick_dbarrel") - check your modules.ini.
L 08/08/2024 - 13:38:53: -------- Mapchange to zm_deko2 --------
L 08/08/2024 - 13:38:54: [CSX] Could not load csstats file: cstrike\
L 08/08/2024 - 13:38:54: [AMXX] Plugin "random_donate_gun.amxx" failed to load: Plugin uses an unknown function (name "brick_dbarrel") - check your modules.ini.
L 08/08/2024 - 13:38:55: [AMXX] Failed to open dictionary file: cstrike\addons\amxmodx\data\lang\zp_ammo_ex.txt
L 08/08/2024 - 13:38:55: New section, unterminated block (file "cstrike\addons\amxmodx\data\lang\nademodes.txt" key "NADE_HTML :" lang "da")
L 08/08/2024 - 13:38:55: [AMXX] Failed to open dictionary file: cstrike\addons\amxmodx\data\lang\grab_plus.txt
L 08/08/2024 - 13:39:44: -------- Mapchange to zm_deko2 --------
L 08/08/2024 - 13:39:44: [AMXX] Plugin "random_donate_gun.amxx" failed to load: Plugin uses an unknown function (name "brick_dbarrel") - check your modules.ini.
L 08/08/2024 - 13:39:46: [AMXX] Failed to open dictionary file: cstrike\addons\amxmodx\data\lang\zp_ammo_ex.txt
L 08/08/2024 - 13:39:46: [AMXX] Failed to open dictionary file: cstrike\addons\amxmodx\data\lang\grab_plus.txt
L 08/08/2024 - 13:39:50: [admin.amxx] Login: "test<8><STEAM_1:0:1404421313><>" became an admin (account "test") (access "abcdefghijklmnopqrstuv") (address "192.168.0.16")
L 08/08/2024 - 13:47:18: -------- Mapchange to zm_deko2 --------
L 08/08/2024 - 13:47:18: [AMXX] Plugin "random_donate_gun.amxx" failed to load: Plugin uses an unknown function (name "brick_dbarrel") - check your modules.ini.
L 08/08/2024 - 13:47:21: [AMXX] Failed to open dictionary file: cstrike\addons\amxmodx\data\lang\zp_ammo_ex.txt
L 08/08/2024 - 13:47:21: [AMXX] Failed to open dictionary file: cstrike\addons\amxmodx\data\lang\grab_plus.txt
L 08/08/2024 - 13:47:21: [admin.amxx] Login: "test<8><STEAM_1:0:1404421313><>" became an admin (account "test") (access "abcdefghijklmnopqrstuv") (address "192.168.0.16")
L 08/08/2024 - 13:51:43: -------- Mapchange to zm_deko2 --------
L 08/08/2024 - 13:51:43: [AMXX] Plugin "random_donate_gun.amxx" failed to load: Plugin uses an unknown function (name "brick_dbarrel") - check your modules.ini.
L 08/08/2024 - 13:51:45: [AMXX] Failed to open dictionary file: cstrike\addons\amxmodx\data\lang\zp_ammo_ex.txt
L 08/08/2024 - 13:51:45: [AMXX] Failed to open dictionary file: cstrike\addons\amxmodx\data\lang\grab_plus.txt
L 08/08/2024 - 13:51:46: [admin.amxx] Login: "test<8><STEAM_1:0:1404421313><>" became an admin (account "test") (access "abcdefghijklmnopqrstuv") (address "192.168.0.16")
L 08/08/2024 - 13:53:59: -------- Mapchange to zm_deko2 --------
L 08/08/2024 - 13:53:59: [AMXX] Plugin "random_donate_gun.amxx" failed to load: Plugin uses an unknown function (name "brick_dbarrel") - check your modules.ini.
L 08/08/2024 - 13:54:01: [AMXX] Failed to open dictionary file: cstrike\addons\amxmodx\data\lang\zp_ammo_ex.txt
L 08/08/2024 - 13:54:01: [AMXX] Failed to open dictionary file: cstrike\addons\amxmodx\data\lang\grab_plus.txt
L 08/08/2024 - 13:54:02: [admin.amxx] Login: "test<8><STEAM_1:0:1404421313><>" became an admin (account "test") (access "abcdefghijklmnopqrstuv") (address "192.168.0.16")
L 08/08/2024 - 13:54:44: -------- Mapchange to zm_deko2 --------
L 08/08/2024 - 13:54:45: [AMXX] Plugin "random_donate_gun.amxx" failed to load: Plugin uses an unknown function (name "brick_dbarrel") - check your modules.ini.
L 08/08/2024 - 13:54:47: [AMXX] Failed to open dictionary file: cstrike\addons\amxmodx\data\lang\zp_ammo_ex.txt
L 08/08/2024 - 13:54:47: [AMXX] Failed to open dictionary file: cstrike\addons\amxmodx\data\lang\grab_plus.txt
L 08/08/2024 - 13:54:47: [admin.amxx] Login: "test<8><STEAM_1:0:1404421313><>" became an admin (account "test") (access "abcdefghijklmnopqrstuv") (address "192.168.0.16")
L 08/08/2024 - 14:05:03: -------- Mapchange to zm_deko2 --------
L 08/08/2024 - 14:05:03: [AMXX] Plugin "random_donate_gun.amxx" failed to load: Plugin uses an unknown function (name "brick_dbarrel") - check your modules.ini.
L 08/08/2024 - 14:05:05: [AMXX] Failed to open dictionary file: cstrike\addons\amxmodx\data\lang\zp_ammo_ex.txt
L 08/08/2024 - 14:05:05: [AMXX] Failed to open dictionary file: cstrike\addons\amxmodx\data\lang\grab_plus.txt
L 08/08/2024 - 14:05:06: [admin.amxx] Login: "test<8><STEAM_1:0:1404421313><>" became an admin (account "test") (access "abcdefghijklmnopqrstuv") (address "192.168.0.16")
L 08/08/2024 - 14:05:41: -------- Mapchange to zm_deko2 --------
L 08/08/2024 - 14:05:41: [AMXX] Plugin "random_donate_gun.amxx" failed to load: Plugin uses an unknown function (name "brick_dbarrel") - check your modules.ini.
L 08/08/2024 - 14:05:44: [AMXX] Failed to open dictionary file: cstrike\addons\amxmodx\data\lang\zp_ammo_ex.txt
L 08/08/2024 - 14:05:44: [AMXX] Failed to open dictionary file: cstrike\addons\amxmodx\data\lang\grab_plus.txt
L 08/08/2024 - 14:05:44: [admin.amxx] Login: "test<8><STEAM_1:0:1404421313><>" became an admin (account "test") (access "abcdefghijklmnopqrstuv") (address "192.168.0.16")
L 08/08/2024 - 14:16:28: -------- Mapchange to zm_deko2 --------
L 08/08/2024 - 14:16:29: [AMXX] Plugin "random_donate_gun.amxx" failed to load: Plugin uses an unknown function (name "brick_dbarrel") - check your modules.ini.
L 08/08/2024 - 14:16:31: [AMXX] Failed to open dictionary file: cstrike\addons\amxmodx\data\lang\zp_ammo_ex.txt
L 08/08/2024 - 14:16:31: [AMXX] Failed to open dictionary file: cstrike\addons\amxmodx\data\lang\grab_plus.txt
L 08/08/2024 - 14:16:32: [admin.amxx] Login: "test<8><STEAM_1:0:1404421313><>" became an admin (account "test") (access "abcdefghijklmnopqrstuv") (address "192.168.0.16")
L 08/08/2024 - 14:20:18: -------- Mapchange to zm_deko2 --------
L 08/08/2024 - 14:20:18: [AMXX] Plugin "random_donate_gun.amxx" failed to load: Plugin uses an unknown function (name "brick_dbarrel") - check your modules.ini.
L 08/08/2024 - 14:20:20: [AMXX] Failed to open dictionary file: cstrike\addons\amxmodx\data\lang\zp_ammo_ex.txt
L 08/08/2024 - 14:20:20: [AMXX] Failed to open dictionary file: cstrike\addons\amxmodx\data\lang\grab_plus.txt
L 08/08/2024 - 14:20:21: [admin.amxx] Login: "test<8><STEAM_1:0:1404421313><>" became an admin (account "test") (access "abcdefghijklmnopqrstuv") (address "192.168.0.16")
L 08/08/2024 - 14:26:40: -------- Mapchange to zm_deko2 --------
L 08/08/2024 - 14:26:40: [AMXX] Plugin "random_donate_gun.amxx" failed to load: Plugin uses an unknown function (name "brick_dbarrel") - check your modules.ini.
L 08/08/2024 - 14:26:42: [AMXX] Failed to open dictionary file: cstrike\addons\amxmodx\data\lang\zp_ammo_ex.txt
L 08/08/2024 - 14:26:42: [AMXX] Failed to open dictionary file: cstrike\addons\amxmodx\data\lang\grab_plus.txt
L 08/08/2024 - 14:26:43: [admin.amxx] Login: "test<8><STEAM_1:0:1404421313><>" became an admin (account "test") (access "abcdefghijklmnopqrstuv") (address "192.168.0.16")
L 08/08/2024 - 14:27:37: -------- Mapchange to zm_deko2 --------
L 08/08/2024 - 14:27:37: [AMXX] Plugin "random_donate_gun.amxx" failed to load: Plugin uses an unknown function (name "brick_dbarrel") - check your modules.ini.
L 08/08/2024 - 14:27:39: [AMXX] Failed to open dictionary file: cstrike\addons\amxmodx\data\lang\zp_ammo_ex.txt
L 08/08/2024 - 14:27:39: [AMXX] Failed to open dictionary file: cstrike\addons\amxmodx\data\lang\grab_plus.txt
L 08/08/2024 - 14:27:39: [admin.amxx] Login: "test<8><STEAM_1:0:1404421313><>" became an admin (account "test") (access "abcdefghijklmnopqrstuv") (address "192.168.0.16")
L 08/08/2024 - 14:31:03: -------- Mapchange to zm_deko2 --------
L 08/08/2024 - 14:31:03: [AMXX] Plugin "random_donate_gun.amxx" failed to load: Plugin uses an unknown function (name "brick_dbarrel") - check your modules.ini.
L 08/08/2024 - 14:31:05: [AMXX] Failed to open dictionary file: cstrike\addons\amxmodx\data\lang\zp_ammo_ex.txt
L 08/08/2024 - 14:31:05: [AMXX] Failed to open dictionary file: cstrike\addons\amxmodx\data\lang\grab_plus.txt
L 08/08/2024 - 14:31:06: [admin.amxx] Login: "test<8><STEAM_1:0:1404421313><>" became an admin (account "test") (access "abcdefghijklmnopqrstuv") (address "192.168.0.16")
L 08/08/2024 - 14:34:57: -------- Mapchange to zm_deko2 --------
L 08/08/2024 - 14:34:57: [AMXX] Plugin "random_donate_gun.amxx" failed to load: Plugin uses an unknown function (name "brick_dbarrel") - check your modules.ini.
L 08/08/2024 - 14:34:59: [AMXX] Failed to open dictionary file: cstrike\addons\amxmodx\data\lang\zp_ammo_ex.txt
L 08/08/2024 - 14:34:59: [AMXX] Failed to open dictionary file: cstrike\addons\amxmodx\data\lang\grab_plus.txt
L 08/08/2024 - 14:35:01: [admin.amxx] Login: "test<8><STEAM_1:0:1404421313><>" became an admin (account "test") (access "abcdefghijklmnopqrstuv") (address "192.168.0.16")
L 08/08/2024 - 14:47:41: -------- Mapchange to zm_deko2 --------
L 08/08/2024 - 14:47:41: [AMXX] Plugin "random_donate_gun.amxx" failed to load: Plugin uses an unknown function (name "brick_dbarrel") - check your modules.ini.
L 08/08/2024 - 14:47:44: [AMXX] Failed to open dictionary file: cstrike\addons\amxmodx\data\lang\zp_ammo_ex.txt
L 08/08/2024 - 14:47:44: [AMXX] Failed to open dictionary file: cstrike\addons\amxmodx\data\lang\grab_plus.txt
L 08/08/2024 - 14:47:44: [admin.amxx] Login: "test<8><STEAM_1:0:1404421313><>" became an admin (account "test") (access "abcdefghijklmnopqrstuv") (address "192.168.0.16")
L 08/08/2024 - 14:52:58: -------- Mapchange to zm_deko2 --------
L 08/08/2024 - 14:52:58: [AMXX] Plugin "random_donate_gun.amxx" failed to load: Plugin uses an unknown function (name "brick_dbarrel") - check your modules.ini.
L 08/08/2024 - 14:53:00: [AMXX] Failed to open dictionary file: cstrike\addons\amxmodx\data\lang\zp_ammo_ex.txt
L 08/08/2024 - 14:53:00: [AMXX] Failed to open dictionary file: cstrike\addons\amxmodx\data\lang\grab_plus.txt
L 08/08/2024 - 14:53:01: [admin.amxx] Login: "test<8><STEAM_1:0:1404421313><>" became an admin (account "test") (access "abcdefghijklmnopqrstuv") (address "192.168.0.16")
L 08/08/2024 - 14:58:21: -------- Mapchange to zm_deko2 --------
L 08/08/2024 - 14:58:22: [AMXX] Plugin "random_donate_gun.amxx" failed to load: Plugin uses an unknown function (name "brick_dbarrel") - check your modules.ini.
L 08/08/2024 - 14:58:24: [AMXX] Failed to open dictionary file: cstrike\addons\amxmodx\data\lang\zp_ammo_ex.txt
L 08/08/2024 - 14:58:24: [AMXX] Failed to open dictionary file: cstrike\addons\amxmodx\data\lang\grab_plus.txt
L 08/08/2024 - 14:58:25: [admin.amxx] Login: "test<8><STEAM_1:0:1404421313><>" became an admin (account "test") (access "abcdefghijklmnopqrstuv") (address "192.168.0.16")
L 08/08/2024 - 15:09:52: -------- Mapchange to zm_deko2 --------
L 08/08/2024 - 15:09:52: [CSX] Could not load csstats file: cstrike\
L 08/08/2024 - 15:09:53: [AMXX] Plugin "random_donate_gun.amxx" failed to load: Plugin uses an unknown function (name "brick_dbarrel") - check your modules.ini.
L 08/08/2024 - 15:11:26: -------- Mapchange to zm_deko2 --------
L 08/08/2024 - 15:11:26: [CSX] Could not load csstats file: cstrike\
L 08/08/2024 - 15:11:26: [AMXX] Plugin "random_donate_gun.amxx" failed to load: Plugin uses an unknown function (name "brick_dbarrel") - check your modules.ini.
L 08/08/2024 - 15:12:29: -------- Mapchange to zm_deko2 --------
L 08/08/2024 - 15:12:29: [CSX] Could not load csstats file: cstrike\
L 08/08/2024 - 15:12:30: [AMXX] Plugin "random_donate_gun.amxx" failed to load: Plugin uses an unknown function (name "brick_dbarrel") - check your modules.ini.
L 08/08/2024 - 15:13:33: -------- Mapchange to zm_deko2 --------
L 08/08/2024 - 15:13:33: [CSX] Could not load csstats file: cstrike\
L 08/08/2024 - 15:13:33: [AMXX] Plugin "random_donate_gun.amxx" failed to load: Plugin uses an unknown function (name "brick_dbarrel") - check your modules.ini.
L 08/08/2024 - 15:13:35: [AMXX] Failed to open dictionary file: cstrike\addons\amxmodx\data\lang\zp_ammo_ex.txt
L 08/08/2024 - 15:13:35: New section, unterminated block (file "cstrike\addons\amxmodx\data\lang\nademodes.txt" key "NADE_HTML :" lang "da")
L 08/08/2024 - 15:13:35: [AMXX] Failed to open dictionary file: cstrike\addons\amxmodx\data\lang\grab_plus.txt
L 08/08/2024 - 15:13:37: [admin.amxx] Login: "test<1><STEAM_1:0:1404421313><>" became an admin (account "test") (access "abcdefghijklmnopqrstuv") (address "192.168.0.16")
L 08/08/2024 - 15:14:29: [admin.amxx] Login: "test<10><STEAM_1:0:1404421313><>" became an admin (account "test") (access "abcdefghijklmnopqrstuv") (address "192.168.0.16")
L 08/08/2024 - 15:17:47: -------- Mapchange to zm_deko2 --------
L 08/08/2024 - 15:17:47: [AMXX] Plugin "random_donate_gun.amxx" failed to load: Plugin uses an unknown function (name "brick_dbarrel") - check your modules.ini.
L 08/08/2024 - 15:17:50: [AMXX] Failed to open dictionary file: cstrike\addons\amxmodx\data\lang\zp_ammo_ex.txt
L 08/08/2024 - 15:17:50: [AMXX] Failed to open dictionary file: cstrike\addons\amxmodx\data\lang\grab_plus.txt
L 08/08/2024 - 15:17:51: [admin.amxx] Login: "test<10><STEAM_1:0:1404421313><>" became an admin (account "test") (access "abcdefghijklmnopqrstuv") (address "192.168.0.16")
L 08/08/2024 - 15:22:47: -------- Mapchange to zm_deko2 --------
L 08/08/2024 - 15:22:47: [AMXX] Plugin "random_donate_gun.amxx" failed to load: Plugin uses an unknown function (name "brick_dbarrel") - check your modules.ini.
L 08/08/2024 - 15:22:53: -------- Mapchange to zm_deko2 --------
L 08/08/2024 - 15:22:53: [CSX] Could not load csstats file: cstrike\
L 08/08/2024 - 15:22:53: [AMXX] Plugin "random_donate_gun.amxx" failed to load: Plugin uses an unknown function (name "brick_dbarrel") - check your modules.ini.
L 08/08/2024 - 15:22:55: [AMXX] Failed to open dictionary file: cstrike\addons\amxmodx\data\lang\zp_ammo_ex.txt
L 08/08/2024 - 15:22:55: New section, unterminated block (file "cstrike\addons\amxmodx\data\lang\nademodes.txt" key "NADE_HTML :" lang "da")
L 08/08/2024 - 15:22:55: [AMXX] Failed to open dictionary file: cstrike\addons\amxmodx\data\lang\grab_plus.txt
L 08/08/2024 - 15:23:05: [admin.amxx] Login: "test<8><STEAM_1:0:1404421313><>" became an admin (account "test") (access "abcdefghijklmnopqrstuv") (address "192.168.0.16")
L 08/08/2024 - 15:29:01: -------- Mapchange to zm_deko2 --------
L 08/08/2024 - 15:29:01: [AMXX] Plugin "random_donate_gun.amxx" failed to load: Plugin uses an unknown function (name "brick_dbarrel") - check your modules.ini.
L 08/08/2024 - 15:29:03: [AMXX] Failed to open dictionary file: cstrike\addons\amxmodx\data\lang\zp_ammo_ex.txt
L 08/08/2024 - 15:29:03: [AMXX] Failed to open dictionary file: cstrike\addons\amxmodx\data\lang\grab_plus.txt
L 08/08/2024 - 15:29:04: [admin.amxx] Login: "test<8><STEAM_1:0:1404421313><>" became an admin (account "test") (access "abcdefghijklmnopqrstuv") (address "192.168.0.16")
L 08/08/2024 - 15:35:55: [admin.amxx] Login: "test<16><STEAM_1:0:1404421313><>" became an admin (account "test") (access "abcdefghijklmnopqrstuv") (address "192.168.0.16")
L 08/08/2024 - 15:37:54: [admin.amxx] Login: "test<18><STEAM_1:0:1404421313><>" became an admin (account "test") (access "abcdefghijklmnopqrstuv") (address "192.168.0.16")
L 08/08/2024 - 15:42:27: [admin.amxx] Login: "test<20><STEAM_1:0:1404421313><>" became an admin (account "test") (access "abcdefghijklmnopqrstuv") (address "192.168.0.16")
L 08/08/2024 - 15:44:12: [admin.amxx] Login: "test<22><STEAM_1:0:1404421313><>" became an admin (account "test") (access "abcdefghijklmnopqrstuv") (address "192.168.0.16")
L 08/08/2024 - 15:45:34: [admin.amxx] Login: "test<24><STEAM_1:0:1404421313><>" became an admin (account "test") (access "abcdefghijklmnopqrstuv") (address "192.168.0.16")
L 08/08/2024 - 15:49:06: [admin.amxx] Login: "test<26><STEAM_1:0:1404421313><>" became an admin (account "test") (access "abcdefghijklmnopqrstuv") (address "192.168.0.16")
L 08/08/2024 - 15:50:31: [admin.amxx] Login: "test<28><STEAM_1:0:1404421313><>" became an admin (account "test") (access "abcdefghijklmnopqrstuv") (address "192.168.0.16")
L 08/08/2024 - 15:52:03: [mapchooser.amxx] Vote: Voting for the nextmap started
L 08/08/2024 - 15:52:18: [mapchooser.amxx] Vote: Voting for the nextmap finished. The nextmap will be zm_dust_winter
L 08/08/2024 - 15:53:40: [admin.amxx] Login: "test<30><STEAM_1:0:1404421313><>" became an admin (account "test") (access "abcdefghijklmnopqrstuv") (address "192.168.0.16")
L 08/08/2024 - 15:56:59: -------- Mapchange to zm_deko2 --------
L 08/08/2024 - 15:56:59: [AMXX] Plugin "random_donate_gun.amxx" failed to load: Plugin uses an unknown function (name "brick_dbarrel") - check your modules.ini.
L 08/08/2024 - 15:57:10: -------- Mapchange to zm_deko2 --------
L 08/08/2024 - 15:57:10: [CSX] Could not load csstats file: cstrike\
L 08/08/2024 - 15:57:11: [AMXX] Plugin "random_donate_gun.amxx" failed to load: Plugin uses an unknown function (name "brick_dbarrel") - check your modules.ini.
L 08/08/2024 - 15:57:13: [AMXX] Failed to open dictionary file: cstrike\addons\amxmodx\data\lang\zp_ammo_ex.txt
L 08/08/2024 - 15:57:13: New section, unterminated block (file "cstrike\addons\amxmodx\data\lang\nademodes.txt" key "NADE_HTML :" lang "da")
L 08/08/2024 - 15:57:13: [AMXX] Failed to open dictionary file: cstrike\addons\amxmodx\data\lang\grab_plus.txt
L 08/08/2024 - 15:57:23: [admin.amxx] Login: "test<8><STEAM_1:0:1404421313><>" became an admin (account "test") (access "abcdefghijklmnopqrstuv") (address "192.168.0.16")
L 08/08/2024 - 15:59:42: -------- Mapchange to zm_deko2 --------
L 08/08/2024 - 15:59:42: [AMXX] Plugin "random_donate_gun.amxx" failed to load: Plugin uses an unknown function (name "brick_dbarrel") - check your modules.ini.
L 08/08/2024 - 15:59:44: [AMXX] Failed to open dictionary file: cstrike\addons\amxmodx\data\lang\zp_ammo_ex.txt
L 08/08/2024 - 15:59:44: [AMXX] Failed to open dictionary file: cstrike\addons\amxmodx\data\lang\grab_plus.txt
L 08/08/2024 - 15:59:45: [admin.amxx] Login: "test<8><STEAM_1:0:1404421313><>" became an admin (account "test") (access "abcdefghijklmnopqrstuv") (address "192.168.0.16")
L 08/08/2024 - 16:01:09: -------- Mapchange to zm_deko2 --------
L 08/08/2024 - 16:01:09: [AMXX] Plugin "random_donate_gun.amxx" failed to load: Plugin uses an unknown function (name "brick_dbarrel") - check your modules.ini.
L 08/08/2024 - 16:01:34: -------- Mapchange to zm_deko2 --------
L 08/08/2024 - 16:01:34: [CSX] Could not load csstats file: cstrike\
L 08/08/2024 - 16:01:34: [AMXX] Plugin "random_donate_gun.amxx" failed to load: Plugin uses an unknown function (name "brick_dbarrel") - check your modules.ini.
L 08/08/2024 - 16:02:18: -------- Mapchange to zm_deko2 --------
L 08/08/2024 - 16:02:19: [CSX] Could not load csstats file: cstrike\
L 08/08/2024 - 16:02:19: [AMXX] Plugin "random_donate_gun.amxx" failed to load: Plugin uses an unknown function (name "brick_dbarrel") - check your modules.ini.
L 08/08/2024 - 16:02:53: -------- Mapchange to zm_deko2 --------
L 08/08/2024 - 16:02:53: [CSX] Could not load csstats file: cstrike\
L 08/08/2024 - 16:02:53: [AMXX] Plugin "random_donate_gun.amxx" failed to load: Plugin uses an unknown function (name "brick_dbarrel") - check your modules.ini.
L 08/08/2024 - 16:03:06: -------- Mapchange to zm_deko2 --------
L 08/08/2024 - 16:03:07: [CSX] Could not load csstats file: cstrike\
L 08/08/2024 - 16:03:07: [AMXX] Plugin "random_donate_gun.amxx" failed to load: Plugin uses an unknown function (name "brick_dbarrel") - check your modules.ini.
L 08/08/2024 - 16:04:30: -------- Mapchange to zm_deko2 --------
L 08/08/2024 - 16:04:30: [CSX] Could not load csstats file: cstrike\
L 08/08/2024 - 16:04:30: [AMXX] Plugin "random_donate_gun.amxx" failed to load: Plugin uses an unknown function (name "brick_dbarrel") - check your modules.ini.
L 08/08/2024 - 16:06:37: -------- Mapchange to zm_deko2 --------
L 08/08/2024 - 16:06:37: [CSX] Could not load csstats file: cstrike\
L 08/08/2024 - 16:06:37: [AMXX] Plugin "random_donate_gun.amxx" failed to load: Plugin uses an unknown function (name "brick_dbarrel") - check your modules.ini.
L 08/08/2024 - 16:06:39: [AMXX] Failed to open dictionary file: cstrike\addons\amxmodx\data\lang\zp_ammo_ex.txt
L 08/08/2024 - 16:06:39: New section, unterminated block (file "cstrike\addons\amxmodx\data\lang\nademodes.txt" key "NADE_HTML :" lang "da")
L 08/08/2024 - 16:06:39: [AMXX] Failed to open dictionary file: cstrike\addons\amxmodx\data\lang\grab_plus.txt
L 08/08/2024 - 16:06:41: [admin.amxx] Login: "test<1><STEAM_1:0:1404421313><>" became an admin (account "test") (access "abcdefghijklmnopqrstuv") (address "192.168.0.16")
L 08/08/2024 - 16:07:21: -------- Mapchange to zm_deko2 --------
L 08/08/2024 - 16:07:21: [AMXX] Plugin "random_donate_gun.amxx" failed to load: Plugin uses an unknown function (name "brick_dbarrel") - check your modules.ini.
L 08/08/2024 - 16:10:19: -------- Mapchange to zm_deko2 --------
L 08/08/2024 - 16:10:20: [CSX] Could not load csstats file: cstrike\
L 08/08/2024 - 16:10:20: [AMXX] Plugin "random_donate_gun.amxx" failed to load: Plugin uses an unknown function (name "brick_dbarrel") - check your modules.ini.
L 08/08/2024 - 16:10:42: -------- Mapchange to zm_deko2 --------
L 08/08/2024 - 16:10:42: [CSX] Could not load csstats file: cstrike\
L 08/08/2024 - 16:10:42: [AMXX] Plugin "random_donate_gun.amxx" failed to load: Plugin uses an unknown function (name "brick_dbarrel") - check your modules.ini.
L 08/08/2024 - 16:11:08: -------- Mapchange to zm_deko2 --------
L 08/08/2024 - 16:11:08: [CSX] Could not load csstats file: cstrike\
L 08/08/2024 - 16:11:08: [AMXX] Plugin "random_donate_gun.amxx" failed to load: Plugin uses an unknown function (name "brick_dbarrel") - check your modules.ini.
L 08/08/2024 - 16:11:10: [AMXX] Failed to open dictionary file: cstrike\addons\amxmodx\data\lang\zp_ammo_ex.txt
L 08/08/2024 - 16:11:10: New section, unterminated block (file "cstrike\addons\amxmodx\data\lang\nademodes.txt" key "NADE_HTML :" lang "da")
L 08/08/2024 - 16:11:10: [AMXX] Failed to open dictionary file: cstrike\addons\amxmodx\data\lang\grab_plus.txt
L 08/08/2024 - 16:11:12: [admin.amxx] Login: "test<1><STEAM_1:0:1404421313><>" became an admin (account "test") (access "abcdefghijklmnopqrstuv") (address "192.168.0.16")
L 08/08/2024 - 16:18:09: -------- Mapchange to zm_deko2 --------
L 08/08/2024 - 16:18:10: [CSX] Could not load csstats file: cstrike\
L 08/08/2024 - 16:18:10: [AMXX] Plugin "random_donate_gun.amxx" failed to load: Plugin uses an unknown function (name "brick_dbarrel") - check your modules.ini.
L 08/08/2024 - 16:18:50: -------- Mapchange to zm_deko2 --------
L 08/08/2024 - 16:18:50: [CSX] Could not load csstats file: cstrike\
L 08/08/2024 - 16:18:50: [AMXX] Plugin "random_donate_gun.amxx" failed to load: Plugin uses an unknown function (name "brick_dbarrel") - check your modules.ini.
L 08/08/2024 - 16:18:52: [AMXX] Failed to open dictionary file: cstrike\addons\amxmodx\data\lang\zp_ammo_ex.txt
L 08/08/2024 - 16:18:52: New section, unterminated block (file "cstrike\addons\amxmodx\data\lang\nademodes.txt" key "NADE_HTML :" lang "da")
L 08/08/2024 - 16:18:52: [AMXX] Failed to open dictionary file: cstrike\addons\amxmodx\data\lang\grab_plus.txt
L 08/08/2024 - 16:19:08: [admin.amxx] Login: "test<8><STEAM_1:0:1404421313><>" became an admin (account "test") (access "abcdefghijklmnopqrstuv") (address "192.168.0.16")
L 08/08/2024 - 16:20:06: -------- Mapchange to zm_deko2 --------
L 08/08/2024 - 16:20:06: [AMXX] Plugin "random_donate_gun.amxx" failed to load: Plugin uses an unknown function (name "brick_dbarrel") - check your modules.ini.
L 08/08/2024 - 16:20:55: -------- Mapchange to zm_deko2 --------
L 08/08/2024 - 16:20:55: [CSX] Could not load csstats file: cstrike\
L 08/08/2024 - 16:20:55: [AMXX] Plugin "random_donate_gun.amxx" failed to load: Plugin uses an unknown function (name "brick_dbarrel") - check your modules.ini.
L 08/08/2024 - 16:23:28: -------- Mapchange to zm_deko2 --------
L 08/08/2024 - 16:23:28: [CSX] Could not load csstats file: cstrike\
L 08/08/2024 - 16:23:28: [AMXX] Plugin "random_donate_gun.amxx" failed to load: Plugin uses an unknown function (name "brick_dbarrel") - check your modules.ini.
L 08/08/2024 - 16:26:05: -------- Mapchange to zm_deko2 --------
L 08/08/2024 - 16:26:05: [CSX] Could not load csstats file: cstrike\
L 08/08/2024 - 16:26:06: [AMXX] Plugin "random_donate_gun.amxx" failed to load: Plugin uses an unknown function (name "brick_dbarrel") - check your modules.ini.
L 08/08/2024 - 16:30:39: -------- Mapchange to zm_deko2 --------
L 08/08/2024 - 16:30:40: [CSX] Could not load csstats file: cstrike\
L 08/08/2024 - 16:30:40: [AMXX] Plugin "random_donate_gun.amxx" failed to load: Plugin uses an unknown function (name "brick_dbarrel") - check your modules.ini.
L 08/08/2024 - 16:30:42: [AMXX] Failed to open dictionary file: cstrike\addons\amxmodx\data\lang\zp_ammo_ex.txt
L 08/08/2024 - 16:30:42: New section, unterminated block (file "cstrike\addons\amxmodx\data\lang\nademodes.txt" key "NADE_HTML :" lang "da")
L 08/08/2024 - 16:30:42: [AMXX] Failed to open dictionary file: cstrike\addons\amxmodx\data\lang\grab_plus.txt
L 08/08/2024 - 16:32:02: [admin.amxx] Login: "test<8><STEAM_1:0:1404421313><>" became an admin (account "test") (access "abcdefghijklmnopqrstuv") (address "192.168.0.16")
L 08/08/2024 - 16:42:04: [admin.amxx] Login: "test<10><STEAM_1:0:1404421313><>" became an admin (account "test") (access "abcdefghijklmnopqrstuv") (address "192.168.0.16")
L 08/08/2024 - 16:43:36: -------- Mapchange to zm_deko2 --------
L 08/08/2024 - 16:43:36: [AMXX] Plugin "random_donate_gun.amxx" failed to load: Plugin uses an unknown function (name "brick_dbarrel") - check your modules.ini.
L 08/08/2024 - 16:43:39: [AMXX] Failed to open dictionary file: cstrike\addons\amxmodx\data\lang\zp_ammo_ex.txt
L 08/08/2024 - 16:43:39: [AMXX] Failed to open dictionary file: cstrike\addons\amxmodx\data\lang\grab_plus.txt
L 08/08/2024 - 16:43:40: [admin.amxx] Login: "test<10><STEAM_1:0:1404421313><>" became an admin (account "test") (access "abcdefghijklmnopqrstuv") (address "192.168.0.16")
L 08/08/2024 - 17:03:25: [admin.amxx] Login: "test<18><STEAM_1:0:1404421313><>" became an admin (account "test") (access "abcdefghijklmnopqrstuv") (address "192.168.0.16")
L 08/08/2024 - 17:04:21: [admin.amxx] Login: "test<20><STEAM_1:0:1404421313><>" became an admin (account "test") (access "abcdefghijklmnopqrstuv") (address "192.168.0.16")
