L 07/14/2024 - 08:34:51: [GEOIP] Database info: GEO-106FREE 20080801 Build 1 Copyright (c) 2007 MaxMind LLC All Rights Reserved
L 07/14/2024 - 08:34:52: -------- Mapchange to zm_deko2 --------
L 07/14/2024 - 08:34:52: An error occurred in plugin_natives. This is dangerous!
L 07/14/2024 - 08:34:53: [AMXX] Failed to open dictionary file: cstrike\addons\amxmodx\data\lang\zp_ammo_ex.txt
L 07/14/2024 - 08:34:53: [AMXX] Failed to open dictionary file: cstrike\addons\amxmodx\data\lang\grab_plus.txt
L 07/14/2024 - 08:34:53: [AMXX] Failed to open dictionary file: cstrike\addons\amxmodx\data\lang\LaserMines.txt
L 07/14/2024 - 08:42:48: -------- Mapchange to zm_deko2 --------
L 07/14/2024 - 08:42:48: An error occurred in plugin_natives. This is dangerous!
L 07/14/2024 - 08:42:49: [AMXX] Failed to open dictionary file: cstrike\addons\amxmodx\data\lang\zp_ammo_ex.txt
L 07/14/2024 - 08:42:49: [AMXX] Failed to open dictionary file: cstrike\addons\amxmodx\data\lang\grab_plus.txt
L 07/14/2024 - 08:42:49: [AMXX] Failed to open dictionary file: cstrike\addons\amxmodx\data\lang\LaserMines.txt
L 07/14/2024 - 08:52:54: -------- Mapchange to zm_deko2 --------
L 07/14/2024 - 08:52:54: An error occurred in plugin_natives. This is dangerous!
L 07/14/2024 - 08:52:55: [AMXX] Failed to open dictionary file: cstrike\addons\amxmodx\data\lang\zp_ammo_ex.txt
L 07/14/2024 - 08:52:55: [AMXX] Failed to open dictionary file: cstrike\addons\amxmodx\data\lang\grab_plus.txt
L 07/14/2024 - 08:52:55: [AMXX] Failed to open dictionary file: cstrike\addons\amxmodx\data\lang\LaserMines.txt
L 07/14/2024 - 08:58:02: -------- Mapchange to zm_deko2 --------
L 07/14/2024 - 08:58:02: An error occurred in plugin_natives. This is dangerous!
L 07/14/2024 - 08:58:03: [AMXX] Failed to open dictionary file: cstrike\addons\amxmodx\data\lang\zp_ammo_ex.txt
L 07/14/2024 - 08:58:03: [AMXX] Failed to open dictionary file: cstrike\addons\amxmodx\data\lang\grab_plus.txt
L 07/14/2024 - 08:58:03: [AMXX] Failed to open dictionary file: cstrike\addons\amxmodx\data\lang\LaserMines.txt
L 07/14/2024 - 09:05:08: -------- Mapchange to zm_deko2 --------
L 07/14/2024 - 09:05:08: An error occurred in plugin_natives. This is dangerous!
L 07/14/2024 - 09:05:09: [AMXX] Failed to open dictionary file: cstrike\addons\amxmodx\data\lang\zp_ammo_ex.txt
L 07/14/2024 - 09:05:09: [AMXX] Failed to open dictionary file: cstrike\addons\amxmodx\data\lang\grab_plus.txt
L 07/14/2024 - 09:05:09: [AMXX] Failed to open dictionary file: cstrike\addons\amxmodx\data\lang\LaserMines.txt
L 07/14/2024 - 09:15:01: -------- Mapchange to zm_deko2 --------
L 07/14/2024 - 09:15:02: An error occurred in plugin_natives. This is dangerous!
L 07/14/2024 - 09:15:03: [AMXX] Failed to open dictionary file: cstrike\addons\amxmodx\data\lang\zp_ammo_ex.txt
L 07/14/2024 - 09:15:03: [AMXX] Failed to open dictionary file: cstrike\addons\amxmodx\data\lang\grab_plus.txt
L 07/14/2024 - 09:15:03: [AMXX] Failed to open dictionary file: cstrike\addons\amxmodx\data\lang\LaserMines.txt
L 07/14/2024 - 09:15:15: [admin.amxx] Login: "unnamed<43><STEAM_1:0:1404421313><>" became an admin (account "unnamed") (access "abcdefghijklmnopqrstu") (address "172.20.10.2")
L 07/14/2024 - 09:24:10: -------- Mapchange to zm_deko2 --------
L 07/14/2024 - 09:24:10: An error occurred in plugin_natives. This is dangerous!
L 07/14/2024 - 09:24:11: [AMXX] Failed to open dictionary file: cstrike\addons\amxmodx\data\lang\zp_ammo_ex.txt
L 07/14/2024 - 09:24:11: [AMXX] Failed to open dictionary file: cstrike\addons\amxmodx\data\lang\grab_plus.txt
L 07/14/2024 - 09:24:11: [AMXX] Failed to open dictionary file: cstrike\addons\amxmodx\data\lang\LaserMines.txt
L 07/14/2024 - 09:24:12: [admin.amxx] Login: "unnamed<43><STEAM_1:0:1404421313><>" became an admin (account "unnamed") (access "abcdefghijklmnopqrstu") (address "172.20.10.2")
L 07/14/2024 - 09:25:20: -------- Mapchange to zm_deko2 --------
L 07/14/2024 - 09:25:20: An error occurred in plugin_natives. This is dangerous!
L 07/14/2024 - 09:25:21: [AMXX] Failed to open dictionary file: cstrike\addons\amxmodx\data\lang\zp_ammo_ex.txt
L 07/14/2024 - 09:25:21: [AMXX] Failed to open dictionary file: cstrike\addons\amxmodx\data\lang\grab_plus.txt
L 07/14/2024 - 09:25:21: [AMXX] Failed to open dictionary file: cstrike\addons\amxmodx\data\lang\LaserMines.txt
L 07/14/2024 - 09:25:22: [admin.amxx] Login: "unnamed<43><STEAM_1:0:1404421313><>" became an admin (account "unnamed") (access "abcdefghijklmnopqrstu") (address "172.20.10.2")
L 07/14/2024 - 09:27:02: [GEOIP] Database info: GEO-106FREE 20080801 Build 1 Copyright (c) 2007 MaxMind LLC All Rights Reserved
L 07/14/2024 - 09:27:02: -------- Mapchange to zm_deko2 --------
L 07/14/2024 - 09:27:02: An error occurred in plugin_natives. This is dangerous!
L 07/14/2024 - 09:27:03: [AMXX] Failed to open dictionary file: cstrike\addons\amxmodx\data\lang\zp_ammo_ex.txt
L 07/14/2024 - 09:27:03: [AMXX] Failed to open dictionary file: cstrike\addons\amxmodx\data\lang\grab_plus.txt
L 07/14/2024 - 09:27:03: [AMXX] Failed to open dictionary file: cstrike\addons\amxmodx\data\lang\LaserMines.txt
L 07/14/2024 - 09:27:07: [admin.amxx] Login: "unnamed<1><STEAM_1:0:1404421313><>" became an admin (account "unnamed") (access "abcdefghijklmnopqrstu") (address "172.20.10.2")
L 07/14/2024 - 09:27:52: -------- Mapchange to zm_deko2 --------
L 07/14/2024 - 09:27:52: An error occurred in plugin_natives. This is dangerous!
L 07/14/2024 - 09:27:53: [AMXX] Failed to open dictionary file: cstrike\addons\amxmodx\data\lang\zp_ammo_ex.txt
L 07/14/2024 - 09:27:53: [AMXX] Failed to open dictionary file: cstrike\addons\amxmodx\data\lang\grab_plus.txt
L 07/14/2024 - 09:27:53: [AMXX] Failed to open dictionary file: cstrike\addons\amxmodx\data\lang\LaserMines.txt
L 07/14/2024 - 09:27:54: [admin.amxx] Login: "unnamed<1><STEAM_1:0:1404421313><>" became an admin (account "unnamed") (access "abcdefghijklmnopqrstu") (address "172.20.10.2")
L 07/14/2024 - 09:27:54: [admin.amxx] Login: "unnamed<1><STEAM_1:0:1404421313><>" became an admin (account "unnamed") (access "abcdefghijklmnopqrstu") (address "172.20.10.2")
L 07/14/2024 - 09:29:04: -------- Mapchange to zm_deko2 --------
L 07/14/2024 - 09:29:04: An error occurred in plugin_natives. This is dangerous!
L 07/14/2024 - 09:29:05: [AMXX] Failed to open dictionary file: cstrike\addons\amxmodx\data\lang\zp_ammo_ex.txt
L 07/14/2024 - 09:29:05: [AMXX] Failed to open dictionary file: cstrike\addons\amxmodx\data\lang\grab_plus.txt
L 07/14/2024 - 09:29:05: [AMXX] Failed to open dictionary file: cstrike\addons\amxmodx\data\lang\LaserMines.txt
L 07/14/2024 - 09:29:05: [admin.amxx] Login: "unnamed<1><STEAM_1:0:1404421313><>" became an admin (account "unnamed") (access "abcdefghijklmnopqrstu") (address "172.20.10.2")
L 07/14/2024 - 09:30:39: -------- Mapchange to zm_deko2 --------
L 07/14/2024 - 09:30:39: An error occurred in plugin_natives. This is dangerous!
L 07/14/2024 - 09:30:40: [AMXX] Failed to open dictionary file: cstrike\addons\amxmodx\data\lang\zp_ammo_ex.txt
L 07/14/2024 - 09:30:40: [AMXX] Failed to open dictionary file: cstrike\addons\amxmodx\data\lang\grab_plus.txt
L 07/14/2024 - 09:30:40: [AMXX] Failed to open dictionary file: cstrike\addons\amxmodx\data\lang\LaserMines.txt
L 07/14/2024 - 09:30:41: [admin.amxx] Login: "unnamed<1><STEAM_1:0:1404421313><>" became an admin (account "unnamed") (access "abcdefghijklmnopqrstu") (address "172.20.10.2")
L 07/14/2024 - 09:34:57: -------- Mapchange to zm_deko2 --------
L 07/14/2024 - 09:34:58: An error occurred in plugin_natives. This is dangerous!
L 07/14/2024 - 09:34:59: [AMXX] Failed to open dictionary file: cstrike\addons\amxmodx\data\lang\zp_ammo_ex.txt
L 07/14/2024 - 09:34:59: [AMXX] Failed to open dictionary file: cstrike\addons\amxmodx\data\lang\grab_plus.txt
L 07/14/2024 - 09:34:59: [AMXX] Failed to open dictionary file: cstrike\addons\amxmodx\data\lang\LaserMines.txt
L 07/14/2024 - 09:34:59: [admin.amxx] Login: "unnamed<1><STEAM_1:0:1404421313><>" became an admin (account "unnamed") (access "abcdefghijklmnopqrstu") (address "172.20.10.2")
L 07/14/2024 - 09:36:22: [admin.amxx] Login: "unnamed<36><STEAM_1:0:1404421313><>" became an admin (account "unnamed") (access "abcdefghijklmnopqrstu") (address "172.20.10.2")
L 07/14/2024 - 09:39:02: -------- Mapchange to zm_deko2 --------
L 07/14/2024 - 09:39:03: An error occurred in plugin_natives. This is dangerous!
L 07/14/2024 - 09:39:04: [AMXX] Failed to open dictionary file: cstrike\addons\amxmodx\data\lang\zp_ammo_ex.txt
L 07/14/2024 - 09:39:04: [AMXX] Failed to open dictionary file: cstrike\addons\amxmodx\data\lang\grab_plus.txt
L 07/14/2024 - 09:39:04: [AMXX] Failed to open dictionary file: cstrike\addons\amxmodx\data\lang\LaserMines.txt
L 07/14/2024 - 09:39:04: [admin.amxx] Login: "unnamed<36><STEAM_1:0:1404421313><>" became an admin (account "unnamed") (access "abcdefghijklmnopqrstu") (address "172.20.10.2")
L 07/14/2024 - 09:44:52: -------- Mapchange to zm_deko2 --------
L 07/14/2024 - 09:44:52: An error occurred in plugin_natives. This is dangerous!
L 07/14/2024 - 09:44:54: [AMXX] Failed to open dictionary file: cstrike\addons\amxmodx\data\lang\zp_ammo_ex.txt
L 07/14/2024 - 09:44:54: [AMXX] Failed to open dictionary file: cstrike\addons\amxmodx\data\lang\grab_plus.txt
L 07/14/2024 - 09:44:54: [AMXX] Failed to open dictionary file: cstrike\addons\amxmodx\data\lang\LaserMines.txt
L 07/14/2024 - 09:44:54: [admin.amxx] Login: "unnamed<36><STEAM_1:0:1404421313><>" became an admin (account "unnamed") (access "abcdefghijklmnopqrstu") (address "172.20.10.2")
L 07/14/2024 - 09:44:54: [admin.amxx] Login: "unnamed<36><STEAM_1:0:1404421313><>" became an admin (account "unnamed") (access "abcdefghijklmnopqrstu") (address "172.20.10.2")
L 07/14/2024 - 09:49:21: -------- Mapchange to zm_deko2 --------
L 07/14/2024 - 09:49:21: An error occurred in plugin_natives. This is dangerous!
L 07/14/2024 - 09:49:22: [AMXX] Failed to open dictionary file: cstrike\addons\amxmodx\data\lang\zp_ammo_ex.txt
L 07/14/2024 - 09:49:22: [AMXX] Failed to open dictionary file: cstrike\addons\amxmodx\data\lang\grab_plus.txt
L 07/14/2024 - 09:49:22: [AMXX] Failed to open dictionary file: cstrike\addons\amxmodx\data\lang\LaserMines.txt
L 07/14/2024 - 09:53:15: -------- Mapchange to zm_deko2 --------
L 07/14/2024 - 09:53:15: An error occurred in plugin_natives. This is dangerous!
L 07/14/2024 - 09:53:17: [AMXX] Failed to open dictionary file: cstrike\addons\amxmodx\data\lang\zp_ammo_ex.txt
L 07/14/2024 - 09:53:17: [AMXX] Failed to open dictionary file: cstrike\addons\amxmodx\data\lang\grab_plus.txt
L 07/14/2024 - 09:53:17: [AMXX] Failed to open dictionary file: cstrike\addons\amxmodx\data\lang\LaserMines.txt
L 07/14/2024 - 09:53:52: [GEOIP] Database info: GEO-106FREE 20080801 Build 1 Copyright (c) 2007 MaxMind LLC All Rights Reserved
L 07/14/2024 - 09:53:52: -------- Mapchange to zm_deko2 --------
L 07/14/2024 - 09:53:52: An error occurred in plugin_natives. This is dangerous!
L 07/14/2024 - 09:53:53: [AMXX] Failed to open dictionary file: cstrike\addons\amxmodx\data\lang\zp_ammo_ex.txt
L 07/14/2024 - 09:53:53: [AMXX] Failed to open dictionary file: cstrike\addons\amxmodx\data\lang\grab_plus.txt
L 07/14/2024 - 09:53:53: [AMXX] Failed to open dictionary file: cstrike\addons\amxmodx\data\lang\LaserMines.txt
L 07/14/2024 - 09:54:48: -------- Mapchange to zm_deko2 --------
L 07/14/2024 - 09:54:48: An error occurred in plugin_natives. This is dangerous!
L 07/14/2024 - 09:55:20: [GEOIP] Database info: GEO-106FREE 20080801 Build 1 Copyright (c) 2007 MaxMind LLC All Rights Reserved
L 07/14/2024 - 09:55:21: -------- Mapchange to zm_deko2 --------
L 07/14/2024 - 09:55:21: An error occurred in plugin_natives. This is dangerous!
L 07/14/2024 - 09:55:22: [AMXX] Failed to open dictionary file: cstrike\addons\amxmodx\data\lang\zp_ammo_ex.txt
L 07/14/2024 - 09:55:22: [AMXX] Failed to open dictionary file: cstrike\addons\amxmodx\data\lang\grab_plus.txt
L 07/14/2024 - 09:55:22: [AMXX] Failed to open dictionary file: cstrike\addons\amxmodx\data\lang\LaserMines.txt
L 07/14/2024 - 09:55:56: -------- Mapchange to zm_deko2 --------
L 07/14/2024 - 09:55:56: An error occurred in plugin_natives. This is dangerous!
L 07/14/2024 - 09:55:57: [AMXX] Failed to open dictionary file: cstrike\addons\amxmodx\data\lang\zp_ammo_ex.txt
L 07/14/2024 - 09:55:57: [AMXX] Failed to open dictionary file: cstrike\addons\amxmodx\data\lang\grab_plus.txt
L 07/14/2024 - 09:55:57: [AMXX] Failed to open dictionary file: cstrike\addons\amxmodx\data\lang\LaserMines.txt
L 07/14/2024 - 09:57:43: -------- Mapchange to zm_deko2 --------
L 07/14/2024 - 09:57:43: An error occurred in plugin_natives. This is dangerous!
L 07/14/2024 - 09:57:44: [AMXX] Failed to open dictionary file: cstrike\addons\amxmodx\data\lang\zp_ammo_ex.txt
L 07/14/2024 - 09:57:44: [AMXX] Failed to open dictionary file: cstrike\addons\amxmodx\data\lang\grab_plus.txt
L 07/14/2024 - 09:57:44: [AMXX] Failed to open dictionary file: cstrike\addons\amxmodx\data\lang\LaserMines.txt
L 07/14/2024 - 09:59:59: -------- Mapchange to zm_deko2 --------
L 07/14/2024 - 09:59:59: An error occurred in plugin_natives. This is dangerous!
L 07/14/2024 - 10:00:00: [AMXX] Failed to open dictionary file: cstrike\addons\amxmodx\data\lang\zp_ammo_ex.txt
L 07/14/2024 - 10:00:00: [AMXX] Failed to open dictionary file: cstrike\addons\amxmodx\data\lang\grab_plus.txt
L 07/14/2024 - 10:00:00: [AMXX] Failed to open dictionary file: cstrike\addons\amxmodx\data\lang\LaserMines.txt
L 07/14/2024 - 10:04:59: -------- Mapchange to zm_deko2 --------
L 07/14/2024 - 10:04:59: An error occurred in plugin_natives. This is dangerous!
L 07/14/2024 - 10:17:05: [GEOIP] Database info: GEO-106FREE 20080801 Build 1 Copyright (c) 2007 MaxMind LLC All Rights Reserved
L 07/14/2024 - 10:17:05: -------- Mapchange to zm_deko2 --------
L 07/14/2024 - 10:17:05: An error occurred in plugin_natives. This is dangerous!
L 07/14/2024 - 10:17:06: [AMXX] Failed to open dictionary file: cstrike\addons\amxmodx\data\lang\zp_ammo_ex.txt
L 07/14/2024 - 10:17:06: [AMXX] Failed to open dictionary file: cstrike\addons\amxmodx\data\lang\grab_plus.txt
L 07/14/2024 - 10:17:06: [AMXX] Failed to open dictionary file: cstrike\addons\amxmodx\data\lang\LaserMines.txt
L 07/14/2024 - 10:20:15: -------- Mapchange to zm_deko2 --------
L 07/14/2024 - 10:20:15: An error occurred in plugin_natives. This is dangerous!
L 07/14/2024 - 10:20:16: [AMXX] Failed to open dictionary file: cstrike\addons\amxmodx\data\lang\zp_ammo_ex.txt
L 07/14/2024 - 10:20:16: [AMXX] Failed to open dictionary file: cstrike\addons\amxmodx\data\lang\grab_plus.txt
L 07/14/2024 - 10:20:16: [AMXX] Failed to open dictionary file: cstrike\addons\amxmodx\data\lang\LaserMines.txt
L 07/14/2024 - 10:21:20: -------- Mapchange to zm_deko2 --------
L 07/14/2024 - 10:21:20: An error occurred in plugin_natives. This is dangerous!
L 07/14/2024 - 10:21:21: [AMXX] Failed to open dictionary file: cstrike\addons\amxmodx\data\lang\zp_ammo_ex.txt
L 07/14/2024 - 10:21:21: [AMXX] Failed to open dictionary file: cstrike\addons\amxmodx\data\lang\grab_plus.txt
L 07/14/2024 - 10:21:21: [AMXX] Failed to open dictionary file: cstrike\addons\amxmodx\data\lang\LaserMines.txt
L 07/14/2024 - 10:24:23: -------- Mapchange to zm_deko2 --------
L 07/14/2024 - 10:24:23: An error occurred in plugin_natives. This is dangerous!
L 07/14/2024 - 10:24:24: [AMXX] Failed to open dictionary file: cstrike\addons\amxmodx\data\lang\zp_ammo_ex.txt
L 07/14/2024 - 10:24:24: [AMXX] Failed to open dictionary file: cstrike\addons\amxmodx\data\lang\grab_plus.txt
L 07/14/2024 - 10:24:24: [AMXX] Failed to open dictionary file: cstrike\addons\amxmodx\data\lang\LaserMines.txt
L 07/14/2024 - 10:35:57: -------- Mapchange to zm_deko2 --------
L 07/14/2024 - 10:35:57: An error occurred in plugin_natives. This is dangerous!
L 07/14/2024 - 10:35:59: [AMXX] Failed to open dictionary file: cstrike\addons\amxmodx\data\lang\zp_ammo_ex.txt
L 07/14/2024 - 10:35:59: [AMXX] Failed to open dictionary file: cstrike\addons\amxmodx\data\lang\grab_plus.txt
L 07/14/2024 - 10:35:59: [AMXX] Failed to open dictionary file: cstrike\addons\amxmodx\data\lang\LaserMines.txt
L 07/14/2024 - 10:51:07: -------- Mapchange to zm_deko2 --------
L 07/14/2024 - 10:51:08: An error occurred in plugin_natives. This is dangerous!
L 07/14/2024 - 10:51:09: [AMXX] Failed to open dictionary file: cstrike\addons\amxmodx\data\lang\zp_ammo_ex.txt
L 07/14/2024 - 10:51:09: [AMXX] Failed to open dictionary file: cstrike\addons\amxmodx\data\lang\grab_plus.txt
L 07/14/2024 - 10:51:09: [AMXX] Failed to open dictionary file: cstrike\addons\amxmodx\data\lang\LaserMines.txt
L 07/14/2024 - 10:54:08: -------- Mapchange to zm_deko2 --------
L 07/14/2024 - 10:54:08: An error occurred in plugin_natives. This is dangerous!
L 07/14/2024 - 10:54:10: [AMXX] Failed to open dictionary file: cstrike\addons\amxmodx\data\lang\zp_ammo_ex.txt
L 07/14/2024 - 10:54:10: [AMXX] Failed to open dictionary file: cstrike\addons\amxmodx\data\lang\grab_plus.txt
L 07/14/2024 - 10:54:10: [AMXX] Failed to open dictionary file: cstrike\addons\amxmodx\data\lang\LaserMines.txt
L 07/14/2024 - 10:54:53: -------- Mapchange to zm_deko2 --------
L 07/14/2024 - 10:54:53: An error occurred in plugin_natives. This is dangerous!
L 07/14/2024 - 10:54:54: [AMXX] Failed to open dictionary file: cstrike\addons\amxmodx\data\lang\zp_ammo_ex.txt
L 07/14/2024 - 10:54:54: [AMXX] Failed to open dictionary file: cstrike\addons\amxmodx\data\lang\grab_plus.txt
L 07/14/2024 - 10:54:54: [AMXX] Failed to open dictionary file: cstrike\addons\amxmodx\data\lang\LaserMines.txt
L 07/14/2024 - 11:09:24: -------- Mapchange to zm_deko2 --------
L 07/14/2024 - 11:09:24: An error occurred in plugin_natives. This is dangerous!
L 07/14/2024 - 11:09:25: [AMXX] Failed to open dictionary file: cstrike\addons\amxmodx\data\lang\zp_ammo_ex.txt
L 07/14/2024 - 11:09:25: [AMXX] Failed to open dictionary file: cstrike\addons\amxmodx\data\lang\grab_plus.txt
L 07/14/2024 - 11:09:25: [AMXX] Failed to open dictionary file: cstrike\addons\amxmodx\data\lang\LaserMines.txt
L 07/14/2024 - 11:09:44: -------- Mapchange to zm_deko2 --------
L 07/14/2024 - 11:09:44: An error occurred in plugin_natives. This is dangerous!
L 07/14/2024 - 11:09:45: [AMXX] Failed to open dictionary file: cstrike\addons\amxmodx\data\lang\zp_ammo_ex.txt
L 07/14/2024 - 11:09:45: [AMXX] Failed to open dictionary file: cstrike\addons\amxmodx\data\lang\grab_plus.txt
L 07/14/2024 - 11:09:45: [AMXX] Failed to open dictionary file: cstrike\addons\amxmodx\data\lang\LaserMines.txt
L 07/14/2024 - 11:10:46: -------- Mapchange to zm_deko2 --------
L 07/14/2024 - 11:10:47: An error occurred in plugin_natives. This is dangerous!
L 07/14/2024 - 11:10:47: [AMXX] Failed to open dictionary file: cstrike\addons\amxmodx\data\lang\zp_ammo_ex.txt
L 07/14/2024 - 11:10:47: [AMXX] Failed to open dictionary file: cstrike\addons\amxmodx\data\lang\grab_plus.txt
L 07/14/2024 - 11:10:47: [AMXX] Failed to open dictionary file: cstrike\addons\amxmodx\data\lang\LaserMines.txt
L 07/14/2024 - 11:12:07: -------- Mapchange to zm_deko2 --------
L 07/14/2024 - 11:12:07: An error occurred in plugin_natives. This is dangerous!
L 07/14/2024 - 11:12:08: [AMXX] Failed to open dictionary file: cstrike\addons\amxmodx\data\lang\zp_ammo_ex.txt
L 07/14/2024 - 11:12:08: [AMXX] Failed to open dictionary file: cstrike\addons\amxmodx\data\lang\grab_plus.txt
L 07/14/2024 - 11:12:08: [AMXX] Failed to open dictionary file: cstrike\addons\amxmodx\data\lang\LaserMines.txt
L 07/14/2024 - 11:15:38: -------- Mapchange to zm_deko2 --------
L 07/14/2024 - 11:15:38: An error occurred in plugin_natives. This is dangerous!
L 07/14/2024 - 11:15:39: [AMXX] Failed to open dictionary file: cstrike\addons\amxmodx\data\lang\zp_ammo_ex.txt
L 07/14/2024 - 11:15:39: [AMXX] Failed to open dictionary file: cstrike\addons\amxmodx\data\lang\grab_plus.txt
L 07/14/2024 - 11:15:39: [AMXX] Failed to open dictionary file: cstrike\addons\amxmodx\data\lang\LaserMines.txt
L 07/14/2024 - 11:17:54: [GEOIP] Database info: GEO-106FREE 20080801 Build 1 Copyright (c) 2007 MaxMind LLC All Rights Reserved
L 07/14/2024 - 11:17:54: -------- Mapchange to zm_deko2 --------
L 07/14/2024 - 11:17:54: An error occurred in plugin_natives. This is dangerous!
L 07/14/2024 - 11:17:55: [AMXX] Failed to open dictionary file: cstrike\addons\amxmodx\data\lang\zp_ammo_ex.txt
L 07/14/2024 - 11:17:55: [AMXX] Failed to open dictionary file: cstrike\addons\amxmodx\data\lang\grab_plus.txt
L 07/14/2024 - 11:17:55: [AMXX] Failed to open dictionary file: cstrike\addons\amxmodx\data\lang\LaserMines.txt
L 07/14/2024 - 11:21:03: -------- Mapchange to zm_deko2 --------
L 07/14/2024 - 11:21:03: An error occurred in plugin_natives. This is dangerous!
L 07/14/2024 - 11:21:04: [AMXX] Failed to open dictionary file: cstrike\addons\amxmodx\data\lang\zp_ammo_ex.txt
L 07/14/2024 - 11:21:04: [AMXX] Failed to open dictionary file: cstrike\addons\amxmodx\data\lang\grab_plus.txt
L 07/14/2024 - 11:21:04: [AMXX] Failed to open dictionary file: cstrike\addons\amxmodx\data\lang\LaserMines.txt
L 07/14/2024 - 11:23:27: -------- Mapchange to zm_deko2 --------
L 07/14/2024 - 11:23:27: An error occurred in plugin_natives. This is dangerous!
L 07/14/2024 - 11:23:28: [AMXX] Failed to open dictionary file: cstrike\addons\amxmodx\data\lang\zp_ammo_ex.txt
L 07/14/2024 - 11:23:28: [AMXX] Failed to open dictionary file: cstrike\addons\amxmodx\data\lang\grab_plus.txt
L 07/14/2024 - 11:23:28: [AMXX] Failed to open dictionary file: cstrike\addons\amxmodx\data\lang\LaserMines.txt
L 07/14/2024 - 11:26:51: -------- Mapchange to zm_deko2 --------
L 07/14/2024 - 11:26:51: An error occurred in plugin_natives. This is dangerous!
L 07/14/2024 - 11:26:52: [AMXX] Failed to open dictionary file: cstrike\addons\amxmodx\data\lang\zp_ammo_ex.txt
L 07/14/2024 - 11:26:52: [AMXX] Failed to open dictionary file: cstrike\addons\amxmodx\data\lang\grab_plus.txt
L 07/14/2024 - 11:26:52: [AMXX] Failed to open dictionary file: cstrike\addons\amxmodx\data\lang\LaserMines.txt
L 07/14/2024 - 11:27:47: -------- Mapchange to zm_deko2 --------
L 07/14/2024 - 11:27:47: An error occurred in plugin_natives. This is dangerous!
L 07/14/2024 - 11:27:48: [AMXX] Failed to open dictionary file: cstrike\addons\amxmodx\data\lang\zp_ammo_ex.txt
L 07/14/2024 - 11:27:48: [AMXX] Failed to open dictionary file: cstrike\addons\amxmodx\data\lang\grab_plus.txt
L 07/14/2024 - 11:27:48: [AMXX] Failed to open dictionary file: cstrike\addons\amxmodx\data\lang\LaserMines.txt
L 07/14/2024 - 11:29:18: -------- Mapchange to zm_deko2 --------
L 07/14/2024 - 11:29:18: An error occurred in plugin_natives. This is dangerous!
L 07/14/2024 - 11:29:19: [AMXX] Failed to open dictionary file: cstrike\addons\amxmodx\data\lang\zp_ammo_ex.txt
L 07/14/2024 - 11:29:19: [AMXX] Failed to open dictionary file: cstrike\addons\amxmodx\data\lang\grab_plus.txt
L 07/14/2024 - 11:29:19: [AMXX] Failed to open dictionary file: cstrike\addons\amxmodx\data\lang\LaserMines.txt
L 07/14/2024 - 11:32:27: -------- Mapchange to zm_deko2 --------
L 07/14/2024 - 11:32:27: An error occurred in plugin_natives. This is dangerous!
L 07/14/2024 - 11:32:28: [AMXX] Failed to open dictionary file: cstrike\addons\amxmodx\data\lang\zp_ammo_ex.txt
L 07/14/2024 - 11:32:28: [AMXX] Failed to open dictionary file: cstrike\addons\amxmodx\data\lang\grab_plus.txt
L 07/14/2024 - 11:32:28: [AMXX] Failed to open dictionary file: cstrike\addons\amxmodx\data\lang\LaserMines.txt
L 07/14/2024 - 11:37:52: -------- Mapchange to zm_deko2 --------
L 07/14/2024 - 11:37:52: An error occurred in plugin_natives. This is dangerous!
L 07/14/2024 - 11:37:53: [AMXX] Failed to open dictionary file: cstrike\addons\amxmodx\data\lang\zp_ammo_ex.txt
L 07/14/2024 - 11:37:53: [AMXX] Failed to open dictionary file: cstrike\addons\amxmodx\data\lang\grab_plus.txt
L 07/14/2024 - 11:37:53: [AMXX] Failed to open dictionary file: cstrike\addons\amxmodx\data\lang\LaserMines.txt
L 07/14/2024 - 11:39:01: [GEOIP] Database info: GEO-106FREE 20080801 Build 1 Copyright (c) 2007 MaxMind LLC All Rights Reserved
L 07/14/2024 - 11:39:01: -------- Mapchange to zm_deko2 --------
L 07/14/2024 - 11:39:01: An error occurred in plugin_natives. This is dangerous!
L 07/14/2024 - 11:39:03: [AMXX] Failed to open dictionary file: cstrike\addons\amxmodx\data\lang\zp_ammo_ex.txt
L 07/14/2024 - 11:39:03: [AMXX] Failed to open dictionary file: cstrike\addons\amxmodx\data\lang\grab_plus.txt
L 07/14/2024 - 11:39:03: [AMXX] Failed to open dictionary file: cstrike\addons\amxmodx\data\lang\LaserMines.txt
L 07/14/2024 - 11:53:32: -------- Mapchange to zm_deko2 --------
L 07/14/2024 - 11:53:32: An error occurred in plugin_natives. This is dangerous!
L 07/14/2024 - 11:53:34: [AMXX] Failed to open dictionary file: cstrike\addons\amxmodx\data\lang\zp_ammo_ex.txt
L 07/14/2024 - 11:53:34: [AMXX] Failed to open dictionary file: cstrike\addons\amxmodx\data\lang\grab_plus.txt
L 07/14/2024 - 11:53:34: [AMXX] Failed to open dictionary file: cstrike\addons\amxmodx\data\lang\LaserMines.txt
L 07/14/2024 - 11:54:37: -------- Mapchange to zm_deko2 --------
L 07/14/2024 - 11:54:37: An error occurred in plugin_natives. This is dangerous!
L 07/14/2024 - 11:54:38: [AMXX] Failed to open dictionary file: cstrike\addons\amxmodx\data\lang\zp_ammo_ex.txt
L 07/14/2024 - 11:54:38: [AMXX] Failed to open dictionary file: cstrike\addons\amxmodx\data\lang\grab_plus.txt
L 07/14/2024 - 11:54:38: [AMXX] Failed to open dictionary file: cstrike\addons\amxmodx\data\lang\LaserMines.txt
