L 08/10/2024 - 08:54:55: -------- Mapchange to zm_deko2 --------
L 08/10/2024 - 08:54:55: [CSX] Could not load csstats file: cstrike\
L 08/10/2024 - 08:54:55: [AMXX] Plugin "random_donate_gun.amxx" failed to load: Plugin uses an unknown function (name "brick_dbarrel") - check your modules.ini.
L 08/10/2024 - 08:54:58: [AMXX] Failed to open dictionary file: cstrike\addons\amxmodx\data\lang\zp_ammo_ex.txt
L 08/10/2024 - 08:54:58: New section, unterminated block (file "cstrike\addons\amxmodx\data\lang\nademodes.txt" key "NADE_HTML :" lang "da")
L 08/10/2024 - 08:54:58: [AMXX] Failed to open dictionary file: cstrike\addons\amxmodx\data\lang\grab_plus.txt
L 08/10/2024 - 08:55:03: [admin.amxx] Login: "test<1><STEAM_1:0:1404421313><>" became an admin (account "test") (access "abcdefghijklmnopqrstuv") (address "192.168.0.16")
L 08/10/2024 - 09:11:28: [admin.amxx] Login: "test<10><STEAM_1:0:1404421313><>" became an admin (account "test") (access "abcdefghijklmnopqrstuv") (address "192.168.0.16")
L 08/10/2024 - 09:18:14: [mapchooser.amxx] Vote: Voting for the nextmap started
L 08/10/2024 - 09:18:29: [mapchooser.amxx] Vote: Voting for the nextmap finished. The nextmap will be zm_bhzrd_base_rmk
L 08/10/2024 - 09:21:11: -------- Mapchange to zm_bhzrd_base_rmk --------
L 08/10/2024 - 09:21:11: [AMXX] Plugin "random_donate_gun.amxx" failed to load: Plugin uses an unknown function (name "brick_dbarrel") - check your modules.ini.
L 08/10/2024 - 09:25:49: -------- Mapchange to zm_deko2 --------
L 08/10/2024 - 09:25:49: [CSX] Could not load csstats file: cstrike\
L 08/10/2024 - 09:25:49: [AMXX] Plugin "random_donate_gun.amxx" failed to load: Plugin uses an unknown function (name "brick_dbarrel") - check your modules.ini.
L 08/10/2024 - 09:25:52: [AMXX] Failed to open dictionary file: cstrike\addons\amxmodx\data\lang\zp_ammo_ex.txt
L 08/10/2024 - 09:25:52: New section, unterminated block (file "cstrike\addons\amxmodx\data\lang\nademodes.txt" key "NADE_HTML :" lang "da")
L 08/10/2024 - 09:25:52: [AMXX] Failed to open dictionary file: cstrike\addons\amxmodx\data\lang\grab_plus.txt
L 08/10/2024 - 09:25:53: [admin.amxx] Login: "test<1><STEAM_1:0:1404421313><>" became an admin (account "test") (access "abcdefghijklmnopqrstuv") (address "192.168.0.16")
L 08/10/2024 - 09:32:43: -------- Mapchange to zm_deko2 --------
L 08/10/2024 - 09:32:43: [AMXX] Plugin "random_donate_gun.amxx" failed to load: Plugin uses an unknown function (name "brick_dbarrel") - check your modules.ini.
L 08/10/2024 - 09:32:46: [AMXX] Failed to open dictionary file: cstrike\addons\amxmodx\data\lang\zp_ammo_ex.txt
L 08/10/2024 - 09:32:46: [AMXX] Failed to open dictionary file: cstrike\addons\amxmodx\data\lang\grab_plus.txt
L 08/10/2024 - 09:32:47: [admin.amxx] Login: "test<1><STEAM_1:0:1404421313><>" became an admin (account "test") (access "abcdefghijklmnopqrstuv") (address "192.168.0.16")
L 08/10/2024 - 09:40:24: -------- Mapchange to zm_deko2 --------
L 08/10/2024 - 09:40:24: [AMXX] Plugin "random_donate_gun.amxx" failed to load: Plugin uses an unknown function (name "brick_dbarrel") - check your modules.ini.
L 08/10/2024 - 09:40:27: [AMXX] Failed to open dictionary file: cstrike\addons\amxmodx\data\lang\zp_ammo_ex.txt
L 08/10/2024 - 09:40:27: [AMXX] Failed to open dictionary file: cstrike\addons\amxmodx\data\lang\grab_plus.txt
L 08/10/2024 - 09:40:28: [admin.amxx] Login: "test<1><STEAM_1:0:1404421313><>" became an admin (account "test") (access "abcdefghijklmnopqrstuv") (address "192.168.0.16")
L 08/10/2024 - 09:46:00: -------- Mapchange to zm_deko2 --------
L 08/10/2024 - 09:46:00: [AMXX] Plugin "random_donate_gun.amxx" failed to load: Plugin uses an unknown function (name "brick_dbarrel") - check your modules.ini.
L 08/10/2024 - 09:46:02: [AMXX] Failed to open dictionary file: cstrike\addons\amxmodx\data\lang\zp_ammo_ex.txt
L 08/10/2024 - 09:46:02: [AMXX] Failed to open dictionary file: cstrike\addons\amxmodx\data\lang\grab_plus.txt
L 08/10/2024 - 09:46:03: [admin.amxx] Login: "test<1><STEAM_1:0:1404421313><>" became an admin (account "test") (access "abcdefghijklmnopqrstuv") (address "192.168.0.16")
L 08/10/2024 - 09:53:51: -------- Mapchange to zm_deko2 --------
L 08/10/2024 - 09:53:51: [AMXX] Plugin "random_donate_gun.amxx" failed to load: Plugin uses an unknown function (name "brick_dbarrel") - check your modules.ini.
L 08/10/2024 - 09:53:53: [AMXX] Failed to open dictionary file: cstrike\addons\amxmodx\data\lang\zp_ammo_ex.txt
L 08/10/2024 - 09:53:53: [AMXX] Failed to open dictionary file: cstrike\addons\amxmodx\data\lang\grab_plus.txt
L 08/10/2024 - 09:53:54: [admin.amxx] Login: "test<1><STEAM_1:0:1404421313><>" became an admin (account "test") (access "abcdefghijklmnopqrstuv") (address "192.168.0.16")
L 08/10/2024 - 10:16:53: [mapchooser.amxx] Vote: Voting for the nextmap started
L 08/10/2024 - 10:17:08: [mapchooser.amxx] Vote: Voting for the nextmap finished. The nextmap will be zm_snowbase3
L 08/10/2024 - 10:19:03: -------- Mapchange to zm_deko2 --------
L 08/10/2024 - 10:19:03: [AMXX] Plugin "random_donate_gun.amxx" failed to load: Plugin uses an unknown function (name "brick_dbarrel") - check your modules.ini.
L 08/10/2024 - 10:19:06: [AMXX] Failed to open dictionary file: cstrike\addons\amxmodx\data\lang\zp_ammo_ex.txt
L 08/10/2024 - 10:19:06: [AMXX] Failed to open dictionary file: cstrike\addons\amxmodx\data\lang\grab_plus.txt
L 08/10/2024 - 10:19:07: [admin.amxx] Login: "test<1><STEAM_1:0:1404421313><>" became an admin (account "test") (access "abcdefghijklmnopqrstuv") (address "192.168.0.16")
L 08/10/2024 - 10:42:51: [mapchooser.amxx] Vote: Voting for the nextmap started
L 08/10/2024 - 10:43:06: [mapchooser.amxx] Vote: Voting for the nextmap finished. The nextmap will be zm_303
L 08/10/2024 - 10:47:25: -------- Mapchange to zm_303 --------
L 08/10/2024 - 10:47:25: [AMXX] Plugin "random_donate_gun.amxx" failed to load: Plugin uses an unknown function (name "brick_dbarrel") - check your modules.ini.
L 08/10/2024 - 10:47:28: [AMXX] Failed to open dictionary file: cstrike\addons\amxmodx\data\lang\zp_ammo_ex.txt
L 08/10/2024 - 10:47:28: [AMXX] Failed to open dictionary file: cstrike\addons\amxmodx\data\lang\grab_plus.txt
L 08/10/2024 - 10:54:37: [admin.amxx] Login: "test<41><STEAM_1:0:1404421313><>" became an admin (account "test") (access "abcdefghijklmnopqrstuv") (address "192.168.0.16")
L 08/10/2024 - 11:03:08: -------- Mapchange to zm_303 --------
L 08/10/2024 - 11:03:08: [AMXX] Plugin "random_donate_gun.amxx" failed to load: Plugin uses an unknown function (name "brick_dbarrel") - check your modules.ini.
L 08/10/2024 - 11:03:32: -------- Mapchange to zm_deko2 --------
L 08/10/2024 - 11:03:32: [CSX] Could not load csstats file: cstrike\
L 08/10/2024 - 11:03:32: [AMXX] Plugin "random_donate_gun.amxx" failed to load: Plugin uses an unknown function (name "brick_dbarrel") - check your modules.ini.
L 08/10/2024 - 11:04:47: -------- Mapchange to zm_deko2 --------
L 08/10/2024 - 11:04:47: [CSX] Could not load csstats file: cstrike\
L 08/10/2024 - 11:04:47: [AMXX] Plugin "random_donate_gun.amxx" failed to load: Plugin uses an unknown function (name "brick_dbarrel") - check your modules.ini.
L 08/10/2024 - 11:04:49: [AMXX] Failed to open dictionary file: cstrike\addons\amxmodx\data\lang\zp_ammo_ex.txt
L 08/10/2024 - 11:04:49: New section, unterminated block (file "cstrike\addons\amxmodx\data\lang\nademodes.txt" key "NADE_HTML :" lang "da")
L 08/10/2024 - 11:04:49: [AMXX] Failed to open dictionary file: cstrike\addons\amxmodx\data\lang\grab_plus.txt
L 08/10/2024 - 11:05:00: -------- Mapchange to zm_deko2 --------
L 08/10/2024 - 11:05:00: [AMXX] Plugin "random_donate_gun.amxx" failed to load: Plugin uses an unknown function (name "brick_dbarrel") - check your modules.ini.
L 08/10/2024 - 11:06:18: -------- Mapchange to zm_deko2 --------
L 08/10/2024 - 11:06:18: [CSX] Could not load csstats file: cstrike\
L 08/10/2024 - 11:06:19: [AMXX] Plugin "random_donate_gun.amxx" failed to load: Plugin uses an unknown function (name "brick_dbarrel") - check your modules.ini.
L 08/10/2024 - 11:06:31: -------- Mapchange to zm_deko2 --------
L 08/10/2024 - 11:06:31: [CSX] Could not load csstats file: cstrike\
L 08/10/2024 - 11:06:31: [AMXX] Plugin "random_donate_gun.amxx" failed to load: Plugin uses an unknown function (name "brick_dbarrel") - check your modules.ini.
L 08/10/2024 - 11:06:32: [AMXX] Failed to open dictionary file: cstrike\addons\amxmodx\data\lang\zp_ammo_ex.txt
L 08/10/2024 - 11:06:32: New section, unterminated block (file "cstrike\addons\amxmodx\data\lang\nademodes.txt" key "NADE_HTML :" lang "da")
L 08/10/2024 - 11:06:32: [AMXX] Failed to open dictionary file: cstrike\addons\amxmodx\data\lang\grab_plus.txt
L 08/10/2024 - 11:08:09: -------- Mapchange to zm_deko2 --------
L 08/10/2024 - 11:08:09: [AMXX] Plugin "random_donate_gun.amxx" failed to load: Plugin uses an unknown function (name "brick_dbarrel") - check your modules.ini.
L 08/10/2024 - 11:13:23: -------- Mapchange to zm_deko2 --------
L 08/10/2024 - 11:13:23: [CSX] Could not load csstats file: cstrike\
L 08/10/2024 - 11:13:23: [AMXX] Plugin "random_donate_gun.amxx" failed to load: Plugin uses an unknown function (name "brick_dbarrel") - check your modules.ini.
L 08/10/2024 - 11:13:23: [AMXX] Plugin "menu_donate_guns.amxx" failed to load: Plugin uses an unknown function (name "zp_give_user_magicmg") - check your modules.ini.
L 08/10/2024 - 11:13:28: [AMXX] Failed to open dictionary file: cstrike\addons\amxmodx\data\lang\zp_ammo_ex.txt
L 08/10/2024 - 11:13:28: New section, unterminated block (file "cstrike\addons\amxmodx\data\lang\nademodes.txt" key "NADE_HTML :" lang "da")
L 08/10/2024 - 11:13:28: [AMXX] Failed to open dictionary file: cstrike\addons\amxmodx\data\lang\grab_plus.txt
L 08/10/2024 - 11:13:31: [admin.amxx] Login: "test<1><STEAM_1:0:1404421313><>" became an admin (account "test") (access "abcdefghijklmnopqrstuv") (address "192.168.0.16")
L 08/10/2024 - 11:15:01: -------- Mapchange to zm_deko2 --------
L 08/10/2024 - 11:15:01: [AMXX] Plugin "random_donate_gun.amxx" failed to load: Plugin uses an unknown function (name "brick_dbarrel") - check your modules.ini.
L 08/10/2024 - 11:18:38: -------- Mapchange to zm_deko2 --------
L 08/10/2024 - 11:18:38: [CSX] Could not load csstats file: cstrike\
L 08/10/2024 - 11:18:38: [AMXX] Plugin "zm_class_Invisible.amxx" failed to load: Plugin uses an unknown function (name "give_skin_Invisible") - check your modules.ini.
L 08/10/2024 - 11:18:38: [AMXX] Plugin "zm_class_banchee.amxx" failed to load: Plugin uses an unknown function (name "give_skin_banchee") - check your modules.ini.
L 08/10/2024 - 11:18:38: [AMXX] Plugin "zm_class_heavy.amxx" failed to load: Plugin uses an unknown function (name "give_skin_heavy") - check your modules.ini.
L 08/10/2024 - 11:18:38: [AMXX] Plugin "zm_class_tank.amxx" failed to load: Plugin uses an unknown function (name "give_skin_tank") - check your modules.ini.
L 08/10/2024 - 11:18:38: [AMXX] Plugin "zm_class_rev_fire_vip.amxx" failed to load: Plugin uses an unknown function (name "give_skin_rev_fire") - check your modules.ini.
L 08/10/2024 - 11:18:38: [AMXX] Plugin "zm_class_rev_ice_admin.amxx" failed to load: Plugin uses an unknown function (name "give_skin_rev_ice") - check your modules.ini.
L 08/10/2024 - 11:18:38: [AMXX] Plugin "zm_class_spider_boss.amxx" failed to load: Plugin uses an unknown function (name "give_skin_spider") - check your modules.ini.
L 08/10/2024 - 11:18:38: [AMXX] Plugin "zm_class_ksenon_prem.amxx" failed to load: Plugin uses an unknown function (name "give_skin_ksenon") - check your modules.ini.
L 08/10/2024 - 11:18:38: [AMXX] Plugin "zm_class_sting_finger_elite.amxx" failed to load: Plugin uses an unknown function (name "give_skin_sting_finger") - check your modules.ini.
L 08/10/2024 - 11:18:38: [AMXX] Plugin "random_donate_gun.amxx" failed to load: Plugin uses an unknown function (name "brick_dbarrel") - check your modules.ini.
L 08/10/2024 - 11:18:40: [AMXX] Failed to open dictionary file: cstrike\addons\amxmodx\data\lang\zp_ammo_ex.txt
L 08/10/2024 - 11:18:40: New section, unterminated block (file "cstrike\addons\amxmodx\data\lang\nademodes.txt" key "NADE_HTML :" lang "da")
L 08/10/2024 - 11:18:40: [AMXX] Failed to open dictionary file: cstrike\addons\amxmodx\data\lang\grab_plus.txt
L 08/10/2024 - 11:20:10: -------- Mapchange to zm_deko2 --------
L 08/10/2024 - 11:20:10: [CSX] Could not load csstats file: cstrike\
L 08/10/2024 - 11:20:10: [AMXX] Plugin "random_donate_gun.amxx" failed to load: Plugin uses an unknown function (name "brick_dbarrel") - check your modules.ini.
L 08/10/2024 - 11:20:56: -------- Mapchange to zm_deko2 --------
L 08/10/2024 - 11:20:56: [CSX] Could not load csstats file: cstrike\
L 08/10/2024 - 11:20:57: [AMXX] Plugin "random_donate_gun.amxx" failed to load: Plugin uses an unknown function (name "brick_dbarrel") - check your modules.ini.
L 08/10/2024 - 11:20:58: [AMXX] Failed to open dictionary file: cstrike\addons\amxmodx\data\lang\zp_ammo_ex.txt
L 08/10/2024 - 11:20:58: New section, unterminated block (file "cstrike\addons\amxmodx\data\lang\nademodes.txt" key "NADE_HTML :" lang "da")
L 08/10/2024 - 11:20:58: [AMXX] Failed to open dictionary file: cstrike\addons\amxmodx\data\lang\grab_plus.txt
L 08/10/2024 - 11:21:03: [admin.amxx] Login: "test<1><STEAM_1:0:1404421313><>" became an admin (account "test") (access "abcdefghijklmnopqrstuv") (address "192.168.0.16")
L 08/10/2024 - 11:26:43: -------- Mapchange to zm_deko2 --------
L 08/10/2024 - 11:26:43: [CSX] Could not load csstats file: cstrike\
L 08/10/2024 - 11:26:43: [AMXX] Plugin "random_donate_gun.amxx" failed to load: Plugin uses an unknown function (name "brick_dbarrel") - check your modules.ini.
L 08/10/2024 - 11:26:45: [AMXX] Failed to open dictionary file: cstrike\addons\amxmodx\data\lang\zp_ammo_ex.txt
L 08/10/2024 - 11:26:45: New section, unterminated block (file "cstrike\addons\amxmodx\data\lang\nademodes.txt" key "NADE_HTML :" lang "da")
L 08/10/2024 - 11:26:45: [AMXX] Failed to open dictionary file: cstrike\addons\amxmodx\data\lang\grab_plus.txt
L 08/10/2024 - 11:26:49: [admin.amxx] Login: "test<1><STEAM_1:0:1404421313><>" became an admin (account "test") (access "abcdefghijklmnopqrstuv") (address "192.168.0.16")
L 08/10/2024 - 11:28:53: -------- Mapchange to zm_deko2 --------
L 08/10/2024 - 11:28:53: [CSX] Could not load csstats file: cstrike\
L 08/10/2024 - 11:28:53: [AMXX] Plugin "random_donate_gun.amxx" failed to load: Plugin uses an unknown function (name "brick_dbarrel") - check your modules.ini.
L 08/10/2024 - 11:28:55: [AMXX] Failed to open dictionary file: cstrike\addons\amxmodx\data\lang\zp_ammo_ex.txt
L 08/10/2024 - 11:28:55: New section, unterminated block (file "cstrike\addons\amxmodx\data\lang\nademodes.txt" key "NADE_HTML :" lang "da")
L 08/10/2024 - 11:28:55: [AMXX] Failed to open dictionary file: cstrike\addons\amxmodx\data\lang\grab_plus.txt
L 08/10/2024 - 11:28:59: [admin.amxx] Login: "test<1><STEAM_1:0:1404421313><>" became an admin (account "test") (access "abcdefghijklmnopqrstuv") (address "192.168.0.16")
L 08/10/2024 - 11:29:21: -------- Mapchange to zm_deko2 --------
L 08/10/2024 - 11:29:21: [AMXX] Plugin "random_donate_gun.amxx" failed to load: Plugin uses an unknown function (name "brick_dbarrel") - check your modules.ini.
L 08/10/2024 - 11:29:23: [AMXX] Failed to open dictionary file: cstrike\addons\amxmodx\data\lang\zp_ammo_ex.txt
L 08/10/2024 - 11:29:23: [AMXX] Failed to open dictionary file: cstrike\addons\amxmodx\data\lang\grab_plus.txt
L 08/10/2024 - 11:29:23: [admin.amxx] Login: "test<1><STEAM_1:0:1404421313><>" became an admin (account "test") (access "abcdefghijklmnopqrstuv") (address "192.168.0.16")
L 08/10/2024 - 11:52:22: [mapchooser.amxx] Vote: Voting for the nextmap started
L 08/10/2024 - 11:52:37: [mapchooser.amxx] Vote: Voting for the nextmap finished. The nextmap will be zm_base_stephany
L 08/10/2024 - 11:53:58: -------- Mapchange to zm_deko2 --------
L 08/10/2024 - 11:53:58: [AMXX] Plugin "random_donate_gun.amxx" failed to load: Plugin uses an unknown function (name "brick_dbarrel") - check your modules.ini.
L 08/10/2024 - 11:54:00: [AMXX] Failed to open dictionary file: cstrike\addons\amxmodx\data\lang\zp_ammo_ex.txt
L 08/10/2024 - 11:54:00: [AMXX] Failed to open dictionary file: cstrike\addons\amxmodx\data\lang\grab_plus.txt
L 08/10/2024 - 11:54:02: [admin.amxx] Login: "test<16><STEAM_1:0:1404421313><>" became an admin (account "test") (access "abcdefghijklmnopqrstuv") (address "192.168.0.16")
L 08/10/2024 - 12:17:45: [mapchooser.amxx] Vote: Voting for the nextmap started
L 08/10/2024 - 12:18:00: [mapchooser.amxx] Vote: Voting for the nextmap finished. The nextmap will be zm_biohazard_base_mx
L 08/10/2024 - 12:20:41: -------- Mapchange to zm_biohazard_base_mx --------
L 08/10/2024 - 12:20:41: [AMXX] Plugin "random_donate_gun.amxx" failed to load: Plugin uses an unknown function (name "brick_dbarrel") - check your modules.ini.
L 08/10/2024 - 12:20:43: [AMXX] Failed to open dictionary file: cstrike\addons\amxmodx\data\lang\zp_ammo_ex.txt
L 08/10/2024 - 12:20:43: [AMXX] Failed to open dictionary file: cstrike\addons\amxmodx\data\lang\grab_plus.txt
L 08/10/2024 - 12:22:26: -------- Mapchange to zm_biohazard_base_mx --------
L 08/10/2024 - 12:22:26: [AMXX] Plugin "random_donate_gun.amxx" failed to load: Plugin uses an unknown function (name "brick_dbarrel") - check your modules.ini.
L 08/10/2024 - 12:22:28: [AMXX] Failed to open dictionary file: cstrike\addons\amxmodx\data\lang\zp_ammo_ex.txt
L 08/10/2024 - 12:22:28: [AMXX] Failed to open dictionary file: cstrike\addons\amxmodx\data\lang\grab_plus.txt
L 08/10/2024 - 12:22:30: [admin.amxx] Login: "test<24><STEAM_1:0:1404421313><>" became an admin (account "test") (access "abcdefghijklmnopqrstuv") (address "192.168.0.16")
L 08/10/2024 - 12:23:53: -------- Mapchange to zm_biohazard_base_mx --------
L 08/10/2024 - 12:23:53: [AMXX] Plugin "random_donate_gun.amxx" failed to load: Plugin uses an unknown function (name "brick_dbarrel") - check your modules.ini.
L 08/10/2024 - 12:23:54: [AMXX] Failed to open dictionary file: cstrike\addons\amxmodx\data\lang\zp_ammo_ex.txt
L 08/10/2024 - 12:23:54: [AMXX] Failed to open dictionary file: cstrike\addons\amxmodx\data\lang\grab_plus.txt
L 08/10/2024 - 12:23:55: [admin.amxx] Login: "test<24><STEAM_1:0:1404421313><>" became an admin (account "test") (access "abcdefghijklmnopqrstuv") (address "192.168.0.16")
L 08/10/2024 - 12:46:54: [mapchooser.amxx] Vote: Voting for the nextmap started
L 08/10/2024 - 12:47:09: [mapchooser.amxx] Vote: Voting for the nextmap finished. The nextmap will be zm_dd_v1
L 08/10/2024 - 12:49:46: -------- Mapchange to zm_dd_v1 --------
L 08/10/2024 - 12:49:46: [AMXX] Plugin "random_donate_gun.amxx" failed to load: Plugin uses an unknown function (name "brick_dbarrel") - check your modules.ini.
L 08/10/2024 - 12:49:48: [AMXX] Failed to open dictionary file: cstrike\addons\amxmodx\data\lang\zp_ammo_ex.txt
L 08/10/2024 - 12:49:48: [AMXX] Failed to open dictionary file: cstrike\addons\amxmodx\data\lang\grab_plus.txt
L 08/10/2024 - 12:51:00: -------- Mapchange to zm_deko2 --------
L 08/10/2024 - 12:51:00: [CSX] Could not load csstats file: cstrike\
L 08/10/2024 - 12:51:01: [AMXX] Plugin "random_donate_gun.amxx" failed to load: Plugin uses an unknown function (name "brick_dbarrel") - check your modules.ini.
L 08/10/2024 - 12:51:03: [AMXX] Failed to open dictionary file: cstrike\addons\amxmodx\data\lang\zp_ammo_ex.txt
L 08/10/2024 - 12:51:03: New section, unterminated block (file "cstrike\addons\amxmodx\data\lang\nademodes.txt" key "NADE_HTML :" lang "da")
L 08/10/2024 - 12:51:03: [AMXX] Failed to open dictionary file: cstrike\addons\amxmodx\data\lang\grab_plus.txt
L 08/10/2024 - 12:51:04: [admin.amxx] Login: "test<1><STEAM_1:0:1404421313><>" became an admin (account "test") (access "abcdefghijklmnopqrstuv") (address "192.168.0.16")
L 08/10/2024 - 13:14:03: [mapchooser.amxx] Vote: Voting for the nextmap started
L 08/10/2024 - 13:14:18: [mapchooser.amxx] Vote: Voting for the nextmap finished. The nextmap will be zm_snowbase3
L 08/10/2024 - 13:17:06: -------- Mapchange to zm_snowbase3 --------
L 08/10/2024 - 13:17:06: [AMXX] Plugin "random_donate_gun.amxx" failed to load: Plugin uses an unknown function (name "brick_dbarrel") - check your modules.ini.
L 08/10/2024 - 13:17:09: [AMXX] Failed to open dictionary file: cstrike\addons\amxmodx\data\lang\zp_ammo_ex.txt
L 08/10/2024 - 13:17:09: [AMXX] Failed to open dictionary file: cstrike\addons\amxmodx\data\lang\grab_plus.txt
L 08/10/2024 - 13:31:12: -------- Mapchange to zm_deko2 --------
L 08/10/2024 - 13:31:12: [CSX] Could not load csstats file: cstrike\
L 08/10/2024 - 13:31:12: [AMXX] Plugin "random_donate_gun.amxx" failed to load: Plugin uses an unknown function (name "brick_dbarrel") - check your modules.ini.
L 08/10/2024 - 13:31:14: [AMXX] Failed to open dictionary file: cstrike\addons\amxmodx\data\lang\zp_ammo_ex.txt
L 08/10/2024 - 13:31:14: New section, unterminated block (file "cstrike\addons\amxmodx\data\lang\nademodes.txt" key "NADE_HTML :" lang "da")
L 08/10/2024 - 13:31:14: [AMXX] Failed to open dictionary file: cstrike\addons\amxmodx\data\lang\grab_plus.txt
L 08/10/2024 - 13:31:15: [admin.amxx] Login: "test<1><STEAM_1:0:1404421313><>" became an admin (account "test") (access "abcdefghijklmnopqrstuv") (address "192.168.0.16")
L 08/10/2024 - 13:34:54: -------- Mapchange to zm_deko2 --------
L 08/10/2024 - 13:34:54: [AMXX] Plugin "random_donate_gun.amxx" failed to load: Plugin uses an unknown function (name "brick_dbarrel") - check your modules.ini.
L 08/10/2024 - 13:34:55: [AMXX] Failed to open dictionary file: cstrike\addons\amxmodx\data\lang\zp_ammo_ex.txt
L 08/10/2024 - 13:34:55: [AMXX] Failed to open dictionary file: cstrike\addons\amxmodx\data\lang\grab_plus.txt
L 08/10/2024 - 13:34:56: [admin.amxx] Login: "test<1><STEAM_1:0:1404421313><>" became an admin (account "test") (access "abcdefghijklmnopqrstuv") (address "192.168.0.16")
L 08/10/2024 - 13:36:20: -------- Mapchange to zm_deko2 --------
L 08/10/2024 - 13:36:20: [AMXX] Plugin "random_donate_gun.amxx" failed to load: Plugin uses an unknown function (name "brick_dbarrel") - check your modules.ini.
L 08/10/2024 - 13:36:22: [AMXX] Failed to open dictionary file: cstrike\addons\amxmodx\data\lang\zp_ammo_ex.txt
L 08/10/2024 - 13:36:22: [AMXX] Failed to open dictionary file: cstrike\addons\amxmodx\data\lang\grab_plus.txt
L 08/10/2024 - 13:36:22: [admin.amxx] Login: "test<1><STEAM_1:0:1404421313><>" became an admin (account "test") (access "abcdefghijklmnopqrstuv") (address "192.168.0.16")
L 08/10/2024 - 13:43:59: -------- Mapchange to zm_deko2 --------
L 08/10/2024 - 13:43:59: [AMXX] Plugin "random_donate_gun.amxx" failed to load: Plugin uses an unknown function (name "brick_dbarrel") - check your modules.ini.
L 08/10/2024 - 13:44:01: [AMXX] Failed to open dictionary file: cstrike\addons\amxmodx\data\lang\zp_ammo_ex.txt
L 08/10/2024 - 13:44:01: [AMXX] Failed to open dictionary file: cstrike\addons\amxmodx\data\lang\grab_plus.txt
L 08/10/2024 - 13:44:02: [admin.amxx] Login: "test<1><STEAM_1:0:1404421313><>" became an admin (account "test") (access "abcdefghijklmnopqrstuv") (address "192.168.0.16")
L 08/10/2024 - 13:45:21: -------- Mapchange to zm_deko2 --------
L 08/10/2024 - 13:45:21: [AMXX] Plugin "random_donate_gun.amxx" failed to load: Plugin uses an unknown function (name "brick_dbarrel") - check your modules.ini.
L 08/10/2024 - 13:45:23: [AMXX] Failed to open dictionary file: cstrike\addons\amxmodx\data\lang\zp_ammo_ex.txt
L 08/10/2024 - 13:45:23: [AMXX] Failed to open dictionary file: cstrike\addons\amxmodx\data\lang\grab_plus.txt
L 08/10/2024 - 13:45:24: [admin.amxx] Login: "test<1><STEAM_1:0:1404421313><>" became an admin (account "test") (access "abcdefghijklmnopqrstuv") (address "192.168.0.16")
L 08/10/2024 - 13:48:38: -------- Mapchange to zm_deko2 --------
L 08/10/2024 - 13:48:38: [AMXX] Plugin "random_donate_gun.amxx" failed to load: Plugin uses an unknown function (name "brick_dbarrel") - check your modules.ini.
L 08/10/2024 - 13:48:41: [AMXX] Failed to open dictionary file: cstrike\addons\amxmodx\data\lang\zp_ammo_ex.txt
L 08/10/2024 - 13:48:41: [AMXX] Failed to open dictionary file: cstrike\addons\amxmodx\data\lang\grab_plus.txt
L 08/10/2024 - 13:48:41: [admin.amxx] Login: "test<1><STEAM_1:0:1404421313><>" became an admin (account "test") (access "abcdefghijklmnopqrstuv") (address "192.168.0.16")
L 08/10/2024 - 13:56:51: -------- Mapchange to zm_deko2 --------
L 08/10/2024 - 13:56:51: [AMXX] Plugin "random_donate_gun.amxx" failed to load: Plugin uses an unknown function (name "brick_dbarrel") - check your modules.ini.
L 08/10/2024 - 13:56:54: [AMXX] Failed to open dictionary file: cstrike\addons\amxmodx\data\lang\zp_ammo_ex.txt
L 08/10/2024 - 13:56:54: [AMXX] Failed to open dictionary file: cstrike\addons\amxmodx\data\lang\grab_plus.txt
L 08/10/2024 - 13:56:54: [admin.amxx] Login: "test<1><STEAM_1:0:1404421313><>" became an admin (account "test") (access "abcdefghijklmnopqrstuv") (address "192.168.0.16")
L 08/10/2024 - 14:04:44: -------- Mapchange to zm_deko2 --------
L 08/10/2024 - 14:04:45: [AMXX] Plugin "random_donate_gun.amxx" failed to load: Plugin uses an unknown function (name "brick_dbarrel") - check your modules.ini.
L 08/10/2024 - 14:04:47: [AMXX] Failed to open dictionary file: cstrike\addons\amxmodx\data\lang\zp_ammo_ex.txt
L 08/10/2024 - 14:04:47: [AMXX] Failed to open dictionary file: cstrike\addons\amxmodx\data\lang\grab_plus.txt
L 08/10/2024 - 14:04:48: [admin.amxx] Login: "test<1><STEAM_1:0:1404421313><>" became an admin (account "test") (access "abcdefghijklmnopqrstuv") (address "192.168.0.16")
L 08/10/2024 - 14:09:55: -------- Mapchange to zm_deko2 --------
L 08/10/2024 - 14:09:55: [AMXX] Plugin "random_donate_gun.amxx" failed to load: Plugin uses an unknown function (name "brick_dbarrel") - check your modules.ini.
L 08/10/2024 - 14:09:57: [AMXX] Failed to open dictionary file: cstrike\addons\amxmodx\data\lang\zp_ammo_ex.txt
L 08/10/2024 - 14:09:57: [AMXX] Failed to open dictionary file: cstrike\addons\amxmodx\data\lang\grab_plus.txt
L 08/10/2024 - 14:09:58: [admin.amxx] Login: "test<1><STEAM_1:0:1404421313><>" became an admin (account "test") (access "abcdefghijklmnopqrstuv") (address "192.168.0.16")
L 08/10/2024 - 14:11:46: -------- Mapchange to zm_deko2 --------
L 08/10/2024 - 14:11:46: [AMXX] Plugin "random_donate_gun.amxx" failed to load: Plugin uses an unknown function (name "brick_dbarrel") - check your modules.ini.
L 08/10/2024 - 14:11:48: [AMXX] Failed to open dictionary file: cstrike\addons\amxmodx\data\lang\zp_ammo_ex.txt
L 08/10/2024 - 14:11:48: [AMXX] Failed to open dictionary file: cstrike\addons\amxmodx\data\lang\grab_plus.txt
L 08/10/2024 - 14:11:49: [admin.amxx] Login: "test<1><STEAM_1:0:1404421313><>" became an admin (account "test") (access "abcdefghijklmnopqrstuv") (address "192.168.0.16")
L 08/10/2024 - 14:14:40: -------- Mapchange to zm_deko2 --------
L 08/10/2024 - 14:14:40: [AMXX] Plugin "random_donate_gun.amxx" failed to load: Plugin uses an unknown function (name "brick_dbarrel") - check your modules.ini.
L 08/10/2024 - 14:14:42: [AMXX] Failed to open dictionary file: cstrike\addons\amxmodx\data\lang\zp_ammo_ex.txt
L 08/10/2024 - 14:14:42: [AMXX] Failed to open dictionary file: cstrike\addons\amxmodx\data\lang\grab_plus.txt
L 08/10/2024 - 14:14:43: [admin.amxx] Login: "test<1><STEAM_1:0:1404421313><>" became an admin (account "test") (access "abcdefghijklmnopqrstuv") (address "192.168.0.16")
L 08/10/2024 - 14:16:15: -------- Mapchange to zm_deko2 --------
L 08/10/2024 - 14:16:15: [AMXX] Plugin "random_donate_gun.amxx" failed to load: Plugin uses an unknown function (name "brick_dbarrel") - check your modules.ini.
L 08/10/2024 - 14:16:16: [AMXX] Failed to open dictionary file: cstrike\addons\amxmodx\data\lang\zp_ammo_ex.txt
L 08/10/2024 - 14:16:16: [AMXX] Failed to open dictionary file: cstrike\addons\amxmodx\data\lang\grab_plus.txt
L 08/10/2024 - 14:16:17: [admin.amxx] Login: "test<1><STEAM_1:0:1404421313><>" became an admin (account "test") (access "abcdefghijklmnopqrstuv") (address "192.168.0.16")
L 08/10/2024 - 14:21:24: -------- Mapchange to zm_deko2 --------
L 08/10/2024 - 14:21:24: [AMXX] Plugin "random_donate_gun.amxx" failed to load: Plugin uses an unknown function (name "brick_dbarrel") - check your modules.ini.
L 08/10/2024 - 14:21:27: [AMXX] Failed to open dictionary file: cstrike\addons\amxmodx\data\lang\zp_ammo_ex.txt
L 08/10/2024 - 14:21:27: [AMXX] Failed to open dictionary file: cstrike\addons\amxmodx\data\lang\grab_plus.txt
L 08/10/2024 - 14:21:27: [admin.amxx] Login: "test<1><STEAM_1:0:1404421313><>" became an admin (account "test") (access "abcdefghijklmnopqrstuv") (address "192.168.0.16")
L 08/10/2024 - 14:31:10: -------- Mapchange to zm_deko2 --------
L 08/10/2024 - 14:31:11: [AMXX] Plugin "random_donate_gun.amxx" failed to load: Plugin uses an unknown function (name "brick_dbarrel") - check your modules.ini.
L 08/10/2024 - 14:31:13: [AMXX] Failed to open dictionary file: cstrike\addons\amxmodx\data\lang\zp_ammo_ex.txt
L 08/10/2024 - 14:31:13: [AMXX] Failed to open dictionary file: cstrike\addons\amxmodx\data\lang\grab_plus.txt
L 08/10/2024 - 14:31:14: [admin.amxx] Login: "test<1><STEAM_1:0:1404421313><>" became an admin (account "test") (access "abcdefghijklmnopqrstuv") (address "192.168.0.16")
L 08/10/2024 - 14:34:52: -------- Mapchange to zm_deko2 --------
L 08/10/2024 - 14:34:52: [AMXX] Plugin "random_donate_gun.amxx" failed to load: Plugin uses an unknown function (name "brick_dbarrel") - check your modules.ini.
L 08/10/2024 - 14:34:54: [AMXX] Failed to open dictionary file: cstrike\addons\amxmodx\data\lang\zp_ammo_ex.txt
L 08/10/2024 - 14:34:54: [AMXX] Failed to open dictionary file: cstrike\addons\amxmodx\data\lang\grab_plus.txt
L 08/10/2024 - 14:34:54: [admin.amxx] Login: "test<1><STEAM_1:0:1404421313><>" became an admin (account "test") (access "abcdefghijklmnopqrstuv") (address "192.168.0.16")
L 08/10/2024 - 14:37:27: -------- Mapchange to zm_deko2 --------
L 08/10/2024 - 14:37:27: [AMXX] Plugin "random_donate_gun.amxx" failed to load: Plugin uses an unknown function (name "brick_dbarrel") - check your modules.ini.
L 08/10/2024 - 14:37:29: [AMXX] Failed to open dictionary file: cstrike\addons\amxmodx\data\lang\zp_ammo_ex.txt
L 08/10/2024 - 14:37:29: [AMXX] Failed to open dictionary file: cstrike\addons\amxmodx\data\lang\grab_plus.txt
L 08/10/2024 - 14:37:29: [admin.amxx] Login: "test<1><STEAM_1:0:1404421313><>" became an admin (account "test") (access "abcdefghijklmnopqrstuv") (address "192.168.0.16")
L 08/10/2024 - 14:39:24: -------- Mapchange to zm_deko2 --------
L 08/10/2024 - 14:39:24: [CSX] Could not load csstats file: cstrike\
L 08/10/2024 - 14:39:24: [AMXX] Plugin "random_donate_gun.amxx" failed to load: Plugin uses an unknown function (name "brick_dbarrel") - check your modules.ini.
L 08/10/2024 - 14:39:26: [AMXX] Failed to open dictionary file: cstrike\addons\amxmodx\data\lang\zp_ammo_ex.txt
L 08/10/2024 - 14:39:26: New section, unterminated block (file "cstrike\addons\amxmodx\data\lang\nademodes.txt" key "NADE_HTML :" lang "da")
L 08/10/2024 - 14:39:26: [AMXX] Failed to open dictionary file: cstrike\addons\amxmodx\data\lang\grab_plus.txt
L 08/10/2024 - 14:39:28: [admin.amxx] Login: "test<1><STEAM_1:0:1404421313><>" became an admin (account "test") (access "abcdefghijklmnopqrstuv") (address "192.168.0.16")
L 08/10/2024 - 14:54:19: -------- Mapchange to zm_deko2 --------
L 08/10/2024 - 14:54:19: [AMXX] Plugin "random_donate_gun.amxx" failed to load: Plugin uses an unknown function (name "brick_dbarrel") - check your modules.ini.
L 08/10/2024 - 14:54:22: [AMXX] Failed to open dictionary file: cstrike\addons\amxmodx\data\lang\zp_ammo_ex.txt
L 08/10/2024 - 14:54:22: [AMXX] Failed to open dictionary file: cstrike\addons\amxmodx\data\lang\grab_plus.txt
L 08/10/2024 - 14:54:22: [admin.amxx] Login: "test<1><STEAM_1:0:1404421313><>" became an admin (account "test") (access "abcdefghijklmnopqrstuv") (address "192.168.0.16")
L 08/10/2024 - 15:21:06: [mapchooser.amxx] Vote: Voting for the nextmap started
L 08/10/2024 - 15:21:21: [mapchooser.amxx] Vote: Voting for the nextmap finished. The nextmap will be zm_ice_attack3
L 08/10/2024 - 15:27:03: -------- Mapchange to zm_ice_attack3 --------
L 08/10/2024 - 15:27:04: [AMXX] Plugin "random_donate_gun.amxx" failed to load: Plugin uses an unknown function (name "brick_dbarrel") - check your modules.ini.
L 08/10/2024 - 15:27:06: [AMXX] Failed to open dictionary file: cstrike\addons\amxmodx\data\lang\zp_ammo_ex.txt
L 08/10/2024 - 15:27:06: [AMXX] Failed to open dictionary file: cstrike\addons\amxmodx\data\lang\grab_plus.txt
L 08/10/2024 - 15:27:07: [admin.amxx] Login: "test<1><STEAM_1:0:1404421313><>" became an admin (account "test") (access "abcdefghijklmnopqrstuv") (address "192.168.0.16")
L 08/10/2024 - 15:50:06: [mapchooser.amxx] Vote: Voting for the nextmap started
L 08/10/2024 - 15:50:21: [mapchooser.amxx] Vote: Voting for the nextmap finished. The nextmap will be zm_ice_world_2
L 08/10/2024 - 15:52:58: -------- Mapchange to zm_ice_world_2 --------
L 08/10/2024 - 15:52:59: [AMXX] Plugin "random_donate_gun.amxx" failed to load: Plugin uses an unknown function (name "brick_dbarrel") - check your modules.ini.
L 08/10/2024 - 15:53:01: [AMXX] Failed to open dictionary file: cstrike\addons\amxmodx\data\lang\zp_ammo_ex.txt
L 08/10/2024 - 15:53:01: [AMXX] Failed to open dictionary file: cstrike\addons\amxmodx\data\lang\grab_plus.txt
L 08/10/2024 - 16:04:32: -------- Mapchange to zm_ice_world_2 --------
L 08/10/2024 - 16:04:32: [AMXX] Plugin "random_donate_gun.amxx" failed to load: Plugin uses an unknown function (name "brick_dbarrel") - check your modules.ini.
L 08/10/2024 - 16:04:35: [AMXX] Failed to open dictionary file: cstrike\addons\amxmodx\data\lang\zp_ammo_ex.txt
L 08/10/2024 - 16:04:35: [AMXX] Failed to open dictionary file: cstrike\addons\amxmodx\data\lang\grab_plus.txt
L 08/10/2024 - 16:04:36: [admin.amxx] Login: "test<16><STEAM_1:0:1404421313><>" became an admin (account "test") (access "abcdefghijklmnopqrstuv") (address "192.168.0.16")
L 08/10/2024 - 16:12:07: -------- Mapchange to zm_ice_world_2 --------
L 08/10/2024 - 16:12:07: [AMXX] Plugin "random_donate_gun.amxx" failed to load: Plugin uses an unknown function (name "brick_dbarrel") - check your modules.ini.
L 08/10/2024 - 16:12:10: [AMXX] Failed to open dictionary file: cstrike\addons\amxmodx\data\lang\zp_ammo_ex.txt
L 08/10/2024 - 16:12:10: [AMXX] Failed to open dictionary file: cstrike\addons\amxmodx\data\lang\grab_plus.txt
L 08/10/2024 - 16:12:11: [admin.amxx] Login: "test<16><STEAM_1:0:1404421313><>" became an admin (account "test") (access "abcdefghijklmnopqrstuv") (address "192.168.0.16")
L 08/10/2024 - 16:14:49: -------- Mapchange to zm_deko2 --------
L 08/10/2024 - 16:14:49: [CSX] Could not load csstats file: cstrike\
L 08/10/2024 - 16:14:50: [AMXX] Plugin "random_donate_gun.amxx" failed to load: Plugin uses an unknown function (name "brick_dbarrel") - check your modules.ini.
L 08/10/2024 - 16:14:52: [AMXX] Failed to open dictionary file: cstrike\addons\amxmodx\data\lang\zp_ammo_ex.txt
L 08/10/2024 - 16:14:52: New section, unterminated block (file "cstrike\addons\amxmodx\data\lang\nademodes.txt" key "NADE_HTML :" lang "da")
L 08/10/2024 - 16:14:52: [AMXX] Failed to open dictionary file: cstrike\addons\amxmodx\data\lang\grab_plus.txt
L 08/10/2024 - 16:14:54: [admin.amxx] Login: "test<1><STEAM_1:0:1404421313><>" became an admin (account "test") (access "abcdefghijklmnopqrstuv") (address "192.168.0.16")
L 08/10/2024 - 16:15:35: -------- Mapchange to zm_deko2 --------
L 08/10/2024 - 16:15:35: [AMXX] Plugin "random_donate_gun.amxx" failed to load: Plugin uses an unknown function (name "brick_dbarrel") - check your modules.ini.
L 08/10/2024 - 16:15:38: [AMXX] Failed to open dictionary file: cstrike\addons\amxmodx\data\lang\zp_ammo_ex.txt
L 08/10/2024 - 16:15:38: [AMXX] Failed to open dictionary file: cstrike\addons\amxmodx\data\lang\grab_plus.txt
L 08/10/2024 - 16:15:38: [admin.amxx] Login: "test<1><STEAM_1:0:1404421313><>" became an admin (account "test") (access "abcdefghijklmnopqrstuv") (address "192.168.0.16")
