L 09/29/2024 - 11:56:51: -------- Mapchange to zm_fdust2x2 --------
L 09/29/2024 - 11:56:51: [CSX] Could not load csstats file: cstrike\
L 09/29/2024 - 11:56:51: [AMXX] Plugin "random_donate_gun.amxx" failed to load: Plugin uses an unknown function (name "zp_give_user_y22s3janus7") - check your modules.ini.
L 09/29/2024 - 11:56:51: [AMXX] Plugin "Krol_supadmin_menu.amxx" failed to load: Plugin uses an unknown function (name "native_spas") - check your modules.ini.
L 09/29/2024 - 11:56:51: [AMXX] Plugin "Krol_god_menu.amxx" failed to load: Plugin uses an unknown function (name "zp_give_user_y22s3janus7") - check your modules.ini.
L 09/29/2024 - 11:56:56: [admin.amxx] Login: "test<1><STEAM_1:0:1404421313><>" became an admin (account "test") (access "abcdefghijklmnopqrstuv") (address "192.168.0.11")
L 09/29/2024 - 12:05:49: -------- Mapchange to zm_fdust2x2 --------
L 09/29/2024 - 12:05:49: [AMXX] Plugin "random_donate_gun.amxx" failed to load: Plugin uses an unknown function (name "zp_give_user_y22s3janus7") - check your modules.ini.
L 09/29/2024 - 12:05:49: [AMXX] Plugin "Krol_supadmin_menu.amxx" failed to load: Plugin uses an unknown function (name "native_spas") - check your modules.ini.
L 09/29/2024 - 12:05:49: [AMXX] Plugin "Krol_god_menu.amxx" failed to load: Plugin uses an unknown function (name "zp_give_user_y22s3janus7") - check your modules.ini.
L 09/29/2024 - 12:05:51: [admin.amxx] Login: "test<1><STEAM_1:0:1404421313><>" became an admin (account "test") (access "abcdefghijklmnopqrstuv") (address "192.168.0.11")
L 09/29/2024 - 12:06:40: -------- Mapchange to zm_fdust2x2 --------
L 09/29/2024 - 12:06:40: [AMXX] Plugin "random_donate_gun.amxx" failed to load: Plugin uses an unknown function (name "zp_give_user_y22s3janus7") - check your modules.ini.
L 09/29/2024 - 12:06:40: [AMXX] Plugin "Krol_supadmin_menu.amxx" failed to load: Plugin uses an unknown function (name "native_spas") - check your modules.ini.
L 09/29/2024 - 12:06:40: [AMXX] Plugin "Krol_god_menu.amxx" failed to load: Plugin uses an unknown function (name "zp_give_user_y22s3janus7") - check your modules.ini.
L 09/29/2024 - 12:06:41: [admin.amxx] Login: "test<1><STEAM_1:0:1404421313><>" became an admin (account "test") (access "abcdefghijklmnopqrstuv") (address "192.168.0.11")
L 09/29/2024 - 12:07:11: -------- Mapchange to zm_fdust2x2 --------
L 09/29/2024 - 12:07:11: [AMXX] Plugin "random_donate_gun.amxx" failed to load: Plugin uses an unknown function (name "zp_give_user_y22s3janus7") - check your modules.ini.
L 09/29/2024 - 12:07:11: [AMXX] Plugin "Krol_supadmin_menu.amxx" failed to load: Plugin uses an unknown function (name "native_spas") - check your modules.ini.
L 09/29/2024 - 12:07:11: [AMXX] Plugin "Krol_god_menu.amxx" failed to load: Plugin uses an unknown function (name "zp_give_user_y22s3janus7") - check your modules.ini.
L 09/29/2024 - 12:07:13: [admin.amxx] Login: "test<1><STEAM_1:0:1404421313><>" became an admin (account "test") (access "abcdefghijklmnopqrstuv") (address "192.168.0.11")
L 09/29/2024 - 12:11:57: -------- Mapchange to zm_fdust2x2 --------
L 09/29/2024 - 12:11:58: [AMXX] Plugin "random_donate_gun.amxx" failed to load: Plugin uses an unknown function (name "zp_give_user_y22s3janus7") - check your modules.ini.
L 09/29/2024 - 12:11:58: [AMXX] Plugin "Krol_supadmin_menu.amxx" failed to load: Plugin uses an unknown function (name "native_spas") - check your modules.ini.
L 09/29/2024 - 12:11:58: [AMXX] Plugin "Krol_god_menu.amxx" failed to load: Plugin uses an unknown function (name "zp_give_user_y22s3janus7") - check your modules.ini.
L 09/29/2024 - 12:11:59: [admin.amxx] Login: "test<1><STEAM_1:0:1404421313><>" became an admin (account "test") (access "abcdefghijklmnopqrstuv") (address "192.168.0.11")
L 09/29/2024 - 12:16:32: -------- Mapchange to zm_fdust2x2 --------
L 09/29/2024 - 12:16:32: [AMXX] Plugin "random_donate_gun.amxx" failed to load: Plugin uses an unknown function (name "zp_give_user_y22s3janus7") - check your modules.ini.
L 09/29/2024 - 12:16:32: [AMXX] Plugin "Krol_supadmin_menu.amxx" failed to load: Plugin uses an unknown function (name "native_spas") - check your modules.ini.
L 09/29/2024 - 12:16:32: [AMXX] Plugin "Krol_god_menu.amxx" failed to load: Plugin uses an unknown function (name "zp_give_user_y22s3janus7") - check your modules.ini.
L 09/29/2024 - 12:16:33: [admin.amxx] Login: "test<1><STEAM_1:0:1404421313><>" became an admin (account "test") (access "abcdefghijklmnopqrstuv") (address "192.168.0.11")
L 09/29/2024 - 12:18:03: -------- Mapchange to zm_fdust2x2 --------
L 09/29/2024 - 12:18:03: [AMXX] Plugin "random_donate_gun.amxx" failed to load: Plugin uses an unknown function (name "zp_give_user_y22s3janus7") - check your modules.ini.
L 09/29/2024 - 12:18:03: [AMXX] Plugin "Krol_supadmin_menu.amxx" failed to load: Plugin uses an unknown function (name "native_spas") - check your modules.ini.
L 09/29/2024 - 12:18:03: [AMXX] Plugin "Krol_god_menu.amxx" failed to load: Plugin uses an unknown function (name "zp_give_user_y22s3janus7") - check your modules.ini.
L 09/29/2024 - 12:18:04: [admin.amxx] Login: "test<1><STEAM_1:0:1404421313><>" became an admin (account "test") (access "abcdefghijklmnopqrstuv") (address "192.168.0.11")
L 09/29/2024 - 12:20:28: -------- Mapchange to zm_fdust2x2 --------
L 09/29/2024 - 12:20:28: [AMXX] Plugin "random_donate_gun.amxx" failed to load: Plugin uses an unknown function (name "zp_give_user_y22s3janus7") - check your modules.ini.
L 09/29/2024 - 12:20:28: [AMXX] Plugin "Krol_supadmin_menu.amxx" failed to load: Plugin uses an unknown function (name "native_spas") - check your modules.ini.
L 09/29/2024 - 12:20:28: [AMXX] Plugin "Krol_god_menu.amxx" failed to load: Plugin uses an unknown function (name "zp_give_user_y22s3janus7") - check your modules.ini.
L 09/29/2024 - 12:20:30: [admin.amxx] Login: "test<1><STEAM_1:0:1404421313><>" became an admin (account "test") (access "abcdefghijklmnopqrstuv") (address "192.168.0.11")
L 09/29/2024 - 12:21:54: -------- Mapchange to zm_fdust2x2 --------
L 09/29/2024 - 12:21:54: [AMXX] Plugin "random_donate_gun.amxx" failed to load: Plugin uses an unknown function (name "zp_give_user_y22s3janus7") - check your modules.ini.
L 09/29/2024 - 12:21:54: [AMXX] Plugin "Krol_supadmin_menu.amxx" failed to load: Plugin uses an unknown function (name "native_spas") - check your modules.ini.
L 09/29/2024 - 12:21:54: [AMXX] Plugin "Krol_god_menu.amxx" failed to load: Plugin uses an unknown function (name "zp_give_user_y22s3janus7") - check your modules.ini.
L 09/29/2024 - 12:21:56: [admin.amxx] Login: "test<1><STEAM_1:0:1404421313><>" became an admin (account "test") (access "abcdefghijklmnopqrstuv") (address "192.168.0.11")
L 09/29/2024 - 12:24:31: -------- Mapchange to zm_fdust2x2 --------
L 09/29/2024 - 12:24:31: [AMXX] Plugin "random_donate_gun.amxx" failed to load: Plugin uses an unknown function (name "zp_give_user_y22s3janus7") - check your modules.ini.
L 09/29/2024 - 12:24:31: [AMXX] Plugin "Krol_supadmin_menu.amxx" failed to load: Plugin uses an unknown function (name "native_spas") - check your modules.ini.
L 09/29/2024 - 12:24:31: [AMXX] Plugin "Krol_god_menu.amxx" failed to load: Plugin uses an unknown function (name "zp_give_user_y22s3janus7") - check your modules.ini.
L 09/29/2024 - 12:24:32: [admin.amxx] Login: "test<1><STEAM_1:0:1404421313><>" became an admin (account "test") (access "abcdefghijklmnopqrstuv") (address "192.168.0.11")
L 09/29/2024 - 12:27:08: -------- Mapchange to zm_fdust2x2 --------
L 09/29/2024 - 12:27:09: [AMXX] Plugin "random_donate_gun.amxx" failed to load: Plugin uses an unknown function (name "zp_give_user_y22s3janus7") - check your modules.ini.
L 09/29/2024 - 12:27:09: [AMXX] Plugin "Krol_supadmin_menu.amxx" failed to load: Plugin uses an unknown function (name "native_spas") - check your modules.ini.
L 09/29/2024 - 12:27:09: [AMXX] Plugin "Krol_god_menu.amxx" failed to load: Plugin uses an unknown function (name "zp_give_user_y22s3janus7") - check your modules.ini.
L 09/29/2024 - 12:27:10: [admin.amxx] Login: "test<1><STEAM_1:0:1404421313><>" became an admin (account "test") (access "abcdefghijklmnopqrstuv") (address "192.168.0.11")
L 09/29/2024 - 12:29:03: -------- Mapchange to zm_fdust2x2 --------
L 09/29/2024 - 12:29:03: [AMXX] Plugin "random_donate_gun.amxx" failed to load: Plugin uses an unknown function (name "zp_give_user_y22s3janus7") - check your modules.ini.
L 09/29/2024 - 12:29:03: [AMXX] Plugin "Krol_supadmin_menu.amxx" failed to load: Plugin uses an unknown function (name "native_spas") - check your modules.ini.
L 09/29/2024 - 12:29:03: [AMXX] Plugin "Krol_god_menu.amxx" failed to load: Plugin uses an unknown function (name "zp_give_user_y22s3janus7") - check your modules.ini.
L 09/29/2024 - 12:29:05: [admin.amxx] Login: "test<1><STEAM_1:0:1404421313><>" became an admin (account "test") (access "abcdefghijklmnopqrstuv") (address "192.168.0.11")
L 09/29/2024 - 12:30:31: -------- Mapchange to zm_fdust2x2 --------
L 09/29/2024 - 12:30:32: [AMXX] Plugin "random_donate_gun.amxx" failed to load: Plugin uses an unknown function (name "zp_give_user_y22s3janus7") - check your modules.ini.
L 09/29/2024 - 12:30:32: [AMXX] Plugin "Krol_supadmin_menu.amxx" failed to load: Plugin uses an unknown function (name "native_spas") - check your modules.ini.
L 09/29/2024 - 12:30:32: [AMXX] Plugin "Krol_god_menu.amxx" failed to load: Plugin uses an unknown function (name "zp_give_user_y22s3janus7") - check your modules.ini.
L 09/29/2024 - 12:30:33: [admin.amxx] Login: "test<1><STEAM_1:0:1404421313><>" became an admin (account "test") (access "abcdefghijklmnopqrstuv") (address "192.168.0.11")
L 09/29/2024 - 12:33:51: -------- Mapchange to zm_fdust2x2 --------
L 09/29/2024 - 12:33:51: [AMXX] Plugin "random_donate_gun.amxx" failed to load: Plugin uses an unknown function (name "zp_give_user_y22s3janus7") - check your modules.ini.
L 09/29/2024 - 12:33:51: [AMXX] Plugin "Krol_supadmin_menu.amxx" failed to load: Plugin uses an unknown function (name "native_spas") - check your modules.ini.
L 09/29/2024 - 12:33:51: [AMXX] Plugin "Krol_god_menu.amxx" failed to load: Plugin uses an unknown function (name "zp_give_user_y22s3janus7") - check your modules.ini.
L 09/29/2024 - 12:33:52: [admin.amxx] Login: "test<1><STEAM_1:0:1404421313><>" became an admin (account "test") (access "abcdefghijklmnopqrstuv") (address "192.168.0.11")
L 09/29/2024 - 12:51:32: -------- Mapchange to zm_fdust2x2 --------
L 09/29/2024 - 12:51:32: [AMXX] Plugin "random_donate_gun.amxx" failed to load: Plugin uses an unknown function (name "zp_give_user_y22s3janus7") - check your modules.ini.
L 09/29/2024 - 12:51:32: [AMXX] Plugin "Krol_supadmin_menu.amxx" failed to load: Plugin uses an unknown function (name "native_spas") - check your modules.ini.
L 09/29/2024 - 12:51:32: [AMXX] Plugin "Krol_god_menu.amxx" failed to load: Plugin uses an unknown function (name "zp_give_user_y22s3janus7") - check your modules.ini.
L 09/29/2024 - 12:51:34: [admin.amxx] Login: "test<1><STEAM_1:0:1404421313><>" became an admin (account "test") (access "abcdefghijklmnopqrstuv") (address "192.168.0.11")
L 09/29/2024 - 12:53:16: -------- Mapchange to zm_fdust2x2 --------
L 09/29/2024 - 12:53:16: [AMXX] Plugin "random_donate_gun.amxx" failed to load: Plugin uses an unknown function (name "zp_give_user_y22s3janus7") - check your modules.ini.
L 09/29/2024 - 12:53:16: [AMXX] Plugin "Krol_supadmin_menu.amxx" failed to load: Plugin uses an unknown function (name "native_spas") - check your modules.ini.
L 09/29/2024 - 12:53:16: [AMXX] Plugin "Krol_god_menu.amxx" failed to load: Plugin uses an unknown function (name "zp_give_user_y22s3janus7") - check your modules.ini.
L 09/29/2024 - 12:53:18: [admin.amxx] Login: "test<1><STEAM_1:0:1404421313><>" became an admin (account "test") (access "abcdefghijklmnopqrstuv") (address "192.168.0.11")
L 09/29/2024 - 12:54:28: -------- Mapchange to zm_fdust2x2 --------
L 09/29/2024 - 12:54:28: [AMXX] Plugin "random_donate_gun.amxx" failed to load: Plugin uses an unknown function (name "zp_give_user_y22s3janus7") - check your modules.ini.
L 09/29/2024 - 12:54:28: [AMXX] Plugin "Krol_supadmin_menu.amxx" failed to load: Plugin uses an unknown function (name "native_spas") - check your modules.ini.
L 09/29/2024 - 12:54:28: [AMXX] Plugin "Krol_god_menu.amxx" failed to load: Plugin uses an unknown function (name "zp_give_user_y22s3janus7") - check your modules.ini.
L 09/29/2024 - 12:54:30: [admin.amxx] Login: "test<1><STEAM_1:0:1404421313><>" became an admin (account "test") (access "abcdefghijklmnopqrstuv") (address "192.168.0.11")
L 09/29/2024 - 12:56:55: -------- Mapchange to zm_fdust2x2 --------
L 09/29/2024 - 12:56:55: [AMXX] Plugin "random_donate_gun.amxx" failed to load: Plugin uses an unknown function (name "zp_give_user_y22s3janus7") - check your modules.ini.
L 09/29/2024 - 12:56:55: [AMXX] Plugin "Krol_supadmin_menu.amxx" failed to load: Plugin uses an unknown function (name "native_spas") - check your modules.ini.
L 09/29/2024 - 12:56:55: [AMXX] Plugin "Krol_god_menu.amxx" failed to load: Plugin uses an unknown function (name "zp_give_user_y22s3janus7") - check your modules.ini.
L 09/29/2024 - 12:56:56: [admin.amxx] Login: "test<1><STEAM_1:0:1404421313><>" became an admin (account "test") (access "abcdefghijklmnopqrstuv") (address "192.168.0.11")
L 09/29/2024 - 12:58:13: -------- Mapchange to zm_fdust2x2 --------
L 09/29/2024 - 12:58:13: [AMXX] Plugin "random_donate_gun.amxx" failed to load: Plugin uses an unknown function (name "zp_give_user_y22s3janus7") - check your modules.ini.
L 09/29/2024 - 12:58:13: [AMXX] Plugin "Krol_supadmin_menu.amxx" failed to load: Plugin uses an unknown function (name "native_spas") - check your modules.ini.
L 09/29/2024 - 12:58:13: [AMXX] Plugin "Krol_god_menu.amxx" failed to load: Plugin uses an unknown function (name "zp_give_user_y22s3janus7") - check your modules.ini.
L 09/29/2024 - 12:58:15: [admin.amxx] Login: "test<1><STEAM_1:0:1404421313><>" became an admin (account "test") (access "abcdefghijklmnopqrstuv") (address "192.168.0.11")
L 09/29/2024 - 12:59:19: -------- Mapchange to zm_fdust2x2 --------
L 09/29/2024 - 12:59:19: [AMXX] Plugin "random_donate_gun.amxx" failed to load: Plugin uses an unknown function (name "zp_give_user_y22s3janus7") - check your modules.ini.
L 09/29/2024 - 12:59:19: [AMXX] Plugin "Krol_supadmin_menu.amxx" failed to load: Plugin uses an unknown function (name "native_spas") - check your modules.ini.
L 09/29/2024 - 12:59:19: [AMXX] Plugin "Krol_god_menu.amxx" failed to load: Plugin uses an unknown function (name "zp_give_user_y22s3janus7") - check your modules.ini.
L 09/29/2024 - 12:59:21: [admin.amxx] Login: "test<1><STEAM_1:0:1404421313><>" became an admin (account "test") (access "abcdefghijklmnopqrstuv") (address "192.168.0.11")
L 09/29/2024 - 13:00:29: -------- Mapchange to zm_fdust2x2 --------
L 09/29/2024 - 13:00:29: [AMXX] Plugin "random_donate_gun.amxx" failed to load: Plugin uses an unknown function (name "zp_give_user_y22s3janus7") - check your modules.ini.
L 09/29/2024 - 13:00:29: [AMXX] Plugin "Krol_supadmin_menu.amxx" failed to load: Plugin uses an unknown function (name "native_spas") - check your modules.ini.
L 09/29/2024 - 13:00:29: [AMXX] Plugin "Krol_god_menu.amxx" failed to load: Plugin uses an unknown function (name "zp_give_user_y22s3janus7") - check your modules.ini.
L 09/29/2024 - 13:00:31: [admin.amxx] Login: "test<1><STEAM_1:0:1404421313><>" became an admin (account "test") (access "abcdefghijklmnopqrstuv") (address "192.168.0.11")
L 09/29/2024 - 13:16:07: -------- Mapchange to zm_fdust2x2 --------
L 09/29/2024 - 13:16:07: [AMXX] Plugin "random_donate_gun.amxx" failed to load: Plugin uses an unknown function (name "zp_give_user_y22s3janus7") - check your modules.ini.
L 09/29/2024 - 13:16:07: [AMXX] Plugin "Krol_supadmin_menu.amxx" failed to load: Plugin uses an unknown function (name "native_spas") - check your modules.ini.
L 09/29/2024 - 13:16:07: [AMXX] Plugin "Krol_god_menu.amxx" failed to load: Plugin uses an unknown function (name "zp_give_user_y22s3janus7") - check your modules.ini.
L 09/29/2024 - 13:16:08: [admin.amxx] Login: "test<1><STEAM_1:0:1404421313><>" became an admin (account "test") (access "abcdefghijklmnopqrstuv") (address "192.168.0.11")
L 09/29/2024 - 13:18:08: -------- Mapchange to zm_fdust2x2 --------
L 09/29/2024 - 13:18:08: [AMXX] Plugin "random_donate_gun.amxx" failed to load: Plugin uses an unknown function (name "zp_give_user_y22s3janus7") - check your modules.ini.
L 09/29/2024 - 13:18:08: [AMXX] Plugin "Krol_supadmin_menu.amxx" failed to load: Plugin uses an unknown function (name "native_spas") - check your modules.ini.
L 09/29/2024 - 13:18:08: [AMXX] Plugin "Krol_god_menu.amxx" failed to load: Plugin uses an unknown function (name "zp_give_user_y22s3janus7") - check your modules.ini.
L 09/29/2024 - 13:18:10: [admin.amxx] Login: "test<1><STEAM_1:0:1404421313><>" became an admin (account "test") (access "abcdefghijklmnopqrstuv") (address "192.168.0.11")
L 09/29/2024 - 13:19:06: -------- Mapchange to zm_fdust2x2 --------
L 09/29/2024 - 13:19:06: [AMXX] Plugin "random_donate_gun.amxx" failed to load: Plugin uses an unknown function (name "zp_give_user_y22s3janus7") - check your modules.ini.
L 09/29/2024 - 13:19:06: [AMXX] Plugin "Krol_supadmin_menu.amxx" failed to load: Plugin uses an unknown function (name "native_spas") - check your modules.ini.
L 09/29/2024 - 13:19:06: [AMXX] Plugin "Krol_god_menu.amxx" failed to load: Plugin uses an unknown function (name "zp_give_user_y22s3janus7") - check your modules.ini.
L 09/29/2024 - 13:19:07: [admin.amxx] Login: "test<1><STEAM_1:0:1404421313><>" became an admin (account "test") (access "abcdefghijklmnopqrstuv") (address "192.168.0.11")
L 09/29/2024 - 13:19:56: -------- Mapchange to zm_fdust2x2 --------
L 09/29/2024 - 13:19:56: [AMXX] Plugin "random_donate_gun.amxx" failed to load: Plugin uses an unknown function (name "zp_give_user_y22s3janus7") - check your modules.ini.
L 09/29/2024 - 13:19:56: [AMXX] Plugin "Krol_supadmin_menu.amxx" failed to load: Plugin uses an unknown function (name "native_spas") - check your modules.ini.
L 09/29/2024 - 13:19:56: [AMXX] Plugin "Krol_god_menu.amxx" failed to load: Plugin uses an unknown function (name "zp_give_user_y22s3janus7") - check your modules.ini.
L 09/29/2024 - 13:19:57: [admin.amxx] Login: "test<1><STEAM_1:0:1404421313><>" became an admin (account "test") (access "abcdefghijklmnopqrstuv") (address "192.168.0.11")
L 09/29/2024 - 13:21:43: -------- Mapchange to zm_fdust2x2 --------
L 09/29/2024 - 13:21:43: [AMXX] Plugin "random_donate_gun.amxx" failed to load: Plugin uses an unknown function (name "zp_give_user_y22s3janus7") - check your modules.ini.
L 09/29/2024 - 13:21:43: [AMXX] Plugin "Krol_supadmin_menu.amxx" failed to load: Plugin uses an unknown function (name "native_spas") - check your modules.ini.
L 09/29/2024 - 13:21:43: [AMXX] Plugin "Krol_god_menu.amxx" failed to load: Plugin uses an unknown function (name "zp_give_user_y22s3janus7") - check your modules.ini.
L 09/29/2024 - 13:21:45: [admin.amxx] Login: "test<1><STEAM_1:0:1404421313><>" became an admin (account "test") (access "abcdefghijklmnopqrstuv") (address "192.168.0.11")
L 09/29/2024 - 13:24:04: -------- Mapchange to zm_fdust2x2 --------
L 09/29/2024 - 13:24:04: [AMXX] Plugin "random_donate_gun.amxx" failed to load: Plugin uses an unknown function (name "zp_give_user_y22s3janus7") - check your modules.ini.
L 09/29/2024 - 13:24:04: [AMXX] Plugin "Krol_supadmin_menu.amxx" failed to load: Plugin uses an unknown function (name "native_spas") - check your modules.ini.
L 09/29/2024 - 13:24:04: [AMXX] Plugin "Krol_god_menu.amxx" failed to load: Plugin uses an unknown function (name "zp_give_user_y22s3janus7") - check your modules.ini.
L 09/29/2024 - 13:24:06: [admin.amxx] Login: "test<1><STEAM_1:0:1404421313><>" became an admin (account "test") (access "abcdefghijklmnopqrstuv") (address "192.168.0.11")
L 09/29/2024 - 13:25:08: -------- Mapchange to zm_fdust2x2 --------
L 09/29/2024 - 13:25:08: [AMXX] Plugin "random_donate_gun.amxx" failed to load: Plugin uses an unknown function (name "zp_give_user_y22s3janus7") - check your modules.ini.
L 09/29/2024 - 13:25:08: [AMXX] Plugin "Krol_supadmin_menu.amxx" failed to load: Plugin uses an unknown function (name "native_spas") - check your modules.ini.
L 09/29/2024 - 13:25:08: [AMXX] Plugin "Krol_god_menu.amxx" failed to load: Plugin uses an unknown function (name "zp_give_user_y22s3janus7") - check your modules.ini.
L 09/29/2024 - 13:25:09: [admin.amxx] Login: "test<1><STEAM_1:0:1404421313><>" became an admin (account "test") (access "abcdefghijklmnopqrstuv") (address "192.168.0.11")
L 09/29/2024 - 13:48:38: [mapchooser.amxx] Vote: Voting for the nextmap started
L 09/29/2024 - 13:48:53: [mapchooser.amxx] Vote: Voting for the nextmap finished. The nextmap will be zm_caca
L 09/29/2024 - 13:51:32: -------- Mapchange to zm_caca --------
L 09/29/2024 - 13:51:32: [AMXX] Plugin "random_donate_gun.amxx" failed to load: Plugin uses an unknown function (name "zp_give_user_y22s3janus7") - check your modules.ini.
L 09/29/2024 - 13:51:32: [AMXX] Plugin "Krol_supadmin_menu.amxx" failed to load: Plugin uses an unknown function (name "native_spas") - check your modules.ini.
L 09/29/2024 - 13:51:32: [AMXX] Plugin "Krol_god_menu.amxx" failed to load: Plugin uses an unknown function (name "zp_give_user_y22s3janus7") - check your modules.ini.
L 09/29/2024 - 14:14:33: [mapchooser.amxx] Vote: Voting for the nextmap started
L 09/29/2024 - 14:14:48: [mapchooser.amxx] Vote: Voting for the nextmap finished. The nextmap will be zm_snow_attack_dd
L 09/29/2024 - 14:17:35: -------- Mapchange to zm_snow_attack_dd --------
L 09/29/2024 - 14:17:35: [AMXX] Plugin "random_donate_gun.amxx" failed to load: Plugin uses an unknown function (name "zp_give_user_y22s3janus7") - check your modules.ini.
L 09/29/2024 - 14:17:35: [AMXX] Plugin "Krol_supadmin_menu.amxx" failed to load: Plugin uses an unknown function (name "native_spas") - check your modules.ini.
L 09/29/2024 - 14:17:35: [AMXX] Plugin "Krol_god_menu.amxx" failed to load: Plugin uses an unknown function (name "zp_give_user_y22s3janus7") - check your modules.ini.
L 09/29/2024 - 14:40:36: [mapchooser.amxx] Vote: Voting for the nextmap started
L 09/29/2024 - 14:40:51: [mapchooser.amxx] Vote: Voting for the nextmap finished. The nextmap will be zm_pis2
L 09/29/2024 - 14:43:38: -------- Mapchange to zm_pis2 --------
L 09/29/2024 - 14:43:38: [AMXX] Plugin "random_donate_gun.amxx" failed to load: Plugin uses an unknown function (name "zp_give_user_y22s3janus7") - check your modules.ini.
L 09/29/2024 - 14:43:38: [AMXX] Plugin "Krol_supadmin_menu.amxx" failed to load: Plugin uses an unknown function (name "native_spas") - check your modules.ini.
L 09/29/2024 - 14:43:38: [AMXX] Plugin "Krol_god_menu.amxx" failed to load: Plugin uses an unknown function (name "zp_give_user_y22s3janus7") - check your modules.ini.
L 09/29/2024 - 14:47:00: -------- Mapchange to zm_pis2 --------
L 09/29/2024 - 14:47:00: [AMXX] Plugin "random_donate_gun.amxx" failed to load: Plugin uses an unknown function (name "zp_give_user_y22s3janus7") - check your modules.ini.
L 09/29/2024 - 14:47:00: [AMXX] Plugin "Krol_supadmin_menu.amxx" failed to load: Plugin uses an unknown function (name "native_spas") - check your modules.ini.
L 09/29/2024 - 14:47:00: [AMXX] Plugin "Krol_god_menu.amxx" failed to load: Plugin uses an unknown function (name "zp_give_user_y22s3janus7") - check your modules.ini.
L 09/29/2024 - 14:47:10: [admin.amxx] Login: "test<172><STEAM_1:0:1404421313><>" became an admin (account "test") (access "abcdefghijklmnopqrstuv") (address "192.168.0.11")
L 09/29/2024 - 14:48:48: -------- Mapchange to zm_pis2 --------
L 09/29/2024 - 14:48:48: [AMXX] Plugin "random_donate_gun.amxx" failed to load: Plugin uses an unknown function (name "zp_give_user_y22s3janus7") - check your modules.ini.
L 09/29/2024 - 14:48:48: [AMXX] Plugin "Krol_supadmin_menu.amxx" failed to load: Plugin uses an unknown function (name "native_spas") - check your modules.ini.
L 09/29/2024 - 14:48:48: [AMXX] Plugin "Krol_god_menu.amxx" failed to load: Plugin uses an unknown function (name "zp_give_user_y22s3janus7") - check your modules.ini.
L 09/29/2024 - 14:48:50: [admin.amxx] Login: "test<172><STEAM_1:0:1404421313><>" became an admin (account "test") (access "abcdefghijklmnopqrstuv") (address "192.168.0.11")
L 09/29/2024 - 14:50:39: -------- Mapchange to zm_pis2 --------
L 09/29/2024 - 14:50:39: [AMXX] Plugin "random_donate_gun.amxx" failed to load: Plugin uses an unknown function (name "zp_give_user_y22s3janus7") - check your modules.ini.
L 09/29/2024 - 14:50:39: [AMXX] Plugin "Krol_supadmin_menu.amxx" failed to load: Plugin uses an unknown function (name "native_spas") - check your modules.ini.
L 09/29/2024 - 14:50:39: [AMXX] Plugin "Krol_god_menu.amxx" failed to load: Plugin uses an unknown function (name "zp_give_user_y22s3janus7") - check your modules.ini.
L 09/29/2024 - 14:50:40: [admin.amxx] Login: "test<172><STEAM_1:0:1404421313><>" became an admin (account "test") (access "abcdefghijklmnopqrstuv") (address "192.168.0.11")
L 09/29/2024 - 14:58:49: -------- Mapchange to zm_fdust2x2 --------
L 09/29/2024 - 14:58:49: [CSX] Could not load csstats file: cstrike\
L 09/29/2024 - 14:58:49: [AMXX] Plugin "random_donate_gun.amxx" failed to load: Plugin uses an unknown function (name "zp_give_user_y22s3janus7") - check your modules.ini.
L 09/29/2024 - 14:58:49: [AMXX] Plugin "Krol_supadmin_menu.amxx" failed to load: Plugin uses an unknown function (name "native_spas") - check your modules.ini.
L 09/29/2024 - 14:58:49: [AMXX] Plugin "Krol_god_menu.amxx" failed to load: Plugin uses an unknown function (name "zp_give_user_y22s3janus7") - check your modules.ini.
L 09/29/2024 - 14:58:55: [admin.amxx] Login: "test<1><STEAM_1:0:1404421313><>" became an admin (account "test") (access "abcdefghijklmnopqrstuv") (address "192.168.0.11")
L 09/29/2024 - 15:22:05: [mapchooser.amxx] Vote: Voting for the nextmap started
L 09/29/2024 - 15:22:20: [mapchooser.amxx] Vote: Voting for the nextmap finished. The nextmap will be zm_zero_blood
L 09/29/2024 - 15:24:59: -------- Mapchange to zm_zero_blood --------
L 09/29/2024 - 15:24:59: [AMXX] Plugin "random_donate_gun.amxx" failed to load: Plugin uses an unknown function (name "zp_give_user_y22s3janus7") - check your modules.ini.
L 09/29/2024 - 15:24:59: [AMXX] Plugin "Krol_supadmin_menu.amxx" failed to load: Plugin uses an unknown function (name "native_spas") - check your modules.ini.
L 09/29/2024 - 15:24:59: [AMXX] Plugin "Krol_god_menu.amxx" failed to load: Plugin uses an unknown function (name "zp_give_user_y22s3janus7") - check your modules.ini.
L 09/29/2024 - 15:48:00: [mapchooser.amxx] Vote: Voting for the nextmap started
L 09/29/2024 - 15:48:15: [mapchooser.amxx] Vote: Voting for the nextmap finished. The nextmap will be zm_hungary_2017_final
L 09/29/2024 - 15:51:02: -------- Mapchange to zm_hungary_2017_final --------
L 09/29/2024 - 15:51:02: [AMXX] Plugin "random_donate_gun.amxx" failed to load: Plugin uses an unknown function (name "zp_give_user_y22s3janus7") - check your modules.ini.
L 09/29/2024 - 15:51:02: [AMXX] Plugin "Krol_supadmin_menu.amxx" failed to load: Plugin uses an unknown function (name "native_spas") - check your modules.ini.
L 09/29/2024 - 15:51:02: [AMXX] Plugin "Krol_god_menu.amxx" failed to load: Plugin uses an unknown function (name "zp_give_user_y22s3janus7") - check your modules.ini.
L 09/29/2024 - 16:14:03: [mapchooser.amxx] Vote: Voting for the nextmap started
L 09/29/2024 - 16:14:18: [mapchooser.amxx] Vote: Voting for the nextmap finished. The nextmap will be zm_base_human_lg_new_v2
L 09/29/2024 - 16:17:05: -------- Mapchange to zm_base_human_lg_new_v2 --------
L 09/29/2024 - 16:17:05: [AMXX] Plugin "random_donate_gun.amxx" failed to load: Plugin uses an unknown function (name "zp_give_user_y22s3janus7") - check your modules.ini.
L 09/29/2024 - 16:17:05: [AMXX] Plugin "Krol_supadmin_menu.amxx" failed to load: Plugin uses an unknown function (name "native_spas") - check your modules.ini.
L 09/29/2024 - 16:17:05: [AMXX] Plugin "Krol_god_menu.amxx" failed to load: Plugin uses an unknown function (name "zp_give_user_y22s3janus7") - check your modules.ini.
L 09/29/2024 - 16:40:06: [mapchooser.amxx] Vote: Voting for the nextmap started
L 09/29/2024 - 16:40:21: [mapchooser.amxx] Vote: Voting for the nextmap finished. The nextmap will be zm_creative
L 09/29/2024 - 16:43:08: -------- Mapchange to zm_creative --------
L 09/29/2024 - 16:43:08: [AMXX] Plugin "random_donate_gun.amxx" failed to load: Plugin uses an unknown function (name "zp_give_user_y22s3janus7") - check your modules.ini.
L 09/29/2024 - 16:43:08: [AMXX] Plugin "Krol_supadmin_menu.amxx" failed to load: Plugin uses an unknown function (name "native_spas") - check your modules.ini.
L 09/29/2024 - 16:43:08: [AMXX] Plugin "Krol_god_menu.amxx" failed to load: Plugin uses an unknown function (name "zp_give_user_y22s3janus7") - check your modules.ini.
L 09/29/2024 - 17:06:09: [mapchooser.amxx] Vote: Voting for the nextmap started
L 09/29/2024 - 17:06:24: [mapchooser.amxx] Vote: Voting for the nextmap finished. The nextmap will be zm_dust_world
L 09/29/2024 - 17:09:11: -------- Mapchange to zm_dust_world --------
L 09/29/2024 - 17:09:11: [AMXX] Plugin "random_donate_gun.amxx" failed to load: Plugin uses an unknown function (name "zp_give_user_y22s3janus7") - check your modules.ini.
L 09/29/2024 - 17:09:11: [AMXX] Plugin "Krol_supadmin_menu.amxx" failed to load: Plugin uses an unknown function (name "native_spas") - check your modules.ini.
L 09/29/2024 - 17:09:11: [AMXX] Plugin "Krol_god_menu.amxx" failed to load: Plugin uses an unknown function (name "zp_give_user_y22s3janus7") - check your modules.ini.
