L 07/11/2024 - 07:04:50: [GEOIP] Database info: GEO-106FREE 20080801 Build 1 Copyright (c) 2007 MaxMind LLC All Rights Reserved
L 07/11/2024 - 07:04:50: -------- Mapchange to zm_deko2 --------
L 07/11/2024 - 07:04:51: [AMXX] Failed to open dictionary file: cstrike\addons\amxmodx\data\lang\zp_ammo_ex.txt
L 07/11/2024 - 07:04:51: [AMXX] Failed to open dictionary file: cstrike\addons\amxmodx\data\lang\grab_plus.txt
L 07/11/2024 - 07:04:51: [AMXX] Failed to open dictionary file: cstrike\addons\amxmodx\data\lang\LaserMines.txt
L 07/11/2024 - 07:05:59: [admin.amxx] Login: "unnamed<10><STEAM_1:0:1404421313><>" became an admin (account "unnamed") (access "abcdefghijklmnopqrstu") (address "172.20.10.2")
L 07/11/2024 - 07:21:02: [GEOIP] Database info: GEO-106FREE 20080801 Build 1 Copyright (c) 2007 MaxMind LLC All Rights Reserved
L 07/11/2024 - 07:21:02: -------- Mapchange to zm_deko2 --------
L 07/11/2024 - 07:21:03: [AMXX] Failed to open dictionary file: cstrike\addons\amxmodx\data\lang\zp_ammo_ex.txt
L 07/11/2024 - 07:21:03: [AMXX] Failed to open dictionary file: cstrike\addons\amxmodx\data\lang\grab_plus.txt
L 07/11/2024 - 07:21:03: [AMXX] Failed to open dictionary file: cstrike\addons\amxmodx\data\lang\LaserMines.txt
L 07/11/2024 - 07:21:23: [admin.amxx] Login: "unnamed<8><STEAM_1:0:1404421313><>" became an admin (account "unnamed") (access "abcdefghijklmnopqrstu") (address "172.20.10.2")
L 07/11/2024 - 07:23:20: [GEOIP] Database info: GEO-106FREE 20080801 Build 1 Copyright (c) 2007 MaxMind LLC All Rights Reserved
L 07/11/2024 - 07:23:20: -------- Mapchange to zm_deko2 --------
L 07/11/2024 - 07:23:20: [AMXX] Failed to open dictionary file: cstrike\addons\amxmodx\data\lang\zp_ammo_ex.txt
L 07/11/2024 - 07:23:20: [AMXX] Failed to open dictionary file: cstrike\addons\amxmodx\data\lang\grab_plus.txt
L 07/11/2024 - 07:23:20: [AMXX] Failed to open dictionary file: cstrike\addons\amxmodx\data\lang\LaserMines.txt
L 07/11/2024 - 07:23:25: [admin.amxx] Login: "unnamed<1><STEAM_1:0:1404421313><>" became an admin (account "unnamed") (access "abcdefghijklmnopqrstu") (address "172.20.10.2")
L 07/11/2024 - 07:24:31: [GEOIP] Database info: GEO-106FREE 20080801 Build 1 Copyright (c) 2007 MaxMind LLC All Rights Reserved
L 07/11/2024 - 07:24:31: -------- Mapchange to zm_deko2 --------
L 07/11/2024 - 07:24:32: [AMXX] Failed to open dictionary file: cstrike\addons\amxmodx\data\lang\zp_ammo_ex.txt
L 07/11/2024 - 07:24:32: [AMXX] Failed to open dictionary file: cstrike\addons\amxmodx\data\lang\grab_plus.txt
L 07/11/2024 - 07:24:32: [AMXX] Failed to open dictionary file: cstrike\addons\amxmodx\data\lang\LaserMines.txt
L 07/11/2024 - 07:24:35: [admin.amxx] Login: "unnamed<1><STEAM_1:0:1404421313><>" became an admin (account "unnamed") (access "abcdefghijklmnopqrstu") (address "172.20.10.2")
L 07/11/2024 - 07:25:59: [GEOIP] Database info: GEO-106FREE 20080801 Build 1 Copyright (c) 2007 MaxMind LLC All Rights Reserved
L 07/11/2024 - 07:25:59: -------- Mapchange to zm_deko2 --------
L 07/11/2024 - 07:26:00: [AMXX] Failed to open dictionary file: cstrike\addons\amxmodx\data\lang\zp_ammo_ex.txt
L 07/11/2024 - 07:26:00: [AMXX] Failed to open dictionary file: cstrike\addons\amxmodx\data\lang\grab_plus.txt
L 07/11/2024 - 07:26:00: [AMXX] Failed to open dictionary file: cstrike\addons\amxmodx\data\lang\LaserMines.txt
L 07/11/2024 - 07:26:06: [admin.amxx] Login: "unnamed<4><STEAM_1:0:1404421313><>" became an admin (account "unnamed") (access "abcdefghijklmnopqrstu") (address "172.20.10.2")
L 07/11/2024 - 07:29:25: [GEOIP] Database info: GEO-106FREE 20080801 Build 1 Copyright (c) 2007 MaxMind LLC All Rights Reserved
L 07/11/2024 - 07:29:26: -------- Mapchange to zm_deko2 --------
L 07/11/2024 - 07:29:26: [AMXX] Failed to open dictionary file: cstrike\addons\amxmodx\data\lang\zp_ammo_ex.txt
L 07/11/2024 - 07:29:26: [AMXX] Failed to open dictionary file: cstrike\addons\amxmodx\data\lang\grab_plus.txt
L 07/11/2024 - 07:29:26: [AMXX] Failed to open dictionary file: cstrike\addons\amxmodx\data\lang\LaserMines.txt
L 07/11/2024 - 07:29:36: [admin.amxx] Login: "unnamed<8><STEAM_1:0:1404421313><>" became an admin (account "unnamed") (access "abcdefghijklmnopqrstu") (address "172.20.10.2")
L 07/11/2024 - 07:58:14: [GEOIP] Database info: GEO-106FREE 20080801 Build 1 Copyright (c) 2007 MaxMind LLC All Rights Reserved
L 07/11/2024 - 07:58:14: -------- Mapchange to zm_deko2 --------
L 07/11/2024 - 07:58:15: [AMXX] Failed to open dictionary file: cstrike\addons\amxmodx\data\lang\zp_ammo_ex.txt
L 07/11/2024 - 07:58:15: [AMXX] Failed to open dictionary file: cstrike\addons\amxmodx\data\lang\grab_plus.txt
L 07/11/2024 - 07:58:15: [AMXX] Failed to open dictionary file: cstrike\addons\amxmodx\data\lang\LaserMines.txt
L 07/11/2024 - 07:58:17: [admin.amxx] Login: "unnamed<1><STEAM_1:0:1404421313><>" became an admin (account "unnamed") (access "abcdefghijklmnopqrstu") (address "172.20.10.2")
L 07/11/2024 - 07:58:59: [GEOIP] Database info: GEO-106FREE 20080801 Build 1 Copyright (c) 2007 MaxMind LLC All Rights Reserved
L 07/11/2024 - 07:58:59: -------- Mapchange to zm_deko2 --------
L 07/11/2024 - 07:58:59: [AMXX] Failed to open dictionary file: cstrike\addons\amxmodx\data\lang\zp_ammo_ex.txt
L 07/11/2024 - 07:58:59: [AMXX] Failed to open dictionary file: cstrike\addons\amxmodx\data\lang\grab_plus.txt
L 07/11/2024 - 07:58:59: [AMXX] Failed to open dictionary file: cstrike\addons\amxmodx\data\lang\LaserMines.txt
L 07/11/2024 - 07:59:09: [admin.amxx] Login: "unnamed<8><STEAM_1:0:1404421313><>" became an admin (account "unnamed") (access "abcdefghijklmnopqrstu") (address "172.20.10.2")
L 07/11/2024 - 08:01:37: [GEOIP] Database info: GEO-106FREE 20080801 Build 1 Copyright (c) 2007 MaxMind LLC All Rights Reserved
L 07/11/2024 - 08:01:37: -------- Mapchange to zm_deko2 --------
L 07/11/2024 - 08:01:37: [AMXX] Failed to open dictionary file: cstrike\addons\amxmodx\data\lang\zp_ammo_ex.txt
L 07/11/2024 - 08:01:37: [AMXX] Failed to open dictionary file: cstrike\addons\amxmodx\data\lang\grab_plus.txt
L 07/11/2024 - 08:01:38: [AMXX] Failed to open dictionary file: cstrike\addons\amxmodx\data\lang\LaserMines.txt
L 07/11/2024 - 08:01:41: [admin.amxx] Login: "unnamed<1><STEAM_1:0:1404421313><>" became an admin (account "unnamed") (access "abcdefghijklmnopqrstu") (address "172.20.10.2")
L 07/11/2024 - 08:08:05: [GEOIP] Database info: GEO-106FREE 20080801 Build 1 Copyright (c) 2007 MaxMind LLC All Rights Reserved
L 07/11/2024 - 08:08:05: -------- Mapchange to zm_deko2 --------
L 07/11/2024 - 08:08:06: [AMXX] Failed to open dictionary file: cstrike\addons\amxmodx\data\lang\zp_ammo_ex.txt
L 07/11/2024 - 08:08:06: [AMXX] Failed to open dictionary file: cstrike\addons\amxmodx\data\lang\grab_plus.txt
L 07/11/2024 - 08:08:14: [admin.amxx] Login: "unnamed<8><STEAM_1:0:1404421313><>" became an admin (account "unnamed") (access "abcdefghijklmnopqrstu") (address "172.20.10.2")
L 07/11/2024 - 08:09:28: [GEOIP] Database info: GEO-106FREE 20080801 Build 1 Copyright (c) 2007 MaxMind LLC All Rights Reserved
L 07/11/2024 - 08:09:29: -------- Mapchange to zm_deko2 --------
L 07/11/2024 - 08:09:29: [AMXX] Failed to open dictionary file: cstrike\addons\amxmodx\data\lang\zp_ammo_ex.txt
L 07/11/2024 - 08:09:29: [AMXX] Failed to open dictionary file: cstrike\addons\amxmodx\data\lang\grab_plus.txt
L 07/11/2024 - 08:09:33: [admin.amxx] Login: "unnamed<1><STEAM_1:0:1404421313><>" became an admin (account "unnamed") (access "abcdefghijklmnopqrstu") (address "172.20.10.2")
L 07/11/2024 - 08:10:02: [GEOIP] Database info: GEO-106FREE 20080801 Build 1 Copyright (c) 2007 MaxMind LLC All Rights Reserved
L 07/11/2024 - 08:10:02: -------- Mapchange to zm_deko2 --------
L 07/11/2024 - 08:10:03: [AMXX] Failed to open dictionary file: cstrike\addons\amxmodx\data\lang\zp_ammo_ex.txt
L 07/11/2024 - 08:10:03: [AMXX] Failed to open dictionary file: cstrike\addons\amxmodx\data\lang\grab_plus.txt
L 07/11/2024 - 08:10:03: [AMXX] Failed to open dictionary file: cstrike\addons\amxmodx\data\lang\LaserMines.txt
L 07/11/2024 - 08:10:06: [admin.amxx] Login: "unnamed<1><STEAM_1:0:1404421313><>" became an admin (account "unnamed") (access "abcdefghijklmnopqrstu") (address "172.20.10.2")
L 07/11/2024 - 08:12:49: [GEOIP] Database info: GEO-106FREE 20080801 Build 1 Copyright (c) 2007 MaxMind LLC All Rights Reserved
L 07/11/2024 - 08:12:49: -------- Mapchange to zm_deko2 --------
L 07/11/2024 - 08:12:50: [AMXX] Failed to open dictionary file: cstrike\addons\amxmodx\data\lang\zp_ammo_ex.txt
L 07/11/2024 - 08:12:50: [AMXX] Failed to open dictionary file: cstrike\addons\amxmodx\data\lang\grab_plus.txt
L 07/11/2024 - 08:13:05: [GEOIP] Database info: GEO-106FREE 20080801 Build 1 Copyright (c) 2007 MaxMind LLC All Rights Reserved
L 07/11/2024 - 08:13:05: -------- Mapchange to zm_deko2 --------
L 07/11/2024 - 08:13:05: [AMXX] Failed to open dictionary file: cstrike\addons\amxmodx\data\lang\zp_ammo_ex.txt
L 07/11/2024 - 08:13:05: [AMXX] Failed to open dictionary file: cstrike\addons\amxmodx\data\lang\grab_plus.txt
L 07/11/2024 - 08:13:45: [admin.amxx] Login: "unnamed<8><STEAM_1:0:1404421313><>" became an admin (account "unnamed") (access "abcdefghijklmnopqrstu") (address "172.20.10.2")
L 07/11/2024 - 08:14:42: [GEOIP] Database info: GEO-106FREE 20080801 Build 1 Copyright (c) 2007 MaxMind LLC All Rights Reserved
L 07/11/2024 - 08:14:42: -------- Mapchange to zm_deko2 --------
L 07/11/2024 - 08:14:43: [AMXX] Failed to open dictionary file: cstrike\addons\amxmodx\data\lang\zp_ammo_ex.txt
L 07/11/2024 - 08:14:43: [AMXX] Failed to open dictionary file: cstrike\addons\amxmodx\data\lang\grab_plus.txt
L 07/11/2024 - 08:14:43: [AMXX] Failed to open dictionary file: cstrike\addons\amxmodx\data\lang\LaserMines.txt
L 07/11/2024 - 08:14:46: [admin.amxx] Login: "unnamed<1><STEAM_1:0:1404421313><>" became an admin (account "unnamed") (access "abcdefghijklmnopqrstu") (address "172.20.10.2")
L 07/11/2024 - 08:35:13: [GEOIP] Database info: GEO-106FREE 20080801 Build 1 Copyright (c) 2007 MaxMind LLC All Rights Reserved
L 07/11/2024 - 08:35:13: -------- Mapchange to zm_deko2 --------
L 07/11/2024 - 08:35:13: [AMXX] Failed to open dictionary file: cstrike\addons\amxmodx\data\lang\zp_ammo_ex.txt
L 07/11/2024 - 08:35:13: [AMXX] Failed to open dictionary file: cstrike\addons\amxmodx\data\lang\grab_plus.txt
L 07/11/2024 - 08:35:13: [AMXX] Failed to open dictionary file: cstrike\addons\amxmodx\data\lang\LaserMines.txt
L 07/11/2024 - 08:35:18: [admin.amxx] Login: "unnamed<1><STEAM_1:0:1404421313><>" became an admin (account "unnamed") (access "abcdefghijklmnopqrstu") (address "172.20.10.2")
L 07/11/2024 - 08:59:32: [GEOIP] Database info: GEO-106FREE 20080801 Build 1 Copyright (c) 2007 MaxMind LLC All Rights Reserved
L 07/11/2024 - 08:59:32: -------- Mapchange to zm_deko2 --------
L 07/11/2024 - 08:59:33: [AMXX] Failed to open dictionary file: cstrike\addons\amxmodx\data\lang\zp_ammo_ex.txt
L 07/11/2024 - 08:59:33: [AMXX] Failed to open dictionary file: cstrike\addons\amxmodx\data\lang\grab_plus.txt
L 07/11/2024 - 08:59:33: [AMXX] Failed to open dictionary file: cstrike\addons\amxmodx\data\lang\LaserMines.txt
L 07/11/2024 - 08:59:40: [admin.amxx] Login: "unnamed<6><STEAM_1:0:1404421313><>" became an admin (account "unnamed") (access "abcdefghijklmnopqrstu") (address "172.20.10.2")
L 07/11/2024 - 09:02:04: [GEOIP] Database info: GEO-106FREE 20080801 Build 1 Copyright (c) 2007 MaxMind LLC All Rights Reserved
L 07/11/2024 - 09:02:04: -------- Mapchange to zm_deko2 --------
L 07/11/2024 - 09:02:32: [GEOIP] Database info: GEO-106FREE 20080801 Build 1 Copyright (c) 2007 MaxMind LLC All Rights Reserved
L 07/11/2024 - 09:02:32: -------- Mapchange to zm_deko2 --------
L 07/11/2024 - 09:02:32: [AMXX] Failed to open dictionary file: cstrike\addons\amxmodx\data\lang\zp_ammo_ex.txt
L 07/11/2024 - 09:02:32: [AMXX] Failed to open dictionary file: cstrike\addons\amxmodx\data\lang\grab_plus.txt
L 07/11/2024 - 09:02:32: [AMXX] Failed to open dictionary file: cstrike\addons\amxmodx\data\lang\LaserMines.txt
L 07/11/2024 - 09:02:35: [admin.amxx] Login: "unnamed<1><STEAM_1:0:1404421313><>" became an admin (account "unnamed") (access "abcdefghijklmnopqrstu") (address "172.20.10.2")
L 07/11/2024 - 09:59:56: [GEOIP] Database info: GEO-106FREE 20080801 Build 1 Copyright (c) 2007 MaxMind LLC All Rights Reserved
L 07/11/2024 - 09:59:56: -------- Mapchange to zm_deko2 --------
L 07/11/2024 - 09:59:56: [AMXX] Failed to open dictionary file: cstrike\addons\amxmodx\data\lang\zp_ammo_ex.txt
L 07/11/2024 - 09:59:56: [AMXX] Failed to open dictionary file: cstrike\addons\amxmodx\data\lang\grab_plus.txt
L 07/11/2024 - 09:59:56: [AMXX] Failed to open dictionary file: cstrike\addons\amxmodx\data\lang\LaserMines.txt
L 07/11/2024 - 10:00:00: [admin.amxx] Login: "unnamed<1><STEAM_1:0:1404421313><>" became an admin (account "unnamed") (access "abcdefghijklmnopqrstu") (address "172.20.10.2")
L 07/11/2024 - 10:04:31: [GEOIP] Database info: GEO-106FREE 20080801 Build 1 Copyright (c) 2007 MaxMind LLC All Rights Reserved
L 07/11/2024 - 10:04:31: -------- Mapchange to zm_deko2 --------
L 07/11/2024 - 10:04:31: [AMXX] Failed to open dictionary file: cstrike\addons\amxmodx\data\lang\zp_ammo_ex.txt
L 07/11/2024 - 10:04:31: [AMXX] Failed to open dictionary file: cstrike\addons\amxmodx\data\lang\grab_plus.txt
L 07/11/2024 - 10:04:31: [AMXX] Failed to open dictionary file: cstrike\addons\amxmodx\data\lang\LaserMines.txt
L 07/11/2024 - 10:04:34: [admin.amxx] Login: "unnamed<1><STEAM_1:0:1404421313><>" became an admin (account "unnamed") (access "abcdefghijklmnopqrstu") (address "172.20.10.2")
L 07/11/2024 - 10:15:03: [GEOIP] Database info: GEO-106FREE 20080801 Build 1 Copyright (c) 2007 MaxMind LLC All Rights Reserved
L 07/11/2024 - 10:15:03: -------- Mapchange to zm_deko2 --------
L 07/11/2024 - 10:15:04: [AMXX] Failed to open dictionary file: cstrike\addons\amxmodx\data\lang\zp_ammo_ex.txt
L 07/11/2024 - 10:15:04: [AMXX] Failed to open dictionary file: cstrike\addons\amxmodx\data\lang\grab_plus.txt
L 07/11/2024 - 10:15:04: [AMXX] Failed to open dictionary file: cstrike\addons\amxmodx\data\lang\LaserMines.txt
L 07/11/2024 - 10:15:08: [admin.amxx] Login: "unnamed<1><STEAM_1:0:1404421313><>" became an admin (account "unnamed") (access "abcdefghijklmnopqrstu") (address "172.20.10.2")
L 07/11/2024 - 10:20:39: [GEOIP] Database info: GEO-106FREE 20080801 Build 1 Copyright (c) 2007 MaxMind LLC All Rights Reserved
L 07/11/2024 - 10:20:39: -------- Mapchange to zm_deko2 --------
L 07/11/2024 - 10:20:40: [AMXX] Failed to open dictionary file: cstrike\addons\amxmodx\data\lang\zp_ammo_ex.txt
L 07/11/2024 - 10:20:40: [AMXX] Failed to open dictionary file: cstrike\addons\amxmodx\data\lang\grab_plus.txt
L 07/11/2024 - 10:20:40: [AMXX] Failed to open dictionary file: cstrike\addons\amxmodx\data\lang\LaserMines.txt
L 07/11/2024 - 10:20:51: [admin.amxx] Login: "unnamed<8><STEAM_1:0:1404421313><>" became an admin (account "unnamed") (access "abcdefghijklmnopqrstu") (address "172.20.10.2")
L 07/11/2024 - 10:30:33: [GEOIP] Database info: GEO-106FREE 20080801 Build 1 Copyright (c) 2007 MaxMind LLC All Rights Reserved
L 07/11/2024 - 10:30:33: -------- Mapchange to zm_deko2 --------
L 07/11/2024 - 10:30:34: [AMXX] Failed to open dictionary file: cstrike\addons\amxmodx\data\lang\zp_ammo_ex.txt
L 07/11/2024 - 10:30:34: [AMXX] Failed to open dictionary file: cstrike\addons\amxmodx\data\lang\grab_plus.txt
L 07/11/2024 - 10:30:34: [AMXX] Failed to open dictionary file: cstrike\addons\amxmodx\data\lang\LaserMines.txt
L 07/11/2024 - 10:30:36: [admin.amxx] Login: "unnamed<1><STEAM_1:0:1404421313><>" became an admin (account "unnamed") (access "abcdefghijklmnopqrstu") (address "172.20.10.2")
L 07/11/2024 - 10:31:31: [admin.amxx] Login: "unnamed<10><STEAM_1:0:1404421313><>" became an admin (account "unnamed") (access "abcdefghijklmnopqrstu") (address "172.20.10.2")
L 07/11/2024 - 10:32:47: [GEOIP] Database info: GEO-106FREE 20080801 Build 1 Copyright (c) 2007 MaxMind LLC All Rights Reserved
L 07/11/2024 - 10:32:47: -------- Mapchange to zm_deko2 --------
L 07/11/2024 - 10:32:48: [AMXX] Failed to open dictionary file: cstrike\addons\amxmodx\data\lang\zp_ammo_ex.txt
L 07/11/2024 - 10:32:48: [AMXX] Failed to open dictionary file: cstrike\addons\amxmodx\data\lang\grab_plus.txt
L 07/11/2024 - 10:32:48: [AMXX] Failed to open dictionary file: cstrike\addons\amxmodx\data\lang\LaserMines.txt
L 07/11/2024 - 10:32:57: [GEOIP] Database info: GEO-106FREE 20080801 Build 1 Copyright (c) 2007 MaxMind LLC All Rights Reserved
L 07/11/2024 - 10:32:58: -------- Mapchange to zm_deko2 --------
L 07/11/2024 - 10:32:58: [AMXX] Failed to open dictionary file: cstrike\addons\amxmodx\data\lang\zp_ammo_ex.txt
L 07/11/2024 - 10:32:58: [AMXX] Failed to open dictionary file: cstrike\addons\amxmodx\data\lang\grab_plus.txt
L 07/11/2024 - 10:32:58: [AMXX] Failed to open dictionary file: cstrike\addons\amxmodx\data\lang\LaserMines.txt
L 07/11/2024 - 10:33:00: [admin.amxx] Login: "unnamed<1><STEAM_1:0:1404421313><>" became an admin (account "unnamed") (access "abcdefghijklmnopqrstu") (address "172.20.10.2")
L 07/11/2024 - 10:33:47: [GEOIP] Database info: GEO-106FREE 20080801 Build 1 Copyright (c) 2007 MaxMind LLC All Rights Reserved
L 07/11/2024 - 10:33:47: -------- Mapchange to zm_deko2 --------
L 07/11/2024 - 10:33:47: [AMXX] Failed to open dictionary file: cstrike\addons\amxmodx\data\lang\zp_ammo_ex.txt
L 07/11/2024 - 10:33:47: [AMXX] Failed to open dictionary file: cstrike\addons\amxmodx\data\lang\grab_plus.txt
L 07/11/2024 - 10:33:47: [AMXX] Failed to open dictionary file: cstrike\addons\amxmodx\data\lang\LaserMines.txt
L 07/11/2024 - 10:33:51: [admin.amxx] Login: "unnamed<1><STEAM_1:0:1404421313><>" became an admin (account "unnamed") (access "abcdefghijklmnopqrstu") (address "172.20.10.2")
L 07/11/2024 - 10:37:54: [GEOIP] Database info: GEO-106FREE 20080801 Build 1 Copyright (c) 2007 MaxMind LLC All Rights Reserved
L 07/11/2024 - 10:37:54: -------- Mapchange to zm_deko2 --------
L 07/11/2024 - 10:37:55: [AMXX] Failed to open dictionary file: cstrike\addons\amxmodx\data\lang\zp_ammo_ex.txt
L 07/11/2024 - 10:37:55: [AMXX] Failed to open dictionary file: cstrike\addons\amxmodx\data\lang\grab_plus.txt
L 07/11/2024 - 10:37:55: [AMXX] Failed to open dictionary file: cstrike\addons\amxmodx\data\lang\LaserMines.txt
L 07/11/2024 - 10:37:58: [admin.amxx] Login: "unnamed<1><STEAM_1:0:1404421313><>" became an admin (account "unnamed") (access "abcdefghijklmnopqrstu") (address "172.20.10.2")
L 07/11/2024 - 10:51:03: [GEOIP] Database info: GEO-106FREE 20080801 Build 1 Copyright (c) 2007 MaxMind LLC All Rights Reserved
L 07/11/2024 - 10:51:03: -------- Mapchange to zm_deko2 --------
L 07/11/2024 - 10:51:03: [AMXX] Failed to open dictionary file: cstrike\addons\amxmodx\data\lang\zp_ammo_ex.txt
L 07/11/2024 - 10:51:03: [AMXX] Failed to open dictionary file: cstrike\addons\amxmodx\data\lang\grab_plus.txt
L 07/11/2024 - 10:51:03: [AMXX] Failed to open dictionary file: cstrike\addons\amxmodx\data\lang\LaserMines.txt
L 07/11/2024 - 10:51:06: [admin.amxx] Login: "unnamed<1><STEAM_1:0:1404421313><>" became an admin (account "unnamed") (access "abcdefghijklmnopqrstu") (address "172.20.10.2")
L 07/11/2024 - 10:57:52: [GEOIP] Database info: GEO-106FREE 20080801 Build 1 Copyright (c) 2007 MaxMind LLC All Rights Reserved
L 07/11/2024 - 10:57:52: -------- Mapchange to zm_deko2 --------
L 07/11/2024 - 10:57:52: [AMXX] Plugin "Krol_admin_menu.amxx" failed to load: Plugin uses an unknown function (name "give_weapon_jetpack") - check your modules.ini.
L 07/11/2024 - 10:57:53: [AMXX] Failed to open dictionary file: cstrike\addons\amxmodx\data\lang\zp_ammo_ex.txt
L 07/11/2024 - 10:57:53: [AMXX] Failed to open dictionary file: cstrike\addons\amxmodx\data\lang\grab_plus.txt
L 07/11/2024 - 10:57:53: [AMXX] Failed to open dictionary file: cstrike\addons\amxmodx\data\lang\LaserMines.txt
L 07/11/2024 - 10:57:57: [admin.amxx] Login: "unnamed<1><STEAM_1:0:1404421313><>" became an admin (account "unnamed") (access "abcdefghijklmnopqrstu") (address "172.20.10.2")
L 07/11/2024 - 10:58:30: [GEOIP] Database info: GEO-106FREE 20080801 Build 1 Copyright (c) 2007 MaxMind LLC All Rights Reserved
L 07/11/2024 - 10:58:30: -------- Mapchange to zm_deko2 --------
L 07/11/2024 - 10:58:31: [AMXX] Failed to open dictionary file: cstrike\addons\amxmodx\data\lang\zp_ammo_ex.txt
L 07/11/2024 - 10:58:31: [AMXX] Failed to open dictionary file: cstrike\addons\amxmodx\data\lang\grab_plus.txt
L 07/11/2024 - 10:58:31: [AMXX] Failed to open dictionary file: cstrike\addons\amxmodx\data\lang\LaserMines.txt
L 07/11/2024 - 10:58:45: [admin.amxx] Login: "unnamed<9><STEAM_1:0:1404421313><>" became an admin (account "unnamed") (access "abcdefghijklmnopqrstu") (address "172.20.10.2")
L 07/11/2024 - 10:59:38: [GEOIP] Database info: GEO-106FREE 20080801 Build 1 Copyright (c) 2007 MaxMind LLC All Rights Reserved
L 07/11/2024 - 10:59:38: -------- Mapchange to zm_deko2 --------
L 07/11/2024 - 10:59:39: [AMXX] Failed to open dictionary file: cstrike\addons\amxmodx\data\lang\zp_ammo_ex.txt
L 07/11/2024 - 10:59:39: [AMXX] Failed to open dictionary file: cstrike\addons\amxmodx\data\lang\grab_plus.txt
L 07/11/2024 - 10:59:39: [AMXX] Failed to open dictionary file: cstrike\addons\amxmodx\data\lang\LaserMines.txt
L 07/11/2024 - 10:59:41: [admin.amxx] Login: "unnamed<1><STEAM_1:0:1404421313><>" became an admin (account "unnamed") (access "abcdefghijklmnopqrstu") (address "172.20.10.2")
L 07/11/2024 - 11:05:35: [GEOIP] Database info: GEO-106FREE 20080801 Build 1 Copyright (c) 2007 MaxMind LLC All Rights Reserved
L 07/11/2024 - 11:05:35: -------- Mapchange to zm_deko2 --------
L 07/11/2024 - 11:05:36: [AMXX] Failed to open dictionary file: cstrike\addons\amxmodx\data\lang\zp_ammo_ex.txt
L 07/11/2024 - 11:05:36: [AMXX] Failed to open dictionary file: cstrike\addons\amxmodx\data\lang\grab_plus.txt
L 07/11/2024 - 11:05:36: [AMXX] Failed to open dictionary file: cstrike\addons\amxmodx\data\lang\LaserMines.txt
L 07/11/2024 - 11:05:37: [admin.amxx] Login: "unnamed<1><STEAM_1:0:1404421313><>" became an admin (account "unnamed") (access "abcdefghijklmnopqrstu") (address "172.20.10.2")
L 07/11/2024 - 11:14:32: [GEOIP] Database info: GEO-106FREE 20080801 Build 1 Copyright (c) 2007 MaxMind LLC All Rights Reserved
L 07/11/2024 - 11:14:33: -------- Mapchange to zm_deko2 --------
L 07/11/2024 - 11:14:33: [AMXX] Failed to open dictionary file: cstrike\addons\amxmodx\data\lang\zp_ammo_ex.txt
L 07/11/2024 - 11:14:33: [AMXX] Failed to open dictionary file: cstrike\addons\amxmodx\data\lang\grab_plus.txt
L 07/11/2024 - 11:14:33: [AMXX] Failed to open dictionary file: cstrike\addons\amxmodx\data\lang\LaserMines.txt
L 07/11/2024 - 11:14:35: [admin.amxx] Login: "unnamed<1><STEAM_1:0:1404421313><>" became an admin (account "unnamed") (access "abcdefghijklmnopqrstu") (address "172.20.10.2")
L 07/11/2024 - 11:28:19: [admin.amxx] Login: "unnamed<10><STEAM_1:0:1404421313><>" became an admin (account "unnamed") (access "abcdefghijklmnopqrstu") (address "172.20.10.2")
L 07/11/2024 - 11:30:45: [admin.amxx] Login: "unnamed<12><STEAM_1:0:1404421313><>" became an admin (account "unnamed") (access "abcdefghijklmnopqrstu") (address "172.20.10.2")
L 07/11/2024 - 11:32:38: [GEOIP] Database info: GEO-106FREE 20080801 Build 1 Copyright (c) 2007 MaxMind LLC All Rights Reserved
L 07/11/2024 - 11:32:38: -------- Mapchange to zm_deko2 --------
L 07/11/2024 - 11:32:39: [AMXX] Failed to open dictionary file: cstrike\addons\amxmodx\data\lang\zp_ammo_ex.txt
L 07/11/2024 - 11:32:39: [AMXX] Failed to open dictionary file: cstrike\addons\amxmodx\data\lang\grab_plus.txt
L 07/11/2024 - 11:32:39: [AMXX] Failed to open dictionary file: cstrike\addons\amxmodx\data\lang\LaserMines.txt
L 07/11/2024 - 11:32:42: [admin.amxx] Login: "unnamed<1><STEAM_1:0:1404421313><>" became an admin (account "unnamed") (access "abcdefghijklmnopqrstu") (address "172.20.10.2")
L 07/11/2024 - 11:40:29: [GEOIP] Database info: GEO-106FREE 20080801 Build 1 Copyright (c) 2007 MaxMind LLC All Rights Reserved
L 07/11/2024 - 11:40:29: -------- Mapchange to zm_deko2 --------
L 07/11/2024 - 11:40:30: [AMXX] Failed to open dictionary file: cstrike\addons\amxmodx\data\lang\zp_ammo_ex.txt
L 07/11/2024 - 11:40:30: [AMXX] Failed to open dictionary file: cstrike\addons\amxmodx\data\lang\grab_plus.txt
L 07/11/2024 - 11:40:30: [AMXX] Failed to open dictionary file: cstrike\addons\amxmodx\data\lang\LaserMines.txt
L 07/11/2024 - 11:40:32: [admin.amxx] Login: "unnamed<1><STEAM_1:0:1404421313><>" became an admin (account "unnamed") (access "abcdefghijklmnopqrstu") (address "172.20.10.2")
L 07/11/2024 - 11:45:57: [GEOIP] Database info: GEO-106FREE 20080801 Build 1 Copyright (c) 2007 MaxMind LLC All Rights Reserved
L 07/11/2024 - 11:45:57: -------- Mapchange to zm_deko2 --------
L 07/11/2024 - 11:45:58: [AMXX] Failed to open dictionary file: cstrike\addons\amxmodx\data\lang\zp_ammo_ex.txt
L 07/11/2024 - 11:45:58: [AMXX] Failed to open dictionary file: cstrike\addons\amxmodx\data\lang\grab_plus.txt
L 07/11/2024 - 11:45:58: [AMXX] Failed to open dictionary file: cstrike\addons\amxmodx\data\lang\LaserMines.txt
L 07/11/2024 - 11:45:59: [admin.amxx] Login: "unnamed<1><STEAM_1:0:1404421313><>" became an admin (account "unnamed") (access "abcdefghijklmnopqrstu") (address "172.20.10.2")
L 07/11/2024 - 11:49:01: [GEOIP] Database info: GEO-106FREE 20080801 Build 1 Copyright (c) 2007 MaxMind LLC All Rights Reserved
L 07/11/2024 - 11:49:01: -------- Mapchange to zm_deko2 --------
L 07/11/2024 - 11:49:02: [AMXX] Failed to open dictionary file: cstrike\addons\amxmodx\data\lang\zp_ammo_ex.txt
L 07/11/2024 - 11:49:02: [AMXX] Failed to open dictionary file: cstrike\addons\amxmodx\data\lang\grab_plus.txt
L 07/11/2024 - 11:49:02: [AMXX] Failed to open dictionary file: cstrike\addons\amxmodx\data\lang\LaserMines.txt
L 07/11/2024 - 11:49:03: [admin.amxx] Login: "unnamed<1><STEAM_1:0:1404421313><>" became an admin (account "unnamed") (access "abcdefghijklmnopqrstu") (address "172.20.10.2")
L 07/11/2024 - 11:50:26: [GEOIP] Database info: GEO-106FREE 20080801 Build 1 Copyright (c) 2007 MaxMind LLC All Rights Reserved
L 07/11/2024 - 11:50:26: -------- Mapchange to zm_deko2 --------
L 07/11/2024 - 11:50:27: [AMXX] Failed to open dictionary file: cstrike\addons\amxmodx\data\lang\zp_ammo_ex.txt
L 07/11/2024 - 11:50:27: [AMXX] Failed to open dictionary file: cstrike\addons\amxmodx\data\lang\grab_plus.txt
L 07/11/2024 - 11:50:27: [AMXX] Failed to open dictionary file: cstrike\addons\amxmodx\data\lang\LaserMines.txt
L 07/11/2024 - 11:50:29: [admin.amxx] Login: "unnamed<1><STEAM_1:0:1404421313><>" became an admin (account "unnamed") (access "abcdefghijklmnopqrstu") (address "172.20.10.2")
L 07/11/2024 - 12:14:00: [GEOIP] Database info: GEO-106FREE 20080801 Build 1 Copyright (c) 2007 MaxMind LLC All Rights Reserved
L 07/11/2024 - 12:14:00: -------- Mapchange to zm_deko2 --------
L 07/11/2024 - 12:14:01: [AMXX] Failed to open dictionary file: cstrike\addons\amxmodx\data\lang\zp_ammo_ex.txt
L 07/11/2024 - 12:14:01: [AMXX] Failed to open dictionary file: cstrike\addons\amxmodx\data\lang\grab_plus.txt
L 07/11/2024 - 12:14:01: [AMXX] Failed to open dictionary file: cstrike\addons\amxmodx\data\lang\LaserMines.txt
L 07/11/2024 - 12:14:50: [admin.amxx] Login: "unnamed<1><STEAM_1:0:1404421313><>" became an admin (account "unnamed") (access "abcdefghijklmnopqrstu") (address "172.20.10.2")
L 07/11/2024 - 12:15:51: [admin.amxx] Login: "unnamed<10><STEAM_1:0:1404421313><>" became an admin (account "unnamed") (access "abcdefghijklmnopqrstu") (address "172.20.10.2")
L 07/11/2024 - 12:26:06: [GEOIP] Database info: GEO-106FREE 20080801 Build 1 Copyright (c) 2007 MaxMind LLC All Rights Reserved
L 07/11/2024 - 12:26:06: -------- Mapchange to zm_deko2 --------
L 07/11/2024 - 12:26:06: [AMXX] Failed to open dictionary file: cstrike\addons\amxmodx\data\lang\zp_ammo_ex.txt
L 07/11/2024 - 12:26:06: [AMXX] Failed to open dictionary file: cstrike\addons\amxmodx\data\lang\grab_plus.txt
L 07/11/2024 - 12:26:06: [AMXX] Failed to open dictionary file: cstrike\addons\amxmodx\data\lang\LaserMines.txt
L 07/11/2024 - 12:26:09: [admin.amxx] Login: "unnamed<1><STEAM_1:0:1404421313><>" became an admin (account "unnamed") (access "abcdefghijklmnopqrstu") (address "172.20.10.2")
L 07/11/2024 - 12:27:03: [GEOIP] Database info: GEO-106FREE 20080801 Build 1 Copyright (c) 2007 MaxMind LLC All Rights Reserved
L 07/11/2024 - 12:27:03: -------- Mapchange to zm_deko2 --------
L 07/11/2024 - 12:27:04: [AMXX] Failed to open dictionary file: cstrike\addons\amxmodx\data\lang\zp_ammo_ex.txt
L 07/11/2024 - 12:27:04: [AMXX] Failed to open dictionary file: cstrike\addons\amxmodx\data\lang\grab_plus.txt
L 07/11/2024 - 12:27:04: [AMXX] Failed to open dictionary file: cstrike\addons\amxmodx\data\lang\LaserMines.txt
L 07/11/2024 - 12:28:02: [admin.amxx] Login: "unnamed<10><STEAM_1:0:1404421313><>" became an admin (account "unnamed") (access "abcdefghijklmnopqrstu") (address "172.20.10.2")
L 07/11/2024 - 12:30:43: [GEOIP] Database info: GEO-106FREE 20080801 Build 1 Copyright (c) 2007 MaxMind LLC All Rights Reserved
L 07/11/2024 - 12:30:43: -------- Mapchange to zm_deko2 --------
L 07/11/2024 - 12:30:43: [AMXX] Failed to open dictionary file: cstrike\addons\amxmodx\data\lang\zp_ammo_ex.txt
L 07/11/2024 - 12:30:43: [AMXX] Failed to open dictionary file: cstrike\addons\amxmodx\data\lang\grab_plus.txt
L 07/11/2024 - 12:30:43: [AMXX] Failed to open dictionary file: cstrike\addons\amxmodx\data\lang\LaserMines.txt
L 07/11/2024 - 12:30:46: [admin.amxx] Login: "unnamed<1><STEAM_1:0:1404421313><>" became an admin (account "unnamed") (access "abcdefghijklmnopqrstu") (address "172.20.10.2")
L 07/11/2024 - 12:32:16: [GEOIP] Database info: GEO-106FREE 20080801 Build 1 Copyright (c) 2007 MaxMind LLC All Rights Reserved
L 07/11/2024 - 12:32:16: -------- Mapchange to zm_deko2 --------
L 07/11/2024 - 12:32:16: [AMXX] Failed to open dictionary file: cstrike\addons\amxmodx\data\lang\zp_ammo_ex.txt
L 07/11/2024 - 12:32:16: [AMXX] Failed to open dictionary file: cstrike\addons\amxmodx\data\lang\grab_plus.txt
L 07/11/2024 - 12:32:16: [AMXX] Failed to open dictionary file: cstrike\addons\amxmodx\data\lang\LaserMines.txt
L 07/11/2024 - 12:32:23: [admin.amxx] Login: "unnamed<4><STEAM_1:0:1404421313><>" became an admin (account "unnamed") (access "abcdefghijklmnopqrstu") (address "172.20.10.2")
L 07/11/2024 - 12:36:33: [GEOIP] Database info: GEO-106FREE 20080801 Build 1 Copyright (c) 2007 MaxMind LLC All Rights Reserved
L 07/11/2024 - 12:36:33: -------- Mapchange to zm_deko2 --------
L 07/11/2024 - 12:36:33: [AMXX] Failed to open dictionary file: cstrike\addons\amxmodx\data\lang\zp_ammo_ex.txt
L 07/11/2024 - 12:36:33: [AMXX] Failed to open dictionary file: cstrike\addons\amxmodx\data\lang\grab_plus.txt
L 07/11/2024 - 12:36:33: [AMXX] Failed to open dictionary file: cstrike\addons\amxmodx\data\lang\LaserMines.txt
L 07/11/2024 - 12:36:59: [admin.amxx] Login: "unnamed<1><STEAM_1:0:1404421313><>" became an admin (account "unnamed") (access "abcdefghijklmnopqrstu") (address "172.20.10.2")
L 07/11/2024 - 12:38:11: [GEOIP] Database info: GEO-106FREE 20080801 Build 1 Copyright (c) 2007 MaxMind LLC All Rights Reserved
L 07/11/2024 - 12:38:11: -------- Mapchange to zm_deko2 --------
L 07/11/2024 - 12:38:11: [AMXX] Failed to open dictionary file: cstrike\addons\amxmodx\data\lang\zp_ammo_ex.txt
L 07/11/2024 - 12:38:11: [AMXX] Failed to open dictionary file: cstrike\addons\amxmodx\data\lang\grab_plus.txt
L 07/11/2024 - 12:38:11: [AMXX] Failed to open dictionary file: cstrike\addons\amxmodx\data\lang\LaserMines.txt
L 07/11/2024 - 12:38:15: [admin.amxx] Login: "unnamed<1><STEAM_1:0:1404421313><>" became an admin (account "unnamed") (access "abcdefghijklmnopqrstu") (address "172.20.10.2")
L 07/11/2024 - 12:40:38: [admin.amxx] Login: "unnamed<10><STEAM_1:0:1404421313><>" became an admin (account "unnamed") (access "abcdefghijklmnopqrstu") (address "172.20.10.2")
L 07/11/2024 - 12:55:50: [admin.amxx] Login: "unnamed<12><STEAM_1:0:1404421313><>" became an admin (account "unnamed") (access "abcdefghijklmnopqrstu") (address "172.20.10.2")
L 07/11/2024 - 13:30:16: [admin.amxx] Login: "unnamed<14><STEAM_1:0:1404421313><>" became an admin (account "unnamed") (access "abcdefghijklmnopqrstu") (address "172.20.10.2")
L 07/11/2024 - 13:33:04: [admin.amxx] Login: "unnamed<14><STEAM_1:0:1404421313><>" became an admin (account "unnamed") (access "abcdefghijklmnopqrstu") (address "172.20.10.2")
L 07/11/2024 - 13:37:53: [admin.amxx] Login: "unnamed<14><STEAM_1:0:1404421313><>" became an admin (account "unnamed") (access "abcdefghijklmnopqrstu") (address "172.20.10.2")
L 07/11/2024 - 13:39:06: [GEOIP] Database info: GEO-106FREE 20080801 Build 1 Copyright (c) 2007 MaxMind LLC All Rights Reserved
L 07/11/2024 - 13:39:07: -------- Mapchange to zm_deko2 --------
L 07/11/2024 - 13:39:07: [AMXX] Failed to open dictionary file: cstrike\addons\amxmodx\data\lang\zp_ammo_ex.txt
L 07/11/2024 - 13:39:07: [AMXX] Failed to open dictionary file: cstrike\addons\amxmodx\data\lang\grab_plus.txt
L 07/11/2024 - 13:39:07: [AMXX] Failed to open dictionary file: cstrike\addons\amxmodx\data\lang\LaserMines.txt
L 07/11/2024 - 13:39:09: [admin.amxx] Login: "unnamed<1><STEAM_1:0:1404421313><>" became an admin (account "unnamed") (access "abcdefghijklmnopqrstu") (address "172.20.10.2")
L 07/11/2024 - 13:40:14: [admin.amxx] Login: "unnamed<1><STEAM_1:0:1404421313><>" became an admin (account "unnamed") (access "abcdefghijklmnopqrstu") (address "172.20.10.2")
L 07/11/2024 - 13:42:55: [GEOIP] Database info: GEO-106FREE 20080801 Build 1 Copyright (c) 2007 MaxMind LLC All Rights Reserved
L 07/11/2024 - 13:42:55: -------- Mapchange to zm_deko2 --------
L 07/11/2024 - 13:42:55: [AMXX] Failed to open dictionary file: cstrike\addons\amxmodx\data\lang\zp_ammo_ex.txt
L 07/11/2024 - 13:42:55: [AMXX] Failed to open dictionary file: cstrike\addons\amxmodx\data\lang\grab_plus.txt
L 07/11/2024 - 13:42:55: [AMXX] Failed to open dictionary file: cstrike\addons\amxmodx\data\lang\LaserMines.txt
L 07/11/2024 - 13:42:58: [admin.amxx] Login: "unnamed<1><STEAM_1:0:1404421313><>" became an admin (account "unnamed") (access "abcdefghijklmnopqrstu") (address "172.20.10.2")
L 07/11/2024 - 13:46:09: [admin.amxx] Login: "unnamed<1><STEAM_1:0:1404421313><>" became an admin (account "unnamed") (access "abcdefghijklmnopqrstu") (address "172.20.10.2")
L 07/11/2024 - 13:47:09: [admin.amxx] Login: "unnamed<1><STEAM_1:0:1404421313><>" became an admin (account "unnamed") (access "abcdefghijklmnopqrstu") (address "172.20.10.2")
L 07/11/2024 - 13:47:37: [GEOIP] Database info: GEO-106FREE 20080801 Build 1 Copyright (c) 2007 MaxMind LLC All Rights Reserved
L 07/11/2024 - 13:47:37: -------- Mapchange to zm_deko2 --------
L 07/11/2024 - 13:47:38: [AMXX] Failed to open dictionary file: cstrike\addons\amxmodx\data\lang\zp_ammo_ex.txt
L 07/11/2024 - 13:47:38: [AMXX] Failed to open dictionary file: cstrike\addons\amxmodx\data\lang\grab_plus.txt
L 07/11/2024 - 13:47:38: [AMXX] Failed to open dictionary file: cstrike\addons\amxmodx\data\lang\LaserMines.txt
L 07/11/2024 - 13:47:41: [admin.amxx] Login: "unnamed<1><STEAM_1:0:1404421313><>" became an admin (account "unnamed") (access "abcdefghijklmnopqrstu") (address "172.20.10.2")
L 07/11/2024 - 13:48:28: [admin.amxx] Login: "unnamed<1><STEAM_1:0:1404421313><>" became an admin (account "unnamed") (access "abcdefghijklmnopqrstu") (address "172.20.10.2")
L 07/11/2024 - 13:56:39: [GEOIP] Database info: GEO-106FREE 20080801 Build 1 Copyright (c) 2007 MaxMind LLC All Rights Reserved
L 07/11/2024 - 13:56:39: -------- Mapchange to zm_deko2 --------
L 07/11/2024 - 13:56:39: [AMXX] Failed to open dictionary file: cstrike\addons\amxmodx\data\lang\zp_ammo_ex.txt
L 07/11/2024 - 13:56:39: [AMXX] Failed to open dictionary file: cstrike\addons\amxmodx\data\lang\grab_plus.txt
L 07/11/2024 - 13:56:39: [AMXX] Failed to open dictionary file: cstrike\addons\amxmodx\data\lang\LaserMines.txt
L 07/11/2024 - 13:56:40: [admin.amxx] Login: "unnamed<1><STEAM_1:0:1404421313><>" became an admin (account "unnamed") (access "abcdefghijklmnopqrstu") (address "172.20.10.2")
L 07/11/2024 - 14:00:01: [GEOIP] Database info: GEO-106FREE 20080801 Build 1 Copyright (c) 2007 MaxMind LLC All Rights Reserved
L 07/11/2024 - 14:00:01: -------- Mapchange to zm_deko2 --------
L 07/11/2024 - 14:00:02: [AMXX] Failed to open dictionary file: cstrike\addons\amxmodx\data\lang\zp_ammo_ex.txt
L 07/11/2024 - 14:00:02: [AMXX] Failed to open dictionary file: cstrike\addons\amxmodx\data\lang\grab_plus.txt
L 07/11/2024 - 14:00:02: [AMXX] Failed to open dictionary file: cstrike\addons\amxmodx\data\lang\LaserMines.txt
L 07/11/2024 - 14:00:18: [admin.amxx] Login: "unnamed<1><STEAM_1:0:1404421313><>" became an admin (account "unnamed") (access "abcdefghijklmnopqrstu") (address "172.20.10.2")
L 07/11/2024 - 14:00:43: [GEOIP] Database info: GEO-106FREE 20080801 Build 1 Copyright (c) 2007 MaxMind LLC All Rights Reserved
L 07/11/2024 - 14:00:43: -------- Mapchange to zm_deko2 --------
L 07/11/2024 - 14:00:44: [AMXX] Failed to open dictionary file: cstrike\addons\amxmodx\data\lang\zp_ammo_ex.txt
L 07/11/2024 - 14:00:44: [AMXX] Failed to open dictionary file: cstrike\addons\amxmodx\data\lang\grab_plus.txt
L 07/11/2024 - 14:00:44: [AMXX] Failed to open dictionary file: cstrike\addons\amxmodx\data\lang\LaserMines.txt
L 07/11/2024 - 14:00:46: [admin.amxx] Login: "unnamed<1><STEAM_1:0:1404421313><>" became an admin (account "unnamed") (access "abcdefghijklmnopqrstu") (address "172.20.10.2")
L 07/11/2024 - 14:01:23: [GEOIP] Database info: GEO-106FREE 20080801 Build 1 Copyright (c) 2007 MaxMind LLC All Rights Reserved
L 07/11/2024 - 14:01:24: -------- Mapchange to zm_deko2 --------
L 07/11/2024 - 14:01:25: [AMXX] Failed to open dictionary file: cstrike\addons\amxmodx\data\lang\zp_ammo_ex.txt
L 07/11/2024 - 14:01:25: [AMXX] Failed to open dictionary file: cstrike\addons\amxmodx\data\lang\grab_plus.txt
L 07/11/2024 - 14:01:25: [AMXX] Failed to open dictionary file: cstrike\addons\amxmodx\data\lang\LaserMines.txt
L 07/11/2024 - 14:01:48: [admin.amxx] Login: "unnamed<1><STEAM_1:0:1404421313><>" became an admin (account "unnamed") (access "abcdefghijklmnopqrstu") (address "172.20.10.2")
L 07/11/2024 - 14:14:23: [admin.amxx] Login: "unnamed<10><STEAM_1:0:1404421313><>" became an admin (account "unnamed") (access "abcdefghijklmnopqrstu") (address "172.20.10.2")
L 07/11/2024 - 14:20:25: [GEOIP] Database info: GEO-106FREE 20080801 Build 1 Copyright (c) 2007 MaxMind LLC All Rights Reserved
L 07/11/2024 - 14:20:25: -------- Mapchange to zm_deko2 --------
L 07/11/2024 - 14:20:26: [AMXX] Failed to open dictionary file: cstrike\addons\amxmodx\data\lang\zp_ammo_ex.txt
L 07/11/2024 - 14:20:26: [AMXX] Failed to open dictionary file: cstrike\addons\amxmodx\data\lang\grab_plus.txt
L 07/11/2024 - 14:20:26: [AMXX] Failed to open dictionary file: cstrike\addons\amxmodx\data\lang\LaserMines.txt
L 07/11/2024 - 14:20:29: [admin.amxx] Login: "unnamed<1><STEAM_1:0:1404421313><>" became an admin (account "unnamed") (access "abcdefghijklmnopqrstu") (address "172.20.10.2")
L 07/11/2024 - 14:24:05: [GEOIP] Database info: GEO-106FREE 20080801 Build 1 Copyright (c) 2007 MaxMind LLC All Rights Reserved
L 07/11/2024 - 14:24:05: -------- Mapchange to zm_deko2 --------
L 07/11/2024 - 14:24:05: [AMXX] Failed to open dictionary file: cstrike\addons\amxmodx\data\lang\zp_ammo_ex.txt
L 07/11/2024 - 14:24:05: [AMXX] Failed to open dictionary file: cstrike\addons\amxmodx\data\lang\grab_plus.txt
L 07/11/2024 - 14:24:05: [AMXX] Failed to open dictionary file: cstrike\addons\amxmodx\data\lang\LaserMines.txt
L 07/11/2024 - 14:24:28: [admin.amxx] Login: "unnamed<1><STEAM_1:0:1404421313><>" became an admin (account "unnamed") (access "abcdefghijklmnopqrstu") (address "172.20.10.2")
L 07/11/2024 - 14:25:40: [GEOIP] Database info: GEO-106FREE 20080801 Build 1 Copyright (c) 2007 MaxMind LLC All Rights Reserved
L 07/11/2024 - 14:25:40: -------- Mapchange to zm_deko2 --------
L 07/11/2024 - 14:25:41: [AMXX] Failed to open dictionary file: cstrike\addons\amxmodx\data\lang\zp_ammo_ex.txt
L 07/11/2024 - 14:25:41: [AMXX] Failed to open dictionary file: cstrike\addons\amxmodx\data\lang\grab_plus.txt
L 07/11/2024 - 14:25:41: [AMXX] Failed to open dictionary file: cstrike\addons\amxmodx\data\lang\LaserMines.txt
L 07/11/2024 - 14:25:43: [admin.amxx] Login: "unnamed<1><STEAM_1:0:1404421313><>" became an admin (account "unnamed") (access "abcdefghijklmnopqrstu") (address "172.20.10.2")
L 07/11/2024 - 14:26:09: [admin.amxx] Login: "unnamed<1><STEAM_1:0:1404421313><>" became an admin (account "unnamed") (access "abcdefghijklmnopqrstu") (address "172.20.10.2")
L 07/11/2024 - 14:36:31: [GEOIP] Database info: GEO-106FREE 20080801 Build 1 Copyright (c) 2007 MaxMind LLC All Rights Reserved
L 07/11/2024 - 14:36:31: -------- Mapchange to zm_deko2 --------
L 07/11/2024 - 14:36:32: [AMXX] Failed to open dictionary file: cstrike\addons\amxmodx\data\lang\zp_ammo_ex.txt
L 07/11/2024 - 14:36:32: [AMXX] Failed to open dictionary file: cstrike\addons\amxmodx\data\lang\grab_plus.txt
L 07/11/2024 - 14:36:32: [AMXX] Failed to open dictionary file: cstrike\addons\amxmodx\data\lang\LaserMines.txt
L 07/11/2024 - 14:36:34: [admin.amxx] Login: "unnamed<1><STEAM_1:0:1404421313><>" became an admin (account "unnamed") (access "abcdefgijklmnopqrstu") (address "172.20.10.2")
L 07/11/2024 - 14:38:44: [GEOIP] Database info: GEO-106FREE 20080801 Build 1 Copyright (c) 2007 MaxMind LLC All Rights Reserved
L 07/11/2024 - 14:38:45: -------- Mapchange to zm_deko2 --------
L 07/11/2024 - 14:38:45: [AMXX] Failed to open dictionary file: cstrike\addons\amxmodx\data\lang\zp_ammo_ex.txt
L 07/11/2024 - 14:38:45: [AMXX] Failed to open dictionary file: cstrike\addons\amxmodx\data\lang\grab_plus.txt
L 07/11/2024 - 14:38:45: [AMXX] Failed to open dictionary file: cstrike\addons\amxmodx\data\lang\LaserMines.txt
L 07/11/2024 - 15:01:15: [GEOIP] Database info: GEO-106FREE 20080801 Build 1 Copyright (c) 2007 MaxMind LLC All Rights Reserved
L 07/11/2024 - 15:01:15: -------- Mapchange to zm_deko2 --------
L 07/11/2024 - 15:01:16: [AMXX] Failed to open dictionary file: cstrike\addons\amxmodx\data\lang\zp_ammo_ex.txt
L 07/11/2024 - 15:01:16: [AMXX] Failed to open dictionary file: cstrike\addons\amxmodx\data\lang\grab_plus.txt
L 07/11/2024 - 15:01:16: [AMXX] Failed to open dictionary file: cstrike\addons\amxmodx\data\lang\LaserMines.txt
L 07/11/2024 - 15:01:20: [admin.amxx] Login: "unnamed<1><STEAM_1:0:1404421313><>" became an admin (account "unnamed") (access "abcdefgijklmnopqrstu") (address "172.20.10.2")
L 07/11/2024 - 15:03:24: [GEOIP] Database info: GEO-106FREE 20080801 Build 1 Copyright (c) 2007 MaxMind LLC All Rights Reserved
L 07/11/2024 - 15:03:24: -------- Mapchange to zm_deko2 --------
L 07/11/2024 - 15:03:24: [AMXX] Failed to open dictionary file: cstrike\addons\amxmodx\data\lang\zp_ammo_ex.txt
L 07/11/2024 - 15:03:24: [AMXX] Failed to open dictionary file: cstrike\addons\amxmodx\data\lang\grab_plus.txt
L 07/11/2024 - 15:03:24: [AMXX] Failed to open dictionary file: cstrike\addons\amxmodx\data\lang\LaserMines.txt
L 07/11/2024 - 15:03:26: [admin.amxx] Login: "unnamed<1><STEAM_1:0:1404421313><>" became an admin (account "unnamed") (access "abcdefghijklmnopqrsu") (address "172.20.10.2")
L 07/11/2024 - 15:07:23: [GEOIP] Database info: GEO-106FREE 20080801 Build 1 Copyright (c) 2007 MaxMind LLC All Rights Reserved
L 07/11/2024 - 15:07:23: -------- Mapchange to zm_deko2 --------
L 07/11/2024 - 15:07:23: [AMXX] Failed to open dictionary file: cstrike\addons\amxmodx\data\lang\zp_ammo_ex.txt
L 07/11/2024 - 15:07:23: [AMXX] Failed to open dictionary file: cstrike\addons\amxmodx\data\lang\grab_plus.txt
L 07/11/2024 - 15:07:23: [AMXX] Failed to open dictionary file: cstrike\addons\amxmodx\data\lang\LaserMines.txt
L 07/11/2024 - 15:07:34: [admin.amxx] Login: "unnamed<8><STEAM_1:0:1404421313><>" became an admin (account "unnamed") (access "abcdefghijklmnopqrstu") (address "172.20.10.2")
L 07/11/2024 - 15:19:15: [GEOIP] Database info: GEO-106FREE 20080801 Build 1 Copyright (c) 2007 MaxMind LLC All Rights Reserved
L 07/11/2024 - 15:19:15: -------- Mapchange to zm_deko2 --------
L 07/11/2024 - 15:19:16: [AMXX] Failed to open dictionary file: cstrike\addons\amxmodx\data\lang\zp_ammo_ex.txt
L 07/11/2024 - 15:19:16: [AMXX] Failed to open dictionary file: cstrike\addons\amxmodx\data\lang\grab_plus.txt
L 07/11/2024 - 15:19:16: [AMXX] Failed to open dictionary file: cstrike\addons\amxmodx\data\lang\LaserMines.txt
L 07/11/2024 - 15:19:18: [admin.amxx] Login: "unnamed<1><STEAM_1:0:1404421313><>" became an admin (account "unnamed") (access "abcdefghijklmnoprstu") (address "172.20.10.2")
L 07/11/2024 - 15:21:39: [GEOIP] Database info: GEO-106FREE 20080801 Build 1 Copyright (c) 2007 MaxMind LLC All Rights Reserved
L 07/11/2024 - 15:21:39: -------- Mapchange to zm_deko2 --------
L 07/11/2024 - 15:21:39: [AMXX] Failed to open dictionary file: cstrike\addons\amxmodx\data\lang\zp_ammo_ex.txt
L 07/11/2024 - 15:21:39: [AMXX] Failed to open dictionary file: cstrike\addons\amxmodx\data\lang\grab_plus.txt
L 07/11/2024 - 15:21:39: [AMXX] Failed to open dictionary file: cstrike\addons\amxmodx\data\lang\LaserMines.txt
L 07/11/2024 - 15:21:43: [admin.amxx] Login: "unnamed<1><STEAM_1:0:1404421313><>" became an admin (account "unnamed") (access "abcdefghijklmnou") (address "172.20.10.2")
L 07/11/2024 - 15:22:41: [GEOIP] Database info: GEO-106FREE 20080801 Build 1 Copyright (c) 2007 MaxMind LLC All Rights Reserved
L 07/11/2024 - 15:22:41: -------- Mapchange to zm_deko2 --------
L 07/11/2024 - 15:22:42: [AMXX] Failed to open dictionary file: cstrike\addons\amxmodx\data\lang\zp_ammo_ex.txt
L 07/11/2024 - 15:22:42: [AMXX] Failed to open dictionary file: cstrike\addons\amxmodx\data\lang\grab_plus.txt
L 07/11/2024 - 15:22:42: [AMXX] Failed to open dictionary file: cstrike\addons\amxmodx\data\lang\LaserMines.txt
L 07/11/2024 - 15:22:44: [admin.amxx] Login: "unnamed<1><STEAM_1:0:1404421313><>" became an admin (account "unnamed") (access "abcdefghijklmnosu") (address "172.20.10.2")
L 07/11/2024 - 15:23:16: -------- Mapchange to zm_deko2 --------
L 07/11/2024 - 15:23:17: [AMXX] Failed to open dictionary file: cstrike\addons\amxmodx\data\lang\zp_ammo_ex.txt
L 07/11/2024 - 15:23:17: [AMXX] Failed to open dictionary file: cstrike\addons\amxmodx\data\lang\grab_plus.txt
L 07/11/2024 - 15:23:17: [AMXX] Failed to open dictionary file: cstrike\addons\amxmodx\data\lang\LaserMines.txt
L 07/11/2024 - 15:23:17: [admin.amxx] Login: "unnamed<1><STEAM_1:0:1404421313><>" became an admin (account "unnamed") (access "abcdefghijklmnotu") (address "172.20.10.2")
L 07/11/2024 - 15:27:11: [GEOIP] Database info: GEO-106FREE 20080801 Build 1 Copyright (c) 2007 MaxMind LLC All Rights Reserved
L 07/11/2024 - 15:27:11: -------- Mapchange to zm_deko2 --------
L 07/11/2024 - 15:27:11: [AMXX] Failed to open dictionary file: cstrike\addons\amxmodx\data\lang\zp_ammo_ex.txt
L 07/11/2024 - 15:27:11: [AMXX] Failed to open dictionary file: cstrike\addons\amxmodx\data\lang\grab_plus.txt
L 07/11/2024 - 15:27:11: [AMXX] Failed to open dictionary file: cstrike\addons\amxmodx\data\lang\LaserMines.txt
L 07/11/2024 - 15:27:14: [admin.amxx] Login: "unnamed<1><STEAM_1:0:1404421313><>" became an admin (account "unnamed") (access "t") (address "172.20.10.2")
L 07/11/2024 - 15:30:20: [GEOIP] Database info: GEO-106FREE 20080801 Build 1 Copyright (c) 2007 MaxMind LLC All Rights Reserved
L 07/11/2024 - 15:30:20: -------- Mapchange to zm_deko2 --------
L 07/11/2024 - 15:30:21: [AMXX] Failed to open dictionary file: cstrike\addons\amxmodx\data\lang\zp_ammo_ex.txt
L 07/11/2024 - 15:30:21: [AMXX] Failed to open dictionary file: cstrike\addons\amxmodx\data\lang\grab_plus.txt
L 07/11/2024 - 15:30:21: [AMXX] Failed to open dictionary file: cstrike\addons\amxmodx\data\lang\LaserMines.txt
L 07/11/2024 - 15:30:23: [admin.amxx] Login: "unnamed<1><STEAM_1:0:1404421313><>" became an admin (account "unnamed") (access "abcdefghijkl") (address "172.20.10.2")
L 07/11/2024 - 15:31:03: [GEOIP] Database info: GEO-106FREE 20080801 Build 1 Copyright (c) 2007 MaxMind LLC All Rights Reserved
L 07/11/2024 - 15:31:03: -------- Mapchange to zm_deko2 --------
L 07/11/2024 - 15:31:04: [AMXX] Failed to open dictionary file: cstrike\addons\amxmodx\data\lang\zp_ammo_ex.txt
L 07/11/2024 - 15:31:04: [AMXX] Failed to open dictionary file: cstrike\addons\amxmodx\data\lang\grab_plus.txt
L 07/11/2024 - 15:31:04: [AMXX] Failed to open dictionary file: cstrike\addons\amxmodx\data\lang\LaserMines.txt
L 07/11/2024 - 15:31:05: [admin.amxx] Login: "unnamed<1><STEAM_1:0:1404421313><>" became an admin (account "unnamed") (access "abcdefghijkl") (address "172.20.10.2")
L 07/11/2024 - 15:31:24: [GEOIP] Database info: GEO-106FREE 20080801 Build 1 Copyright (c) 2007 MaxMind LLC All Rights Reserved
L 07/11/2024 - 15:31:25: -------- Mapchange to zm_deko2 --------
L 07/11/2024 - 15:31:25: [AMXX] Failed to open dictionary file: cstrike\addons\amxmodx\data\lang\zp_ammo_ex.txt
L 07/11/2024 - 15:31:25: [AMXX] Failed to open dictionary file: cstrike\addons\amxmodx\data\lang\grab_plus.txt
L 07/11/2024 - 15:31:25: [AMXX] Failed to open dictionary file: cstrike\addons\amxmodx\data\lang\LaserMines.txt
L 07/11/2024 - 15:31:29: [admin.amxx] Login: "unnamed<1><STEAM_1:0:1404421313><>" became an admin (account "unnamed") (access "abcdefghijklt") (address "172.20.10.2")
L 07/11/2024 - 15:36:45: -------- Mapchange to zm_deko2 --------
L 07/11/2024 - 15:36:46: [AMXX] Failed to open dictionary file: cstrike\addons\amxmodx\data\lang\zp_ammo_ex.txt
L 07/11/2024 - 15:36:46: [AMXX] Failed to open dictionary file: cstrike\addons\amxmodx\data\lang\grab_plus.txt
L 07/11/2024 - 15:36:46: [AMXX] Failed to open dictionary file: cstrike\addons\amxmodx\data\lang\LaserMines.txt
L 07/11/2024 - 15:36:46: [admin.amxx] Login: "unnamed<1><STEAM_1:0:1404421313><>" became an admin (account "unnamed") (access "abcdefghijkl") (address "172.20.10.2")
L 07/11/2024 - 15:42:01: -------- Mapchange to zm_deko2 --------
L 07/11/2024 - 15:42:01: [AMXX] Failed to open dictionary file: cstrike\addons\amxmodx\data\lang\zp_ammo_ex.txt
L 07/11/2024 - 15:42:01: [AMXX] Failed to open dictionary file: cstrike\addons\amxmodx\data\lang\grab_plus.txt
L 07/11/2024 - 15:42:01: [AMXX] Failed to open dictionary file: cstrike\addons\amxmodx\data\lang\LaserMines.txt
L 07/11/2024 - 15:42:01: [admin.amxx] Login: "unnamed<1><STEAM_1:0:1404421313><>" became an admin (account "unnamed") (access "abcdefghijkl") (address "172.20.10.2")
L 07/11/2024 - 15:43:06: -------- Mapchange to zm_deko2 --------
L 07/11/2024 - 15:43:07: [AMXX] Failed to open dictionary file: cstrike\addons\amxmodx\data\lang\zp_ammo_ex.txt
L 07/11/2024 - 15:43:07: [AMXX] Failed to open dictionary file: cstrike\addons\amxmodx\data\lang\grab_plus.txt
L 07/11/2024 - 15:43:07: [AMXX] Failed to open dictionary file: cstrike\addons\amxmodx\data\lang\LaserMines.txt
L 07/11/2024 - 15:43:07: [admin.amxx] Login: "unnamed<1><STEAM_1:0:1404421313><>" became an admin (account "unnamed") (access "abcdefghijkl") (address "172.20.10.2")
L 07/11/2024 - 15:48:38: -------- Mapchange to zm_deko2 --------
L 07/11/2024 - 15:48:39: [AMXX] Failed to open dictionary file: cstrike\addons\amxmodx\data\lang\zp_ammo_ex.txt
L 07/11/2024 - 15:48:39: [AMXX] Failed to open dictionary file: cstrike\addons\amxmodx\data\lang\grab_plus.txt
L 07/11/2024 - 15:48:39: [AMXX] Failed to open dictionary file: cstrike\addons\amxmodx\data\lang\LaserMines.txt
L 07/11/2024 - 15:48:39: [admin.amxx] Login: "unnamed<1><STEAM_1:0:1404421313><>" became an admin (account "unnamed") (access "abcdefghijkl") (address "172.20.10.2")
L 07/11/2024 - 15:49:11: -------- Mapchange to zm_deko2 --------
L 07/11/2024 - 15:49:12: [AMXX] Failed to open dictionary file: cstrike\addons\amxmodx\data\lang\zp_ammo_ex.txt
L 07/11/2024 - 15:49:12: [AMXX] Failed to open dictionary file: cstrike\addons\amxmodx\data\lang\grab_plus.txt
L 07/11/2024 - 15:49:12: [AMXX] Failed to open dictionary file: cstrike\addons\amxmodx\data\lang\LaserMines.txt
L 07/11/2024 - 15:49:12: [admin.amxx] Login: "unnamed<1><STEAM_1:0:1404421313><>" became an admin (account "unnamed") (access "abcdefghijkl") (address "172.20.10.2")
L 07/11/2024 - 16:02:50: -------- Mapchange to zm_deko2 --------
L 07/11/2024 - 16:02:50: [AMXX] Failed to open dictionary file: cstrike\addons\amxmodx\data\lang\zp_ammo_ex.txt
L 07/11/2024 - 16:02:50: [AMXX] Failed to open dictionary file: cstrike\addons\amxmodx\data\lang\grab_plus.txt
L 07/11/2024 - 16:02:50: [AMXX] Failed to open dictionary file: cstrike\addons\amxmodx\data\lang\LaserMines.txt
L 07/11/2024 - 16:02:51: [admin.amxx] Login: "unnamed<1><STEAM_1:0:1404421313><>" became an admin (account "unnamed") (access "abcdefghijkl") (address "172.20.10.2")
L 07/11/2024 - 16:08:47: -------- Mapchange to zm_deko2 --------
L 07/11/2024 - 16:08:48: [AMXX] Failed to open dictionary file: cstrike\addons\amxmodx\data\lang\zp_ammo_ex.txt
L 07/11/2024 - 16:08:48: [AMXX] Failed to open dictionary file: cstrike\addons\amxmodx\data\lang\grab_plus.txt
L 07/11/2024 - 16:08:48: [AMXX] Failed to open dictionary file: cstrike\addons\amxmodx\data\lang\LaserMines.txt
L 07/11/2024 - 16:08:53: [admin.amxx] Login: "unnamed<48><STEAM_1:0:1404421313><>" became an admin (account "unnamed") (access "abcdefghijklo") (address "172.20.10.2")
L 07/11/2024 - 16:10:37: -------- Mapchange to zm_deko2 --------
L 07/11/2024 - 16:10:38: [AMXX] Failed to open dictionary file: cstrike\addons\amxmodx\data\lang\zp_ammo_ex.txt
L 07/11/2024 - 16:10:38: [AMXX] Failed to open dictionary file: cstrike\addons\amxmodx\data\lang\grab_plus.txt
L 07/11/2024 - 16:10:38: [AMXX] Failed to open dictionary file: cstrike\addons\amxmodx\data\lang\LaserMines.txt
L 07/11/2024 - 16:10:38: [admin.amxx] Login: "unnamed<48><STEAM_1:0:1404421313><>" became an admin (account "unnamed") (access "abcdefghijklo") (address "172.20.10.2")
L 07/11/2024 - 16:14:08: -------- Mapchange to zm_deko2 --------
L 07/11/2024 - 16:14:09: [AMXX] Failed to open dictionary file: cstrike\addons\amxmodx\data\lang\zp_ammo_ex.txt
L 07/11/2024 - 16:14:09: [AMXX] Failed to open dictionary file: cstrike\addons\amxmodx\data\lang\grab_plus.txt
L 07/11/2024 - 16:14:09: [AMXX] Failed to open dictionary file: cstrike\addons\amxmodx\data\lang\LaserMines.txt
L 07/11/2024 - 16:14:09: [admin.amxx] Login: "unnamed<48><STEAM_1:0:1404421313><>" became an admin (account "unnamed") (access "abcdefghijklmnopqrstu") (address "172.20.10.2")
L 07/11/2024 - 16:19:43: -------- Mapchange to zm_deko2 --------
L 07/11/2024 - 16:19:43: [AMXX] Failed to open dictionary file: cstrike\addons\amxmodx\data\lang\zp_ammo_ex.txt
L 07/11/2024 - 16:19:43: [AMXX] Failed to open dictionary file: cstrike\addons\amxmodx\data\lang\grab_plus.txt
L 07/11/2024 - 16:19:43: [AMXX] Failed to open dictionary file: cstrike\addons\amxmodx\data\lang\LaserMines.txt
L 07/11/2024 - 16:19:44: [admin.amxx] Login: "unnamed<48><STEAM_1:0:1404421313><>" became an admin (account "unnamed") (access "abcdefghijklmnopqrstu") (address "172.20.10.2")
L 07/11/2024 - 16:20:22: -------- Mapchange to zm_deko2 --------
L 07/11/2024 - 16:20:22: [AMXX] Failed to open dictionary file: cstrike\addons\amxmodx\data\lang\zp_ammo_ex.txt
L 07/11/2024 - 16:20:22: [AMXX] Failed to open dictionary file: cstrike\addons\amxmodx\data\lang\grab_plus.txt
L 07/11/2024 - 16:20:22: [AMXX] Failed to open dictionary file: cstrike\addons\amxmodx\data\lang\LaserMines.txt
L 07/11/2024 - 16:20:22: [admin.amxx] Login: "unnamed<48><STEAM_1:0:1404421313><>" became an admin (account "unnamed") (access "abcdefghijklmnopqrstu") (address "172.20.10.2")
L 07/11/2024 - 16:20:36: -------- Mapchange to zm_deko2 --------
L 07/11/2024 - 16:20:36: [AMXX] Failed to open dictionary file: cstrike\addons\amxmodx\data\lang\zp_ammo_ex.txt
L 07/11/2024 - 16:20:36: [AMXX] Failed to open dictionary file: cstrike\addons\amxmodx\data\lang\grab_plus.txt
L 07/11/2024 - 16:20:36: [AMXX] Failed to open dictionary file: cstrike\addons\amxmodx\data\lang\LaserMines.txt
L 07/11/2024 - 16:20:36: [admin.amxx] Login: "unnamed<48><STEAM_1:0:1404421313><>" became an admin (account "unnamed") (access "abcdefghijklmnopqrstu") (address "172.20.10.2")
L 07/11/2024 - 16:20:46: [admin.amxx] Login: "unnamedt<48><STEAM_1:0:1404421313><>" became an admin (account "unnamedt") (access "n") (address "172.20.10.2")
L 07/11/2024 - 16:21:40: -------- Mapchange to zm_deko2 --------
L 07/11/2024 - 16:21:40: [AMXX] Failed to open dictionary file: cstrike\addons\amxmodx\data\lang\zp_ammo_ex.txt
L 07/11/2024 - 16:21:40: [AMXX] Failed to open dictionary file: cstrike\addons\amxmodx\data\lang\grab_plus.txt
L 07/11/2024 - 16:21:40: [AMXX] Failed to open dictionary file: cstrike\addons\amxmodx\data\lang\LaserMines.txt
L 07/11/2024 - 16:21:40: [admin.amxx] Login: "unnamedt<48><STEAM_1:0:1404421313><>" became an admin (account "unnamedt") (access "s") (address "172.20.10.2")
L 07/11/2024 - 16:22:21: -------- Mapchange to zm_deko2 --------
L 07/11/2024 - 16:22:22: [AMXX] Failed to open dictionary file: cstrike\addons\amxmodx\data\lang\zp_ammo_ex.txt
L 07/11/2024 - 16:22:22: [AMXX] Failed to open dictionary file: cstrike\addons\amxmodx\data\lang\grab_plus.txt
L 07/11/2024 - 16:22:22: [AMXX] Failed to open dictionary file: cstrike\addons\amxmodx\data\lang\LaserMines.txt
L 07/11/2024 - 16:22:22: [admin.amxx] Login: "unnamedt<48><STEAM_1:0:1404421313><>" became an admin (account "unnamedt") (access "st") (address "172.20.10.2")
L 07/11/2024 - 16:23:01: -------- Mapchange to zm_deko2 --------
L 07/11/2024 - 16:23:01: [AMXX] Failed to open dictionary file: cstrike\addons\amxmodx\data\lang\zp_ammo_ex.txt
L 07/11/2024 - 16:23:01: [AMXX] Failed to open dictionary file: cstrike\addons\amxmodx\data\lang\grab_plus.txt
L 07/11/2024 - 16:23:01: [AMXX] Failed to open dictionary file: cstrike\addons\amxmodx\data\lang\LaserMines.txt
L 07/11/2024 - 16:23:02: [admin.amxx] Login: "unnamedt<48><STEAM_1:0:1404421313><>" became an admin (account "unnamedt") (access "t") (address "172.20.10.2")
L 07/11/2024 - 16:24:51: -------- Mapchange to zm_deko2 --------
L 07/11/2024 - 16:24:51: [AMXX] Failed to open dictionary file: cstrike\addons\amxmodx\data\lang\zp_ammo_ex.txt
L 07/11/2024 - 16:24:51: [AMXX] Failed to open dictionary file: cstrike\addons\amxmodx\data\lang\grab_plus.txt
L 07/11/2024 - 16:24:51: [AMXX] Failed to open dictionary file: cstrike\addons\amxmodx\data\lang\LaserMines.txt
L 07/11/2024 - 16:24:52: [admin.amxx] Login: "unnamedt<48><STEAM_1:0:1404421313><>" became an admin (account "unnamedt") (access "t") (address "172.20.10.2")
L 07/11/2024 - 16:29:00: -------- Mapchange to zm_deko2 --------
L 07/11/2024 - 16:29:00: [AMXX] Failed to open dictionary file: cstrike\addons\amxmodx\data\lang\zp_ammo_ex.txt
L 07/11/2024 - 16:29:00: [AMXX] Failed to open dictionary file: cstrike\addons\amxmodx\data\lang\grab_plus.txt
L 07/11/2024 - 16:29:00: [AMXX] Failed to open dictionary file: cstrike\addons\amxmodx\data\lang\LaserMines.txt
L 07/11/2024 - 16:29:01: [admin.amxx] Login: "unnamedt<48><STEAM_1:0:1404421313><>" became an admin (account "unnamedt") (access "t") (address "172.20.10.2")
L 07/11/2024 - 16:29:01: [admin.amxx] Login: "unnamedt<48><STEAM_1:0:1404421313><>" became an admin (account "unnamedt") (access "t") (address "172.20.10.2")
L 07/11/2024 - 16:29:02: [admin.amxx] Login: "unnamedt<108><STEAM_1:0:1404421313><>" became an admin (account "unnamedt") (access "t") (address "172.20.10.2")
L 07/11/2024 - 16:29:29: [admin.amxx] Login: "unnamed<108><STEAM_1:0:1404421313><>" became an admin (account "unnamed") (access "abcdefghijklmnopqrstu") (address "172.20.10.2")
L 07/11/2024 - 16:30:15: [GEOIP] Database info: GEO-106FREE 20080801 Build 1 Copyright (c) 2007 MaxMind LLC All Rights Reserved
L 07/11/2024 - 16:30:15: -------- Mapchange to zm_deko2 --------
L 07/11/2024 - 16:30:16: [AMXX] Failed to open dictionary file: cstrike\addons\amxmodx\data\lang\zp_ammo_ex.txt
L 07/11/2024 - 16:30:16: [AMXX] Failed to open dictionary file: cstrike\addons\amxmodx\data\lang\grab_plus.txt
L 07/11/2024 - 16:30:16: [AMXX] Failed to open dictionary file: cstrike\addons\amxmodx\data\lang\LaserMines.txt
L 07/11/2024 - 16:30:18: [admin.amxx] Login: "unnamed<1><STEAM_1:0:1404421313><>" became an admin (account "unnamed") (access "abcdefghijklmnopqrstu") (address "172.20.10.2")
L 07/11/2024 - 16:31:09: [admin.amxx] Login: "unnamedt<1><STEAM_1:0:1404421313><>" became an admin (account "unnamedt") (access "t") (address "172.20.10.2")
L 07/11/2024 - 16:31:21: -------- Mapchange to zm_deko2 --------
L 07/11/2024 - 16:31:22: [AMXX] Failed to open dictionary file: cstrike\addons\amxmodx\data\lang\zp_ammo_ex.txt
L 07/11/2024 - 16:31:22: [AMXX] Failed to open dictionary file: cstrike\addons\amxmodx\data\lang\grab_plus.txt
L 07/11/2024 - 16:31:22: [AMXX] Failed to open dictionary file: cstrike\addons\amxmodx\data\lang\LaserMines.txt
L 07/11/2024 - 16:31:22: [admin.amxx] Login: "unnamedt<1><STEAM_1:0:1404421313><>" became an admin (account "unnamedt") (access "t") (address "172.20.10.2")
L 07/11/2024 - 16:32:38: -------- Mapchange to zm_deko2 --------
L 07/11/2024 - 16:32:39: [AMXX] Failed to open dictionary file: cstrike\addons\amxmodx\data\lang\zp_ammo_ex.txt
L 07/11/2024 - 16:32:39: [AMXX] Failed to open dictionary file: cstrike\addons\amxmodx\data\lang\grab_plus.txt
L 07/11/2024 - 16:32:39: [AMXX] Failed to open dictionary file: cstrike\addons\amxmodx\data\lang\LaserMines.txt
L 07/11/2024 - 16:32:39: [admin.amxx] Login: "unnamedt<1><STEAM_1:0:1404421313><>" became an admin (account "unnamedt") (access "t") (address "172.20.10.2")
L 07/11/2024 - 16:32:57: [admin.amxx] Login: "unnamed<1><STEAM_1:0:1404421313><>" became an admin (account "unnamed") (access "abcdefghijklmnopqrstu") (address "172.20.10.2")
L 07/11/2024 - 18:54:27: [GEOIP] Database info: GEO-106FREE 20080801 Build 1 Copyright (c) 2007 MaxMind LLC All Rights Reserved
L 07/11/2024 - 18:54:27: -------- Mapchange to zm_deko2 --------
L 07/11/2024 - 18:54:27: [AMXX] Failed to open dictionary file: cstrike\addons\amxmodx\data\lang\zp_ammo_ex.txt
L 07/11/2024 - 18:54:27: [AMXX] Failed to open dictionary file: cstrike\addons\amxmodx\data\lang\grab_plus.txt
L 07/11/2024 - 18:54:27: [AMXX] Failed to open dictionary file: cstrike\addons\amxmodx\data\lang\LaserMines.txt
L 07/11/2024 - 18:56:48: [admin.amxx] Login: "unnamed<10><STEAM_1:0:1404421313><>" became an admin (account "unnamed") (access "abcdefghijklmnopqrstu") (address "172.20.10.2")
L 07/11/2024 - 20:05:44: -------- Mapchange to zm_deko2 --------
L 07/11/2024 - 20:05:44: An error occurred in plugin_natives. This is dangerous!
L 07/11/2024 - 20:05:45: [AMXX] Failed to open dictionary file: cstrike\addons\amxmodx\data\lang\zp_ammo_ex.txt
L 07/11/2024 - 20:05:45: [AMXX] Failed to open dictionary file: cstrike\addons\amxmodx\data\lang\grab_plus.txt
L 07/11/2024 - 20:05:45: [AMXX] Failed to open dictionary file: cstrike\addons\amxmodx\data\lang\LaserMines.txt
L 07/11/2024 - 20:05:52: [admin.amxx] Login: "unnamed<17><STEAM_1:0:1404421313><>" became an admin (account "unnamed") (access "abcdefghijklmnopqrstu") (address "172.20.10.2")
L 07/11/2024 - 20:08:28: [admin.amxx] Login: "unnamed<20><STEAM_1:0:1404421313><>" became an admin (account "unnamed") (access "abcdefghijklmnopqrstu") (address "172.20.10.2")
L 07/11/2024 - 20:10:03: [admin.amxx] Login: "unnamed<23><STEAM_1:0:1404421313><>" became an admin (account "unnamed") (access "abcdefghijklmnopqrstu") (address "172.20.10.2")
L 07/11/2024 - 20:11:47: -------- Mapchange to zm_deko2 --------
L 07/11/2024 - 20:11:47: An error occurred in plugin_natives. This is dangerous!
L 07/11/2024 - 20:11:47: [AMXX] Failed to open dictionary file: cstrike\addons\amxmodx\data\lang\zp_ammo_ex.txt
L 07/11/2024 - 20:11:47: [AMXX] Failed to open dictionary file: cstrike\addons\amxmodx\data\lang\grab_plus.txt
L 07/11/2024 - 20:11:47: [AMXX] Failed to open dictionary file: cstrike\addons\amxmodx\data\lang\LaserMines.txt
L 07/11/2024 - 20:11:47: [admin.amxx] Login: "unnamed<23><STEAM_1:0:1404421313><>" became an admin (account "unnamed") (access "abcdefghijklmnopqrstu") (address "172.20.10.2")
L 07/11/2024 - 20:12:55: [GEOIP] Database info: GEO-106FREE 20080801 Build 1 Copyright (c) 2007 MaxMind LLC All Rights Reserved
L 07/11/2024 - 20:12:55: -------- Mapchange to zm_deko2 --------
L 07/11/2024 - 20:12:55: An error occurred in plugin_natives. This is dangerous!
L 07/11/2024 - 20:12:55: [AMXX] Failed to open dictionary file: cstrike\addons\amxmodx\data\lang\zp_ammo_ex.txt
L 07/11/2024 - 20:12:55: [AMXX] Failed to open dictionary file: cstrike\addons\amxmodx\data\lang\grab_plus.txt
L 07/11/2024 - 20:12:55: [AMXX] Failed to open dictionary file: cstrike\addons\amxmodx\data\lang\LaserMines.txt
L 07/11/2024 - 20:12:58: [admin.amxx] Login: "unnamed<1><STEAM_1:0:1404421313><>" became an admin (account "unnamed") (access "abcdefghijklmnopqrstu") (address "172.20.10.2")
L 07/11/2024 - 20:14:57: [GEOIP] Database info: GEO-106FREE 20080801 Build 1 Copyright (c) 2007 MaxMind LLC All Rights Reserved
L 07/11/2024 - 20:14:57: -------- Mapchange to zm_deko2 --------
L 07/11/2024 - 20:14:57: An error occurred in plugin_natives. This is dangerous!
L 07/11/2024 - 20:14:58: [AMXX] Failed to open dictionary file: cstrike\addons\amxmodx\data\lang\zp_ammo_ex.txt
L 07/11/2024 - 20:14:58: [AMXX] Failed to open dictionary file: cstrike\addons\amxmodx\data\lang\grab_plus.txt
L 07/11/2024 - 20:14:58: [AMXX] Failed to open dictionary file: cstrike\addons\amxmodx\data\lang\LaserMines.txt
L 07/11/2024 - 20:14:59: [admin.amxx] Login: "unnamed<1><STEAM_1:0:1404421313><>" became an admin (account "unnamed") (access "abcdefghijklmnopqrstu") (address "172.20.10.2")
L 07/11/2024 - 20:19:14: [GEOIP] Database info: GEO-106FREE 20080801 Build 1 Copyright (c) 2007 MaxMind LLC All Rights Reserved
L 07/11/2024 - 20:19:15: -------- Mapchange to zm_deko2 --------
L 07/11/2024 - 20:19:15: An error occurred in plugin_natives. This is dangerous!
L 07/11/2024 - 20:19:15: [AMXX] Failed to open dictionary file: cstrike\addons\amxmodx\data\lang\zp_ammo_ex.txt
L 07/11/2024 - 20:19:15: [AMXX] Failed to open dictionary file: cstrike\addons\amxmodx\data\lang\grab_plus.txt
L 07/11/2024 - 20:19:15: [AMXX] Failed to open dictionary file: cstrike\addons\amxmodx\data\lang\LaserMines.txt
L 07/11/2024 - 20:19:23: [admin.amxx] Login: "unnamed<7><STEAM_1:0:1404421313><>" became an admin (account "unnamed") (access "abcdefghijklmnopqrstu") (address "172.20.10.2")
