L 07/12/2024 - 07:32:45: [GEOIP] Database info: GEO-106FREE 20080801 Build 1 Copyright (c) 2007 MaxMind LLC All Rights Reserved
L 07/12/2024 - 07:32:45: -------- Mapchange to zm_deko2 --------
L 07/12/2024 - 07:32:45: An error occurred in plugin_natives. This is dangerous!
L 07/12/2024 - 07:32:46: [AMXX] Failed to open dictionary file: cstrike\addons\amxmodx\data\lang\zp_ammo_ex.txt
L 07/12/2024 - 07:32:46: [AMXX] Failed to open dictionary file: cstrike\addons\amxmodx\data\lang\grab_plus.txt
L 07/12/2024 - 07:32:47: [AMXX] Failed to open dictionary file: cstrike\addons\amxmodx\data\lang\LaserMines.txt
L 07/12/2024 - 07:33:22: [admin.amxx] Login: "unnamed<8><STEAM_1:0:1404421313><>" became an admin (account "unnamed") (access "abcdefghijklmnopqrstu") (address "172.20.10.2")
L 07/12/2024 - 07:33:25: [admin.amxx] Login: "unnamed<10><STEAM_1:0:1404421313><>" became an admin (account "unnamed") (access "abcdefghijklmnopqrstu") (address "172.20.10.2")
L 07/12/2024 - 08:23:43: [GEOIP] Database info: GEO-106FREE 20080801 Build 1 Copyright (c) 2007 MaxMind LLC All Rights Reserved
L 07/12/2024 - 08:23:43: -------- Mapchange to zm_deko2 --------
L 07/12/2024 - 08:23:43: An error occurred in plugin_natives. This is dangerous!
L 07/12/2024 - 08:23:44: [AMXX] Failed to open dictionary file: cstrike\addons\amxmodx\data\lang\zp_ammo_ex.txt
L 07/12/2024 - 08:23:44: [AMXX] Failed to open dictionary file: cstrike\addons\amxmodx\data\lang\grab_plus.txt
L 07/12/2024 - 08:23:44: [AMXX] Failed to open dictionary file: cstrike\addons\amxmodx\data\lang\LaserMines.txt
L 07/12/2024 - 08:24:10: [admin.amxx] Login: "unnamed<6><STEAM_1:0:1404421313><>" became an admin (account "unnamed") (access "abcdefghijklmnopqrstu") (address "172.20.10.2")
L 07/12/2024 - 08:25:02: [admin.amxx] Login: "unnamed<10><STEAM_1:0:1404421313><>" became an admin (account "unnamed") (access "abcdefghijklmnopqrstu") (address "172.20.10.2")
L 07/12/2024 - 08:25:26: [admin.amxx] Login: "unnamed<12><STEAM_1:0:1404421313><>" became an admin (account "unnamed") (access "abcdefghijklmnopqrstu") (address "172.20.10.2")
L 07/12/2024 - 08:26:48: -------- Mapchange to zm_deko2 --------
L 07/12/2024 - 08:26:48: An error occurred in plugin_natives. This is dangerous!
L 07/12/2024 - 08:26:49: [AMXX] Failed to open dictionary file: cstrike\addons\amxmodx\data\lang\zp_ammo_ex.txt
L 07/12/2024 - 08:26:49: [AMXX] Failed to open dictionary file: cstrike\addons\amxmodx\data\lang\grab_plus.txt
L 07/12/2024 - 08:26:49: [AMXX] Failed to open dictionary file: cstrike\addons\amxmodx\data\lang\LaserMines.txt
L 07/12/2024 - 08:26:49: [admin.amxx] Login: "unnamed<12><STEAM_1:0:1404421313><>" became an admin (account "unnamed") (access "abcdefghijklmnopqrstu") (address "172.20.10.2")
L 07/12/2024 - 08:28:56: -------- Mapchange to zm_deko2 --------
L 07/12/2024 - 08:28:56: An error occurred in plugin_natives. This is dangerous!
L 07/12/2024 - 08:28:57: [AMXX] Failed to open dictionary file: cstrike\addons\amxmodx\data\lang\zp_ammo_ex.txt
L 07/12/2024 - 08:28:57: [AMXX] Failed to open dictionary file: cstrike\addons\amxmodx\data\lang\grab_plus.txt
L 07/12/2024 - 08:28:57: [AMXX] Failed to open dictionary file: cstrike\addons\amxmodx\data\lang\LaserMines.txt
L 07/12/2024 - 08:28:57: [admin.amxx] Login: "unnamed<12><STEAM_1:0:1404421313><>" became an admin (account "unnamed") (access "abcdefghijklmnopqrstu") (address "172.20.10.2")
L 07/12/2024 - 08:55:50: -------- Mapchange to zm_deko2 --------
L 07/12/2024 - 08:55:51: An error occurred in plugin_natives. This is dangerous!
L 07/12/2024 - 08:58:15: [GEOIP] Database info: GEO-106FREE 20080801 Build 1 Copyright (c) 2007 MaxMind LLC All Rights Reserved
L 07/12/2024 - 08:58:15: -------- Mapchange to zm_deko2 --------
L 07/12/2024 - 08:58:15: An error occurred in plugin_natives. This is dangerous!
L 07/12/2024 - 08:58:16: [AMXX] Failed to open dictionary file: cstrike\addons\amxmodx\data\lang\zp_ammo_ex.txt
L 07/12/2024 - 08:58:16: [AMXX] Failed to open dictionary file: cstrike\addons\amxmodx\data\lang\grab_plus.txt
L 07/12/2024 - 08:58:16: [AMXX] Failed to open dictionary file: cstrike\addons\amxmodx\data\lang\LaserMines.txt
L 07/12/2024 - 08:58:36: [admin.amxx] Login: "unnamed<4><STEAM_1:0:1404421313><>" became an admin (account "unnamed") (access "abcdefghijklmnopqrstu") (address "172.20.10.2")
L 07/12/2024 - 08:59:06: -------- Mapchange to zm_deko2 --------
L 07/12/2024 - 08:59:06: An error occurred in plugin_natives. This is dangerous!
L 07/12/2024 - 08:59:06: [AMXX] Failed to open dictionary file: cstrike\addons\amxmodx\data\lang\zp_ammo_ex.txt
L 07/12/2024 - 08:59:06: [AMXX] Failed to open dictionary file: cstrike\addons\amxmodx\data\lang\grab_plus.txt
L 07/12/2024 - 08:59:06: [AMXX] Failed to open dictionary file: cstrike\addons\amxmodx\data\lang\LaserMines.txt
L 07/12/2024 - 08:59:07: [admin.amxx] Login: "unnamed<4><STEAM_1:0:1404421313><>" became an admin (account "unnamed") (access "abcdefghijklmnopqrstu") (address "172.20.10.2")
L 07/12/2024 - 08:59:34: [admin.amxx] Login: "unnamed<16><STEAM_1:0:1404421313><>" became an admin (account "unnamed") (access "abcdefghijklmnopqrstu") (address "172.20.10.2")
L 07/12/2024 - 09:00:06: [admin.amxx] Login: "unnamed<18><STEAM_1:0:1404421313><>" became an admin (account "unnamed") (access "abcdefghijklmnopqrstu") (address "172.20.10.2")
L 07/12/2024 - 09:03:07: -------- Mapchange to zm_deko2 --------
L 07/12/2024 - 09:03:07: An error occurred in plugin_natives. This is dangerous!
L 07/12/2024 - 09:03:08: [AMXX] Failed to open dictionary file: cstrike\addons\amxmodx\data\lang\zp_ammo_ex.txt
L 07/12/2024 - 09:03:08: [AMXX] Failed to open dictionary file: cstrike\addons\amxmodx\data\lang\grab_plus.txt
L 07/12/2024 - 09:03:08: [AMXX] Failed to open dictionary file: cstrike\addons\amxmodx\data\lang\LaserMines.txt
L 07/12/2024 - 09:03:08: [admin.amxx] Login: "unnamed<18><STEAM_1:0:1404421313><>" became an admin (account "unnamed") (access "abcdefghijklmnopqrstu") (address "172.20.10.2")
L 07/12/2024 - 09:40:12: [GEOIP] Database info: GEO-106FREE 20080801 Build 1 Copyright (c) 2007 MaxMind LLC All Rights Reserved
L 07/12/2024 - 09:40:12: -------- Mapchange to zm_deko2 --------
L 07/12/2024 - 09:40:12: An error occurred in plugin_natives. This is dangerous!
L 07/12/2024 - 09:40:13: [AMXX] Failed to open dictionary file: cstrike\addons\amxmodx\data\lang\zp_ammo_ex.txt
L 07/12/2024 - 09:40:13: [AMXX] Failed to open dictionary file: cstrike\addons\amxmodx\data\lang\grab_plus.txt
L 07/12/2024 - 09:40:13: [AMXX] Failed to open dictionary file: cstrike\addons\amxmodx\data\lang\LaserMines.txt
L 07/12/2024 - 09:40:16: [admin.amxx] Login: "unnamed<1><STEAM_1:0:1404421313><>" became an admin (account "unnamed") (access "abcdefghijklmnopqrstu") (address "172.20.10.2")
L 07/12/2024 - 09:42:01: -------- Mapchange to zm_deko2 --------
L 07/12/2024 - 09:42:01: An error occurred in plugin_natives. This is dangerous!
L 07/12/2024 - 09:42:02: [AMXX] Failed to open dictionary file: cstrike\addons\amxmodx\data\lang\zp_ammo_ex.txt
L 07/12/2024 - 09:42:02: [AMXX] Failed to open dictionary file: cstrike\addons\amxmodx\data\lang\grab_plus.txt
L 07/12/2024 - 09:42:02: [AMXX] Failed to open dictionary file: cstrike\addons\amxmodx\data\lang\LaserMines.txt
L 07/12/2024 - 09:42:02: [admin.amxx] Login: "unnamed<1><STEAM_1:0:1404421313><>" became an admin (account "unnamed") (access "abcdefghijklmnopqrstu") (address "172.20.10.2")
L 07/12/2024 - 10:14:02: -------- Mapchange to zm_deko2 --------
L 07/12/2024 - 10:14:02: An error occurred in plugin_natives. This is dangerous!
L 07/12/2024 - 10:15:46: [GEOIP] Database info: GEO-106FREE 20080801 Build 1 Copyright (c) 2007 MaxMind LLC All Rights Reserved
L 07/12/2024 - 10:15:46: -------- Mapchange to zm_deko2 --------
L 07/12/2024 - 10:15:46: An error occurred in plugin_natives. This is dangerous!
L 07/12/2024 - 10:16:25: [GEOIP] Database info: GEO-106FREE 20080801 Build 1 Copyright (c) 2007 MaxMind LLC All Rights Reserved
L 07/12/2024 - 10:16:25: -------- Mapchange to zm_deko2 --------
L 07/12/2024 - 10:16:25: An error occurred in plugin_natives. This is dangerous!
L 07/12/2024 - 10:16:26: [AMXX] Failed to open dictionary file: cstrike\addons\amxmodx\data\lang\zp_ammo_ex.txt
L 07/12/2024 - 10:16:26: [AMXX] Failed to open dictionary file: cstrike\addons\amxmodx\data\lang\grab_plus.txt
L 07/12/2024 - 10:16:26: [AMXX] Failed to open dictionary file: cstrike\addons\amxmodx\data\lang\LaserMines.txt
L 07/12/2024 - 10:17:27: [GEOIP] Database info: GEO-106FREE 20080801 Build 1 Copyright (c) 2007 MaxMind LLC All Rights Reserved
L 07/12/2024 - 10:17:27: -------- Mapchange to zm_deko2 --------
L 07/12/2024 - 10:17:27: An error occurred in plugin_natives. This is dangerous!
L 07/12/2024 - 10:17:27: [AMXX] Failed to open dictionary file: cstrike\addons\amxmodx\data\lang\zp_ammo_ex.txt
L 07/12/2024 - 10:17:27: [AMXX] Failed to open dictionary file: cstrike\addons\amxmodx\data\lang\grab_plus.txt
L 07/12/2024 - 10:17:27: [AMXX] Failed to open dictionary file: cstrike\addons\amxmodx\data\lang\LaserMines.txt
L 07/12/2024 - 10:17:42: [GEOIP] Database info: GEO-106FREE 20080801 Build 1 Copyright (c) 2007 MaxMind LLC All Rights Reserved
L 07/12/2024 - 10:17:42: -------- Mapchange to zm_deko2 --------
L 07/12/2024 - 10:17:42: An error occurred in plugin_natives. This is dangerous!
L 07/12/2024 - 10:17:42: [AMXX] Plugin "Krol_boss_menu.amxx" failed to load: Plugin uses an unknown function (name "zcso_give_arxmoto") - check your modules.ini.
L 07/12/2024 - 10:17:43: [AMXX] Failed to open dictionary file: cstrike\addons\amxmodx\data\lang\zp_ammo_ex.txt
L 07/12/2024 - 10:17:43: [AMXX] Failed to open dictionary file: cstrike\addons\amxmodx\data\lang\grab_plus.txt
L 07/12/2024 - 10:17:43: [AMXX] Failed to open dictionary file: cstrike\addons\amxmodx\data\lang\LaserMines.txt
L 07/12/2024 - 10:17:57: [GEOIP] Database info: GEO-106FREE 20080801 Build 1 Copyright (c) 2007 MaxMind LLC All Rights Reserved
L 07/12/2024 - 10:17:57: -------- Mapchange to zm_deko2 --------
L 07/12/2024 - 10:17:57: An error occurred in plugin_natives. This is dangerous!
L 07/12/2024 - 10:17:57: [AMXX] Plugin "Krol_boss_menu.amxx" failed to load: Plugin uses an unknown function (name "zcso_give_arxmoto") - check your modules.ini.
L 07/12/2024 - 10:17:58: [AMXX] Failed to open dictionary file: cstrike\addons\amxmodx\data\lang\zp_ammo_ex.txt
L 07/12/2024 - 10:17:58: [AMXX] Failed to open dictionary file: cstrike\addons\amxmodx\data\lang\grab_plus.txt
L 07/12/2024 - 10:17:58: [AMXX] Failed to open dictionary file: cstrike\addons\amxmodx\data\lang\LaserMines.txt
L 07/12/2024 - 10:18:27: [GEOIP] Database info: GEO-106FREE 20080801 Build 1 Copyright (c) 2007 MaxMind LLC All Rights Reserved
L 07/12/2024 - 10:18:27: -------- Mapchange to zm_deko2 --------
L 07/12/2024 - 10:18:27: An error occurred in plugin_natives. This is dangerous!
L 07/12/2024 - 10:18:27: [AMXX] Plugin "Krol_boss_menu.amxx" failed to load: Plugin uses an unknown function (name "zcso_give_arxmoto") - check your modules.ini.
L 07/12/2024 - 10:18:27: [AMXX] Failed to open dictionary file: cstrike\addons\amxmodx\data\lang\zp_ammo_ex.txt
L 07/12/2024 - 10:18:27: [AMXX] Failed to open dictionary file: cstrike\addons\amxmodx\data\lang\grab_plus.txt
L 07/12/2024 - 10:18:27: [AMXX] Failed to open dictionary file: cstrike\addons\amxmodx\data\lang\LaserMines.txt
L 07/12/2024 - 10:18:37: -------- Mapchange to zm_deko2 --------
L 07/12/2024 - 10:18:37: An error occurred in plugin_natives. This is dangerous!
L 07/12/2024 - 10:18:37: [AMXX] Plugin "Krol_boss_menu.amxx" failed to load: Plugin uses an unknown function (name "zcso_give_arxmoto") - check your modules.ini.
L 07/12/2024 - 10:18:38: [AMXX] Failed to open dictionary file: cstrike\addons\amxmodx\data\lang\zp_ammo_ex.txt
L 07/12/2024 - 10:18:38: [AMXX] Failed to open dictionary file: cstrike\addons\amxmodx\data\lang\grab_plus.txt
L 07/12/2024 - 10:18:38: [AMXX] Failed to open dictionary file: cstrike\addons\amxmodx\data\lang\LaserMines.txt
L 07/12/2024 - 10:23:13: [GEOIP] Database info: GEO-106FREE 20080801 Build 1 Copyright (c) 2007 MaxMind LLC All Rights Reserved
L 07/12/2024 - 10:23:13: -------- Mapchange to zm_deko2 --------
L 07/12/2024 - 10:23:13: An error occurred in plugin_natives. This is dangerous!
L 07/12/2024 - 10:23:13: [AMXX] Plugin "Krol_boss_menu.amxx" failed to load: Plugin uses an unknown function (name "zcso_give_arxmoto") - check your modules.ini.
L 07/12/2024 - 10:23:13: [AMXX] Failed to open dictionary file: cstrike\addons\amxmodx\data\lang\zp_ammo_ex.txt
L 07/12/2024 - 10:23:13: [AMXX] Failed to open dictionary file: cstrike\addons\amxmodx\data\lang\grab_plus.txt
L 07/12/2024 - 10:23:13: [AMXX] Failed to open dictionary file: cstrike\addons\amxmodx\data\lang\LaserMines.txt
L 07/12/2024 - 10:29:17: [GEOIP] Database info: GEO-106FREE 20080801 Build 1 Copyright (c) 2007 MaxMind LLC All Rights Reserved
L 07/12/2024 - 10:29:17: -------- Mapchange to zm_deko2 --------
L 07/12/2024 - 10:29:17: An error occurred in plugin_natives. This is dangerous!
L 07/12/2024 - 10:29:17: [AMXX] Plugin "Krol_boss_menu.amxx" failed to load: Plugin uses an unknown function (name "zcso_give_arxmoto") - check your modules.ini.
L 07/12/2024 - 10:29:18: [AMXX] Failed to open dictionary file: cstrike\addons\amxmodx\data\lang\zp_ammo_ex.txt
L 07/12/2024 - 10:29:18: [AMXX] Failed to open dictionary file: cstrike\addons\amxmodx\data\lang\grab_plus.txt
L 07/12/2024 - 10:29:18: [AMXX] Failed to open dictionary file: cstrike\addons\amxmodx\data\lang\LaserMines.txt
L 07/12/2024 - 10:29:32: -------- Mapchange to zm_deko2 --------
L 07/12/2024 - 10:29:32: An error occurred in plugin_natives. This is dangerous!
L 07/12/2024 - 10:29:33: [AMXX] Failed to open dictionary file: cstrike\addons\amxmodx\data\lang\zp_ammo_ex.txt
L 07/12/2024 - 10:29:33: [AMXX] Failed to open dictionary file: cstrike\addons\amxmodx\data\lang\grab_plus.txt
L 07/12/2024 - 10:29:33: [AMXX] Failed to open dictionary file: cstrike\addons\amxmodx\data\lang\LaserMines.txt
L 07/12/2024 - 10:30:14: [admin.amxx] Login: "unnamed<15><STEAM_1:0:1404421313><>" became an admin (account "unnamed") (access "abcdefghijklmnopqrstu") (address "172.20.10.2")
L 07/12/2024 - 10:51:01: -------- Mapchange to zm_deko2 --------
L 07/12/2024 - 10:51:01: An error occurred in plugin_natives. This is dangerous!
L 07/12/2024 - 10:51:02: [AMXX] Failed to open dictionary file: cstrike\addons\amxmodx\data\lang\zp_ammo_ex.txt
L 07/12/2024 - 10:51:02: [AMXX] Failed to open dictionary file: cstrike\addons\amxmodx\data\lang\grab_plus.txt
L 07/12/2024 - 10:51:02: [AMXX] Failed to open dictionary file: cstrike\addons\amxmodx\data\lang\LaserMines.txt
L 07/12/2024 - 10:51:07: [admin.amxx] Login: "unnamed<20><STEAM_1:0:1404421313><>" became an admin (account "unnamed") (access "abcdefghijklmnopqrstu") (address "172.20.10.2")
L 07/12/2024 - 11:26:53: -------- Mapchange to zm_deko2 --------
L 07/12/2024 - 11:26:53: An error occurred in plugin_natives. This is dangerous!
L 07/12/2024 - 11:26:53: [AMXX] Failed to open dictionary file: cstrike\addons\amxmodx\data\lang\zp_ammo_ex.txt
L 07/12/2024 - 11:26:53: [AMXX] Failed to open dictionary file: cstrike\addons\amxmodx\data\lang\grab_plus.txt
L 07/12/2024 - 11:26:53: [AMXX] Failed to open dictionary file: cstrike\addons\amxmodx\data\lang\LaserMines.txt
L 07/12/2024 - 11:27:14: [admin.amxx] Login: "unnamed<33><STEAM_1:0:1404421313><>" became an admin (account "unnamed") (access "abcdefghijklmnopqrstu") (address "172.20.10.2")
L 07/12/2024 - 11:27:50: [admin.amxx] Login: "unnamed<35><STEAM_1:0:1404421313><>" became an admin (account "unnamed") (access "abcdefghijklmnopqrstu") (address "172.20.10.2")
L 07/12/2024 - 11:31:47: [admin.amxx] Login: "unnamed<37><STEAM_1:0:1404421313><>" became an admin (account "unnamed") (access "abcdefghijklmnopqrstu") (address "172.20.10.2")
L 07/12/2024 - 11:32:21: -------- Mapchange to zm_deko2 --------
L 07/12/2024 - 11:32:21: An error occurred in plugin_natives. This is dangerous!
L 07/12/2024 - 11:32:21: [AMXX] Failed to open dictionary file: cstrike\addons\amxmodx\data\lang\zp_ammo_ex.txt
L 07/12/2024 - 11:32:21: [AMXX] Failed to open dictionary file: cstrike\addons\amxmodx\data\lang\grab_plus.txt
L 07/12/2024 - 11:32:21: [AMXX] Failed to open dictionary file: cstrike\addons\amxmodx\data\lang\LaserMines.txt
L 07/12/2024 - 11:32:22: [admin.amxx] Login: "unnamed<37><STEAM_1:0:1404421313><>" became an admin (account "unnamed") (access "abcdefghijklmnopqrstu") (address "172.20.10.2")
L 07/12/2024 - 12:03:58: -------- Mapchange to zm_deko2 --------
L 07/12/2024 - 12:03:59: An error occurred in plugin_natives. This is dangerous!
L 07/12/2024 - 12:04:12: [GEOIP] Database info: GEO-106FREE 20080801 Build 1 Copyright (c) 2007 MaxMind LLC All Rights Reserved
L 07/12/2024 - 12:04:13: -------- Mapchange to zm_deko2 --------
L 07/12/2024 - 12:04:13: An error occurred in plugin_natives. This is dangerous!
L 07/12/2024 - 12:06:01: [GEOIP] Database info: GEO-106FREE 20080801 Build 1 Copyright (c) 2007 MaxMind LLC All Rights Reserved
L 07/12/2024 - 12:06:01: -------- Mapchange to zm_deko2 --------
L 07/12/2024 - 12:06:01: An error occurred in plugin_natives. This is dangerous!
L 07/12/2024 - 12:07:33: [GEOIP] Database info: GEO-106FREE 20080801 Build 1 Copyright (c) 2007 MaxMind LLC All Rights Reserved
L 07/12/2024 - 12:07:33: -------- Mapchange to zm_deko2 --------
L 07/12/2024 - 12:07:33: An error occurred in plugin_natives. This is dangerous!
L 07/12/2024 - 12:13:29: [GEOIP] Database info: GEO-106FREE 20080801 Build 1 Copyright (c) 2007 MaxMind LLC All Rights Reserved
L 07/12/2024 - 12:13:29: -------- Mapchange to zm_deko2 --------
L 07/12/2024 - 12:13:29: An error occurred in plugin_natives. This is dangerous!
L 07/12/2024 - 12:13:30: [AMXX] Failed to open dictionary file: cstrike\addons\amxmodx\data\lang\zp_ammo_ex.txt
L 07/12/2024 - 12:13:30: [AMXX] Failed to open dictionary file: cstrike\addons\amxmodx\data\lang\grab_plus.txt
L 07/12/2024 - 12:13:30: [AMXX] Failed to open dictionary file: cstrike\addons\amxmodx\data\lang\LaserMines.txt
L 07/12/2024 - 12:13:37: [admin.amxx] Login: "unnamed<6><STEAM_1:0:1404421313><>" became an admin (account "unnamed") (access "abcdefghijklmnopqrstu") (address "172.20.10.2")
L 07/12/2024 - 12:23:07: -------- Mapchange to zm_deko2 --------
L 07/12/2024 - 12:23:07: An error occurred in plugin_natives. This is dangerous!
L 07/12/2024 - 12:23:08: [AMXX] Failed to open dictionary file: cstrike\addons\amxmodx\data\lang\zp_ammo_ex.txt
L 07/12/2024 - 12:23:08: [AMXX] Failed to open dictionary file: cstrike\addons\amxmodx\data\lang\grab_plus.txt
L 07/12/2024 - 12:23:08: [AMXX] Failed to open dictionary file: cstrike\addons\amxmodx\data\lang\LaserMines.txt
L 07/12/2024 - 12:31:27: [GEOIP] Database info: GEO-106FREE 20080801 Build 1 Copyright (c) 2007 MaxMind LLC All Rights Reserved
L 07/12/2024 - 12:31:27: -------- Mapchange to zm_deko2 --------
L 07/12/2024 - 12:31:27: An error occurred in plugin_natives. This is dangerous!
L 07/12/2024 - 12:31:27: [AMXX] Plugin "Krol_lord_menu.amxx" failed to load: Plugin uses an unknown function (name "native_give_weapon_stunrifle") - check your modules.ini.
L 07/12/2024 - 12:31:28: [AMXX] Failed to open dictionary file: cstrike\addons\amxmodx\data\lang\zp_ammo_ex.txt
L 07/12/2024 - 12:31:28: [AMXX] Failed to open dictionary file: cstrike\addons\amxmodx\data\lang\grab_plus.txt
L 07/12/2024 - 12:31:28: [AMXX] Failed to open dictionary file: cstrike\addons\amxmodx\data\lang\LaserMines.txt
L 07/12/2024 - 12:31:33: [admin.amxx] Login: "unnamed<1><STEAM_1:0:1404421313><>" became an admin (account "unnamed") (access "abcdefghijklmnopqrstu") (address "172.20.10.2")
L 07/12/2024 - 12:38:46: -------- Mapchange to zm_deko2 --------
L 07/12/2024 - 12:38:46: An error occurred in plugin_natives. This is dangerous!
L 07/12/2024 - 12:38:46: [AMXX] Plugin "Krol_lord_menu.amxx" failed to load: Plugin uses an unknown function (name "native_give_weapon_stunrifle") - check your modules.ini.
L 07/12/2024 - 12:38:47: [AMXX] Failed to open dictionary file: cstrike\addons\amxmodx\data\lang\zp_ammo_ex.txt
L 07/12/2024 - 12:38:47: [AMXX] Failed to open dictionary file: cstrike\addons\amxmodx\data\lang\grab_plus.txt
L 07/12/2024 - 12:38:47: [AMXX] Failed to open dictionary file: cstrike\addons\amxmodx\data\lang\LaserMines.txt
L 07/12/2024 - 12:38:47: [admin.amxx] Login: "unnamed<1><STEAM_1:0:1404421313><>" became an admin (account "unnamed") (access "abcdefghijklmnopqrstu") (address "172.20.10.2")
L 07/12/2024 - 13:24:55: [GEOIP] Database info: GEO-106FREE 20080801 Build 1 Copyright (c) 2007 MaxMind LLC All Rights Reserved
L 07/12/2024 - 13:24:55: -------- Mapchange to zm_deko2 --------
L 07/12/2024 - 13:24:55: An error occurred in plugin_natives. This is dangerous!
L 07/12/2024 - 13:24:55: [AMXX] Plugin "Krol_lord_menu.amxx" failed to load: Plugin uses an unknown function (name "native_give_weapon_stunrifle") - check your modules.ini.
L 07/12/2024 - 13:24:56: [AMXX] Failed to open dictionary file: cstrike\addons\amxmodx\data\lang\zp_ammo_ex.txt
L 07/12/2024 - 13:24:56: [AMXX] Failed to open dictionary file: cstrike\addons\amxmodx\data\lang\grab_plus.txt
L 07/12/2024 - 13:24:56: [AMXX] Failed to open dictionary file: cstrike\addons\amxmodx\data\lang\LaserMines.txt
L 07/12/2024 - 13:25:01: [admin.amxx] Login: "unnamed<1><STEAM_1:0:1404421313><>" became an admin (account "unnamed") (access "abcdefghijklmnopqrstu") (address "172.20.10.2")
L 07/12/2024 - 13:43:10: [admin.amxx] Login: "unnamed<10><STEAM_1:0:1404421313><>" became an admin (account "unnamed") (access "abcdefghijklmnopqrstu") (address "172.20.10.2")
L 07/12/2024 - 13:52:49: -------- Mapchange to zm_deko2 --------
L 07/12/2024 - 13:52:49: An error occurred in plugin_natives. This is dangerous!
L 07/12/2024 - 13:52:49: [AMXX] Plugin "Krol_lord_menu.amxx" failed to load: Plugin uses an unknown function (name "native_give_weapon_stunrifle") - check your modules.ini.
L 07/12/2024 - 13:52:49: [AMXX] Failed to open dictionary file: cstrike\addons\amxmodx\data\lang\zp_ammo_ex.txt
L 07/12/2024 - 13:52:49: [AMXX] Failed to open dictionary file: cstrike\addons\amxmodx\data\lang\grab_plus.txt
L 07/12/2024 - 13:52:49: [AMXX] Failed to open dictionary file: cstrike\addons\amxmodx\data\lang\LaserMines.txt
L 07/12/2024 - 13:52:50: [admin.amxx] Login: "unnamed<10><STEAM_1:0:1404421313><>" became an admin (account "unnamed") (access "abcdefghijklmnopqrstu") (address "172.20.10.2")
L 07/12/2024 - 13:55:36: -------- Mapchange to zm_deko2 --------
L 07/12/2024 - 13:55:36: An error occurred in plugin_natives. This is dangerous!
L 07/12/2024 - 13:55:36: [AMXX] Plugin "Krol_lord_menu.amxx" failed to load: Plugin uses an unknown function (name "native_give_weapon_stunrifle") - check your modules.ini.
L 07/12/2024 - 13:55:36: [AMXX] Failed to open dictionary file: cstrike\addons\amxmodx\data\lang\zp_ammo_ex.txt
L 07/12/2024 - 13:55:36: [AMXX] Failed to open dictionary file: cstrike\addons\amxmodx\data\lang\grab_plus.txt
L 07/12/2024 - 13:55:36: [AMXX] Failed to open dictionary file: cstrike\addons\amxmodx\data\lang\LaserMines.txt
L 07/12/2024 - 13:55:37: [admin.amxx] Login: "unnamed<10><STEAM_1:0:1404421313><>" became an admin (account "unnamed") (access "abcdefghijklmnopqrstu") (address "172.20.10.2")
L 07/12/2024 - 13:56:30: -------- Mapchange to zm_deko2 --------
L 07/12/2024 - 13:56:30: An error occurred in plugin_natives. This is dangerous!
L 07/12/2024 - 13:56:31: [AMXX] Failed to open dictionary file: cstrike\addons\amxmodx\data\lang\zp_ammo_ex.txt
L 07/12/2024 - 13:56:31: [AMXX] Failed to open dictionary file: cstrike\addons\amxmodx\data\lang\grab_plus.txt
L 07/12/2024 - 13:56:31: [AMXX] Failed to open dictionary file: cstrike\addons\amxmodx\data\lang\LaserMines.txt
L 07/12/2024 - 13:56:31: [admin.amxx] Login: "unnamed<10><STEAM_1:0:1404421313><>" became an admin (account "unnamed") (access "abcdefghijklmnopqrstu") (address "172.20.10.2")
L 07/12/2024 - 14:33:12: -------- Mapchange to zm_deko2 --------
L 07/12/2024 - 14:33:12: An error occurred in plugin_natives. This is dangerous!
L 07/12/2024 - 14:33:13: [AMXX] Failed to open dictionary file: cstrike\addons\amxmodx\data\lang\zp_ammo_ex.txt
L 07/12/2024 - 14:33:13: [AMXX] Failed to open dictionary file: cstrike\addons\amxmodx\data\lang\grab_plus.txt
L 07/12/2024 - 14:33:13: [AMXX] Failed to open dictionary file: cstrike\addons\amxmodx\data\lang\LaserMines.txt
L 07/12/2024 - 14:33:18: [admin.amxx] Login: "unnamed<31><STEAM_1:0:1404421313><>" became an admin (account "unnamed") (access "abcdefghijklmnopqrstu") (address "172.20.10.2")
L 07/12/2024 - 14:38:25: -------- Mapchange to zm_deko2 --------
L 07/12/2024 - 14:38:25: An error occurred in plugin_natives. This is dangerous!
L 07/12/2024 - 14:38:26: [AMXX] Failed to open dictionary file: cstrike\addons\amxmodx\data\lang\zp_ammo_ex.txt
L 07/12/2024 - 14:38:26: [AMXX] Failed to open dictionary file: cstrike\addons\amxmodx\data\lang\grab_plus.txt
L 07/12/2024 - 14:38:26: [AMXX] Failed to open dictionary file: cstrike\addons\amxmodx\data\lang\LaserMines.txt
L 07/12/2024 - 14:38:26: [admin.amxx] Login: "unnamed<31><STEAM_1:0:1404421313><>" became an admin (account "unnamed") (access "abcdefghijklmnopqrstu") (address "172.20.10.2")
L 07/12/2024 - 15:13:07: -------- Mapchange to zm_deko2 --------
L 07/12/2024 - 15:13:07: An error occurred in plugin_natives. This is dangerous!
L 07/12/2024 - 15:13:08: [AMXX] Failed to open dictionary file: cstrike\addons\amxmodx\data\lang\zp_ammo_ex.txt
L 07/12/2024 - 15:13:08: [AMXX] Failed to open dictionary file: cstrike\addons\amxmodx\data\lang\grab_plus.txt
L 07/12/2024 - 15:13:08: [AMXX] Failed to open dictionary file: cstrike\addons\amxmodx\data\lang\LaserMines.txt
L 07/12/2024 - 15:13:12: [admin.amxx] Login: "unnamed<44><STEAM_1:0:1404421313><>" became an admin (account "unnamed") (access "abcdefghijklmnopqrstu") (address "172.20.10.2")
L 07/12/2024 - 15:21:16: -------- Mapchange to zm_deko2 --------
L 07/12/2024 - 15:21:16: An error occurred in plugin_natives. This is dangerous!
L 07/12/2024 - 15:22:24: [GEOIP] Database info: GEO-106FREE 20080801 Build 1 Copyright (c) 2007 MaxMind LLC All Rights Reserved
L 07/12/2024 - 15:22:24: -------- Mapchange to zm_deko2 --------
L 07/12/2024 - 15:22:25: An error occurred in plugin_natives. This is dangerous!
L 07/12/2024 - 15:22:33: [GEOIP] Database info: GEO-106FREE 20080801 Build 1 Copyright (c) 2007 MaxMind LLC All Rights Reserved
L 07/12/2024 - 15:22:33: -------- Mapchange to zm_deko2 --------
L 07/12/2024 - 15:22:33: An error occurred in plugin_natives. This is dangerous!
L 07/12/2024 - 15:23:22: [GEOIP] Database info: GEO-106FREE 20080801 Build 1 Copyright (c) 2007 MaxMind LLC All Rights Reserved
L 07/12/2024 - 15:23:23: -------- Mapchange to zm_deko2 --------
L 07/12/2024 - 15:23:23: An error occurred in plugin_natives. This is dangerous!
L 07/12/2024 - 15:23:23: [AMXX] Failed to open dictionary file: cstrike\addons\amxmodx\data\lang\zp_ammo_ex.txt
L 07/12/2024 - 15:23:23: [AMXX] Failed to open dictionary file: cstrike\addons\amxmodx\data\lang\grab_plus.txt
L 07/12/2024 - 15:23:23: [AMXX] Failed to open dictionary file: cstrike\addons\amxmodx\data\lang\LaserMines.txt
L 07/12/2024 - 15:23:28: [admin.amxx] Login: "unnamed<1><STEAM_1:0:1404421313><>" became an admin (account "unnamed") (access "abcdefghijklmnopqrstu") (address "172.20.10.2")
L 07/12/2024 - 15:46:13: -------- Mapchange to zm_deko2 --------
L 07/12/2024 - 15:46:13: An error occurred in plugin_natives. This is dangerous!
L 07/12/2024 - 15:46:14: [AMXX] Failed to open dictionary file: cstrike\addons\amxmodx\data\lang\zp_ammo_ex.txt
L 07/12/2024 - 15:46:14: [AMXX] Failed to open dictionary file: cstrike\addons\amxmodx\data\lang\grab_plus.txt
L 07/12/2024 - 15:46:14: [AMXX] Failed to open dictionary file: cstrike\addons\amxmodx\data\lang\LaserMines.txt
L 07/12/2024 - 15:46:15: [admin.amxx] Login: "unnamed<1><STEAM_1:0:1404421313><>" became an admin (account "unnamed") (access "abcdefghijklmnopqrstu") (address "172.20.10.2")
L 07/12/2024 - 15:46:15: [admin.amxx] Login: "unnamed<1><STEAM_1:0:1404421313><>" became an admin (account "unnamed") (access "abcdefghijklmnopqrstu") (address "172.20.10.2")
L 07/12/2024 - 15:46:16: [admin.amxx] Login: "unnamed<9><STEAM_1:0:1404421313><>" became an admin (account "unnamed") (access "abcdefghijklmnopqrstu") (address "172.20.10.2")
L 07/12/2024 - 15:47:35: -------- Mapchange to zm_deko2 --------
L 07/12/2024 - 15:47:35: An error occurred in plugin_natives. This is dangerous!
L 07/12/2024 - 15:47:36: [AMXX] Failed to open dictionary file: cstrike\addons\amxmodx\data\lang\zp_ammo_ex.txt
L 07/12/2024 - 15:47:36: [AMXX] Failed to open dictionary file: cstrike\addons\amxmodx\data\lang\grab_plus.txt
L 07/12/2024 - 15:47:36: [AMXX] Failed to open dictionary file: cstrike\addons\amxmodx\data\lang\LaserMines.txt
L 07/12/2024 - 15:47:36: [admin.amxx] Login: "unnamed<9><STEAM_1:0:1404421313><>" became an admin (account "unnamed") (access "abcdefghijklmnopqrstu") (address "172.20.10.2")
L 07/12/2024 - 15:48:12: -------- Mapchange to zm_deko2 --------
L 07/12/2024 - 15:48:12: An error occurred in plugin_natives. This is dangerous!
L 07/12/2024 - 15:48:12: [AMXX] Failed to open dictionary file: cstrike\addons\amxmodx\data\lang\zp_ammo_ex.txt
L 07/12/2024 - 15:48:12: [AMXX] Failed to open dictionary file: cstrike\addons\amxmodx\data\lang\grab_plus.txt
L 07/12/2024 - 15:48:12: [AMXX] Failed to open dictionary file: cstrike\addons\amxmodx\data\lang\LaserMines.txt
L 07/12/2024 - 15:48:13: [admin.amxx] Login: "unnamed<9><STEAM_1:0:1404421313><>" became an admin (account "unnamed") (access "abcdefghijklmnopqrstu") (address "172.20.10.2")
L 07/12/2024 - 15:48:45: -------- Mapchange to zm_deko2 --------
L 07/12/2024 - 15:48:45: An error occurred in plugin_natives. This is dangerous!
L 07/12/2024 - 15:48:46: [AMXX] Failed to open dictionary file: cstrike\addons\amxmodx\data\lang\zp_ammo_ex.txt
L 07/12/2024 - 15:48:46: [AMXX] Failed to open dictionary file: cstrike\addons\amxmodx\data\lang\grab_plus.txt
L 07/12/2024 - 15:48:46: [AMXX] Failed to open dictionary file: cstrike\addons\amxmodx\data\lang\LaserMines.txt
L 07/12/2024 - 15:48:46: [admin.amxx] Login: "unnamed<9><STEAM_1:0:1404421313><>" became an admin (account "unnamed") (access "abcdefghijklmnopqrstu") (address "172.20.10.2")
L 07/12/2024 - 15:49:09: -------- Mapchange to zm_deko2 --------
L 07/12/2024 - 15:49:09: An error occurred in plugin_natives. This is dangerous!
L 07/12/2024 - 15:49:09: [AMXX] Failed to open dictionary file: cstrike\addons\amxmodx\data\lang\zp_ammo_ex.txt
L 07/12/2024 - 15:49:09: [AMXX] Failed to open dictionary file: cstrike\addons\amxmodx\data\lang\grab_plus.txt
L 07/12/2024 - 15:49:09: [AMXX] Failed to open dictionary file: cstrike\addons\amxmodx\data\lang\LaserMines.txt
L 07/12/2024 - 15:49:10: [admin.amxx] Login: "unnamed<9><STEAM_1:0:1404421313><>" became an admin (account "unnamed") (access "abcdefghijklmnopqrstu") (address "172.20.10.2")
L 07/12/2024 - 15:49:54: -------- Mapchange to zm_deko2 --------
L 07/12/2024 - 15:49:54: An error occurred in plugin_natives. This is dangerous!
L 07/12/2024 - 15:49:55: [AMXX] Failed to open dictionary file: cstrike\addons\amxmodx\data\lang\zp_ammo_ex.txt
L 07/12/2024 - 15:49:55: [AMXX] Failed to open dictionary file: cstrike\addons\amxmodx\data\lang\grab_plus.txt
L 07/12/2024 - 15:49:55: [AMXX] Failed to open dictionary file: cstrike\addons\amxmodx\data\lang\LaserMines.txt
L 07/12/2024 - 15:49:55: [admin.amxx] Login: "unnamed<9><STEAM_1:0:1404421313><>" became an admin (account "unnamed") (access "abcdefghijklmnopqrstu") (address "172.20.10.2")
L 07/12/2024 - 15:52:58: -------- Mapchange to zm_deko2 --------
L 07/12/2024 - 15:52:58: An error occurred in plugin_natives. This is dangerous!
L 07/12/2024 - 15:52:59: [AMXX] Failed to open dictionary file: cstrike\addons\amxmodx\data\lang\zp_ammo_ex.txt
L 07/12/2024 - 15:52:59: [AMXX] Failed to open dictionary file: cstrike\addons\amxmodx\data\lang\grab_plus.txt
L 07/12/2024 - 15:52:59: [AMXX] Failed to open dictionary file: cstrike\addons\amxmodx\data\lang\LaserMines.txt
L 07/12/2024 - 15:52:59: [admin.amxx] Login: "unnamed<9><STEAM_1:0:1404421313><>" became an admin (account "unnamed") (access "abcdefghijklmnopqrstu") (address "172.20.10.2")
L 07/12/2024 - 16:05:54: [admin.amxx] Login: "unnamed<53><STEAM_1:0:1404421313><>" became an admin (account "unnamed") (access "abcdefghijklmnopqrstu") (address "172.20.10.2")
L 07/12/2024 - 16:09:23: -------- Mapchange to zm_deko2 --------
L 07/12/2024 - 16:09:23: An error occurred in plugin_natives. This is dangerous!
L 07/12/2024 - 16:09:24: [AMXX] Failed to open dictionary file: cstrike\addons\amxmodx\data\lang\zp_ammo_ex.txt
L 07/12/2024 - 16:09:24: [AMXX] Failed to open dictionary file: cstrike\addons\amxmodx\data\lang\grab_plus.txt
L 07/12/2024 - 16:09:24: [AMXX] Failed to open dictionary file: cstrike\addons\amxmodx\data\lang\LaserMines.txt
L 07/12/2024 - 16:09:24: [admin.amxx] Login: "unnamed<53><STEAM_1:0:1404421313><>" became an admin (account "unnamed") (access "abcdefghijklmnopqrstu") (address "172.20.10.2")
L 07/12/2024 - 16:11:20: -------- Mapchange to zm_deko2 --------
L 07/12/2024 - 16:11:20: An error occurred in plugin_natives. This is dangerous!
L 07/12/2024 - 16:11:21: [AMXX] Failed to open dictionary file: cstrike\addons\amxmodx\data\lang\zp_ammo_ex.txt
L 07/12/2024 - 16:11:21: [AMXX] Failed to open dictionary file: cstrike\addons\amxmodx\data\lang\grab_plus.txt
L 07/12/2024 - 16:11:21: [AMXX] Failed to open dictionary file: cstrike\addons\amxmodx\data\lang\LaserMines.txt
L 07/12/2024 - 16:11:21: [admin.amxx] Login: "unnamed<53><STEAM_1:0:1404421313><>" became an admin (account "unnamed") (access "abcdefghijklmnopqrstu") (address "172.20.10.2")
L 07/12/2024 - 16:11:55: -------- Mapchange to zm_deko2 --------
L 07/12/2024 - 16:11:55: An error occurred in plugin_natives. This is dangerous!
L 07/12/2024 - 16:11:55: [AMXX] Plugin "Krol_lord_menu.amxx" failed to load: Plugin uses an unknown function (name "give_weapon_shar") - check your modules.ini.
L 07/12/2024 - 16:11:55: [AMXX] Failed to open dictionary file: cstrike\addons\amxmodx\data\lang\zp_ammo_ex.txt
L 07/12/2024 - 16:11:55: [AMXX] Failed to open dictionary file: cstrike\addons\amxmodx\data\lang\grab_plus.txt
L 07/12/2024 - 16:11:55: [AMXX] Failed to open dictionary file: cstrike\addons\amxmodx\data\lang\LaserMines.txt
L 07/12/2024 - 16:11:56: [admin.amxx] Login: "unnamed<53><STEAM_1:0:1404421313><>" became an admin (account "unnamed") (access "abcdefghijklmnopqrstu") (address "172.20.10.2")
L 07/12/2024 - 16:20:37: -------- Mapchange to zm_deko2 --------
L 07/12/2024 - 16:20:37: An error occurred in plugin_natives. This is dangerous!
L 07/12/2024 - 16:20:38: [AMXX] Failed to open dictionary file: cstrike\addons\amxmodx\data\lang\zp_ammo_ex.txt
L 07/12/2024 - 16:20:38: [AMXX] Failed to open dictionary file: cstrike\addons\amxmodx\data\lang\grab_plus.txt
L 07/12/2024 - 16:20:38: [AMXX] Failed to open dictionary file: cstrike\addons\amxmodx\data\lang\LaserMines.txt
L 07/12/2024 - 16:20:38: [admin.amxx] Login: "unnamed<53><STEAM_1:0:1404421313><>" became an admin (account "unnamed") (access "abcdefghijklmnopqrstu") (address "172.20.10.2")
L 07/12/2024 - 17:00:17: -------- Mapchange to zm_deko2 --------
L 07/12/2024 - 17:00:17: An error occurred in plugin_natives. This is dangerous!
L 07/12/2024 - 17:00:18: [AMXX] Failed to open dictionary file: cstrike\addons\amxmodx\data\lang\zp_ammo_ex.txt
L 07/12/2024 - 17:00:18: [AMXX] Failed to open dictionary file: cstrike\addons\amxmodx\data\lang\grab_plus.txt
L 07/12/2024 - 17:00:18: [AMXX] Failed to open dictionary file: cstrike\addons\amxmodx\data\lang\LaserMines.txt
L 07/12/2024 - 17:00:18: [admin.amxx] Login: "unnamed<53><STEAM_1:0:1404421313><>" became an admin (account "unnamed") (access "abcdefghijklmnopqrstu") (address "172.20.10.2")
L 07/12/2024 - 17:02:28: -------- Mapchange to zm_deko2 --------
L 07/12/2024 - 17:02:28: An error occurred in plugin_natives. This is dangerous!
L 07/12/2024 - 17:02:29: [AMXX] Failed to open dictionary file: cstrike\addons\amxmodx\data\lang\zp_ammo_ex.txt
L 07/12/2024 - 17:02:29: [AMXX] Failed to open dictionary file: cstrike\addons\amxmodx\data\lang\grab_plus.txt
L 07/12/2024 - 17:02:29: [AMXX] Failed to open dictionary file: cstrike\addons\amxmodx\data\lang\LaserMines.txt
L 07/12/2024 - 17:02:29: [admin.amxx] Login: "unnamed<53><STEAM_1:0:1404421313><>" became an admin (account "unnamed") (access "abcdefghijklmnopqrstu") (address "172.20.10.2")
L 07/12/2024 - 17:04:59: -------- Mapchange to zm_deko2 --------
L 07/12/2024 - 17:04:59: An error occurred in plugin_natives. This is dangerous!
L 07/12/2024 - 17:05:00: [AMXX] Failed to open dictionary file: cstrike\addons\amxmodx\data\lang\zp_ammo_ex.txt
L 07/12/2024 - 17:05:00: [AMXX] Failed to open dictionary file: cstrike\addons\amxmodx\data\lang\grab_plus.txt
L 07/12/2024 - 17:05:00: [AMXX] Failed to open dictionary file: cstrike\addons\amxmodx\data\lang\LaserMines.txt
L 07/12/2024 - 17:05:00: [admin.amxx] Login: "unnamed<53><STEAM_1:0:1404421313><>" became an admin (account "unnamed") (access "abcdefghijklmnopqrstu") (address "172.20.10.2")
L 07/12/2024 - 17:06:24: -------- Mapchange to zm_deko2 --------
L 07/12/2024 - 17:06:24: An error occurred in plugin_natives. This is dangerous!
L 07/12/2024 - 17:06:25: [AMXX] Failed to open dictionary file: cstrike\addons\amxmodx\data\lang\zp_ammo_ex.txt
L 07/12/2024 - 17:06:25: [AMXX] Failed to open dictionary file: cstrike\addons\amxmodx\data\lang\grab_plus.txt
L 07/12/2024 - 17:06:25: [AMXX] Failed to open dictionary file: cstrike\addons\amxmodx\data\lang\LaserMines.txt
L 07/12/2024 - 17:06:25: [admin.amxx] Login: "unnamed<53><STEAM_1:0:1404421313><>" became an admin (account "unnamed") (access "abcdefghijklmnopqrstu") (address "172.20.10.2")
L 07/12/2024 - 17:11:02: -------- Mapchange to zm_deko2 --------
L 07/12/2024 - 17:11:02: An error occurred in plugin_natives. This is dangerous!
L 07/12/2024 - 17:11:03: [AMXX] Failed to open dictionary file: cstrike\addons\amxmodx\data\lang\zp_ammo_ex.txt
L 07/12/2024 - 17:11:03: [AMXX] Failed to open dictionary file: cstrike\addons\amxmodx\data\lang\grab_plus.txt
L 07/12/2024 - 17:11:03: [AMXX] Failed to open dictionary file: cstrike\addons\amxmodx\data\lang\LaserMines.txt
L 07/12/2024 - 17:11:03: [admin.amxx] Login: "unnamed<53><STEAM_1:0:1404421313><>" became an admin (account "unnamed") (access "abcdefghijklmnopqrstu") (address "172.20.10.2")
L 07/12/2024 - 17:13:09: [admin.amxx] Login: "unnamed<109><STEAM_1:0:1404421313><>" became an admin (account "unnamed") (access "abcdefghijklmnopqrstu") (address "172.20.10.2")
L 07/12/2024 - 17:29:15: [admin.amxx] Login: "unnamed<111><STEAM_1:0:1404421313><>" became an admin (account "unnamed") (access "abcdefghijklmnopqrstu") (address "172.20.10.2")
L 07/12/2024 - 17:33:51: -------- Mapchange to zm_deko2 --------
L 07/12/2024 - 17:33:51: An error occurred in plugin_natives. This is dangerous!
L 07/12/2024 - 17:33:52: [AMXX] Failed to open dictionary file: cstrike\addons\amxmodx\data\lang\zp_ammo_ex.txt
L 07/12/2024 - 17:33:52: [AMXX] Failed to open dictionary file: cstrike\addons\amxmodx\data\lang\grab_plus.txt
L 07/12/2024 - 17:33:52: [AMXX] Failed to open dictionary file: cstrike\addons\amxmodx\data\lang\LaserMines.txt
L 07/12/2024 - 17:33:52: [admin.amxx] Login: "unnamed<111><STEAM_1:0:1404421313><>" became an admin (account "unnamed") (access "abcdefghijklmnopqrstu") (address "172.20.10.2")
L 07/12/2024 - 17:47:33: [admin.amxx] Login: "unnamed<119><STEAM_1:0:1404421313><>" became an admin (account "unnamed") (access "abcdefghijklmnopqrstu") (address "172.20.10.2")
L 07/12/2024 - 18:05:33: -------- Mapchange to zm_deko2 --------
L 07/12/2024 - 18:05:33: An error occurred in plugin_natives. This is dangerous!
L 07/12/2024 - 18:05:34: [AMXX] Failed to open dictionary file: cstrike\addons\amxmodx\data\lang\zp_ammo_ex.txt
L 07/12/2024 - 18:05:34: [AMXX] Failed to open dictionary file: cstrike\addons\amxmodx\data\lang\grab_plus.txt
L 07/12/2024 - 18:05:34: [AMXX] Failed to open dictionary file: cstrike\addons\amxmodx\data\lang\LaserMines.txt
L 07/12/2024 - 18:05:34: [admin.amxx] Login: "unnamed<119><STEAM_1:0:1404421313><>" became an admin (account "unnamed") (access "abcdefghijklmnopqrstu") (address "172.20.10.2")
L 07/12/2024 - 18:06:24: -------- Mapchange to zm_deko2 --------
L 07/12/2024 - 18:06:24: An error occurred in plugin_natives. This is dangerous!
L 07/12/2024 - 18:06:25: [AMXX] Failed to open dictionary file: cstrike\addons\amxmodx\data\lang\zp_ammo_ex.txt
L 07/12/2024 - 18:06:25: [AMXX] Failed to open dictionary file: cstrike\addons\amxmodx\data\lang\grab_plus.txt
L 07/12/2024 - 18:06:25: [AMXX] Failed to open dictionary file: cstrike\addons\amxmodx\data\lang\LaserMines.txt
L 07/12/2024 - 18:06:25: [admin.amxx] Login: "unnamed<119><STEAM_1:0:1404421313><>" became an admin (account "unnamed") (access "abcdefghijklmnopqrstu") (address "172.20.10.2")
L 07/12/2024 - 18:06:55: -------- Mapchange to zm_deko2 --------
L 07/12/2024 - 18:06:55: An error occurred in plugin_natives. This is dangerous!
L 07/12/2024 - 18:06:55: [AMXX] Failed to open dictionary file: cstrike\addons\amxmodx\data\lang\zp_ammo_ex.txt
L 07/12/2024 - 18:06:55: [AMXX] Failed to open dictionary file: cstrike\addons\amxmodx\data\lang\grab_plus.txt
L 07/12/2024 - 18:06:55: [AMXX] Failed to open dictionary file: cstrike\addons\amxmodx\data\lang\LaserMines.txt
L 07/12/2024 - 18:06:56: [admin.amxx] Login: "unnamed<119><STEAM_1:0:1404421313><>" became an admin (account "unnamed") (access "abcdefghijklmnopqrstu") (address "172.20.10.2")
L 07/12/2024 - 18:07:23: -------- Mapchange to zm_deko2 --------
L 07/12/2024 - 18:07:23: An error occurred in plugin_natives. This is dangerous!
L 07/12/2024 - 18:07:24: [AMXX] Failed to open dictionary file: cstrike\addons\amxmodx\data\lang\zp_ammo_ex.txt
L 07/12/2024 - 18:07:24: [AMXX] Failed to open dictionary file: cstrike\addons\amxmodx\data\lang\grab_plus.txt
L 07/12/2024 - 18:07:24: [AMXX] Failed to open dictionary file: cstrike\addons\amxmodx\data\lang\LaserMines.txt
L 07/12/2024 - 18:07:24: [admin.amxx] Login: "unnamed<119><STEAM_1:0:1404421313><>" became an admin (account "unnamed") (access "abcdefghijklmnopqrstu") (address "172.20.10.2")
L 07/12/2024 - 18:08:11: -------- Mapchange to zm_deko2 --------
L 07/12/2024 - 18:08:11: An error occurred in plugin_natives. This is dangerous!
L 07/12/2024 - 18:08:12: [AMXX] Failed to open dictionary file: cstrike\addons\amxmodx\data\lang\zp_ammo_ex.txt
L 07/12/2024 - 18:08:12: [AMXX] Failed to open dictionary file: cstrike\addons\amxmodx\data\lang\grab_plus.txt
L 07/12/2024 - 18:08:12: [AMXX] Failed to open dictionary file: cstrike\addons\amxmodx\data\lang\LaserMines.txt
L 07/12/2024 - 18:08:12: [admin.amxx] Login: "unnamed<119><STEAM_1:0:1404421313><>" became an admin (account "unnamed") (access "abcdefghijklmnopqrstu") (address "172.20.10.2")
L 07/12/2024 - 18:09:03: -------- Mapchange to zm_deko2 --------
L 07/12/2024 - 18:09:03: An error occurred in plugin_natives. This is dangerous!
L 07/12/2024 - 18:09:04: [AMXX] Failed to open dictionary file: cstrike\addons\amxmodx\data\lang\zp_ammo_ex.txt
L 07/12/2024 - 18:09:04: [AMXX] Failed to open dictionary file: cstrike\addons\amxmodx\data\lang\grab_plus.txt
L 07/12/2024 - 18:09:04: [AMXX] Failed to open dictionary file: cstrike\addons\amxmodx\data\lang\LaserMines.txt
L 07/12/2024 - 18:09:04: [admin.amxx] Login: "unnamed<119><STEAM_1:0:1404421313><>" became an admin (account "unnamed") (access "abcdefghijklmnopqrstu") (address "172.20.10.2")
L 07/12/2024 - 18:09:30: -------- Mapchange to zm_deko2 --------
L 07/12/2024 - 18:09:30: An error occurred in plugin_natives. This is dangerous!
L 07/12/2024 - 18:09:31: [AMXX] Failed to open dictionary file: cstrike\addons\amxmodx\data\lang\zp_ammo_ex.txt
L 07/12/2024 - 18:09:31: [AMXX] Failed to open dictionary file: cstrike\addons\amxmodx\data\lang\grab_plus.txt
L 07/12/2024 - 18:09:31: [AMXX] Failed to open dictionary file: cstrike\addons\amxmodx\data\lang\LaserMines.txt
L 07/12/2024 - 18:09:31: [admin.amxx] Login: "unnamed<119><STEAM_1:0:1404421313><>" became an admin (account "unnamed") (access "abcdefghijklmnopqrstu") (address "172.20.10.2")
L 07/12/2024 - 18:09:31: [admin.amxx] Login: "unnamed<119><STEAM_1:0:1404421313><>" became an admin (account "unnamed") (access "abcdefghijklmnopqrstu") (address "172.20.10.2")
L 07/12/2024 - 19:07:32: [admin.amxx] Login: "unnamed<165><STEAM_1:0:1404421313><>" became an admin (account "unnamed") (access "abcdefghijklmnopqrstu") (address "172.20.10.2")
L 07/12/2024 - 19:18:10: [admin.amxx] Login: "unnamed<167><STEAM_1:0:1404421313><>" became an admin (account "unnamed") (access "abcdefghijklmnopqrstu") (address "172.20.10.2")
L 07/12/2024 - 19:18:33: -------- Mapchange to zm_deko2 --------
L 07/12/2024 - 19:18:33: An error occurred in plugin_natives. This is dangerous!
L 07/12/2024 - 19:18:34: [AMXX] Failed to open dictionary file: cstrike\addons\amxmodx\data\lang\zp_ammo_ex.txt
L 07/12/2024 - 19:18:34: [AMXX] Failed to open dictionary file: cstrike\addons\amxmodx\data\lang\grab_plus.txt
L 07/12/2024 - 19:18:34: [AMXX] Failed to open dictionary file: cstrike\addons\amxmodx\data\lang\LaserMines.txt
L 07/12/2024 - 19:18:34: [admin.amxx] Login: "unnamed<167><STEAM_1:0:1404421313><>" became an admin (account "unnamed") (access "abcdefghijklmnopqrstu") (address "172.20.10.2")
L 07/12/2024 - 19:18:34: [admin.amxx] Login: "unnamed<167><STEAM_1:0:1404421313><>" became an admin (account "unnamed") (access "abcdefghijklmnopqrstu") (address "172.20.10.2")
L 07/12/2024 - 19:29:28: -------- Mapchange to zm_deko2 --------
L 07/12/2024 - 19:29:28: An error occurred in plugin_natives. This is dangerous!
L 07/12/2024 - 19:29:29: [AMXX] Failed to open dictionary file: cstrike\addons\amxmodx\data\lang\zp_ammo_ex.txt
L 07/12/2024 - 19:29:29: [AMXX] Failed to open dictionary file: cstrike\addons\amxmodx\data\lang\grab_plus.txt
L 07/12/2024 - 19:29:29: [AMXX] Failed to open dictionary file: cstrike\addons\amxmodx\data\lang\LaserMines.txt
L 07/12/2024 - 19:29:29: [admin.amxx] Login: "unnamed<167><STEAM_1:0:1404421313><>" became an admin (account "unnamed") (access "abcdefghijklmnopqrstu") (address "172.20.10.2")
