L 12/04/2024 - 00:04:27: -------- Mapchange to zm_ngamers_lights_f --------
L 12/04/2024 - 00:04:27: [AMXX] Plugin "K_ZP_main.amxx" failed to load: Plugin uses an unknown function (name "print_mess") - check your modules.ini.
L 12/04/2024 - 00:04:27: [AMXX] Plugin "K_lib_ZP.amxx" failed to load: Plugin uses an unknown function (name "get_number_players_in_server") - check your modules.ini.
L 12/04/2024 - 00:04:27: [AMXX] Plugin "K_lib_skins.amxx" failed to load: Plugin uses an unknown function (name "screen_shine") - check your modules.ini.
L 12/04/2024 - 00:04:27: [AMXX] Plugin "K_M_shop.amxx" failed to load: Plugin uses an unknown function (name "print_mess") - check your modules.ini.
L 12/04/2024 - 00:04:27: [AMXX] Plugin "K_M_knifes.amxx" failed to load: Plugin uses an unknown function (name "screen_shine") - check your modules.ini.
L 12/04/2024 - 00:04:27: [AMXX] Plugin "K_M_models.amxx" failed to load: Plugin uses an unknown function (name "print_mess") - check your modules.ini.
L 12/04/2024 - 00:04:27: [AMXX] Plugin "zm_skill_ball_fire.amxx" failed to load: Plugin uses an unknown function (name "create_spr_in_player") - check your modules.ini.
L 12/04/2024 - 00:04:27: [AMXX] Plugin "zm_skill_ball_ice.amxx" failed to load: Plugin uses an unknown function (name "tike_aura_eff") - check your modules.ini.
L 12/04/2024 - 00:04:27: [AMXX] Plugin "zm_skill_void.amxx" failed to load: Plugin uses an unknown function (name "create_light_spr_obj") - check your modules.ini.
L 12/04/2024 - 00:04:27: [AMXX] Plugin "zm_skill_heal.amxx" failed to load: Plugin uses an unknown function (name "create_spr_in_player") - check your modules.ini.
L 12/04/2024 - 00:04:27: [AMXX] Plugin "item_infec_bomb.amxx" failed to load: Plugin uses an unknown function (name "update_frags") - check your modules.ini.
L 12/04/2024 - 00:04:30: [admin.amxx] Login: "test<2><STEAM_1:0:1404421313><>" became an admin (account "test") (access "abcdefghijklmnopqrstuv") (address "26.71.19.63")
L 12/04/2024 - 00:12:13: -------- Mapchange to zm_ngamers_lights_f --------
L 12/04/2024 - 00:12:13: [AMXX] Plugin "K_ZP_main.amxx" failed to load: Plugin uses an unknown function (name "print_mess") - check your modules.ini.
L 12/04/2024 - 00:12:13: [AMXX] Plugin "K_lib_ZP.amxx" failed to load: Plugin uses an unknown function (name "change_skin_to_hum") - check your modules.ini.
L 12/04/2024 - 00:12:13: [AMXX] Plugin "K_M_shop.amxx" failed to load: Plugin uses an unknown function (name "print_mess") - check your modules.ini.
L 12/04/2024 - 00:12:13: [AMXX] Plugin "K_M_knifes.amxx" failed to load: Plugin uses an unknown function (name "screen_shine") - check your modules.ini.
L 12/04/2024 - 00:12:13: [AMXX] Plugin "K_M_models.amxx" failed to load: Plugin uses an unknown function (name "print_mess") - check your modules.ini.
L 12/04/2024 - 00:12:13: [AMXX] Plugin "zm_skill_ball_fire.amxx" failed to load: Plugin uses an unknown function (name "damage_in_radius") - check your modules.ini.
L 12/04/2024 - 00:12:13: [AMXX] Plugin "zm_skill_ball_ice.amxx" failed to load: Plugin uses an unknown function (name "tike_aura_eff") - check your modules.ini.
L 12/04/2024 - 00:12:13: [AMXX] Plugin "zm_skill_void.amxx" failed to load: Plugin uses an unknown function (name "draw_into_oneself") - check your modules.ini.
L 12/04/2024 - 00:12:13: [AMXX] Plugin "zm_skill_heal.amxx" failed to load: Plugin uses an unknown function (name "create_spr_in_player") - check your modules.ini.
L 12/04/2024 - 00:12:13: [AMXX] Plugin "item_infec_bomb.amxx" failed to load: Plugin uses an unknown function (name "update_frags") - check your modules.ini.
L 12/04/2024 - 00:12:13: [AMXX] Plugin "S_avt.amxx" failed to load: Plugin uses an unknown function (name "set_gun_model") - check your modules.ini.
L 12/04/2024 - 00:12:13: [AMXX] Plugin "S_pist.amxx" failed to load: Plugin uses an unknown function (name "set_gun_model") - check your modules.ini.
L 12/04/2024 - 00:12:13: [AMXX] Plugin "gold_m4a1.amxx" failed to load: Plugin uses an unknown function (name "set_gun_model") - check your modules.ini.
L 12/04/2024 - 00:12:13: [admin.amxx] Login: "test<2><STEAM_1:0:1404421313><>" became an admin (account "test") (access "abcdefghijklmnopqrstuv") (address "26.71.19.63")
L 12/04/2024 - 00:32:21: -------- Mapchange to zm_caca --------
L 12/04/2024 - 00:32:22: [AMXX] Plugin "K_ZP_main.amxx" failed to load: Plugin uses an unknown function (name "print_mess") - check your modules.ini.
L 12/04/2024 - 00:32:22: [AMXX] Plugin "K_lib_ZP.amxx" failed to load: Plugin uses an unknown function (name "change_skin_to_hum") - check your modules.ini.
L 12/04/2024 - 00:32:22: [AMXX] Plugin "K_M_shop.amxx" failed to load: Plugin uses an unknown function (name "print_mess") - check your modules.ini.
L 12/04/2024 - 00:32:22: [AMXX] Plugin "K_M_knifes.amxx" failed to load: Plugin uses an unknown function (name "screen_shine") - check your modules.ini.
L 12/04/2024 - 00:32:22: [AMXX] Plugin "K_M_models.amxx" failed to load: Plugin uses an unknown function (name "print_mess") - check your modules.ini.
L 12/04/2024 - 00:32:22: [AMXX] Plugin "zm_skill_ball_fire.amxx" failed to load: Plugin uses an unknown function (name "damage_in_radius") - check your modules.ini.
L 12/04/2024 - 00:32:22: [AMXX] Plugin "zm_skill_ball_ice.amxx" failed to load: Plugin uses an unknown function (name "tike_aura_eff") - check your modules.ini.
L 12/04/2024 - 00:32:22: [AMXX] Plugin "zm_skill_void.amxx" failed to load: Plugin uses an unknown function (name "draw_into_oneself") - check your modules.ini.
L 12/04/2024 - 00:32:22: [AMXX] Plugin "zm_skill_heal.amxx" failed to load: Plugin uses an unknown function (name "create_spr_in_player") - check your modules.ini.
L 12/04/2024 - 00:32:22: [AMXX] Plugin "item_infec_bomb.amxx" failed to load: Plugin uses an unknown function (name "update_frags") - check your modules.ini.
L 12/04/2024 - 00:32:22: [AMXX] Plugin "S_avt.amxx" failed to load: Plugin uses an unknown function (name "set_gun_model") - check your modules.ini.
L 12/04/2024 - 00:32:22: [AMXX] Plugin "S_pist.amxx" failed to load: Plugin uses an unknown function (name "set_gun_model") - check your modules.ini.
L 12/04/2024 - 00:32:22: [AMXX] Plugin "gold_m4a1.amxx" failed to load: Plugin uses an unknown function (name "set_gun_model") - check your modules.ini.
L 12/04/2024 - 00:41:31: -------- Mapchange to zm_caca --------
L 12/04/2024 - 00:41:31: [AMXX] Plugin "K_ZP_main.amxx" failed to load: Plugin uses an unknown function (name "print_mess") - check your modules.ini.
L 12/04/2024 - 00:41:31: [AMXX] Plugin "K_lib_ZP.amxx" failed to load: Plugin uses an unknown function (name "change_skin_to_hum") - check your modules.ini.
L 12/04/2024 - 00:41:31: [AMXX] Plugin "K_M_shop.amxx" failed to load: Plugin uses an unknown function (name "print_mess") - check your modules.ini.
L 12/04/2024 - 00:41:31: [AMXX] Plugin "K_M_knifes.amxx" failed to load: Plugin uses an unknown function (name "screen_shine") - check your modules.ini.
L 12/04/2024 - 00:41:31: [AMXX] Plugin "K_M_models.amxx" failed to load: Plugin uses an unknown function (name "print_mess") - check your modules.ini.
L 12/04/2024 - 00:41:31: [AMXX] Plugin "zm_skill_ball_fire.amxx" failed to load: Plugin uses an unknown function (name "damage_in_radius") - check your modules.ini.
L 12/04/2024 - 00:41:31: [AMXX] Plugin "zm_skill_ball_ice.amxx" failed to load: Plugin uses an unknown function (name "tike_aura_eff") - check your modules.ini.
L 12/04/2024 - 00:41:31: [AMXX] Plugin "zm_skill_void.amxx" failed to load: Plugin uses an unknown function (name "draw_into_oneself") - check your modules.ini.
L 12/04/2024 - 00:41:31: [AMXX] Plugin "zm_skill_heal.amxx" failed to load: Plugin uses an unknown function (name "create_spr_in_player") - check your modules.ini.
L 12/04/2024 - 00:41:31: [AMXX] Plugin "item_infec_bomb.amxx" failed to load: Plugin uses an unknown function (name "update_frags") - check your modules.ini.
L 12/04/2024 - 00:41:31: [AMXX] Plugin "S_avt.amxx" failed to load: Plugin uses an unknown function (name "set_gun_model") - check your modules.ini.
L 12/04/2024 - 00:41:31: [AMXX] Plugin "S_pist.amxx" failed to load: Plugin uses an unknown function (name "set_gun_model") - check your modules.ini.
L 12/04/2024 - 00:41:31: [AMXX] Plugin "gold_m4a1.amxx" failed to load: Plugin uses an unknown function (name "set_gun_model") - check your modules.ini.
L 12/04/2024 - 00:41:33: [admin.amxx] Login: "test<3><STEAM_1:0:1404421313><>" became an admin (account "test") (access "abcdefghijklmnopqrstuv") (address "26.71.19.63")
L 12/04/2024 - 01:01:39: -------- Mapchange to zm_decay --------
L 12/04/2024 - 01:01:39: [AMXX] Plugin "K_ZP_main.amxx" failed to load: Plugin uses an unknown function (name "print_mess") - check your modules.ini.
L 12/04/2024 - 01:01:39: [AMXX] Plugin "K_lib_ZP.amxx" failed to load: Plugin uses an unknown function (name "change_skin_to_hum") - check your modules.ini.
L 12/04/2024 - 01:01:39: [AMXX] Plugin "K_M_shop.amxx" failed to load: Plugin uses an unknown function (name "print_mess") - check your modules.ini.
L 12/04/2024 - 01:01:39: [AMXX] Plugin "K_M_knifes.amxx" failed to load: Plugin uses an unknown function (name "screen_shine") - check your modules.ini.
L 12/04/2024 - 01:01:39: [AMXX] Plugin "K_M_models.amxx" failed to load: Plugin uses an unknown function (name "print_mess") - check your modules.ini.
L 12/04/2024 - 01:01:39: [AMXX] Plugin "zm_skill_ball_fire.amxx" failed to load: Plugin uses an unknown function (name "damage_in_radius") - check your modules.ini.
L 12/04/2024 - 01:01:39: [AMXX] Plugin "zm_skill_ball_ice.amxx" failed to load: Plugin uses an unknown function (name "tike_aura_eff") - check your modules.ini.
L 12/04/2024 - 01:01:39: [AMXX] Plugin "zm_skill_void.amxx" failed to load: Plugin uses an unknown function (name "draw_into_oneself") - check your modules.ini.
L 12/04/2024 - 01:01:39: [AMXX] Plugin "zm_skill_heal.amxx" failed to load: Plugin uses an unknown function (name "create_spr_in_player") - check your modules.ini.
L 12/04/2024 - 01:01:39: [AMXX] Plugin "item_infec_bomb.amxx" failed to load: Plugin uses an unknown function (name "update_frags") - check your modules.ini.
L 12/04/2024 - 01:01:39: [AMXX] Plugin "S_avt.amxx" failed to load: Plugin uses an unknown function (name "set_gun_model") - check your modules.ini.
L 12/04/2024 - 01:01:39: [AMXX] Plugin "S_pist.amxx" failed to load: Plugin uses an unknown function (name "set_gun_model") - check your modules.ini.
L 12/04/2024 - 01:01:39: [AMXX] Plugin "gold_m4a1.amxx" failed to load: Plugin uses an unknown function (name "set_gun_model") - check your modules.ini.
L 12/04/2024 - 16:52:07: -------- Mapchange to zm_ngamers_lights_f --------
L 12/04/2024 - 16:52:07: [AMXX] Plugin "K_ZP_main.amxx" failed to load: Plugin uses an unknown function (name "print_mess") - check your modules.ini.
L 12/04/2024 - 16:52:07: [AMXX] Plugin "K_lib_ZP.amxx" failed to load: Plugin uses an unknown function (name "change_skin_to_hum") - check your modules.ini.
L 12/04/2024 - 16:52:07: [AMXX] Plugin "K_M_shop.amxx" failed to load: Plugin uses an unknown function (name "print_mess") - check your modules.ini.
L 12/04/2024 - 16:52:07: [AMXX] Plugin "K_M_knifes.amxx" failed to load: Plugin uses an unknown function (name "screen_shine") - check your modules.ini.
L 12/04/2024 - 16:52:07: [AMXX] Plugin "K_M_models.amxx" failed to load: Plugin uses an unknown function (name "print_mess") - check your modules.ini.
L 12/04/2024 - 16:52:07: [AMXX] Plugin "zm_skill_ball_fire.amxx" failed to load: Plugin uses an unknown function (name "damage_in_radius") - check your modules.ini.
L 12/04/2024 - 16:52:07: [AMXX] Plugin "zm_skill_ball_ice.amxx" failed to load: Plugin uses an unknown function (name "tike_aura_eff") - check your modules.ini.
L 12/04/2024 - 16:52:07: [AMXX] Plugin "zm_skill_void.amxx" failed to load: Plugin uses an unknown function (name "draw_into_oneself") - check your modules.ini.
L 12/04/2024 - 16:52:07: [AMXX] Plugin "zm_skill_heal.amxx" failed to load: Plugin uses an unknown function (name "create_spr_in_player") - check your modules.ini.
L 12/04/2024 - 16:52:07: [AMXX] Plugin "item_infec_bomb.amxx" failed to load: Plugin uses an unknown function (name "update_frags") - check your modules.ini.
L 12/04/2024 - 16:52:07: [AMXX] Plugin "S_avt.amxx" failed to load: Plugin uses an unknown function (name "set_gun_model") - check your modules.ini.
L 12/04/2024 - 16:52:07: [AMXX] Plugin "S_pist.amxx" failed to load: Plugin uses an unknown function (name "set_gun_model") - check your modules.ini.
L 12/04/2024 - 16:52:07: [AMXX] Plugin "gold_m4a1.amxx" failed to load: Plugin uses an unknown function (name "set_gun_model") - check your modules.ini.
L 12/04/2024 - 16:52:14: [admin.amxx] Login: "test<1><STEAM_1:0:1404421313><>" became an admin (account "test") (access "abcdefghijklmnopqrstuv") (address "26.71.19.63")
L 12/04/2024 - 17:01:00: -------- Mapchange to zm_ngamers_lights_f --------
L 12/04/2024 - 17:01:00: [AMXX] Plugin "K_lib_ZP.amxx" failed to load: Plugin uses an unknown function (name "change_skin_to_hum") - check your modules.ini.
L 12/04/2024 - 17:01:00: [AMXX] Plugin "K_M_shop.amxx" failed to load: Plugin uses an unknown function (name "print_mess") - check your modules.ini.
L 12/04/2024 - 17:01:00: [AMXX] Plugin "K_M_knifes.amxx" failed to load: Plugin uses an unknown function (name "screen_shine") - check your modules.ini.
L 12/04/2024 - 17:01:00: [AMXX] Plugin "K_M_models.amxx" failed to load: Plugin uses an unknown function (name "print_mess") - check your modules.ini.
L 12/04/2024 - 17:01:00: [AMXX] Plugin "zm_skill_ball_fire.amxx" failed to load: Plugin uses an unknown function (name "damage_in_radius") - check your modules.ini.
L 12/04/2024 - 17:01:00: [AMXX] Plugin "zm_skill_ball_ice.amxx" failed to load: Plugin uses an unknown function (name "tike_aura_eff") - check your modules.ini.
L 12/04/2024 - 17:01:00: [AMXX] Plugin "zm_skill_void.amxx" failed to load: Plugin uses an unknown function (name "draw_into_oneself") - check your modules.ini.
L 12/04/2024 - 17:01:00: [AMXX] Plugin "zm_skill_heal.amxx" failed to load: Plugin uses an unknown function (name "create_spr_in_player") - check your modules.ini.
L 12/04/2024 - 17:01:00: [AMXX] Plugin "item_infec_bomb.amxx" failed to load: Plugin uses an unknown function (name "update_frags") - check your modules.ini.
L 12/04/2024 - 17:01:00: [AMXX] Plugin "S_avt.amxx" failed to load: Plugin uses an unknown function (name "set_gun_model") - check your modules.ini.
L 12/04/2024 - 17:01:00: [AMXX] Plugin "S_pist.amxx" failed to load: Plugin uses an unknown function (name "set_gun_model") - check your modules.ini.
L 12/04/2024 - 17:01:00: [AMXX] Plugin "gold_m4a1.amxx" failed to load: Plugin uses an unknown function (name "set_gun_model") - check your modules.ini.
L 12/04/2024 - 17:01:01: [admin.amxx] Login: "test<1><STEAM_1:0:1404421313><>" became an admin (account "test") (access "abcdefghijklmnopqrstuv") (address "26.71.19.63")
L 12/04/2024 - 17:21:09: -------- Mapchange to zm_202 --------
L 12/04/2024 - 17:21:09: [AMXX] Plugin "K_lib_ZP.amxx" failed to load: Plugin uses an unknown function (name "change_skin_to_hum") - check your modules.ini.
L 12/04/2024 - 17:21:09: [AMXX] Plugin "K_M_shop.amxx" failed to load: Plugin uses an unknown function (name "print_mess") - check your modules.ini.
L 12/04/2024 - 17:21:09: [AMXX] Plugin "K_M_knifes.amxx" failed to load: Plugin uses an unknown function (name "screen_shine") - check your modules.ini.
L 12/04/2024 - 17:21:09: [AMXX] Plugin "K_M_models.amxx" failed to load: Plugin uses an unknown function (name "print_mess") - check your modules.ini.
L 12/04/2024 - 17:21:09: [AMXX] Plugin "zm_skill_ball_fire.amxx" failed to load: Plugin uses an unknown function (name "damage_in_radius") - check your modules.ini.
L 12/04/2024 - 17:21:09: [AMXX] Plugin "zm_skill_ball_ice.amxx" failed to load: Plugin uses an unknown function (name "tike_aura_eff") - check your modules.ini.
L 12/04/2024 - 17:21:09: [AMXX] Plugin "zm_skill_void.amxx" failed to load: Plugin uses an unknown function (name "draw_into_oneself") - check your modules.ini.
L 12/04/2024 - 17:21:09: [AMXX] Plugin "zm_skill_heal.amxx" failed to load: Plugin uses an unknown function (name "create_spr_in_player") - check your modules.ini.
L 12/04/2024 - 17:21:09: [AMXX] Plugin "item_infec_bomb.amxx" failed to load: Plugin uses an unknown function (name "update_frags") - check your modules.ini.
L 12/04/2024 - 17:21:09: [AMXX] Plugin "S_avt.amxx" failed to load: Plugin uses an unknown function (name "set_gun_model") - check your modules.ini.
L 12/04/2024 - 17:21:09: [AMXX] Plugin "S_pist.amxx" failed to load: Plugin uses an unknown function (name "set_gun_model") - check your modules.ini.
L 12/04/2024 - 17:21:09: [AMXX] Plugin "gold_m4a1.amxx" failed to load: Plugin uses an unknown function (name "set_gun_model") - check your modules.ini.
L 12/04/2024 - 17:41:19: -------- Mapchange to zm_base_human_lg_new_v2 --------
L 12/04/2024 - 17:41:19: [AMXX] Plugin "K_lib_ZP.amxx" failed to load: Plugin uses an unknown function (name "change_skin_to_hum") - check your modules.ini.
L 12/04/2024 - 17:41:19: [AMXX] Plugin "K_M_shop.amxx" failed to load: Plugin uses an unknown function (name "print_mess") - check your modules.ini.
L 12/04/2024 - 17:41:19: [AMXX] Plugin "K_M_knifes.amxx" failed to load: Plugin uses an unknown function (name "screen_shine") - check your modules.ini.
L 12/04/2024 - 17:41:19: [AMXX] Plugin "K_M_models.amxx" failed to load: Plugin uses an unknown function (name "print_mess") - check your modules.ini.
L 12/04/2024 - 17:41:19: [AMXX] Plugin "zm_skill_ball_fire.amxx" failed to load: Plugin uses an unknown function (name "damage_in_radius") - check your modules.ini.
L 12/04/2024 - 17:41:19: [AMXX] Plugin "zm_skill_ball_ice.amxx" failed to load: Plugin uses an unknown function (name "tike_aura_eff") - check your modules.ini.
L 12/04/2024 - 17:41:19: [AMXX] Plugin "zm_skill_void.amxx" failed to load: Plugin uses an unknown function (name "draw_into_oneself") - check your modules.ini.
L 12/04/2024 - 17:41:19: [AMXX] Plugin "zm_skill_heal.amxx" failed to load: Plugin uses an unknown function (name "create_spr_in_player") - check your modules.ini.
L 12/04/2024 - 17:41:19: [AMXX] Plugin "item_infec_bomb.amxx" failed to load: Plugin uses an unknown function (name "update_frags") - check your modules.ini.
L 12/04/2024 - 17:41:19: [AMXX] Plugin "S_avt.amxx" failed to load: Plugin uses an unknown function (name "set_gun_model") - check your modules.ini.
L 12/04/2024 - 17:41:19: [AMXX] Plugin "S_pist.amxx" failed to load: Plugin uses an unknown function (name "set_gun_model") - check your modules.ini.
L 12/04/2024 - 17:41:19: [AMXX] Plugin "gold_m4a1.amxx" failed to load: Plugin uses an unknown function (name "set_gun_model") - check your modules.ini.
L 12/04/2024 - 18:01:28: -------- Mapchange to zm_biohazard_base_mx --------
L 12/04/2024 - 18:01:28: [AMXX] Plugin "K_lib_ZP.amxx" failed to load: Plugin uses an unknown function (name "change_skin_to_hum") - check your modules.ini.
L 12/04/2024 - 18:01:28: [AMXX] Plugin "K_M_shop.amxx" failed to load: Plugin uses an unknown function (name "print_mess") - check your modules.ini.
L 12/04/2024 - 18:01:28: [AMXX] Plugin "K_M_knifes.amxx" failed to load: Plugin uses an unknown function (name "screen_shine") - check your modules.ini.
L 12/04/2024 - 18:01:28: [AMXX] Plugin "K_M_models.amxx" failed to load: Plugin uses an unknown function (name "print_mess") - check your modules.ini.
L 12/04/2024 - 18:01:28: [AMXX] Plugin "zm_skill_ball_fire.amxx" failed to load: Plugin uses an unknown function (name "damage_in_radius") - check your modules.ini.
L 12/04/2024 - 18:01:28: [AMXX] Plugin "zm_skill_ball_ice.amxx" failed to load: Plugin uses an unknown function (name "tike_aura_eff") - check your modules.ini.
L 12/04/2024 - 18:01:28: [AMXX] Plugin "zm_skill_void.amxx" failed to load: Plugin uses an unknown function (name "draw_into_oneself") - check your modules.ini.
L 12/04/2024 - 18:01:28: [AMXX] Plugin "zm_skill_heal.amxx" failed to load: Plugin uses an unknown function (name "create_spr_in_player") - check your modules.ini.
L 12/04/2024 - 18:01:28: [AMXX] Plugin "item_infec_bomb.amxx" failed to load: Plugin uses an unknown function (name "update_frags") - check your modules.ini.
L 12/04/2024 - 18:01:28: [AMXX] Plugin "S_avt.amxx" failed to load: Plugin uses an unknown function (name "set_gun_model") - check your modules.ini.
L 12/04/2024 - 18:01:28: [AMXX] Plugin "S_pist.amxx" failed to load: Plugin uses an unknown function (name "set_gun_model") - check your modules.ini.
L 12/04/2024 - 18:01:28: [AMXX] Plugin "gold_m4a1.amxx" failed to load: Plugin uses an unknown function (name "set_gun_model") - check your modules.ini.
L 12/04/2024 - 18:21:37: -------- Mapchange to zm_bounty --------
L 12/04/2024 - 18:21:37: [AMXX] Plugin "K_lib_ZP.amxx" failed to load: Plugin uses an unknown function (name "change_skin_to_hum") - check your modules.ini.
L 12/04/2024 - 18:21:37: [AMXX] Plugin "K_M_shop.amxx" failed to load: Plugin uses an unknown function (name "print_mess") - check your modules.ini.
L 12/04/2024 - 18:21:37: [AMXX] Plugin "K_M_knifes.amxx" failed to load: Plugin uses an unknown function (name "screen_shine") - check your modules.ini.
L 12/04/2024 - 18:21:37: [AMXX] Plugin "K_M_models.amxx" failed to load: Plugin uses an unknown function (name "print_mess") - check your modules.ini.
L 12/04/2024 - 18:21:37: [AMXX] Plugin "zm_skill_ball_fire.amxx" failed to load: Plugin uses an unknown function (name "damage_in_radius") - check your modules.ini.
L 12/04/2024 - 18:21:37: [AMXX] Plugin "zm_skill_ball_ice.amxx" failed to load: Plugin uses an unknown function (name "tike_aura_eff") - check your modules.ini.
L 12/04/2024 - 18:21:37: [AMXX] Plugin "zm_skill_void.amxx" failed to load: Plugin uses an unknown function (name "draw_into_oneself") - check your modules.ini.
L 12/04/2024 - 18:21:37: [AMXX] Plugin "zm_skill_heal.amxx" failed to load: Plugin uses an unknown function (name "create_spr_in_player") - check your modules.ini.
L 12/04/2024 - 18:21:37: [AMXX] Plugin "item_infec_bomb.amxx" failed to load: Plugin uses an unknown function (name "update_frags") - check your modules.ini.
L 12/04/2024 - 18:21:37: [AMXX] Plugin "S_avt.amxx" failed to load: Plugin uses an unknown function (name "set_gun_model") - check your modules.ini.
L 12/04/2024 - 18:21:37: [AMXX] Plugin "S_pist.amxx" failed to load: Plugin uses an unknown function (name "set_gun_model") - check your modules.ini.
L 12/04/2024 - 18:21:37: [AMXX] Plugin "gold_m4a1.amxx" failed to load: Plugin uses an unknown function (name "set_gun_model") - check your modules.ini.
L 12/04/2024 - 18:41:46: -------- Mapchange to zm_caca --------
L 12/04/2024 - 18:41:47: [AMXX] Plugin "K_lib_ZP.amxx" failed to load: Plugin uses an unknown function (name "change_skin_to_hum") - check your modules.ini.
L 12/04/2024 - 18:41:47: [AMXX] Plugin "K_M_shop.amxx" failed to load: Plugin uses an unknown function (name "print_mess") - check your modules.ini.
L 12/04/2024 - 18:41:47: [AMXX] Plugin "K_M_knifes.amxx" failed to load: Plugin uses an unknown function (name "screen_shine") - check your modules.ini.
L 12/04/2024 - 18:41:47: [AMXX] Plugin "K_M_models.amxx" failed to load: Plugin uses an unknown function (name "print_mess") - check your modules.ini.
L 12/04/2024 - 18:41:47: [AMXX] Plugin "zm_skill_ball_fire.amxx" failed to load: Plugin uses an unknown function (name "damage_in_radius") - check your modules.ini.
L 12/04/2024 - 18:41:47: [AMXX] Plugin "zm_skill_ball_ice.amxx" failed to load: Plugin uses an unknown function (name "tike_aura_eff") - check your modules.ini.
L 12/04/2024 - 18:41:47: [AMXX] Plugin "zm_skill_void.amxx" failed to load: Plugin uses an unknown function (name "draw_into_oneself") - check your modules.ini.
L 12/04/2024 - 18:41:47: [AMXX] Plugin "zm_skill_heal.amxx" failed to load: Plugin uses an unknown function (name "create_spr_in_player") - check your modules.ini.
L 12/04/2024 - 18:41:47: [AMXX] Plugin "item_infec_bomb.amxx" failed to load: Plugin uses an unknown function (name "update_frags") - check your modules.ini.
L 12/04/2024 - 18:41:47: [AMXX] Plugin "S_avt.amxx" failed to load: Plugin uses an unknown function (name "set_gun_model") - check your modules.ini.
L 12/04/2024 - 18:41:47: [AMXX] Plugin "S_pist.amxx" failed to load: Plugin uses an unknown function (name "set_gun_model") - check your modules.ini.
L 12/04/2024 - 18:41:47: [AMXX] Plugin "gold_m4a1.amxx" failed to load: Plugin uses an unknown function (name "set_gun_model") - check your modules.ini.
L 12/04/2024 - 19:01:57: -------- Mapchange to zm_creative --------
L 12/04/2024 - 19:01:57: [AMXX] Plugin "K_lib_ZP.amxx" failed to load: Plugin uses an unknown function (name "change_skin_to_hum") - check your modules.ini.
L 12/04/2024 - 19:01:57: [AMXX] Plugin "K_M_shop.amxx" failed to load: Plugin uses an unknown function (name "print_mess") - check your modules.ini.
L 12/04/2024 - 19:01:57: [AMXX] Plugin "K_M_knifes.amxx" failed to load: Plugin uses an unknown function (name "screen_shine") - check your modules.ini.
L 12/04/2024 - 19:01:57: [AMXX] Plugin "K_M_models.amxx" failed to load: Plugin uses an unknown function (name "print_mess") - check your modules.ini.
L 12/04/2024 - 19:01:57: [AMXX] Plugin "zm_skill_ball_fire.amxx" failed to load: Plugin uses an unknown function (name "damage_in_radius") - check your modules.ini.
L 12/04/2024 - 19:01:57: [AMXX] Plugin "zm_skill_ball_ice.amxx" failed to load: Plugin uses an unknown function (name "tike_aura_eff") - check your modules.ini.
L 12/04/2024 - 19:01:57: [AMXX] Plugin "zm_skill_void.amxx" failed to load: Plugin uses an unknown function (name "draw_into_oneself") - check your modules.ini.
L 12/04/2024 - 19:01:57: [AMXX] Plugin "zm_skill_heal.amxx" failed to load: Plugin uses an unknown function (name "create_spr_in_player") - check your modules.ini.
L 12/04/2024 - 19:01:57: [AMXX] Plugin "item_infec_bomb.amxx" failed to load: Plugin uses an unknown function (name "update_frags") - check your modules.ini.
L 12/04/2024 - 19:01:57: [AMXX] Plugin "S_avt.amxx" failed to load: Plugin uses an unknown function (name "set_gun_model") - check your modules.ini.
L 12/04/2024 - 19:01:57: [AMXX] Plugin "S_pist.amxx" failed to load: Plugin uses an unknown function (name "set_gun_model") - check your modules.ini.
L 12/04/2024 - 19:01:57: [AMXX] Plugin "gold_m4a1.amxx" failed to load: Plugin uses an unknown function (name "set_gun_model") - check your modules.ini.
L 12/04/2024 - 19:22:07: -------- Mapchange to zm_decay --------
L 12/04/2024 - 19:22:07: [AMXX] Plugin "K_lib_ZP.amxx" failed to load: Plugin uses an unknown function (name "change_skin_to_hum") - check your modules.ini.
L 12/04/2024 - 19:22:07: [AMXX] Plugin "K_M_shop.amxx" failed to load: Plugin uses an unknown function (name "print_mess") - check your modules.ini.
L 12/04/2024 - 19:22:07: [AMXX] Plugin "K_M_knifes.amxx" failed to load: Plugin uses an unknown function (name "screen_shine") - check your modules.ini.
L 12/04/2024 - 19:22:07: [AMXX] Plugin "K_M_models.amxx" failed to load: Plugin uses an unknown function (name "print_mess") - check your modules.ini.
L 12/04/2024 - 19:22:07: [AMXX] Plugin "zm_skill_ball_fire.amxx" failed to load: Plugin uses an unknown function (name "damage_in_radius") - check your modules.ini.
L 12/04/2024 - 19:22:07: [AMXX] Plugin "zm_skill_ball_ice.amxx" failed to load: Plugin uses an unknown function (name "tike_aura_eff") - check your modules.ini.
L 12/04/2024 - 19:22:07: [AMXX] Plugin "zm_skill_void.amxx" failed to load: Plugin uses an unknown function (name "draw_into_oneself") - check your modules.ini.
L 12/04/2024 - 19:22:07: [AMXX] Plugin "zm_skill_heal.amxx" failed to load: Plugin uses an unknown function (name "create_spr_in_player") - check your modules.ini.
L 12/04/2024 - 19:22:07: [AMXX] Plugin "item_infec_bomb.amxx" failed to load: Plugin uses an unknown function (name "update_frags") - check your modules.ini.
L 12/04/2024 - 19:22:07: [AMXX] Plugin "S_avt.amxx" failed to load: Plugin uses an unknown function (name "set_gun_model") - check your modules.ini.
L 12/04/2024 - 19:22:07: [AMXX] Plugin "S_pist.amxx" failed to load: Plugin uses an unknown function (name "set_gun_model") - check your modules.ini.
L 12/04/2024 - 19:22:07: [AMXX] Plugin "gold_m4a1.amxx" failed to load: Plugin uses an unknown function (name "set_gun_model") - check your modules.ini.
L 12/04/2024 - 19:42:16: -------- Mapchange to zm_dust_world --------
L 12/04/2024 - 19:42:16: [AMXX] Plugin "K_lib_ZP.amxx" failed to load: Plugin uses an unknown function (name "change_skin_to_hum") - check your modules.ini.
L 12/04/2024 - 19:42:16: [AMXX] Plugin "K_M_shop.amxx" failed to load: Plugin uses an unknown function (name "print_mess") - check your modules.ini.
L 12/04/2024 - 19:42:16: [AMXX] Plugin "K_M_knifes.amxx" failed to load: Plugin uses an unknown function (name "screen_shine") - check your modules.ini.
L 12/04/2024 - 19:42:16: [AMXX] Plugin "K_M_models.amxx" failed to load: Plugin uses an unknown function (name "print_mess") - check your modules.ini.
L 12/04/2024 - 19:42:16: [AMXX] Plugin "zm_skill_ball_fire.amxx" failed to load: Plugin uses an unknown function (name "damage_in_radius") - check your modules.ini.
L 12/04/2024 - 19:42:16: [AMXX] Plugin "zm_skill_ball_ice.amxx" failed to load: Plugin uses an unknown function (name "tike_aura_eff") - check your modules.ini.
L 12/04/2024 - 19:42:16: [AMXX] Plugin "zm_skill_void.amxx" failed to load: Plugin uses an unknown function (name "draw_into_oneself") - check your modules.ini.
L 12/04/2024 - 19:42:16: [AMXX] Plugin "zm_skill_heal.amxx" failed to load: Plugin uses an unknown function (name "create_spr_in_player") - check your modules.ini.
L 12/04/2024 - 19:42:16: [AMXX] Plugin "item_infec_bomb.amxx" failed to load: Plugin uses an unknown function (name "update_frags") - check your modules.ini.
L 12/04/2024 - 19:42:16: [AMXX] Plugin "S_avt.amxx" failed to load: Plugin uses an unknown function (name "set_gun_model") - check your modules.ini.
L 12/04/2024 - 19:42:16: [AMXX] Plugin "S_pist.amxx" failed to load: Plugin uses an unknown function (name "set_gun_model") - check your modules.ini.
L 12/04/2024 - 19:42:16: [AMXX] Plugin "gold_m4a1.amxx" failed to load: Plugin uses an unknown function (name "set_gun_model") - check your modules.ini.
L 12/04/2024 - 20:02:35: -------- Mapchange to zm_epic_base --------
L 12/04/2024 - 20:02:35: [AMXX] Plugin "K_lib_ZP.amxx" failed to load: Plugin uses an unknown function (name "change_skin_to_hum") - check your modules.ini.
L 12/04/2024 - 20:02:35: [AMXX] Plugin "K_M_shop.amxx" failed to load: Plugin uses an unknown function (name "print_mess") - check your modules.ini.
L 12/04/2024 - 20:02:35: [AMXX] Plugin "K_M_knifes.amxx" failed to load: Plugin uses an unknown function (name "screen_shine") - check your modules.ini.
L 12/04/2024 - 20:02:35: [AMXX] Plugin "K_M_models.amxx" failed to load: Plugin uses an unknown function (name "print_mess") - check your modules.ini.
L 12/04/2024 - 20:02:35: [AMXX] Plugin "zm_skill_ball_fire.amxx" failed to load: Plugin uses an unknown function (name "damage_in_radius") - check your modules.ini.
L 12/04/2024 - 20:02:35: [AMXX] Plugin "zm_skill_ball_ice.amxx" failed to load: Plugin uses an unknown function (name "tike_aura_eff") - check your modules.ini.
L 12/04/2024 - 20:02:35: [AMXX] Plugin "zm_skill_void.amxx" failed to load: Plugin uses an unknown function (name "draw_into_oneself") - check your modules.ini.
L 12/04/2024 - 20:02:35: [AMXX] Plugin "zm_skill_heal.amxx" failed to load: Plugin uses an unknown function (name "create_spr_in_player") - check your modules.ini.
L 12/04/2024 - 20:02:35: [AMXX] Plugin "item_infec_bomb.amxx" failed to load: Plugin uses an unknown function (name "update_frags") - check your modules.ini.
L 12/04/2024 - 20:02:35: [AMXX] Plugin "S_avt.amxx" failed to load: Plugin uses an unknown function (name "set_gun_model") - check your modules.ini.
L 12/04/2024 - 20:02:35: [AMXX] Plugin "S_pist.amxx" failed to load: Plugin uses an unknown function (name "set_gun_model") - check your modules.ini.
L 12/04/2024 - 20:02:35: [AMXX] Plugin "gold_m4a1.amxx" failed to load: Plugin uses an unknown function (name "set_gun_model") - check your modules.ini.
L 12/04/2024 - 20:22:55: -------- Mapchange to zm_fdust2x2 --------
L 12/04/2024 - 20:22:55: [AMXX] Plugin "K_lib_ZP.amxx" failed to load: Plugin uses an unknown function (name "change_skin_to_hum") - check your modules.ini.
L 12/04/2024 - 20:22:55: [AMXX] Plugin "K_M_shop.amxx" failed to load: Plugin uses an unknown function (name "print_mess") - check your modules.ini.
L 12/04/2024 - 20:22:55: [AMXX] Plugin "K_M_knifes.amxx" failed to load: Plugin uses an unknown function (name "screen_shine") - check your modules.ini.
L 12/04/2024 - 20:22:55: [AMXX] Plugin "K_M_models.amxx" failed to load: Plugin uses an unknown function (name "print_mess") - check your modules.ini.
L 12/04/2024 - 20:22:55: [AMXX] Plugin "zm_skill_ball_fire.amxx" failed to load: Plugin uses an unknown function (name "damage_in_radius") - check your modules.ini.
L 12/04/2024 - 20:22:55: [AMXX] Plugin "zm_skill_ball_ice.amxx" failed to load: Plugin uses an unknown function (name "tike_aura_eff") - check your modules.ini.
L 12/04/2024 - 20:22:55: [AMXX] Plugin "zm_skill_void.amxx" failed to load: Plugin uses an unknown function (name "draw_into_oneself") - check your modules.ini.
L 12/04/2024 - 20:22:55: [AMXX] Plugin "zm_skill_heal.amxx" failed to load: Plugin uses an unknown function (name "create_spr_in_player") - check your modules.ini.
L 12/04/2024 - 20:22:55: [AMXX] Plugin "item_infec_bomb.amxx" failed to load: Plugin uses an unknown function (name "update_frags") - check your modules.ini.
L 12/04/2024 - 20:22:55: [AMXX] Plugin "S_avt.amxx" failed to load: Plugin uses an unknown function (name "set_gun_model") - check your modules.ini.
L 12/04/2024 - 20:22:55: [AMXX] Plugin "S_pist.amxx" failed to load: Plugin uses an unknown function (name "set_gun_model") - check your modules.ini.
L 12/04/2024 - 20:22:55: [AMXX] Plugin "gold_m4a1.amxx" failed to load: Plugin uses an unknown function (name "set_gun_model") - check your modules.ini.
L 12/04/2024 - 20:43:14: -------- Mapchange to zm_fox --------
L 12/04/2024 - 20:43:14: [AMXX] Plugin "K_lib_ZP.amxx" failed to load: Plugin uses an unknown function (name "change_skin_to_hum") - check your modules.ini.
L 12/04/2024 - 20:43:14: [AMXX] Plugin "K_M_shop.amxx" failed to load: Plugin uses an unknown function (name "print_mess") - check your modules.ini.
L 12/04/2024 - 20:43:14: [AMXX] Plugin "K_M_knifes.amxx" failed to load: Plugin uses an unknown function (name "screen_shine") - check your modules.ini.
L 12/04/2024 - 20:43:14: [AMXX] Plugin "K_M_models.amxx" failed to load: Plugin uses an unknown function (name "print_mess") - check your modules.ini.
L 12/04/2024 - 20:43:14: [AMXX] Plugin "zm_skill_ball_fire.amxx" failed to load: Plugin uses an unknown function (name "damage_in_radius") - check your modules.ini.
L 12/04/2024 - 20:43:14: [AMXX] Plugin "zm_skill_ball_ice.amxx" failed to load: Plugin uses an unknown function (name "tike_aura_eff") - check your modules.ini.
L 12/04/2024 - 20:43:14: [AMXX] Plugin "zm_skill_void.amxx" failed to load: Plugin uses an unknown function (name "draw_into_oneself") - check your modules.ini.
L 12/04/2024 - 20:43:14: [AMXX] Plugin "zm_skill_heal.amxx" failed to load: Plugin uses an unknown function (name "create_spr_in_player") - check your modules.ini.
L 12/04/2024 - 20:43:14: [AMXX] Plugin "item_infec_bomb.amxx" failed to load: Plugin uses an unknown function (name "update_frags") - check your modules.ini.
L 12/04/2024 - 20:43:14: [AMXX] Plugin "S_avt.amxx" failed to load: Plugin uses an unknown function (name "set_gun_model") - check your modules.ini.
L 12/04/2024 - 20:43:14: [AMXX] Plugin "S_pist.amxx" failed to load: Plugin uses an unknown function (name "set_gun_model") - check your modules.ini.
L 12/04/2024 - 20:43:14: [AMXX] Plugin "gold_m4a1.amxx" failed to load: Plugin uses an unknown function (name "set_gun_model") - check your modules.ini.
L 12/04/2024 - 21:03:33: -------- Mapchange to zm_fun_world_4_final --------
L 12/04/2024 - 21:03:33: [AMXX] Plugin "K_lib_ZP.amxx" failed to load: Plugin uses an unknown function (name "change_skin_to_hum") - check your modules.ini.
L 12/04/2024 - 21:03:33: [AMXX] Plugin "K_M_shop.amxx" failed to load: Plugin uses an unknown function (name "print_mess") - check your modules.ini.
L 12/04/2024 - 21:03:33: [AMXX] Plugin "K_M_knifes.amxx" failed to load: Plugin uses an unknown function (name "screen_shine") - check your modules.ini.
L 12/04/2024 - 21:03:33: [AMXX] Plugin "K_M_models.amxx" failed to load: Plugin uses an unknown function (name "print_mess") - check your modules.ini.
L 12/04/2024 - 21:03:33: [AMXX] Plugin "zm_skill_ball_fire.amxx" failed to load: Plugin uses an unknown function (name "damage_in_radius") - check your modules.ini.
L 12/04/2024 - 21:03:33: [AMXX] Plugin "zm_skill_ball_ice.amxx" failed to load: Plugin uses an unknown function (name "tike_aura_eff") - check your modules.ini.
L 12/04/2024 - 21:03:33: [AMXX] Plugin "zm_skill_void.amxx" failed to load: Plugin uses an unknown function (name "draw_into_oneself") - check your modules.ini.
L 12/04/2024 - 21:03:33: [AMXX] Plugin "zm_skill_heal.amxx" failed to load: Plugin uses an unknown function (name "create_spr_in_player") - check your modules.ini.
L 12/04/2024 - 21:03:33: [AMXX] Plugin "item_infec_bomb.amxx" failed to load: Plugin uses an unknown function (name "update_frags") - check your modules.ini.
L 12/04/2024 - 21:03:33: [AMXX] Plugin "S_avt.amxx" failed to load: Plugin uses an unknown function (name "set_gun_model") - check your modules.ini.
L 12/04/2024 - 21:03:33: [AMXX] Plugin "S_pist.amxx" failed to load: Plugin uses an unknown function (name "set_gun_model") - check your modules.ini.
L 12/04/2024 - 21:03:33: [AMXX] Plugin "gold_m4a1.amxx" failed to load: Plugin uses an unknown function (name "set_gun_model") - check your modules.ini.
L 12/04/2024 - 23:45:37: -------- Mapchange to zm_ngamers_lights_f --------
L 12/04/2024 - 23:45:37: [AMXX] Plugin "K_lib_ZP.amxx" failed to load: Plugin uses an unknown function (name "change_skin_to_hum") - check your modules.ini.
L 12/04/2024 - 23:45:37: [AMXX] Plugin "K_M_shop.amxx" failed to load: Plugin uses an unknown function (name "print_mess") - check your modules.ini.
L 12/04/2024 - 23:45:37: [AMXX] Plugin "K_M_knifes.amxx" failed to load: Plugin uses an unknown function (name "screen_shine") - check your modules.ini.
L 12/04/2024 - 23:45:37: [AMXX] Plugin "K_M_models.amxx" failed to load: Plugin uses an unknown function (name "print_mess") - check your modules.ini.
L 12/04/2024 - 23:45:37: [AMXX] Plugin "zm_skill_ball_fire.amxx" failed to load: Plugin uses an unknown function (name "damage_in_radius") - check your modules.ini.
L 12/04/2024 - 23:45:37: [AMXX] Plugin "zm_skill_ball_ice.amxx" failed to load: Plugin uses an unknown function (name "tike_aura_eff") - check your modules.ini.
L 12/04/2024 - 23:45:37: [AMXX] Plugin "zm_skill_void.amxx" failed to load: Plugin uses an unknown function (name "draw_into_oneself") - check your modules.ini.
L 12/04/2024 - 23:45:37: [AMXX] Plugin "zm_skill_heal.amxx" failed to load: Plugin uses an unknown function (name "create_spr_in_player") - check your modules.ini.
L 12/04/2024 - 23:45:37: [AMXX] Plugin "item_infec_bomb.amxx" failed to load: Plugin uses an unknown function (name "update_frags") - check your modules.ini.
L 12/04/2024 - 23:45:37: [AMXX] Plugin "S_avt.amxx" failed to load: Plugin uses an unknown function (name "set_gun_model") - check your modules.ini.
L 12/04/2024 - 23:45:37: [AMXX] Plugin "S_pist.amxx" failed to load: Plugin uses an unknown function (name "set_gun_model") - check your modules.ini.
L 12/04/2024 - 23:45:37: [AMXX] Plugin "gold_m4a1.amxx" failed to load: Plugin uses an unknown function (name "set_gun_model") - check your modules.ini.
L 12/04/2024 - 23:47:26: -------- Mapchange to zm_ngamers_lights_f --------
L 12/04/2024 - 23:47:26: [AMXX] Plugin "K_lib_ZP.amxx" failed to load: Plugin uses an unknown function (name "change_skin_to_hum") - check your modules.ini.
L 12/04/2024 - 23:47:26: [AMXX] Plugin "K_M_shop.amxx" failed to load: Plugin uses an unknown function (name "print_mess") - check your modules.ini.
L 12/04/2024 - 23:47:26: [AMXX] Plugin "K_M_knifes.amxx" failed to load: Plugin uses an unknown function (name "screen_shine") - check your modules.ini.
L 12/04/2024 - 23:47:26: [AMXX] Plugin "K_M_models.amxx" failed to load: Plugin uses an unknown function (name "print_mess") - check your modules.ini.
L 12/04/2024 - 23:47:26: [AMXX] Plugin "zm_skill_ball_fire.amxx" failed to load: Plugin uses an unknown function (name "damage_in_radius") - check your modules.ini.
L 12/04/2024 - 23:47:26: [AMXX] Plugin "zm_skill_ball_ice.amxx" failed to load: Plugin uses an unknown function (name "tike_aura_eff") - check your modules.ini.
L 12/04/2024 - 23:47:26: [AMXX] Plugin "zm_skill_void.amxx" failed to load: Plugin uses an unknown function (name "draw_into_oneself") - check your modules.ini.
L 12/04/2024 - 23:47:26: [AMXX] Plugin "zm_skill_heal.amxx" failed to load: Plugin uses an unknown function (name "create_spr_in_player") - check your modules.ini.
L 12/04/2024 - 23:47:26: [AMXX] Plugin "item_infec_bomb.amxx" failed to load: Plugin uses an unknown function (name "update_frags") - check your modules.ini.
L 12/04/2024 - 23:47:26: [AMXX] Plugin "S_avt.amxx" failed to load: Plugin uses an unknown function (name "set_gun_model") - check your modules.ini.
L 12/04/2024 - 23:47:26: [AMXX] Plugin "S_pist.amxx" failed to load: Plugin uses an unknown function (name "set_gun_model") - check your modules.ini.
L 12/04/2024 - 23:47:26: [AMXX] Plugin "gold_m4a1.amxx" failed to load: Plugin uses an unknown function (name "set_gun_model") - check your modules.ini.
L 12/04/2024 - 23:48:02: [admin.amxx] Login: "test<1><STEAM_1:0:1404421313><>" became an admin (account "test") (access "abcdefghijklmnopqrstuv") (address "26.71.19.63")
