L 07/13/2024 - 11:05:39: [GEOIP] Database info: GEO-106FREE 20080801 Build 1 Copyright (c) 2007 MaxMind LLC All Rights Reserved
L 07/13/2024 - 11:05:39: -------- Mapchange to zm_deko2 --------
L 07/13/2024 - 11:05:39: An error occurred in plugin_natives. This is dangerous!
L 07/13/2024 - 11:05:40: [AMXX] Failed to open dictionary file: cstrike\addons\amxmodx\data\lang\zp_ammo_ex.txt
L 07/13/2024 - 11:05:40: [AMXX] Failed to open dictionary file: cstrike\addons\amxmodx\data\lang\grab_plus.txt
L 07/13/2024 - 11:05:40: [AMXX] Failed to open dictionary file: cstrike\addons\amxmodx\data\lang\LaserMines.txt
L 07/13/2024 - 11:05:42: [admin.amxx] Login: "unnamed<1><STEAM_1:0:1404421313><>" became an admin (account "unnamed") (access "abcdefghijklmnopqrstu") (address "172.20.10.2")
L 07/13/2024 - 11:08:05: -------- Mapchange to zm_deko2 --------
L 07/13/2024 - 11:08:05: An error occurred in plugin_natives. This is dangerous!
L 07/13/2024 - 11:08:05: [AMXX] Failed to open dictionary file: cstrike\addons\amxmodx\data\lang\zp_ammo_ex.txt
L 07/13/2024 - 11:08:05: [AMXX] Failed to open dictionary file: cstrike\addons\amxmodx\data\lang\grab_plus.txt
L 07/13/2024 - 11:08:05: [AMXX] Failed to open dictionary file: cstrike\addons\amxmodx\data\lang\LaserMines.txt
L 07/13/2024 - 11:08:06: [admin.amxx] Login: "unnamed<1><STEAM_1:0:1404421313><>" became an admin (account "unnamed") (access "abcdefghijklmnopqrstu") (address "172.20.10.2")
L 07/13/2024 - 11:08:31: [GEOIP] Database info: GEO-106FREE 20080801 Build 1 Copyright (c) 2007 MaxMind LLC All Rights Reserved
L 07/13/2024 - 11:08:31: -------- Mapchange to de_dust2 --------
L 07/13/2024 - 11:08:31: An error occurred in plugin_natives. This is dangerous!
L 07/13/2024 - 11:08:32: [AMXX] Failed to open dictionary file: cstrike\addons\amxmodx\data\lang\zp_ammo_ex.txt
L 07/13/2024 - 11:08:32: [AMXX] Failed to open dictionary file: cstrike\addons\amxmodx\data\lang\grab_plus.txt
L 07/13/2024 - 11:08:32: [AMXX] Failed to open dictionary file: cstrike\addons\amxmodx\data\lang\LaserMines.txt
L 07/13/2024 - 11:08:36: [admin.amxx] Login: "unnamed<1><STEAM_1:0:1404421313><>" became an admin (account "unnamed") (access "abcdefghijklmnopqrstu") (address "172.20.10.2")
L 07/13/2024 - 11:09:06: [GEOIP] Database info: GEO-106FREE 20080801 Build 1 Copyright (c) 2007 MaxMind LLC All Rights Reserved
L 07/13/2024 - 11:09:06: -------- Mapchange to zm_deko2 --------
L 07/13/2024 - 11:09:06: An error occurred in plugin_natives. This is dangerous!
L 07/13/2024 - 11:09:07: [AMXX] Failed to open dictionary file: cstrike\addons\amxmodx\data\lang\zp_ammo_ex.txt
L 07/13/2024 - 11:09:07: [AMXX] Failed to open dictionary file: cstrike\addons\amxmodx\data\lang\grab_plus.txt
L 07/13/2024 - 11:09:07: [AMXX] Failed to open dictionary file: cstrike\addons\amxmodx\data\lang\LaserMines.txt
L 07/13/2024 - 11:11:28: -------- Mapchange to zm_deko2 --------
L 07/13/2024 - 11:11:28: An error occurred in plugin_natives. This is dangerous!
L 07/13/2024 - 11:11:28: [AMXX] Failed to open dictionary file: cstrike\addons\amxmodx\data\lang\zp_ammo_ex.txt
L 07/13/2024 - 11:11:28: [AMXX] Failed to open dictionary file: cstrike\addons\amxmodx\data\lang\grab_plus.txt
L 07/13/2024 - 11:11:28: [AMXX] Failed to open dictionary file: cstrike\addons\amxmodx\data\lang\LaserMines.txt
L 07/13/2024 - 11:11:31: [admin.amxx] Login: "unnamed<8><STEAM_1:0:1404421313><>" became an admin (account "unnamed") (access "abcdefghijklmnopqrstu") (address "172.20.10.2")
L 07/13/2024 - 11:17:35: -------- Mapchange to zm_deko2 --------
L 07/13/2024 - 11:17:35: An error occurred in plugin_natives. This is dangerous!
L 07/13/2024 - 11:17:36: [AMXX] Failed to open dictionary file: cstrike\addons\amxmodx\data\lang\zp_ammo_ex.txt
L 07/13/2024 - 11:17:36: [AMXX] Failed to open dictionary file: cstrike\addons\amxmodx\data\lang\grab_plus.txt
L 07/13/2024 - 11:17:36: [AMXX] Failed to open dictionary file: cstrike\addons\amxmodx\data\lang\LaserMines.txt
L 07/13/2024 - 11:17:36: [admin.amxx] Login: "unnamed<8><STEAM_1:0:1404421313><>" became an admin (account "unnamed") (access "abcdefghijklmnopqrstu") (address "172.20.10.2")
L 07/13/2024 - 11:21:51: -------- Mapchange to zm_deko2 --------
L 07/13/2024 - 11:21:51: An error occurred in plugin_natives. This is dangerous!
L 07/13/2024 - 11:21:52: [AMXX] Failed to open dictionary file: cstrike\addons\amxmodx\data\lang\zp_ammo_ex.txt
L 07/13/2024 - 11:21:52: [AMXX] Failed to open dictionary file: cstrike\addons\amxmodx\data\lang\grab_plus.txt
L 07/13/2024 - 11:21:52: [AMXX] Failed to open dictionary file: cstrike\addons\amxmodx\data\lang\LaserMines.txt
L 07/13/2024 - 11:21:52: [admin.amxx] Login: "unnamed<8><STEAM_1:0:1404421313><>" became an admin (account "unnamed") (access "abcdefghijklmnopqrstu") (address "172.20.10.2")
L 07/13/2024 - 11:23:25: -------- Mapchange to zm_deko2 --------
L 07/13/2024 - 11:23:25: An error occurred in plugin_natives. This is dangerous!
L 07/13/2024 - 11:23:25: [AMXX] Failed to open dictionary file: cstrike\addons\amxmodx\data\lang\zp_ammo_ex.txt
L 07/13/2024 - 11:23:25: [AMXX] Failed to open dictionary file: cstrike\addons\amxmodx\data\lang\grab_plus.txt
L 07/13/2024 - 11:23:25: [AMXX] Failed to open dictionary file: cstrike\addons\amxmodx\data\lang\LaserMines.txt
L 07/13/2024 - 11:23:25: [admin.amxx] Login: "unnamed<8><STEAM_1:0:1404421313><>" became an admin (account "unnamed") (access "abcdefghijklmnopqrstu") (address "172.20.10.2")
L 07/13/2024 - 11:24:04: -------- Mapchange to zm_deko2 --------
L 07/13/2024 - 11:24:04: An error occurred in plugin_natives. This is dangerous!
L 07/13/2024 - 11:24:04: [AMXX] Failed to open dictionary file: cstrike\addons\amxmodx\data\lang\zp_ammo_ex.txt
L 07/13/2024 - 11:24:04: [AMXX] Failed to open dictionary file: cstrike\addons\amxmodx\data\lang\grab_plus.txt
L 07/13/2024 - 11:24:04: [AMXX] Failed to open dictionary file: cstrike\addons\amxmodx\data\lang\LaserMines.txt
L 07/13/2024 - 11:24:05: [admin.amxx] Login: "unnamed<8><STEAM_1:0:1404421313><>" became an admin (account "unnamed") (access "abcdefghijklmnopqrstu") (address "172.20.10.2")
L 07/13/2024 - 11:24:05: [admin.amxx] Login: "unnamed<8><STEAM_1:0:1404421313><>" became an admin (account "unnamed") (access "abcdefghijklmnopqrstu") (address "172.20.10.2")
L 07/13/2024 - 11:24:06: [admin.amxx] Login: "unnamed<33><STEAM_1:0:1404421313><>" became an admin (account "unnamed") (access "abcdefghijklmnopqrstu") (address "172.20.10.2")
L 07/13/2024 - 11:24:51: -------- Mapchange to zm_deko2 --------
L 07/13/2024 - 11:24:51: An error occurred in plugin_natives. This is dangerous!
L 07/13/2024 - 11:24:52: [AMXX] Failed to open dictionary file: cstrike\addons\amxmodx\data\lang\zp_ammo_ex.txt
L 07/13/2024 - 11:24:52: [AMXX] Failed to open dictionary file: cstrike\addons\amxmodx\data\lang\grab_plus.txt
L 07/13/2024 - 11:24:52: [AMXX] Failed to open dictionary file: cstrike\addons\amxmodx\data\lang\LaserMines.txt
L 07/13/2024 - 11:24:52: [admin.amxx] Login: "unnamed<33><STEAM_1:0:1404421313><>" became an admin (account "unnamed") (access "abcdefghijklmnopqrstu") (address "172.20.10.2")
L 07/13/2024 - 11:25:29: -------- Mapchange to zm_deko2 --------
L 07/13/2024 - 11:25:29: An error occurred in plugin_natives. This is dangerous!
L 07/13/2024 - 11:25:30: [AMXX] Failed to open dictionary file: cstrike\addons\amxmodx\data\lang\zp_ammo_ex.txt
L 07/13/2024 - 11:25:30: [AMXX] Failed to open dictionary file: cstrike\addons\amxmodx\data\lang\grab_plus.txt
L 07/13/2024 - 11:25:30: [AMXX] Failed to open dictionary file: cstrike\addons\amxmodx\data\lang\LaserMines.txt
L 07/13/2024 - 11:25:30: [admin.amxx] Login: "unnamed<33><STEAM_1:0:1404421313><>" became an admin (account "unnamed") (access "abcdefghijklmnopqrstu") (address "172.20.10.2")
L 07/13/2024 - 11:30:07: -------- Mapchange to zm_deko2 --------
L 07/13/2024 - 11:30:08: An error occurred in plugin_natives. This is dangerous!
L 07/13/2024 - 11:30:08: [AMXX] Failed to open dictionary file: cstrike\addons\amxmodx\data\lang\zp_ammo_ex.txt
L 07/13/2024 - 11:30:08: [AMXX] Failed to open dictionary file: cstrike\addons\amxmodx\data\lang\grab_plus.txt
L 07/13/2024 - 11:30:08: [AMXX] Failed to open dictionary file: cstrike\addons\amxmodx\data\lang\LaserMines.txt
L 07/13/2024 - 11:30:09: [admin.amxx] Login: "unnamed<33><STEAM_1:0:1404421313><>" became an admin (account "unnamed") (access "abcdefghijklmnopqrstu") (address "172.20.10.2")
L 07/13/2024 - 11:30:09: [admin.amxx] Login: "unnamed<33><STEAM_1:0:1404421313><>" became an admin (account "unnamed") (access "abcdefghijklmnopqrstu") (address "172.20.10.2")
L 07/13/2024 - 11:30:23: -------- Mapchange to zm_deko2 --------
L 07/13/2024 - 11:30:23: An error occurred in plugin_natives. This is dangerous!
L 07/13/2024 - 11:30:24: [AMXX] Failed to open dictionary file: cstrike\addons\amxmodx\data\lang\zp_ammo_ex.txt
L 07/13/2024 - 11:30:24: [AMXX] Failed to open dictionary file: cstrike\addons\amxmodx\data\lang\grab_plus.txt
L 07/13/2024 - 11:30:24: [AMXX] Failed to open dictionary file: cstrike\addons\amxmodx\data\lang\LaserMines.txt
L 07/13/2024 - 11:30:24: [admin.amxx] Login: "unnamed<33><STEAM_1:0:1404421313><>" became an admin (account "unnamed") (access "abcdefghijklmnopqrstu") (address "172.20.10.2")
L 07/13/2024 - 11:30:24: [admin.amxx] Login: "unnamed<33><STEAM_1:0:1404421313><>" became an admin (account "unnamed") (access "abcdefghijklmnopqrstu") (address "172.20.10.2")
L 07/13/2024 - 11:30:26: [admin.amxx] Login: "unnamed<58><STEAM_1:0:1404421313><>" became an admin (account "unnamed") (access "abcdefghijklmnopqrstu") (address "172.20.10.2")
L 07/13/2024 - 11:30:56: -------- Mapchange to zm_deko2 --------
L 07/13/2024 - 11:30:56: An error occurred in plugin_natives. This is dangerous!
L 07/13/2024 - 11:30:56: [AMXX] Failed to open dictionary file: cstrike\addons\amxmodx\data\lang\zp_ammo_ex.txt
L 07/13/2024 - 11:30:56: [AMXX] Failed to open dictionary file: cstrike\addons\amxmodx\data\lang\grab_plus.txt
L 07/13/2024 - 11:30:56: [AMXX] Failed to open dictionary file: cstrike\addons\amxmodx\data\lang\LaserMines.txt
L 07/13/2024 - 11:30:57: [admin.amxx] Login: "unnamed<58><STEAM_1:0:1404421313><>" became an admin (account "unnamed") (access "abcdefghijklmnopqrstu") (address "172.20.10.2")
L 07/13/2024 - 11:31:49: -------- Mapchange to zm_deko2 --------
L 07/13/2024 - 11:31:49: An error occurred in plugin_natives. This is dangerous!
L 07/13/2024 - 11:31:49: [AMXX] Failed to open dictionary file: cstrike\addons\amxmodx\data\lang\zp_ammo_ex.txt
L 07/13/2024 - 11:31:49: [AMXX] Failed to open dictionary file: cstrike\addons\amxmodx\data\lang\grab_plus.txt
L 07/13/2024 - 11:31:49: [AMXX] Failed to open dictionary file: cstrike\addons\amxmodx\data\lang\LaserMines.txt
L 07/13/2024 - 11:31:50: [admin.amxx] Login: "unnamed<58><STEAM_1:0:1404421313><>" became an admin (account "unnamed") (access "abcdefghijklmnopqrstu") (address "172.20.10.2")
L 07/13/2024 - 11:38:46: -------- Mapchange to zm_deko2 --------
L 07/13/2024 - 11:38:46: An error occurred in plugin_natives. This is dangerous!
L 07/13/2024 - 11:38:47: [AMXX] Failed to open dictionary file: cstrike\addons\amxmodx\data\lang\zp_ammo_ex.txt
L 07/13/2024 - 11:38:47: [AMXX] Failed to open dictionary file: cstrike\addons\amxmodx\data\lang\grab_plus.txt
L 07/13/2024 - 11:38:47: [AMXX] Failed to open dictionary file: cstrike\addons\amxmodx\data\lang\LaserMines.txt
L 07/13/2024 - 11:38:48: [admin.amxx] Login: "unnamed<58><STEAM_1:0:1404421313><>" became an admin (account "unnamed") (access "abcdefghijklmnopqrstu") (address "172.20.10.2")
L 07/13/2024 - 11:38:48: [admin.amxx] Login: "unnamed<58><STEAM_1:0:1404421313><>" became an admin (account "unnamed") (access "abcdefghijklmnopqrstu") (address "172.20.10.2")
L 07/13/2024 - 11:38:48: [admin.amxx] Login: "unnamed<77><STEAM_1:0:1404421313><>" became an admin (account "unnamed") (access "abcdefghijklmnopqrstu") (address "172.20.10.2")
L 07/13/2024 - 11:39:35: [admin.amxx] Login: "unnamed<86><STEAM_1:0:1404421313><>" became an admin (account "unnamed") (access "abcdefghijklmnopqrstu") (address "172.20.10.2")
L 07/13/2024 - 11:52:32: [GEOIP] Database info: GEO-106FREE 20080801 Build 1 Copyright (c) 2007 MaxMind LLC All Rights Reserved
L 07/13/2024 - 11:52:33: -------- Mapchange to zm_deko2 --------
L 07/13/2024 - 11:52:33: An error occurred in plugin_natives. This is dangerous!
L 07/13/2024 - 11:52:33: [AMXX] Failed to open dictionary file: cstrike\addons\amxmodx\data\lang\zp_ammo_ex.txt
L 07/13/2024 - 11:52:33: [AMXX] Failed to open dictionary file: cstrike\addons\amxmodx\data\lang\grab_plus.txt
L 07/13/2024 - 11:52:33: [AMXX] Failed to open dictionary file: cstrike\addons\amxmodx\data\lang\LaserMines.txt
L 07/13/2024 - 11:54:14: -------- Mapchange to zm_deko2 --------
L 07/13/2024 - 11:54:14: An error occurred in plugin_natives. This is dangerous!
L 07/13/2024 - 11:54:15: [AMXX] Failed to open dictionary file: cstrike\addons\amxmodx\data\lang\zp_ammo_ex.txt
L 07/13/2024 - 11:54:15: [AMXX] Failed to open dictionary file: cstrike\addons\amxmodx\data\lang\grab_plus.txt
L 07/13/2024 - 11:54:15: [AMXX] Failed to open dictionary file: cstrike\addons\amxmodx\data\lang\LaserMines.txt
L 07/13/2024 - 11:56:16: [admin.amxx] Login: "unnamed<17><STEAM_1:0:1404421313><>" became an admin (account "unnamed") (access "abcdefghijklmnopqrstu") (address "172.20.10.2")
L 07/13/2024 - 11:58:23: -------- Mapchange to zm_deko2 --------
L 07/13/2024 - 11:58:23: An error occurred in plugin_natives. This is dangerous!
L 07/13/2024 - 11:58:23: [AMXX] Failed to open dictionary file: cstrike\addons\amxmodx\data\lang\zp_ammo_ex.txt
L 07/13/2024 - 11:58:23: [AMXX] Failed to open dictionary file: cstrike\addons\amxmodx\data\lang\grab_plus.txt
L 07/13/2024 - 11:58:23: [AMXX] Failed to open dictionary file: cstrike\addons\amxmodx\data\lang\LaserMines.txt
L 07/13/2024 - 11:58:24: [admin.amxx] Login: "unnamed<17><STEAM_1:0:1404421313><>" became an admin (account "unnamed") (access "abcdefghijklmnopqrstu") (address "172.20.10.2")
L 07/13/2024 - 12:05:42: -------- Mapchange to zm_deko2 --------
L 07/13/2024 - 12:05:42: An error occurred in plugin_natives. This is dangerous!
L 07/13/2024 - 12:12:59: [GEOIP] Database info: GEO-106FREE 20080801 Build 1 Copyright (c) 2007 MaxMind LLC All Rights Reserved
L 07/13/2024 - 12:12:59: -------- Mapchange to zm_deko2 --------
L 07/13/2024 - 12:12:59: An error occurred in plugin_natives. This is dangerous!
L 07/13/2024 - 12:13:00: [AMXX] Failed to open dictionary file: cstrike\addons\amxmodx\data\lang\zp_ammo_ex.txt
L 07/13/2024 - 12:13:00: [AMXX] Failed to open dictionary file: cstrike\addons\amxmodx\data\lang\grab_plus.txt
L 07/13/2024 - 12:13:00: [AMXX] Failed to open dictionary file: cstrike\addons\amxmodx\data\lang\LaserMines.txt
L 07/13/2024 - 12:13:12: [admin.amxx] Login: "unnamed<8><STEAM_1:0:1404421313><>" became an admin (account "unnamed") (access "abcdefghijklmnopqrstu") (address "172.20.10.2")
L 07/13/2024 - 12:14:22: -------- Mapchange to zm_deko2 --------
L 07/13/2024 - 12:14:22: An error occurred in plugin_natives. This is dangerous!
L 07/13/2024 - 12:15:10: [GEOIP] Database info: GEO-106FREE 20080801 Build 1 Copyright (c) 2007 MaxMind LLC All Rights Reserved
L 07/13/2024 - 12:15:10: -------- Mapchange to zm_deko2 --------
L 07/13/2024 - 12:15:10: An error occurred in plugin_natives. This is dangerous!
L 07/13/2024 - 12:15:57: [GEOIP] Database info: GEO-106FREE 20080801 Build 1 Copyright (c) 2007 MaxMind LLC All Rights Reserved
L 07/13/2024 - 12:15:57: -------- Mapchange to zm_deko2 --------
L 07/13/2024 - 12:15:57: An error occurred in plugin_natives. This is dangerous!
L 07/13/2024 - 12:17:03: [GEOIP] Database info: GEO-106FREE 20080801 Build 1 Copyright (c) 2007 MaxMind LLC All Rights Reserved
L 07/13/2024 - 12:17:03: -------- Mapchange to zm_deko2 --------
L 07/13/2024 - 12:17:03: An error occurred in plugin_natives. This is dangerous!
L 07/13/2024 - 12:17:04: [AMXX] Failed to open dictionary file: cstrike\addons\amxmodx\data\lang\zp_ammo_ex.txt
L 07/13/2024 - 12:17:04: [AMXX] Failed to open dictionary file: cstrike\addons\amxmodx\data\lang\grab_plus.txt
L 07/13/2024 - 12:17:04: [AMXX] Failed to open dictionary file: cstrike\addons\amxmodx\data\lang\LaserMines.txt
L 07/13/2024 - 12:17:11: [admin.amxx] Login: "unnamed<6><STEAM_1:0:1404421313><>" became an admin (account "unnamed") (access "abcdefghijklmnopqrstu") (address "172.20.10.2")
L 07/13/2024 - 12:24:23: -------- Mapchange to zm_deko2 --------
L 07/13/2024 - 12:24:23: An error occurred in plugin_natives. This is dangerous!
L 07/13/2024 - 12:25:55: [GEOIP] Database info: GEO-106FREE 20080801 Build 1 Copyright (c) 2007 MaxMind LLC All Rights Reserved
L 07/13/2024 - 12:25:55: -------- Mapchange to zm_deko2 --------
L 07/13/2024 - 12:25:55: An error occurred in plugin_natives. This is dangerous!
L 07/13/2024 - 12:25:56: [AMXX] Failed to open dictionary file: cstrike\addons\amxmodx\data\lang\zp_ammo_ex.txt
L 07/13/2024 - 12:25:56: [AMXX] Failed to open dictionary file: cstrike\addons\amxmodx\data\lang\grab_plus.txt
L 07/13/2024 - 12:25:56: [AMXX] Failed to open dictionary file: cstrike\addons\amxmodx\data\lang\LaserMines.txt
L 07/13/2024 - 12:26:03: [admin.amxx] Login: "unnamed<6><STEAM_1:0:1404421313><>" became an admin (account "unnamed") (access "abcdefghijklmnopqrstu") (address "172.20.10.2")
L 07/13/2024 - 12:41:36: -------- Mapchange to zm_deko2 --------
L 07/13/2024 - 12:41:36: An error occurred in plugin_natives. This is dangerous!
L 07/13/2024 - 12:42:05: [GEOIP] Database info: GEO-106FREE 20080801 Build 1 Copyright (c) 2007 MaxMind LLC All Rights Reserved
L 07/13/2024 - 12:42:05: -------- Mapchange to zm_deko2 --------
L 07/13/2024 - 12:42:05: An error occurred in plugin_natives. This is dangerous!
L 07/13/2024 - 12:42:44: [GEOIP] Database info: GEO-106FREE 20080801 Build 1 Copyright (c) 2007 MaxMind LLC All Rights Reserved
L 07/13/2024 - 12:42:44: -------- Mapchange to zm_deko2 --------
L 07/13/2024 - 12:42:44: An error occurred in plugin_natives. This is dangerous!
L 07/13/2024 - 12:43:22: [GEOIP] Database info: GEO-106FREE 20080801 Build 1 Copyright (c) 2007 MaxMind LLC All Rights Reserved
L 07/13/2024 - 12:43:23: -------- Mapchange to zm_deko2 --------
L 07/13/2024 - 12:43:23: An error occurred in plugin_natives. This is dangerous!
L 07/13/2024 - 12:43:38: [GEOIP] Database info: GEO-106FREE 20080801 Build 1 Copyright (c) 2007 MaxMind LLC All Rights Reserved
L 07/13/2024 - 12:43:39: -------- Mapchange to zm_deko2 --------
L 07/13/2024 - 12:43:39: An error occurred in plugin_natives. This is dangerous!
L 07/13/2024 - 12:44:31: [GEOIP] Database info: GEO-106FREE 20080801 Build 1 Copyright (c) 2007 MaxMind LLC All Rights Reserved
L 07/13/2024 - 12:44:31: -------- Mapchange to zm_deko2 --------
L 07/13/2024 - 12:44:31: An error occurred in plugin_natives. This is dangerous!
L 07/13/2024 - 12:46:51: [GEOIP] Database info: GEO-106FREE 20080801 Build 1 Copyright (c) 2007 MaxMind LLC All Rights Reserved
L 07/13/2024 - 12:46:51: -------- Mapchange to zm_deko2 --------
L 07/13/2024 - 12:46:51: An error occurred in plugin_natives. This is dangerous!
L 07/13/2024 - 12:47:17: [GEOIP] Database info: GEO-106FREE 20080801 Build 1 Copyright (c) 2007 MaxMind LLC All Rights Reserved
L 07/13/2024 - 12:47:17: -------- Mapchange to zm_deko2 --------
L 07/13/2024 - 12:47:17: An error occurred in plugin_natives. This is dangerous!
L 07/13/2024 - 12:47:18: [AMXX] Failed to open dictionary file: cstrike\addons\amxmodx\data\lang\zp_ammo_ex.txt
L 07/13/2024 - 12:47:18: [AMXX] Failed to open dictionary file: cstrike\addons\amxmodx\data\lang\grab_plus.txt
L 07/13/2024 - 12:47:18: [AMXX] Failed to open dictionary file: cstrike\addons\amxmodx\data\lang\LaserMines.txt
L 07/13/2024 - 12:47:35: -------- Mapchange to zm_deko2 --------
L 07/13/2024 - 12:47:35: An error occurred in plugin_natives. This is dangerous!
L 07/13/2024 - 12:49:16: [GEOIP] Database info: GEO-106FREE 20080801 Build 1 Copyright (c) 2007 MaxMind LLC All Rights Reserved
L 07/13/2024 - 12:49:17: -------- Mapchange to zm_deko2 --------
L 07/13/2024 - 12:49:17: An error occurred in plugin_natives. This is dangerous!
L 07/13/2024 - 12:50:40: [GEOIP] Database info: GEO-106FREE 20080801 Build 1 Copyright (c) 2007 MaxMind LLC All Rights Reserved
L 07/13/2024 - 12:50:41: -------- Mapchange to zm_deko2 --------
L 07/13/2024 - 12:50:41: An error occurred in plugin_natives. This is dangerous!
L 07/13/2024 - 12:51:46: [GEOIP] Database info: GEO-106FREE 20080801 Build 1 Copyright (c) 2007 MaxMind LLC All Rights Reserved
L 07/13/2024 - 12:51:46: -------- Mapchange to zm_deko2 --------
L 07/13/2024 - 12:51:46: An error occurred in plugin_natives. This is dangerous!
L 07/13/2024 - 12:51:47: [AMXX] Failed to open dictionary file: cstrike\addons\amxmodx\data\lang\zp_ammo_ex.txt
L 07/13/2024 - 12:51:47: [AMXX] Failed to open dictionary file: cstrike\addons\amxmodx\data\lang\grab_plus.txt
L 07/13/2024 - 12:51:47: [AMXX] Failed to open dictionary file: cstrike\addons\amxmodx\data\lang\LaserMines.txt
L 07/13/2024 - 12:51:51: [admin.amxx] Login: "unnamed<1><STEAM_1:0:1404421313><>" became an admin (account "unnamed") (access "abcdefghijklmnopqrstu") (address "172.20.10.2")
L 07/13/2024 - 12:52:48: [admin.amxx] Login: "unnamed<9><STEAM_1:0:1404421313><>" became an admin (account "unnamed") (access "abcdefghijklmnopqrstu") (address "172.20.10.2")
L 07/13/2024 - 12:59:17: -------- Mapchange to zm_deko2 --------
L 07/13/2024 - 12:59:17: An error occurred in plugin_natives. This is dangerous!
L 07/13/2024 - 12:59:18: [AMXX] Failed to open dictionary file: cstrike\addons\amxmodx\data\lang\zp_ammo_ex.txt
L 07/13/2024 - 12:59:18: [AMXX] Failed to open dictionary file: cstrike\addons\amxmodx\data\lang\grab_plus.txt
L 07/13/2024 - 12:59:18: [AMXX] Failed to open dictionary file: cstrike\addons\amxmodx\data\lang\LaserMines.txt
L 07/13/2024 - 12:59:18: [admin.amxx] Login: "unnamed<9><STEAM_1:0:1404421313><>" became an admin (account "unnamed") (access "abcdefghijklmnopqrstu") (address "172.20.10.2")
L 07/13/2024 - 13:01:27: -------- Mapchange to zm_deko2 --------
L 07/13/2024 - 13:01:27: An error occurred in plugin_natives. This is dangerous!
L 07/13/2024 - 13:01:27: [AMXX] Failed to open dictionary file: cstrike\addons\amxmodx\data\lang\zp_ammo_ex.txt
L 07/13/2024 - 13:01:27: [AMXX] Failed to open dictionary file: cstrike\addons\amxmodx\data\lang\grab_plus.txt
L 07/13/2024 - 13:01:27: [AMXX] Failed to open dictionary file: cstrike\addons\amxmodx\data\lang\LaserMines.txt
L 07/13/2024 - 13:01:28: [admin.amxx] Login: "unnamed<9><STEAM_1:0:1404421313><>" became an admin (account "unnamed") (access "abcdefghijklmnopqrstu") (address "172.20.10.2")
L 07/13/2024 - 13:02:39: -------- Mapchange to zm_deko2 --------
L 07/13/2024 - 13:02:39: An error occurred in plugin_natives. This is dangerous!
L 07/13/2024 - 13:03:16: [GEOIP] Database info: GEO-106FREE 20080801 Build 1 Copyright (c) 2007 MaxMind LLC All Rights Reserved
L 07/13/2024 - 13:03:16: -------- Mapchange to zm_deko2 --------
L 07/13/2024 - 13:03:16: An error occurred in plugin_natives. This is dangerous!
L 07/13/2024 - 13:03:17: [AMXX] Failed to open dictionary file: cstrike\addons\amxmodx\data\lang\zp_ammo_ex.txt
L 07/13/2024 - 13:03:17: [AMXX] Failed to open dictionary file: cstrike\addons\amxmodx\data\lang\grab_plus.txt
L 07/13/2024 - 13:03:17: [AMXX] Failed to open dictionary file: cstrike\addons\amxmodx\data\lang\LaserMines.txt
L 07/13/2024 - 13:04:40: -------- Mapchange to zm_deko2 --------
L 07/13/2024 - 13:04:40: An error occurred in plugin_natives. This is dangerous!
L 07/13/2024 - 13:04:40: [AMXX] Failed to open dictionary file: cstrike\addons\amxmodx\data\lang\zp_ammo_ex.txt
L 07/13/2024 - 13:04:40: [AMXX] Failed to open dictionary file: cstrike\addons\amxmodx\data\lang\grab_plus.txt
L 07/13/2024 - 13:04:40: [AMXX] Failed to open dictionary file: cstrike\addons\amxmodx\data\lang\LaserMines.txt
L 07/13/2024 - 13:04:46: [admin.amxx] Login: "unnamed<10><STEAM_1:0:1404421313><>" became an admin (account "unnamed") (access "abcdefghijklmnopqrstu") (address "172.20.10.2")
L 07/13/2024 - 13:05:41: -------- Mapchange to zm_deko2 --------
L 07/13/2024 - 13:05:41: An error occurred in plugin_natives. This is dangerous!
L 07/13/2024 - 13:05:41: [AMXX] Failed to open dictionary file: cstrike\addons\amxmodx\data\lang\zp_ammo_ex.txt
L 07/13/2024 - 13:05:41: [AMXX] Failed to open dictionary file: cstrike\addons\amxmodx\data\lang\grab_plus.txt
L 07/13/2024 - 13:05:41: [AMXX] Failed to open dictionary file: cstrike\addons\amxmodx\data\lang\LaserMines.txt
L 07/13/2024 - 13:05:42: [admin.amxx] Login: "unnamed<10><STEAM_1:0:1404421313><>" became an admin (account "unnamed") (access "abcdefghijklmnopqrstu") (address "172.20.10.2")
L 07/13/2024 - 13:08:24: -------- Mapchange to zm_deko2 --------
L 07/13/2024 - 13:08:24: An error occurred in plugin_natives. This is dangerous!
L 07/13/2024 - 13:08:24: [AMXX] Failed to open dictionary file: cstrike\addons\amxmodx\data\lang\zp_ammo_ex.txt
L 07/13/2024 - 13:08:24: [AMXX] Failed to open dictionary file: cstrike\addons\amxmodx\data\lang\grab_plus.txt
L 07/13/2024 - 13:08:24: [AMXX] Failed to open dictionary file: cstrike\addons\amxmodx\data\lang\LaserMines.txt
L 07/13/2024 - 13:08:25: [admin.amxx] Login: "unnamed<10><STEAM_1:0:1404421313><>" became an admin (account "unnamed") (access "abcdefghijklmnopqrstu") (address "172.20.10.2")
L 07/13/2024 - 13:25:22: -------- Mapchange to zm_deko2 --------
L 07/13/2024 - 13:25:22: An error occurred in plugin_natives. This is dangerous!
L 07/13/2024 - 13:25:22: [AMXX] Failed to open dictionary file: cstrike\addons\amxmodx\data\lang\zp_ammo_ex.txt
L 07/13/2024 - 13:25:22: [AMXX] Failed to open dictionary file: cstrike\addons\amxmodx\data\lang\grab_plus.txt
L 07/13/2024 - 13:25:22: [AMXX] Failed to open dictionary file: cstrike\addons\amxmodx\data\lang\LaserMines.txt
L 07/13/2024 - 13:25:23: [admin.amxx] Login: "unnamed<10><STEAM_1:0:1404421313><>" became an admin (account "unnamed") (access "abcdefghijklmnopqrstu") (address "172.20.10.2")
L 07/13/2024 - 13:27:27: [admin.amxx] Login: "unnamed<36><STEAM_1:0:1404421313><>" became an admin (account "unnamed") (access "abcdefghijklmnopqrstu") (address "172.20.10.2")
L 07/13/2024 - 13:29:28: -------- Mapchange to zm_deko2 --------
L 07/13/2024 - 13:29:28: An error occurred in plugin_natives. This is dangerous!
L 07/13/2024 - 13:29:29: [AMXX] Failed to open dictionary file: cstrike\addons\amxmodx\data\lang\zp_ammo_ex.txt
L 07/13/2024 - 13:29:29: [AMXX] Failed to open dictionary file: cstrike\addons\amxmodx\data\lang\grab_plus.txt
L 07/13/2024 - 13:29:29: [AMXX] Failed to open dictionary file: cstrike\addons\amxmodx\data\lang\LaserMines.txt
L 07/13/2024 - 13:29:29: [admin.amxx] Login: "unnamed<36><STEAM_1:0:1404421313><>" became an admin (account "unnamed") (access "abcdefghijklmnopqrstu") (address "172.20.10.2")
L 07/13/2024 - 13:29:29: [admin.amxx] Login: "unnamed<36><STEAM_1:0:1404421313><>" became an admin (account "unnamed") (access "abcdefghijklmnopqrstu") (address "172.20.10.2")
L 07/13/2024 - 13:30:20: -------- Mapchange to zm_deko2 --------
L 07/13/2024 - 13:30:20: An error occurred in plugin_natives. This is dangerous!
L 07/13/2024 - 13:30:21: [AMXX] Failed to open dictionary file: cstrike\addons\amxmodx\data\lang\zp_ammo_ex.txt
L 07/13/2024 - 13:30:21: [AMXX] Failed to open dictionary file: cstrike\addons\amxmodx\data\lang\grab_plus.txt
L 07/13/2024 - 13:30:21: [AMXX] Failed to open dictionary file: cstrike\addons\amxmodx\data\lang\LaserMines.txt
L 07/13/2024 - 13:30:21: [admin.amxx] Login: "unnamed<36><STEAM_1:0:1404421313><>" became an admin (account "unnamed") (access "abcdefghijklmnopqrstu") (address "172.20.10.2")
L 07/13/2024 - 13:31:03: -------- Mapchange to zm_deko2 --------
L 07/13/2024 - 13:31:03: An error occurred in plugin_natives. This is dangerous!
L 07/13/2024 - 13:31:04: [AMXX] Failed to open dictionary file: cstrike\addons\amxmodx\data\lang\zp_ammo_ex.txt
L 07/13/2024 - 13:31:04: [AMXX] Failed to open dictionary file: cstrike\addons\amxmodx\data\lang\grab_plus.txt
L 07/13/2024 - 13:31:04: [AMXX] Failed to open dictionary file: cstrike\addons\amxmodx\data\lang\LaserMines.txt
L 07/13/2024 - 13:31:04: [admin.amxx] Login: "unnamed<36><STEAM_1:0:1404421313><>" became an admin (account "unnamed") (access "abcdefghijklmnopqrstu") (address "172.20.10.2")
L 07/13/2024 - 13:34:43: -------- Mapchange to zm_deko2 --------
L 07/13/2024 - 13:34:43: An error occurred in plugin_natives. This is dangerous!
L 07/13/2024 - 13:34:52: [GEOIP] Database info: GEO-106FREE 20080801 Build 1 Copyright (c) 2007 MaxMind LLC All Rights Reserved
L 07/13/2024 - 13:34:52: -------- Mapchange to zm_deko2 --------
L 07/13/2024 - 13:34:52: An error occurred in plugin_natives. This is dangerous!
L 07/13/2024 - 13:34:53: [AMXX] Failed to open dictionary file: cstrike\addons\amxmodx\data\lang\zp_ammo_ex.txt
L 07/13/2024 - 13:34:53: [AMXX] Failed to open dictionary file: cstrike\addons\amxmodx\data\lang\grab_plus.txt
L 07/13/2024 - 13:34:53: [AMXX] Failed to open dictionary file: cstrike\addons\amxmodx\data\lang\LaserMines.txt
L 07/13/2024 - 13:34:57: [admin.amxx] Login: "unnamed<1><STEAM_1:0:1404421313><>" became an admin (account "unnamed") (access "abcdefghijklmnopqrstu") (address "172.20.10.2")
L 07/13/2024 - 13:36:16: [GEOIP] Database info: GEO-106FREE 20080801 Build 1 Copyright (c) 2007 MaxMind LLC All Rights Reserved
L 07/13/2024 - 13:36:16: -------- Mapchange to zm_deko2 --------
L 07/13/2024 - 13:36:16: An error occurred in plugin_natives. This is dangerous!
L 07/13/2024 - 13:36:17: [AMXX] Failed to open dictionary file: cstrike\addons\amxmodx\data\lang\zp_ammo_ex.txt
L 07/13/2024 - 13:36:17: [AMXX] Failed to open dictionary file: cstrike\addons\amxmodx\data\lang\grab_plus.txt
L 07/13/2024 - 13:36:17: [AMXX] Failed to open dictionary file: cstrike\addons\amxmodx\data\lang\LaserMines.txt
L 07/13/2024 - 13:36:22: [admin.amxx] Login: "unnamed<1><STEAM_1:0:1404421313><>" became an admin (account "unnamed") (access "abcdefghijklmnopqrstu") (address "172.20.10.2")
L 07/13/2024 - 13:37:40: [admin.amxx] Login: "unnamed<10><STEAM_1:0:1404421313><>" became an admin (account "unnamed") (access "abcdefghijklmnopqrstu") (address "172.20.10.2")
L 07/13/2024 - 13:40:48: -------- Mapchange to zm_deko2 --------
L 07/13/2024 - 13:40:48: An error occurred in plugin_natives. This is dangerous!
L 07/13/2024 - 13:40:49: [AMXX] Failed to open dictionary file: cstrike\addons\amxmodx\data\lang\zp_ammo_ex.txt
L 07/13/2024 - 13:40:49: [AMXX] Failed to open dictionary file: cstrike\addons\amxmodx\data\lang\grab_plus.txt
L 07/13/2024 - 13:40:49: [AMXX] Failed to open dictionary file: cstrike\addons\amxmodx\data\lang\LaserMines.txt
L 07/13/2024 - 13:40:49: [admin.amxx] Login: "unnamed<10><STEAM_1:0:1404421313><>" became an admin (account "unnamed") (access "abcdefghijklmnopqrstu") (address "172.20.10.2")
L 07/13/2024 - 13:48:39: [GEOIP] Database info: GEO-106FREE 20080801 Build 1 Copyright (c) 2007 MaxMind LLC All Rights Reserved
L 07/13/2024 - 13:48:39: -------- Mapchange to zm_deko2 --------
L 07/13/2024 - 13:48:39: An error occurred in plugin_natives. This is dangerous!
L 07/13/2024 - 13:48:40: [AMXX] Failed to open dictionary file: cstrike\addons\amxmodx\data\lang\zp_ammo_ex.txt
L 07/13/2024 - 13:48:40: [AMXX] Failed to open dictionary file: cstrike\addons\amxmodx\data\lang\grab_plus.txt
L 07/13/2024 - 13:48:40: [AMXX] Failed to open dictionary file: cstrike\addons\amxmodx\data\lang\LaserMines.txt
L 07/13/2024 - 13:48:48: [GEOIP] Database info: GEO-106FREE 20080801 Build 1 Copyright (c) 2007 MaxMind LLC All Rights Reserved
L 07/13/2024 - 13:48:49: -------- Mapchange to zm_deko2 --------
L 07/13/2024 - 13:48:49: An error occurred in plugin_natives. This is dangerous!
L 07/13/2024 - 13:48:49: [AMXX] Failed to open dictionary file: cstrike\addons\amxmodx\data\lang\zp_ammo_ex.txt
L 07/13/2024 - 13:48:49: [AMXX] Failed to open dictionary file: cstrike\addons\amxmodx\data\lang\grab_plus.txt
L 07/13/2024 - 13:48:49: [AMXX] Failed to open dictionary file: cstrike\addons\amxmodx\data\lang\LaserMines.txt
L 07/13/2024 - 13:56:13: [GEOIP] Database info: GEO-106FREE 20080801 Build 1 Copyright (c) 2007 MaxMind LLC All Rights Reserved
L 07/13/2024 - 13:56:13: -------- Mapchange to zm_deko2 --------
L 07/13/2024 - 13:56:13: An error occurred in plugin_natives. This is dangerous!
L 07/13/2024 - 13:56:14: [AMXX] Failed to open dictionary file: cstrike\addons\amxmodx\data\lang\zp_ammo_ex.txt
L 07/13/2024 - 13:56:14: [AMXX] Failed to open dictionary file: cstrike\addons\amxmodx\data\lang\grab_plus.txt
L 07/13/2024 - 13:56:14: [AMXX] Failed to open dictionary file: cstrike\addons\amxmodx\data\lang\LaserMines.txt
L 07/13/2024 - 13:56:36: [GEOIP] Database info: GEO-106FREE 20080801 Build 1 Copyright (c) 2007 MaxMind LLC All Rights Reserved
L 07/13/2024 - 13:56:37: -------- Mapchange to zm_deko2 --------
L 07/13/2024 - 13:56:37: An error occurred in plugin_natives. This is dangerous!
L 07/13/2024 - 13:56:37: [AMXX] Plugin "Krol_lord_menu.amxx" failed to load: Plugin uses an unknown function (name "give_lord_awp") - check your modules.ini.
L 07/13/2024 - 13:56:37: [AMXX] Failed to open dictionary file: cstrike\addons\amxmodx\data\lang\zp_ammo_ex.txt
L 07/13/2024 - 13:56:37: [AMXX] Failed to open dictionary file: cstrike\addons\amxmodx\data\lang\grab_plus.txt
L 07/13/2024 - 13:56:37: [AMXX] Failed to open dictionary file: cstrike\addons\amxmodx\data\lang\LaserMines.txt
L 07/13/2024 - 13:59:39: [GEOIP] Database info: GEO-106FREE 20080801 Build 1 Copyright (c) 2007 MaxMind LLC All Rights Reserved
L 07/13/2024 - 13:59:39: -------- Mapchange to zm_deko2 --------
L 07/13/2024 - 13:59:39: An error occurred in plugin_natives. This is dangerous!
L 07/13/2024 - 13:59:40: [AMXX] Failed to open dictionary file: cstrike\addons\amxmodx\data\lang\zp_ammo_ex.txt
L 07/13/2024 - 13:59:40: [AMXX] Failed to open dictionary file: cstrike\addons\amxmodx\data\lang\grab_plus.txt
L 07/13/2024 - 13:59:40: [AMXX] Failed to open dictionary file: cstrike\addons\amxmodx\data\lang\LaserMines.txt
L 07/13/2024 - 14:00:21: [GEOIP] Database info: GEO-106FREE 20080801 Build 1 Copyright (c) 2007 MaxMind LLC All Rights Reserved
L 07/13/2024 - 14:00:21: -------- Mapchange to zm_deko2 --------
L 07/13/2024 - 14:00:21: An error occurred in plugin_natives. This is dangerous!
L 07/13/2024 - 14:00:22: [AMXX] Failed to open dictionary file: cstrike\addons\amxmodx\data\lang\zp_ammo_ex.txt
L 07/13/2024 - 14:00:22: [AMXX] Failed to open dictionary file: cstrike\addons\amxmodx\data\lang\grab_plus.txt
L 07/13/2024 - 14:00:22: [AMXX] Failed to open dictionary file: cstrike\addons\amxmodx\data\lang\LaserMines.txt
L 07/13/2024 - 14:04:15: [GEOIP] Database info: GEO-106FREE 20080801 Build 1 Copyright (c) 2007 MaxMind LLC All Rights Reserved
L 07/13/2024 - 14:04:15: -------- Mapchange to zm_deko2 --------
L 07/13/2024 - 14:04:15: An error occurred in plugin_natives. This is dangerous!
L 07/13/2024 - 14:04:15: [AMXX] Plugin "Krol_god_menu.amxx" failed to load: Plugin uses an unknown function (name "give_star_chaser") - check your modules.ini.
L 07/13/2024 - 14:04:16: [AMXX] Failed to open dictionary file: cstrike\addons\amxmodx\data\lang\zp_ammo_ex.txt
L 07/13/2024 - 14:04:16: [AMXX] Failed to open dictionary file: cstrike\addons\amxmodx\data\lang\grab_plus.txt
L 07/13/2024 - 14:04:16: [AMXX] Failed to open dictionary file: cstrike\addons\amxmodx\data\lang\LaserMines.txt
L 07/13/2024 - 14:04:26: [GEOIP] Database info: GEO-106FREE 20080801 Build 1 Copyright (c) 2007 MaxMind LLC All Rights Reserved
L 07/13/2024 - 14:04:27: -------- Mapchange to zm_deko2 --------
L 07/13/2024 - 14:04:27: An error occurred in plugin_natives. This is dangerous!
L 07/13/2024 - 14:04:27: [AMXX] Plugin "Krol_elite_menu.amxx" failed to load: Plugin uses an unknown function (name "elite_drobash") - check your modules.ini.
L 07/13/2024 - 14:04:27: [AMXX] Plugin "Krol_god_menu.amxx" failed to load: Plugin uses an unknown function (name "give_star_chaser") - check your modules.ini.
L 07/13/2024 - 14:04:27: [AMXX] Plugin "Krol_creater_menu.amxx" failed to load: Plugin uses an unknown function (name "give_m82_hentai") - check your modules.ini.
L 07/13/2024 - 14:04:27: [AMXX] Failed to open dictionary file: cstrike\addons\amxmodx\data\lang\zp_ammo_ex.txt
L 07/13/2024 - 14:04:27: [AMXX] Failed to open dictionary file: cstrike\addons\amxmodx\data\lang\grab_plus.txt
L 07/13/2024 - 14:04:27: [AMXX] Failed to open dictionary file: cstrike\addons\amxmodx\data\lang\LaserMines.txt
L 07/13/2024 - 14:06:20: [GEOIP] Database info: GEO-106FREE 20080801 Build 1 Copyright (c) 2007 MaxMind LLC All Rights Reserved
L 07/13/2024 - 14:06:20: -------- Mapchange to zm_deko2 --------
L 07/13/2024 - 14:06:20: An error occurred in plugin_natives. This is dangerous!
L 07/13/2024 - 14:06:21: [AMXX] Failed to open dictionary file: cstrike\addons\amxmodx\data\lang\zp_ammo_ex.txt
L 07/13/2024 - 14:06:21: [AMXX] Failed to open dictionary file: cstrike\addons\amxmodx\data\lang\grab_plus.txt
L 07/13/2024 - 14:06:21: [AMXX] Failed to open dictionary file: cstrike\addons\amxmodx\data\lang\LaserMines.txt
L 07/13/2024 - 14:06:43: [GEOIP] Database info: GEO-106FREE 20080801 Build 1 Copyright (c) 2007 MaxMind LLC All Rights Reserved
L 07/13/2024 - 14:06:43: -------- Mapchange to zm_deko2 --------
L 07/13/2024 - 14:06:43: An error occurred in plugin_natives. This is dangerous!
L 07/13/2024 - 14:06:43: [AMXX] Plugin "Krol_lord_menu.amxx" failed to load: Plugin uses an unknown function (name "give_lord_awp") - check your modules.ini.
L 07/13/2024 - 14:06:44: [AMXX] Failed to open dictionary file: cstrike\addons\amxmodx\data\lang\zp_ammo_ex.txt
L 07/13/2024 - 14:06:44: [AMXX] Failed to open dictionary file: cstrike\addons\amxmodx\data\lang\grab_plus.txt
L 07/13/2024 - 14:06:44: [AMXX] Failed to open dictionary file: cstrike\addons\amxmodx\data\lang\LaserMines.txt
L 07/13/2024 - 14:10:00: [GEOIP] Database info: GEO-106FREE 20080801 Build 1 Copyright (c) 2007 MaxMind LLC All Rights Reserved
L 07/13/2024 - 14:10:00: -------- Mapchange to zm_deko2 --------
L 07/13/2024 - 14:10:00: An error occurred in plugin_natives. This is dangerous!
L 07/13/2024 - 14:10:00: [AMXX] Plugin "Krol_lord_menu.amxx" failed to load: Plugin uses an unknown function (name "give_lord_awp") - check your modules.ini.
L 07/13/2024 - 14:10:01: [AMXX] Failed to open dictionary file: cstrike\addons\amxmodx\data\lang\zp_ammo_ex.txt
L 07/13/2024 - 14:10:01: [AMXX] Failed to open dictionary file: cstrike\addons\amxmodx\data\lang\grab_plus.txt
L 07/13/2024 - 14:10:01: [AMXX] Failed to open dictionary file: cstrike\addons\amxmodx\data\lang\LaserMines.txt
L 07/13/2024 - 14:10:11: [admin.amxx] Login: "unnamed<8><STEAM_1:0:1404421313><>" became an admin (account "unnamed") (access "abcdefghijklmnopqrstu") (address "172.20.10.2")
L 07/13/2024 - 14:10:40: -------- Mapchange to zm_deko2 --------
L 07/13/2024 - 14:10:40: An error occurred in plugin_natives. This is dangerous!
L 07/13/2024 - 14:10:41: [AMXX] Failed to open dictionary file: cstrike\addons\amxmodx\data\lang\zp_ammo_ex.txt
L 07/13/2024 - 14:10:41: [AMXX] Failed to open dictionary file: cstrike\addons\amxmodx\data\lang\grab_plus.txt
L 07/13/2024 - 14:10:41: [AMXX] Failed to open dictionary file: cstrike\addons\amxmodx\data\lang\LaserMines.txt
L 07/13/2024 - 14:10:41: [admin.amxx] Login: "unnamed<8><STEAM_1:0:1404421313><>" became an admin (account "unnamed") (access "abcdefghijklmnopqrstu") (address "172.20.10.2")
L 07/13/2024 - 14:12:17: -------- Mapchange to zm_deko2 --------
L 07/13/2024 - 14:12:17: An error occurred in plugin_natives. This is dangerous!
L 07/13/2024 - 14:12:18: [AMXX] Failed to open dictionary file: cstrike\addons\amxmodx\data\lang\zp_ammo_ex.txt
L 07/13/2024 - 14:12:18: [AMXX] Failed to open dictionary file: cstrike\addons\amxmodx\data\lang\grab_plus.txt
L 07/13/2024 - 14:12:18: [AMXX] Failed to open dictionary file: cstrike\addons\amxmodx\data\lang\LaserMines.txt
L 07/13/2024 - 14:12:18: [admin.amxx] Login: "unnamed<8><STEAM_1:0:1404421313><>" became an admin (account "unnamed") (access "abcdefghijklmnopqrstu") (address "172.20.10.2")
L 07/13/2024 - 16:07:53: [GEOIP] Database info: GEO-106FREE 20080801 Build 1 Copyright (c) 2007 MaxMind LLC All Rights Reserved
L 07/13/2024 - 16:07:53: -------- Mapchange to zm_deko2 --------
L 07/13/2024 - 16:07:54: An error occurred in plugin_natives. This is dangerous!
L 07/13/2024 - 16:07:55: [AMXX] Failed to open dictionary file: cstrike\addons\amxmodx\data\lang\zp_ammo_ex.txt
L 07/13/2024 - 16:07:55: [AMXX] Failed to open dictionary file: cstrike\addons\amxmodx\data\lang\grab_plus.txt
L 07/13/2024 - 16:07:55: [AMXX] Failed to open dictionary file: cstrike\addons\amxmodx\data\lang\LaserMines.txt
L 07/13/2024 - 16:10:48: [admin.amxx] Login: "unnamed<10><STEAM_1:0:1404421313><>" became an admin (account "unnamed") (access "abcdefghijklmnopqrstu") (address "172.20.10.2")
