L 08/16/2024 - 09:12:25: -------- Mapchange to zm_deko2 --------
L 08/16/2024 - 09:12:25: [CSX] Could not load csstats file: cstrike\
L 08/16/2024 - 09:12:25: [AMXX] Plugin "random_donate_gun.amxx" failed to load: Plugin uses an unknown function (name "brick_dbarrel") - check your modules.ini.
L 08/16/2024 - 09:12:27: [AMXX] Failed to open dictionary file: cstrike\addons\amxmodx\data\lang\zp_ammo_ex.txt
L 08/16/2024 - 09:12:27: New section, unterminated block (file "cstrike\addons\amxmodx\data\lang\nademodes.txt" key "NADE_HTML :" lang "da")
L 08/16/2024 - 09:12:27: [AMXX] Failed to open dictionary file: cstrike\addons\amxmodx\data\lang\grab_plus.txt
L 08/16/2024 - 09:12:41: [admin.amxx] Login: "test<8><STEAM_1:0:1404421313><>" became an admin (account "test") (access "abcdefghijklmnopqrstuv") (address "192.168.0.16")
L 08/16/2024 - 09:12:45: [admin.amxx] Login: "test<9><STEAM_1:0:1404421313><>" became an admin (account "test") (access "abcdefghijklmnopqrstuv") (address "192.168.0.16")
L 08/16/2024 - 09:17:54: -------- Mapchange to zm_deko2 --------
L 08/16/2024 - 09:17:54: [AMXX] Plugin "random_donate_gun.amxx" failed to load: Plugin uses an unknown function (name "brick_dbarrel") - check your modules.ini.
L 08/16/2024 - 09:17:56: [AMXX] Failed to open dictionary file: cstrike\addons\amxmodx\data\lang\zp_ammo_ex.txt
L 08/16/2024 - 09:17:56: [AMXX] Failed to open dictionary file: cstrike\addons\amxmodx\data\lang\grab_plus.txt
L 08/16/2024 - 09:17:57: [admin.amxx] Login: "test<9><STEAM_1:0:1404421313><>" became an admin (account "test") (access "abcdefghijklmnopqrstuv") (address "192.168.0.16")
L 08/16/2024 - 09:29:50: -------- Mapchange to zm_deko2 --------
L 08/16/2024 - 09:29:50: [AMXX] Plugin "random_donate_gun.amxx" failed to load: Plugin uses an unknown function (name "brick_dbarrel") - check your modules.ini.
L 08/16/2024 - 09:29:53: [AMXX] Failed to open dictionary file: cstrike\addons\amxmodx\data\lang\zp_ammo_ex.txt
L 08/16/2024 - 09:29:53: [AMXX] Failed to open dictionary file: cstrike\addons\amxmodx\data\lang\grab_plus.txt
L 08/16/2024 - 09:29:53: [admin.amxx] Login: "test<9><STEAM_1:0:1404421313><>" became an admin (account "test") (access "abcdefghijklmnopqrstuv") (address "192.168.0.16")
L 08/16/2024 - 09:30:06: -------- Mapchange to zm_deko2 --------
L 08/16/2024 - 09:30:06: [CSX] Could not load csstats file: cstrike\
L 08/16/2024 - 09:30:06: [AMXX] Plugin "random_donate_gun.amxx" failed to load: Plugin uses an unknown function (name "brick_dbarrel") - check your modules.ini.
L 08/16/2024 - 09:30:08: [AMXX] Failed to open dictionary file: cstrike\addons\amxmodx\data\lang\zp_ammo_ex.txt
L 08/16/2024 - 09:30:08: New section, unterminated block (file "cstrike\addons\amxmodx\data\lang\nademodes.txt" key "NADE_HTML :" lang "da")
L 08/16/2024 - 09:30:08: [AMXX] Failed to open dictionary file: cstrike\addons\amxmodx\data\lang\grab_plus.txt
L 08/16/2024 - 09:30:12: [admin.amxx] Login: "test<1><STEAM_1:0:1404421313><>" became an admin (account "test") (access "abcdefghijklmnopqrstuv") (address "192.168.0.16")
L 08/16/2024 - 09:36:55: -------- Mapchange to zm_deko2 --------
L 08/16/2024 - 09:36:55: [AMXX] Plugin "random_donate_gun.amxx" failed to load: Plugin uses an unknown function (name "brick_dbarrel") - check your modules.ini.
L 08/16/2024 - 09:36:57: [AMXX] Failed to open dictionary file: cstrike\addons\amxmodx\data\lang\zp_ammo_ex.txt
L 08/16/2024 - 09:36:57: [AMXX] Failed to open dictionary file: cstrike\addons\amxmodx\data\lang\grab_plus.txt
L 08/16/2024 - 09:36:58: [admin.amxx] Login: "test<1><STEAM_1:0:1404421313><>" became an admin (account "test") (access "abcdefghijklmnopqrstuv") (address "192.168.0.16")
L 08/16/2024 - 09:59:44: -------- Mapchange to zm_deko2 --------
L 08/16/2024 - 09:59:45: [AMXX] Plugin "random_donate_gun.amxx" failed to load: Plugin uses an unknown function (name "brick_dbarrel") - check your modules.ini.
L 08/16/2024 - 09:59:47: [AMXX] Failed to open dictionary file: cstrike\addons\amxmodx\data\lang\zp_ammo_ex.txt
L 08/16/2024 - 09:59:47: [AMXX] Failed to open dictionary file: cstrike\addons\amxmodx\data\lang\grab_plus.txt
L 08/16/2024 - 09:59:48: [admin.amxx] Login: "test<17><STEAM_1:0:1404421313><>" became an admin (account "test") (access "abcdefghijklmnopqrstuv") (address "192.168.0.16")
L 08/16/2024 - 10:03:56: -------- Mapchange to zm_deko2 --------
L 08/16/2024 - 10:03:56: [AMXX] Plugin "random_donate_gun.amxx" failed to load: Plugin uses an unknown function (name "brick_dbarrel") - check your modules.ini.
L 08/16/2024 - 10:03:59: [AMXX] Failed to open dictionary file: cstrike\addons\amxmodx\data\lang\zp_ammo_ex.txt
L 08/16/2024 - 10:03:59: [AMXX] Failed to open dictionary file: cstrike\addons\amxmodx\data\lang\grab_plus.txt
L 08/16/2024 - 10:04:00: [admin.amxx] Login: "test<17><STEAM_1:0:1404421313><>" became an admin (account "test") (access "abcdefghijklmnopqrstuv") (address "192.168.0.16")
L 08/16/2024 - 10:27:14: [mapchooser.amxx] Vote: Voting for the nextmap started
L 08/16/2024 - 10:27:29: [mapchooser.amxx] Vote: Voting for the nextmap finished. The nextmap will be zm_3rooms
L 08/16/2024 - 10:30:55: -------- Mapchange to zm_3rooms --------
L 08/16/2024 - 10:30:55: [AMXX] Plugin "random_donate_gun.amxx" failed to load: Plugin uses an unknown function (name "brick_dbarrel") - check your modules.ini.
L 08/16/2024 - 10:30:57: [AMXX] Failed to open dictionary file: cstrike\addons\amxmodx\data\lang\zp_ammo_ex.txt
L 08/16/2024 - 10:30:58: [AMXX] Failed to open dictionary file: cstrike\addons\amxmodx\data\lang\grab_plus.txt
L 08/16/2024 - 10:53:57: [mapchooser.amxx] Vote: Voting for the nextmap started
L 08/16/2024 - 10:54:12: [mapchooser.amxx] Vote: Voting for the nextmap finished. The nextmap will be zm_virus_t
L 08/16/2024 - 10:55:30: [admin.amxx] Login: "test<33><STEAM_1:0:1404421313><>" became an admin (account "test") (access "abcdefghijklmnopqrstuv") (address "192.168.0.16")
L 08/16/2024 - 10:55:33: [admin.amxx] Login: "test<34><STEAM_1:0:1404421313><>" became an admin (account "test") (access "abcdefghijklmnopqrstuv") (address "192.168.0.16")
L 08/16/2024 - 10:56:59: -------- Mapchange to zm_virus_t --------
L 08/16/2024 - 10:57:00: [AMXX] Plugin "random_donate_gun.amxx" failed to load: Plugin uses an unknown function (name "brick_dbarrel") - check your modules.ini.
L 08/16/2024 - 10:57:02: [AMXX] Failed to open dictionary file: cstrike\addons\amxmodx\data\lang\zp_ammo_ex.txt
L 08/16/2024 - 10:57:02: [AMXX] Failed to open dictionary file: cstrike\addons\amxmodx\data\lang\grab_plus.txt
L 08/16/2024 - 10:57:03: [admin.amxx] Login: "test<34><STEAM_1:0:1404421313><>" became an admin (account "test") (access "abcdefghijklmnopqrstuv") (address "192.168.0.16")
L 08/16/2024 - 11:20:01: [mapchooser.amxx] Vote: Voting for the nextmap started
L 08/16/2024 - 11:20:16: [mapchooser.amxx] Vote: Voting for the nextmap finished. The nextmap will be zm_3rooms
L 08/16/2024 - 11:22:53: -------- Mapchange to zm_3rooms --------
L 08/16/2024 - 11:22:53: [AMXX] Plugin "random_donate_gun.amxx" failed to load: Plugin uses an unknown function (name "brick_dbarrel") - check your modules.ini.
L 08/16/2024 - 11:22:55: [AMXX] Failed to open dictionary file: cstrike\addons\amxmodx\data\lang\zp_ammo_ex.txt
L 08/16/2024 - 11:22:56: [AMXX] Failed to open dictionary file: cstrike\addons\amxmodx\data\lang\grab_plus.txt
L 08/16/2024 - 11:45:55: [mapchooser.amxx] Vote: Voting for the nextmap started
L 08/16/2024 - 11:46:10: [mapchooser.amxx] Vote: Voting for the nextmap finished. The nextmap will be zm_virus_t
L 08/16/2024 - 11:48:57: -------- Mapchange to zm_virus_t --------
L 08/16/2024 - 11:48:58: [AMXX] Plugin "random_donate_gun.amxx" failed to load: Plugin uses an unknown function (name "brick_dbarrel") - check your modules.ini.
L 08/16/2024 - 11:49:00: [AMXX] Failed to open dictionary file: cstrike\addons\amxmodx\data\lang\zp_ammo_ex.txt
L 08/16/2024 - 11:49:00: [AMXX] Failed to open dictionary file: cstrike\addons\amxmodx\data\lang\grab_plus.txt
L 08/16/2024 - 12:10:39: -------- Mapchange to zm_virus_t --------
L 08/16/2024 - 12:10:39: [AMXX] Plugin "random_donate_gun.amxx" failed to load: Plugin uses an unknown function (name "brick_dbarrel") - check your modules.ini.
L 08/16/2024 - 12:10:41: [AMXX] Failed to open dictionary file: cstrike\addons\amxmodx\data\lang\zp_ammo_ex.txt
L 08/16/2024 - 12:10:41: [AMXX] Failed to open dictionary file: cstrike\addons\amxmodx\data\lang\grab_plus.txt
L 08/16/2024 - 12:10:44: [admin.amxx] Login: "test<35><STEAM_1:0:1404421313><>" became an admin (account "test") (access "abcdefghijklmnopqrstuv") (address "192.168.0.16")
L 08/16/2024 - 12:10:47: [admin.amxx] Login: "test<36><STEAM_1:0:1404421313><>" became an admin (account "test") (access "abcdefghijklmnopqrstuv") (address "192.168.0.16")
L 08/16/2024 - 12:13:58: -------- Mapchange to zm_virus_t --------
L 08/16/2024 - 12:13:58: [AMXX] Plugin "random_donate_gun.amxx" failed to load: Plugin uses an unknown function (name "brick_dbarrel") - check your modules.ini.
L 08/16/2024 - 12:14:00: [AMXX] Failed to open dictionary file: cstrike\addons\amxmodx\data\lang\zp_ammo_ex.txt
L 08/16/2024 - 12:14:00: [AMXX] Failed to open dictionary file: cstrike\addons\amxmodx\data\lang\grab_plus.txt
L 08/16/2024 - 12:14:00: [admin.amxx] Login: "test<36><STEAM_1:0:1404421313><>" became an admin (account "test") (access "abcdefghijklmnopqrstuv") (address "192.168.0.16")
L 08/16/2024 - 12:14:26: -------- Mapchange to zm_virus_t --------
L 08/16/2024 - 12:14:26: [AMXX] Plugin "random_donate_gun.amxx" failed to load: Plugin uses an unknown function (name "brick_dbarrel") - check your modules.ini.
L 08/16/2024 - 12:14:28: [AMXX] Failed to open dictionary file: cstrike\addons\amxmodx\data\lang\zp_ammo_ex.txt
L 08/16/2024 - 12:14:28: [AMXX] Failed to open dictionary file: cstrike\addons\amxmodx\data\lang\grab_plus.txt
L 08/16/2024 - 12:14:28: [admin.amxx] Login: "test<36><STEAM_1:0:1404421313><>" became an admin (account "test") (access "abcdefghijklmnopqrstuv") (address "192.168.0.16")
L 08/16/2024 - 12:31:57: -------- Mapchange to zm_3rooms --------
L 08/16/2024 - 12:31:58: [AMXX] Plugin "random_donate_gun.amxx" failed to load: Plugin uses an unknown function (name "brick_dbarrel") - check your modules.ini.
L 08/16/2024 - 12:32:00: [AMXX] Failed to open dictionary file: cstrike\addons\amxmodx\data\lang\zp_ammo_ex.txt
L 08/16/2024 - 12:32:01: [AMXX] Failed to open dictionary file: cstrike\addons\amxmodx\data\lang\grab_plus.txt
L 08/16/2024 - 12:32:02: [admin.amxx] Login: "test<36><STEAM_1:0:1404421313><>" became an admin (account "test") (access "abcdefghijklmnopqrstuv") (address "192.168.0.16")
L 08/16/2024 - 12:32:52: -------- Mapchange to zm_202 --------
L 08/16/2024 - 12:32:52: [AMXX] Plugin "random_donate_gun.amxx" failed to load: Plugin uses an unknown function (name "brick_dbarrel") - check your modules.ini.
L 08/16/2024 - 12:32:54: [AMXX] Failed to open dictionary file: cstrike\addons\amxmodx\data\lang\zp_ammo_ex.txt
L 08/16/2024 - 12:32:55: [AMXX] Failed to open dictionary file: cstrike\addons\amxmodx\data\lang\grab_plus.txt
L 08/16/2024 - 12:32:55: [admin.amxx] Login: "test<36><STEAM_1:0:1404421313><>" became an admin (account "test") (access "abcdefghijklmnopqrstuv") (address "192.168.0.16")
L 08/16/2024 - 12:33:29: -------- Mapchange to zm_battleground_foda --------
L 08/16/2024 - 12:33:29: [AMXX] Plugin "random_donate_gun.amxx" failed to load: Plugin uses an unknown function (name "brick_dbarrel") - check your modules.ini.
L 08/16/2024 - 12:33:31: [AMXX] Failed to open dictionary file: cstrike\addons\amxmodx\data\lang\zp_ammo_ex.txt
L 08/16/2024 - 12:33:31: [AMXX] Failed to open dictionary file: cstrike\addons\amxmodx\data\lang\grab_plus.txt
L 08/16/2024 - 12:33:32: [admin.amxx] Login: "test<36><STEAM_1:0:1404421313><>" became an admin (account "test") (access "abcdefghijklmnopqrstuv") (address "192.168.0.16")
L 08/16/2024 - 12:33:34: [admin.amxx] Login: "test<37><STEAM_1:0:1404421313><>" became an admin (account "test") (access "abcdefghijklmnopqrstuv") (address "192.168.0.16")
L 08/16/2024 - 12:36:41: -------- Mapchange to zm_battleground_foda --------
L 08/16/2024 - 12:36:41: [AMXX] Plugin "random_donate_gun.amxx" failed to load: Plugin uses an unknown function (name "brick_dbarrel") - check your modules.ini.
L 08/16/2024 - 12:36:43: [AMXX] Failed to open dictionary file: cstrike\addons\amxmodx\data\lang\zp_ammo_ex.txt
L 08/16/2024 - 12:36:43: [AMXX] Failed to open dictionary file: cstrike\addons\amxmodx\data\lang\grab_plus.txt
L 08/16/2024 - 12:36:44: [admin.amxx] Login: "test<37><STEAM_1:0:1404421313><>" became an admin (account "test") (access "abcdefghijklmnopqrstuv") (address "192.168.0.16")
L 08/16/2024 - 12:49:52: -------- Mapchange to zm_caca --------
L 08/16/2024 - 12:49:52: [AMXX] Plugin "random_donate_gun.amxx" failed to load: Plugin uses an unknown function (name "brick_dbarrel") - check your modules.ini.
L 08/16/2024 - 12:49:55: [AMXX] Failed to open dictionary file: cstrike\addons\amxmodx\data\lang\zp_ammo_ex.txt
L 08/16/2024 - 12:49:55: [AMXX] Failed to open dictionary file: cstrike\addons\amxmodx\data\lang\grab_plus.txt
L 08/16/2024 - 12:49:56: [admin.amxx] Login: "test<37><STEAM_1:0:1404421313><>" became an admin (account "test") (access "abcdefghijklmnopqrstuv") (address "192.168.0.16")
L 08/16/2024 - 12:50:30: -------- Mapchange to zm_deko2 --------
L 08/16/2024 - 12:50:30: [AMXX] Plugin "random_donate_gun.amxx" failed to load: Plugin uses an unknown function (name "brick_dbarrel") - check your modules.ini.
L 08/16/2024 - 12:59:08: -------- Mapchange to zm_desert_2011 --------
L 08/16/2024 - 12:59:08: [CSX] Could not load csstats file: cstrike\
L 08/16/2024 - 12:59:08: [AMXX] Plugin "random_donate_gun.amxx" failed to load: Plugin uses an unknown function (name "brick_dbarrel") - check your modules.ini.
L 08/16/2024 - 12:59:10: [AMXX] Failed to open dictionary file: cstrike\addons\amxmodx\data\lang\zp_ammo_ex.txt
L 08/16/2024 - 12:59:10: New section, unterminated block (file "cstrike\addons\amxmodx\data\lang\nademodes.txt" key "NADE_HTML :" lang "da")
L 08/16/2024 - 12:59:10: [AMXX] Failed to open dictionary file: cstrike\addons\amxmodx\data\lang\grab_plus.txt
L 08/16/2024 - 12:59:12: [admin.amxx] Login: "test<1><STEAM_1:0:1404421313><>" became an admin (account "test") (access "abcdefghijklmnopqrstuv") (address "192.168.0.16")
L 08/16/2024 - 13:00:09: -------- Mapchange to zm_dust_world --------
L 08/16/2024 - 13:00:09: [CSX] Could not load csstats file: cstrike\
L 08/16/2024 - 13:00:09: [AMXX] Plugin "random_donate_gun.amxx" failed to load: Plugin uses an unknown function (name "brick_dbarrel") - check your modules.ini.
L 08/16/2024 - 13:00:11: [AMXX] Failed to open dictionary file: cstrike\addons\amxmodx\data\lang\zp_ammo_ex.txt
L 08/16/2024 - 13:00:11: New section, unterminated block (file "cstrike\addons\amxmodx\data\lang\nademodes.txt" key "NADE_HTML :" lang "da")
L 08/16/2024 - 13:00:11: [AMXX] Failed to open dictionary file: cstrike\addons\amxmodx\data\lang\grab_plus.txt
L 08/16/2024 - 13:00:15: [admin.amxx] Login: "test<1><STEAM_1:0:1404421313><>" became an admin (account "test") (access "abcdefghijklmnopqrstuv") (address "192.168.0.16")
L 08/16/2024 - 13:01:06: -------- Mapchange to zm_fdust2x2 --------
L 08/16/2024 - 13:01:06: [CSX] Could not load csstats file: cstrike\
L 08/16/2024 - 13:01:06: [AMXX] Plugin "random_donate_gun.amxx" failed to load: Plugin uses an unknown function (name "brick_dbarrel") - check your modules.ini.
L 08/16/2024 - 13:01:08: [AMXX] Failed to open dictionary file: cstrike\addons\amxmodx\data\lang\zp_ammo_ex.txt
L 08/16/2024 - 13:01:08: New section, unterminated block (file "cstrike\addons\amxmodx\data\lang\nademodes.txt" key "NADE_HTML :" lang "da")
L 08/16/2024 - 13:01:08: [AMXX] Failed to open dictionary file: cstrike\addons\amxmodx\data\lang\grab_plus.txt
L 08/16/2024 - 13:01:10: [admin.amxx] Login: "test<1><STEAM_1:0:1404421313><>" became an admin (account "test") (access "abcdefghijklmnopqrstuv") (address "192.168.0.16")
