L 09/01/2024 - 15:32:10: -------- Mapchange to zm_fdust2x2 --------
L 09/01/2024 - 15:32:10: [CSX] Could not load csstats file: cstrike\
L 09/01/2024 - 15:32:26: -------- Mapchange to zm_fdust2x2 --------
L 09/01/2024 - 15:32:26: [CSX] Could not load csstats file: cstrike\
L 09/01/2024 - 15:33:51: -------- Mapchange to zm_fdust2x2 --------
L 09/01/2024 - 15:33:51: [CSX] Could not load csstats file: cstrike\
L 09/01/2024 - 15:33:51: [AMXX] Plugin "menu_donate_guns.amxx" failed to load: Plugin uses an unknown function (name "give_weapon_hank_eye") - check your modules.ini.
L 09/01/2024 - 15:34:42: -------- Mapchange to zm_fdust2x2 --------
L 09/01/2024 - 15:34:42: [CSX] Could not load csstats file: cstrike\
L 09/01/2024 - 15:34:42: [AMXX] Plugin "menu_donate_guns.amxx" failed to load: Plugin uses an unknown function (name "give_weapon_hank_eye") - check your modules.ini.
L 09/01/2024 - 15:34:58: -------- Mapchange to zm_fdust2x2 --------
L 09/01/2024 - 15:34:58: [CSX] Could not load csstats file: cstrike\
L 09/01/2024 - 15:34:58: [AMXX] Plugin "menu_donate_guns.amxx" failed to load: Plugin uses an unknown function (name "give_weapon_hank_eye") - check your modules.ini.
L 09/01/2024 - 15:35:19: [admin.amxx] Login: "test<8><STEAM_1:0:1404421313><>" became an admin (account "test") (access "abcdefghijklmnopqrstuv") (address "172.20.10.2")
L 09/01/2024 - 15:40:18: -------- Mapchange to zm_fdust2x2 --------
L 09/01/2024 - 15:47:12: -------- Mapchange to zm_fdust2x2 --------
L 09/01/2024 - 15:47:12: [CSX] Could not load csstats file: cstrike\
L 09/01/2024 - 15:47:32: -------- Mapchange to zm_fdust2x2 --------
L 09/01/2024 - 15:47:32: [CSX] Could not load csstats file: cstrike\
L 09/01/2024 - 15:47:32: [AMXX] Plugin "menu_donate_guns.amxx" failed to load: Plugin uses an unknown function (name "give_weapon_hank_eye") - check your modules.ini.
L 09/01/2024 - 15:47:50: -------- Mapchange to zm_fdust2x2 --------
L 09/01/2024 - 15:47:50: [CSX] Could not load csstats file: cstrike\
L 09/01/2024 - 15:47:50: [AMXX] Plugin "menu_donate_guns.amxx" failed to load: Plugin uses an unknown function (name "give_weapon_lordpist") - check your modules.ini.
L 09/01/2024 - 15:49:14: -------- Mapchange to zm_fdust2x2 --------
L 09/01/2024 - 15:49:14: [CSX] Could not load csstats file: cstrike\
L 09/01/2024 - 15:49:14: [AMXX] Plugin "menu_donate_guns.amxx" failed to load: Plugin uses an unknown function (name "give_weapon_lordpist") - check your modules.ini.
L 09/01/2024 - 15:49:35: -------- Mapchange to zm_fdust2x2 --------
L 09/01/2024 - 15:49:35: [AMXX] Plugin "menu_donate_guns.amxx" failed to load: Plugin uses an unknown function (name "give_weapon_hank_eye") - check your modules.ini.
L 09/01/2024 - 15:49:43: -------- Mapchange to zm_fdust2x2 --------
L 09/01/2024 - 15:49:43: [AMXX] Plugin "menu_donate_guns.amxx" failed to load: Plugin uses an unknown function (name "give_weapon_hank_eye") - check your modules.ini.
L 09/01/2024 - 15:49:52: -------- Mapchange to zm_fdust2x2 --------
L 09/01/2024 - 15:50:03: [admin.amxx] Login: "test<28><STEAM_1:0:1404421313><>" became an admin (account "test") (access "abcdefghijklmnopqrstuv") (address "172.20.10.2")
