L 09/30/2024 - 11:52:32: -------- Mapchange to zm_fdust2x2 --------
L 09/30/2024 - 11:52:32: [CSX] Could not load csstats file: cstrike\
L 09/30/2024 - 11:52:32: [AMXX] Plugin "random_donate_gun.amxx" failed to load: Plugin uses an unknown function (name "zp_give_user_y22s3janus7") - check your modules.ini.
L 09/30/2024 - 11:52:32: [AMXX] Plugin "Krol_supadmin_menu.amxx" failed to load: Plugin uses an unknown function (name "native_spas") - check your modules.ini.
L 09/30/2024 - 11:52:32: [AMXX] Plugin "Krol_god_menu.amxx" failed to load: Plugin uses an unknown function (name "zp_give_user_y22s3janus7") - check your modules.ini.
L 09/30/2024 - 11:53:14: [admin.amxx] Login: "test<8><STEAM_1:0:1404421313><>" became an admin (account "test") (access "abcdefghijklmnopqrstuv") (address "172.20.10.2")
L 09/30/2024 - 11:53:43: [admin.amxx] Login: "test<9><STEAM_1:0:1404421313><>" became an admin (account "test") (access "abcdefghijklmnopqrstuv") (address "172.20.10.2")
L 09/30/2024 - 11:57:04: -------- Mapchange to zm_fdust2x2 --------
L 09/30/2024 - 11:57:04: [AMXX] Plugin "random_donate_gun.amxx" failed to load: Plugin uses an unknown function (name "zp_give_user_y22s3janus7") - check your modules.ini.
L 09/30/2024 - 11:57:04: [AMXX] Plugin "Krol_supadmin_menu.amxx" failed to load: Plugin uses an unknown function (name "native_spas") - check your modules.ini.
L 09/30/2024 - 11:57:04: [AMXX] Plugin "Krol_god_menu.amxx" failed to load: Plugin uses an unknown function (name "zp_give_user_y22s3janus7") - check your modules.ini.
L 09/30/2024 - 11:57:06: [admin.amxx] Login: "test<9><STEAM_1:0:1404421313><>" became an admin (account "test") (access "abcdefghijklmnopqrstuv") (address "172.20.10.2")
L 09/30/2024 - 12:10:12: -------- Mapchange to zm_202 --------
L 09/30/2024 - 12:10:12: [AMXX] Plugin "random_donate_gun.amxx" failed to load: Plugin uses an unknown function (name "zp_give_user_y22s3janus7") - check your modules.ini.
L 09/30/2024 - 12:10:12: [AMXX] Plugin "Krol_supadmin_menu.amxx" failed to load: Plugin uses an unknown function (name "native_spas") - check your modules.ini.
L 09/30/2024 - 12:10:12: [AMXX] Plugin "Krol_god_menu.amxx" failed to load: Plugin uses an unknown function (name "zp_give_user_y22s3janus7") - check your modules.ini.
L 09/30/2024 - 12:10:14: [admin.amxx] Login: "test<9><STEAM_1:0:1404421313><>" became an admin (account "test") (access "abcdefghijklmnopqrstuv") (address "172.20.10.2")
L 09/30/2024 - 12:11:33: -------- Mapchange to zm_202 --------
L 09/30/2024 - 12:11:33: [AMXX] Plugin "random_donate_gun.amxx" failed to load: Plugin uses an unknown function (name "zp_give_user_y22s3janus7") - check your modules.ini.
L 09/30/2024 - 12:11:33: [AMXX] Plugin "Krol_supadmin_menu.amxx" failed to load: Plugin uses an unknown function (name "native_spas") - check your modules.ini.
L 09/30/2024 - 12:11:33: [AMXX] Plugin "Krol_god_menu.amxx" failed to load: Plugin uses an unknown function (name "zp_give_user_y22s3janus7") - check your modules.ini.
L 09/30/2024 - 12:11:35: [admin.amxx] Login: "test<9><STEAM_1:0:1404421313><>" became an admin (account "test") (access "abcdefghijklmnopqrstuv") (address "172.20.10.2")
L 09/30/2024 - 12:11:50: -------- Mapchange to zm_202 --------
L 09/30/2024 - 12:11:50: [AMXX] Plugin "random_donate_gun.amxx" failed to load: Plugin uses an unknown function (name "zp_give_user_y22s3janus7") - check your modules.ini.
L 09/30/2024 - 12:11:50: [AMXX] Plugin "Krol_supadmin_menu.amxx" failed to load: Plugin uses an unknown function (name "native_spas") - check your modules.ini.
L 09/30/2024 - 12:11:50: [AMXX] Plugin "Krol_god_menu.amxx" failed to load: Plugin uses an unknown function (name "zp_give_user_y22s3janus7") - check your modules.ini.
L 09/30/2024 - 12:11:51: [admin.amxx] Login: "test<9><STEAM_1:0:1404421313><>" became an admin (account "test") (access "abcdefghijklmnopqrstuv") (address "172.20.10.2")
L 09/30/2024 - 12:13:22: -------- Mapchange to zm_202 --------
L 09/30/2024 - 12:13:23: [AMXX] Plugin "random_donate_gun.amxx" failed to load: Plugin uses an unknown function (name "zp_give_user_y22s3janus7") - check your modules.ini.
L 09/30/2024 - 12:13:23: [AMXX] Plugin "Krol_supadmin_menu.amxx" failed to load: Plugin uses an unknown function (name "native_spas") - check your modules.ini.
L 09/30/2024 - 12:13:23: [AMXX] Plugin "Krol_god_menu.amxx" failed to load: Plugin uses an unknown function (name "zp_give_user_y22s3janus7") - check your modules.ini.
L 09/30/2024 - 12:13:24: [admin.amxx] Login: "test<9><STEAM_1:0:1404421313><>" became an admin (account "test") (access "abcdefghijklmnopqrstuv") (address "172.20.10.2")
L 09/30/2024 - 12:13:53: -------- Mapchange to zm_202 --------
L 09/30/2024 - 12:13:53: [AMXX] Plugin "random_donate_gun.amxx" failed to load: Plugin uses an unknown function (name "zp_give_user_y22s3janus7") - check your modules.ini.
L 09/30/2024 - 12:13:53: [AMXX] Plugin "Krol_supadmin_menu.amxx" failed to load: Plugin uses an unknown function (name "native_spas") - check your modules.ini.
L 09/30/2024 - 12:13:53: [AMXX] Plugin "Krol_god_menu.amxx" failed to load: Plugin uses an unknown function (name "zp_give_user_y22s3janus7") - check your modules.ini.
L 09/30/2024 - 12:13:55: [admin.amxx] Login: "test<9><STEAM_1:0:1404421313><>" became an admin (account "test") (access "abcdefghijklmnopqrstuv") (address "172.20.10.2")
L 09/30/2024 - 12:16:09: -------- Mapchange to zm_202 --------
L 09/30/2024 - 12:16:09: [AMXX] Plugin "random_donate_gun.amxx" failed to load: Plugin uses an unknown function (name "zp_give_user_y22s3janus7") - check your modules.ini.
L 09/30/2024 - 12:16:09: [AMXX] Plugin "Krol_supadmin_menu.amxx" failed to load: Plugin uses an unknown function (name "native_spas") - check your modules.ini.
L 09/30/2024 - 12:16:09: [AMXX] Plugin "Krol_god_menu.amxx" failed to load: Plugin uses an unknown function (name "zp_give_user_y22s3janus7") - check your modules.ini.
L 09/30/2024 - 12:16:10: [admin.amxx] Login: "test<9><STEAM_1:0:1404421313><>" became an admin (account "test") (access "abcdefghijklmnopqrstuv") (address "172.20.10.2")
L 09/30/2024 - 12:16:30: -------- Mapchange to zm_202 --------
L 09/30/2024 - 12:16:30: [AMXX] Plugin "random_donate_gun.amxx" failed to load: Plugin uses an unknown function (name "zp_give_user_y22s3janus7") - check your modules.ini.
L 09/30/2024 - 12:16:30: [AMXX] Plugin "Krol_supadmin_menu.amxx" failed to load: Plugin uses an unknown function (name "native_spas") - check your modules.ini.
L 09/30/2024 - 12:16:30: [AMXX] Plugin "Krol_god_menu.amxx" failed to load: Plugin uses an unknown function (name "zp_give_user_y22s3janus7") - check your modules.ini.
L 09/30/2024 - 12:16:32: [admin.amxx] Login: "test<9><STEAM_1:0:1404421313><>" became an admin (account "test") (access "abcdefghijklmnopqrstuv") (address "172.20.10.2")
L 09/30/2024 - 12:21:13: -------- Mapchange to zm_202 --------
L 09/30/2024 - 12:21:13: [AMXX] Plugin "random_donate_gun.amxx" failed to load: Plugin uses an unknown function (name "zp_give_user_y22s3janus7") - check your modules.ini.
L 09/30/2024 - 12:21:13: [AMXX] Plugin "Krol_supadmin_menu.amxx" failed to load: Plugin uses an unknown function (name "native_spas") - check your modules.ini.
L 09/30/2024 - 12:21:13: [AMXX] Plugin "Krol_god_menu.amxx" failed to load: Plugin uses an unknown function (name "zp_give_user_y22s3janus7") - check your modules.ini.
L 09/30/2024 - 12:21:15: [admin.amxx] Login: "test<9><STEAM_1:0:1404421313><>" became an admin (account "test") (access "abcdefghijklmnopqrstuv") (address "172.20.10.2")
L 09/30/2024 - 12:21:43: -------- Mapchange to zm_202 --------
L 09/30/2024 - 12:21:43: [AMXX] Plugin "random_donate_gun.amxx" failed to load: Plugin uses an unknown function (name "zp_give_user_y22s3janus7") - check your modules.ini.
L 09/30/2024 - 12:21:43: [AMXX] Plugin "Krol_supadmin_menu.amxx" failed to load: Plugin uses an unknown function (name "native_spas") - check your modules.ini.
L 09/30/2024 - 12:21:43: [AMXX] Plugin "Krol_god_menu.amxx" failed to load: Plugin uses an unknown function (name "zp_give_user_y22s3janus7") - check your modules.ini.
L 09/30/2024 - 12:21:44: [admin.amxx] Login: "test<9><STEAM_1:0:1404421313><>" became an admin (account "test") (access "abcdefghijklmnopqrstuv") (address "172.20.10.2")
L 09/30/2024 - 12:32:31: -------- Mapchange to zm_202 --------
L 09/30/2024 - 12:32:31: [AMXX] Plugin "random_donate_gun.amxx" failed to load: Plugin uses an unknown function (name "zp_give_user_y22s3janus7") - check your modules.ini.
L 09/30/2024 - 12:32:31: [AMXX] Plugin "Krol_supadmin_menu.amxx" failed to load: Plugin uses an unknown function (name "native_spas") - check your modules.ini.
L 09/30/2024 - 12:32:31: [AMXX] Plugin "Krol_god_menu.amxx" failed to load: Plugin uses an unknown function (name "zp_give_user_y22s3janus7") - check your modules.ini.
L 09/30/2024 - 12:32:32: [admin.amxx] Login: "test<9><STEAM_1:0:1404421313><>" became an admin (account "test") (access "abcdefghijklmnopqrstuv") (address "172.20.10.2")
L 09/30/2024 - 12:33:04: -------- Mapchange to zm_202 --------
L 09/30/2024 - 12:33:05: [AMXX] Plugin "random_donate_gun.amxx" failed to load: Plugin uses an unknown function (name "zp_give_user_y22s3janus7") - check your modules.ini.
L 09/30/2024 - 12:33:05: [AMXX] Plugin "Krol_supadmin_menu.amxx" failed to load: Plugin uses an unknown function (name "native_spas") - check your modules.ini.
L 09/30/2024 - 12:33:05: [AMXX] Plugin "Krol_god_menu.amxx" failed to load: Plugin uses an unknown function (name "zp_give_user_y22s3janus7") - check your modules.ini.
L 09/30/2024 - 12:33:06: [admin.amxx] Login: "test<9><STEAM_1:0:1404421313><>" became an admin (account "test") (access "abcdefghijklmnopqrstuv") (address "172.20.10.2")
L 09/30/2024 - 12:33:54: -------- Mapchange to zm_202 --------
L 09/30/2024 - 12:33:54: [AMXX] Plugin "random_donate_gun.amxx" failed to load: Plugin uses an unknown function (name "zp_give_user_y22s3janus7") - check your modules.ini.
L 09/30/2024 - 12:33:54: [AMXX] Plugin "Krol_supadmin_menu.amxx" failed to load: Plugin uses an unknown function (name "native_spas") - check your modules.ini.
L 09/30/2024 - 12:33:54: [AMXX] Plugin "Krol_god_menu.amxx" failed to load: Plugin uses an unknown function (name "zp_give_user_y22s3janus7") - check your modules.ini.
L 09/30/2024 - 12:33:55: [admin.amxx] Login: "test<9><STEAM_1:0:1404421313><>" became an admin (account "test") (access "abcdefghijklmnopqrstuv") (address "172.20.10.2")
L 09/30/2024 - 12:35:50: -------- Mapchange to zm_202 --------
L 09/30/2024 - 12:35:50: [AMXX] Plugin "random_donate_gun.amxx" failed to load: Plugin uses an unknown function (name "zp_give_user_y22s3janus7") - check your modules.ini.
L 09/30/2024 - 12:35:50: [AMXX] Plugin "Krol_supadmin_menu.amxx" failed to load: Plugin uses an unknown function (name "native_spas") - check your modules.ini.
L 09/30/2024 - 12:35:50: [AMXX] Plugin "Krol_god_menu.amxx" failed to load: Plugin uses an unknown function (name "zp_give_user_y22s3janus7") - check your modules.ini.
L 09/30/2024 - 12:35:51: [admin.amxx] Login: "test<9><STEAM_1:0:1404421313><>" became an admin (account "test") (access "abcdefghijklmnopqrstuv") (address "172.20.10.2")
L 09/30/2024 - 12:36:31: -------- Mapchange to zm_202 --------
L 09/30/2024 - 12:36:31: [AMXX] Plugin "random_donate_gun.amxx" failed to load: Plugin uses an unknown function (name "zp_give_user_y22s3janus7") - check your modules.ini.
L 09/30/2024 - 12:36:31: [AMXX] Plugin "Krol_supadmin_menu.amxx" failed to load: Plugin uses an unknown function (name "native_spas") - check your modules.ini.
L 09/30/2024 - 12:36:31: [AMXX] Plugin "Krol_god_menu.amxx" failed to load: Plugin uses an unknown function (name "zp_give_user_y22s3janus7") - check your modules.ini.
L 09/30/2024 - 12:36:33: [admin.amxx] Login: "test<9><STEAM_1:0:1404421313><>" became an admin (account "test") (access "abcdefghijklmnopqrstuv") (address "172.20.10.2")
L 09/30/2024 - 12:37:41: -------- Mapchange to zm_202 --------
L 09/30/2024 - 12:37:41: [AMXX] Plugin "random_donate_gun.amxx" failed to load: Plugin uses an unknown function (name "zp_give_user_y22s3janus7") - check your modules.ini.
L 09/30/2024 - 12:37:41: [AMXX] Plugin "Krol_supadmin_menu.amxx" failed to load: Plugin uses an unknown function (name "native_spas") - check your modules.ini.
L 09/30/2024 - 12:37:41: [AMXX] Plugin "Krol_god_menu.amxx" failed to load: Plugin uses an unknown function (name "zp_give_user_y22s3janus7") - check your modules.ini.
L 09/30/2024 - 12:37:42: [admin.amxx] Login: "test<9><STEAM_1:0:1404421313><>" became an admin (account "test") (access "abcdefghijklmnopqrstuv") (address "172.20.10.2")
L 09/30/2024 - 12:38:25: -------- Mapchange to zm_202 --------
L 09/30/2024 - 12:38:25: [AMXX] Plugin "random_donate_gun.amxx" failed to load: Plugin uses an unknown function (name "zp_give_user_y22s3janus7") - check your modules.ini.
L 09/30/2024 - 12:38:25: [AMXX] Plugin "Krol_supadmin_menu.amxx" failed to load: Plugin uses an unknown function (name "native_spas") - check your modules.ini.
L 09/30/2024 - 12:38:25: [AMXX] Plugin "Krol_god_menu.amxx" failed to load: Plugin uses an unknown function (name "zp_give_user_y22s3janus7") - check your modules.ini.
L 09/30/2024 - 12:38:26: [admin.amxx] Login: "test<9><STEAM_1:0:1404421313><>" became an admin (account "test") (access "abcdefghijklmnopqrstuv") (address "172.20.10.2")
L 09/30/2024 - 12:39:21: -------- Mapchange to zm_202 --------
L 09/30/2024 - 12:39:21: [AMXX] Plugin "random_donate_gun.amxx" failed to load: Plugin uses an unknown function (name "zp_give_user_y22s3janus7") - check your modules.ini.
L 09/30/2024 - 12:39:21: [AMXX] Plugin "Krol_supadmin_menu.amxx" failed to load: Plugin uses an unknown function (name "native_spas") - check your modules.ini.
L 09/30/2024 - 12:39:21: [AMXX] Plugin "Krol_god_menu.amxx" failed to load: Plugin uses an unknown function (name "zp_give_user_y22s3janus7") - check your modules.ini.
L 09/30/2024 - 12:39:22: [admin.amxx] Login: "test<9><STEAM_1:0:1404421313><>" became an admin (account "test") (access "abcdefghijklmnopqrstuv") (address "172.20.10.2")
L 09/30/2024 - 12:40:17: -------- Mapchange to zm_202 --------
L 09/30/2024 - 12:40:17: [AMXX] Plugin "random_donate_gun.amxx" failed to load: Plugin uses an unknown function (name "zp_give_user_y22s3janus7") - check your modules.ini.
L 09/30/2024 - 12:40:17: [AMXX] Plugin "Krol_supadmin_menu.amxx" failed to load: Plugin uses an unknown function (name "native_spas") - check your modules.ini.
L 09/30/2024 - 12:40:17: [AMXX] Plugin "Krol_god_menu.amxx" failed to load: Plugin uses an unknown function (name "zp_give_user_y22s3janus7") - check your modules.ini.
L 09/30/2024 - 12:40:19: [admin.amxx] Login: "test<9><STEAM_1:0:1404421313><>" became an admin (account "test") (access "abcdefghijklmnopqrstuv") (address "172.20.10.2")
L 09/30/2024 - 12:42:32: -------- Mapchange to zm_202 --------
L 09/30/2024 - 12:42:32: [AMXX] Plugin "random_donate_gun.amxx" failed to load: Plugin uses an unknown function (name "zp_give_user_y22s3janus7") - check your modules.ini.
L 09/30/2024 - 12:42:32: [AMXX] Plugin "Krol_supadmin_menu.amxx" failed to load: Plugin uses an unknown function (name "native_spas") - check your modules.ini.
L 09/30/2024 - 12:42:32: [AMXX] Plugin "Krol_god_menu.amxx" failed to load: Plugin uses an unknown function (name "zp_give_user_y22s3janus7") - check your modules.ini.
L 09/30/2024 - 12:42:34: [admin.amxx] Login: "test<9><STEAM_1:0:1404421313><>" became an admin (account "test") (access "abcdefghijklmnopqrstuv") (address "172.20.10.2")
L 09/30/2024 - 12:43:27: -------- Mapchange to zm_202 --------
L 09/30/2024 - 12:43:27: [AMXX] Plugin "random_donate_gun.amxx" failed to load: Plugin uses an unknown function (name "zp_give_user_y22s3janus7") - check your modules.ini.
L 09/30/2024 - 12:43:27: [AMXX] Plugin "Krol_supadmin_menu.amxx" failed to load: Plugin uses an unknown function (name "native_spas") - check your modules.ini.
L 09/30/2024 - 12:43:27: [AMXX] Plugin "Krol_god_menu.amxx" failed to load: Plugin uses an unknown function (name "zp_give_user_y22s3janus7") - check your modules.ini.
L 09/30/2024 - 12:43:28: [admin.amxx] Login: "test<9><STEAM_1:0:1404421313><>" became an admin (account "test") (access "abcdefghijklmnopqrstuv") (address "172.20.10.2")
L 09/30/2024 - 12:48:53: -------- Mapchange to zm_202 --------
L 09/30/2024 - 12:48:54: [AMXX] Plugin "random_donate_gun.amxx" failed to load: Plugin uses an unknown function (name "zp_give_user_y22s3janus7") - check your modules.ini.
L 09/30/2024 - 12:48:54: [AMXX] Plugin "Krol_supadmin_menu.amxx" failed to load: Plugin uses an unknown function (name "native_spas") - check your modules.ini.
L 09/30/2024 - 12:48:54: [AMXX] Plugin "Krol_god_menu.amxx" failed to load: Plugin uses an unknown function (name "zp_give_user_y22s3janus7") - check your modules.ini.
L 09/30/2024 - 12:48:55: [admin.amxx] Login: "test<9><STEAM_1:0:1404421313><>" became an admin (account "test") (access "abcdefghijklmnopqrstuv") (address "172.20.10.2")
L 09/30/2024 - 12:50:06: -------- Mapchange to zm_202 --------
L 09/30/2024 - 12:50:06: [AMXX] Plugin "random_donate_gun.amxx" failed to load: Plugin uses an unknown function (name "zp_give_user_y22s3janus7") - check your modules.ini.
L 09/30/2024 - 12:50:06: [AMXX] Plugin "Krol_supadmin_menu.amxx" failed to load: Plugin uses an unknown function (name "native_spas") - check your modules.ini.
L 09/30/2024 - 12:50:06: [AMXX] Plugin "Krol_god_menu.amxx" failed to load: Plugin uses an unknown function (name "zp_give_user_y22s3janus7") - check your modules.ini.
L 09/30/2024 - 12:50:08: [admin.amxx] Login: "test<9><STEAM_1:0:1404421313><>" became an admin (account "test") (access "abcdefghijklmnopqrstuv") (address "172.20.10.2")
L 09/30/2024 - 12:53:31: -------- Mapchange to zm_202 --------
L 09/30/2024 - 12:53:31: [AMXX] Plugin "random_donate_gun.amxx" failed to load: Plugin uses an unknown function (name "zp_give_user_y22s3janus7") - check your modules.ini.
L 09/30/2024 - 12:53:31: [AMXX] Plugin "Krol_supadmin_menu.amxx" failed to load: Plugin uses an unknown function (name "native_spas") - check your modules.ini.
L 09/30/2024 - 12:53:31: [AMXX] Plugin "Krol_god_menu.amxx" failed to load: Plugin uses an unknown function (name "zp_give_user_y22s3janus7") - check your modules.ini.
L 09/30/2024 - 12:53:32: [admin.amxx] Login: "test<9><STEAM_1:0:1404421313><>" became an admin (account "test") (access "abcdefghijklmnopqrstuv") (address "172.20.10.2")
L 09/30/2024 - 13:06:23: -------- Mapchange to zm_202 --------
L 09/30/2024 - 13:06:23: [AMXX] Plugin "random_donate_gun.amxx" failed to load: Plugin uses an unknown function (name "zp_give_user_y22s3janus7") - check your modules.ini.
L 09/30/2024 - 13:06:23: [AMXX] Plugin "Krol_supadmin_menu.amxx" failed to load: Plugin uses an unknown function (name "native_spas") - check your modules.ini.
L 09/30/2024 - 13:06:23: [AMXX] Plugin "Krol_god_menu.amxx" failed to load: Plugin uses an unknown function (name "zp_give_user_y22s3janus7") - check your modules.ini.
L 09/30/2024 - 13:06:25: [admin.amxx] Login: "test<9><STEAM_1:0:1404421313><>" became an admin (account "test") (access "abcdefghijklmnopqrstuv") (address "172.20.10.2")
L 09/30/2024 - 13:07:24: -------- Mapchange to zm_202 --------
L 09/30/2024 - 13:07:24: [AMXX] Plugin "random_donate_gun.amxx" failed to load: Plugin uses an unknown function (name "zp_give_user_y22s3janus7") - check your modules.ini.
L 09/30/2024 - 13:07:24: [AMXX] Plugin "Krol_supadmin_menu.amxx" failed to load: Plugin uses an unknown function (name "native_spas") - check your modules.ini.
L 09/30/2024 - 13:07:24: [AMXX] Plugin "Krol_god_menu.amxx" failed to load: Plugin uses an unknown function (name "zp_give_user_y22s3janus7") - check your modules.ini.
L 09/30/2024 - 13:07:25: [admin.amxx] Login: "test<9><STEAM_1:0:1404421313><>" became an admin (account "test") (access "abcdefghijklmnopqrstuv") (address "172.20.10.2")
L 09/30/2024 - 20:53:08: -------- Mapchange to zm_fdust2x2 --------
L 09/30/2024 - 20:53:08: [CSX] Could not load csstats file: cstrike\
L 09/30/2024 - 20:53:08: [AMXX] Plugin "random_donate_gun.amxx" failed to load: Plugin uses an unknown function (name "zp_give_user_y22s3janus7") - check your modules.ini.
L 09/30/2024 - 20:53:08: [AMXX] Plugin "Krol_supadmin_menu.amxx" failed to load: Plugin uses an unknown function (name "native_spas") - check your modules.ini.
L 09/30/2024 - 20:53:08: [AMXX] Plugin "Krol_god_menu.amxx" failed to load: Plugin uses an unknown function (name "zp_give_user_y22s3janus7") - check your modules.ini.
L 09/30/2024 - 20:53:32: [admin.amxx] Login: "test<8><STEAM_1:0:1404421313><>" became an admin (account "test") (access "abcdefghijklmnopqrstuv") (address "172.20.10.2")
L 09/30/2024 - 20:54:04: -------- Mapchange to zm_bounty --------
L 09/30/2024 - 20:54:04: [CSX] Could not load csstats file: cstrike\
L 09/30/2024 - 20:54:04: [AMXX] Plugin "random_donate_gun.amxx" failed to load: Plugin uses an unknown function (name "zp_give_user_y22s3janus7") - check your modules.ini.
L 09/30/2024 - 20:54:04: [AMXX] Plugin "Krol_supadmin_menu.amxx" failed to load: Plugin uses an unknown function (name "native_spas") - check your modules.ini.
L 09/30/2024 - 20:54:04: [AMXX] Plugin "Krol_god_menu.amxx" failed to load: Plugin uses an unknown function (name "zp_give_user_y22s3janus7") - check your modules.ini.
L 09/30/2024 - 20:54:43: -------- Mapchange to zm_bounty --------
L 09/30/2024 - 20:54:43: [AMXX] Plugin "random_donate_gun.amxx" failed to load: Plugin uses an unknown function (name "zp_give_user_y22s3janus7") - check your modules.ini.
L 09/30/2024 - 20:54:43: [AMXX] Plugin "Krol_supadmin_menu.amxx" failed to load: Plugin uses an unknown function (name "native_spas") - check your modules.ini.
L 09/30/2024 - 20:54:43: [AMXX] Plugin "Krol_god_menu.amxx" failed to load: Plugin uses an unknown function (name "zp_give_user_y22s3janus7") - check your modules.ini.
L 09/30/2024 - 20:54:56: [admin.amxx] Login: "test<1><STEAM_1:0:1404421313><>" became an admin (account "test") (access "abcdefghijklmnopqrstuv") (address "172.20.10.2")
L 09/30/2024 - 20:56:04: -------- Mapchange to zm_bounty --------
L 09/30/2024 - 20:56:04: [AMXX] Plugin "random_donate_gun.amxx" failed to load: Plugin uses an unknown function (name "zp_give_user_y22s3janus7") - check your modules.ini.
L 09/30/2024 - 20:56:04: [AMXX] Plugin "Krol_supadmin_menu.amxx" failed to load: Plugin uses an unknown function (name "native_spas") - check your modules.ini.
L 09/30/2024 - 20:56:04: [AMXX] Plugin "Krol_god_menu.amxx" failed to load: Plugin uses an unknown function (name "zp_give_user_y22s3janus7") - check your modules.ini.
L 09/30/2024 - 20:56:06: [admin.amxx] Login: "test<1><STEAM_1:0:1404421313><>" became an admin (account "test") (access "abcdefghijklmnopqrstuv") (address "172.20.10.2")
L 09/30/2024 - 20:56:34: -------- Mapchange to zm_bounty --------
L 09/30/2024 - 20:56:34: [AMXX] Plugin "random_donate_gun.amxx" failed to load: Plugin uses an unknown function (name "zp_give_user_y22s3janus7") - check your modules.ini.
L 09/30/2024 - 20:56:34: [AMXX] Plugin "Krol_supadmin_menu.amxx" failed to load: Plugin uses an unknown function (name "native_spas") - check your modules.ini.
L 09/30/2024 - 20:56:34: [AMXX] Plugin "Krol_god_menu.amxx" failed to load: Plugin uses an unknown function (name "zp_give_user_y22s3janus7") - check your modules.ini.
L 09/30/2024 - 20:56:36: [admin.amxx] Login: "test<1><STEAM_1:0:1404421313><>" became an admin (account "test") (access "abcdefghijklmnopqrstuv") (address "172.20.10.2")
L 09/30/2024 - 20:57:35: -------- Mapchange to zm_bounty --------
L 09/30/2024 - 20:57:35: [AMXX] Plugin "random_donate_gun.amxx" failed to load: Plugin uses an unknown function (name "zp_give_user_y22s3janus7") - check your modules.ini.
L 09/30/2024 - 20:57:35: [AMXX] Plugin "Krol_supadmin_menu.amxx" failed to load: Plugin uses an unknown function (name "native_spas") - check your modules.ini.
L 09/30/2024 - 20:57:35: [AMXX] Plugin "Krol_god_menu.amxx" failed to load: Plugin uses an unknown function (name "zp_give_user_y22s3janus7") - check your modules.ini.
L 09/30/2024 - 20:57:36: [admin.amxx] Login: "test<1><STEAM_1:0:1404421313><>" became an admin (account "test") (access "abcdefghijklmnopqrstuv") (address "172.20.10.2")
L 09/30/2024 - 21:02:16: -------- Mapchange to zm_bounty --------
L 09/30/2024 - 21:02:16: [AMXX] Plugin "random_donate_gun.amxx" failed to load: Plugin uses an unknown function (name "zp_give_user_y22s3janus7") - check your modules.ini.
L 09/30/2024 - 21:02:16: [AMXX] Plugin "Krol_supadmin_menu.amxx" failed to load: Plugin uses an unknown function (name "native_spas") - check your modules.ini.
L 09/30/2024 - 21:02:16: [AMXX] Plugin "Krol_god_menu.amxx" failed to load: Plugin uses an unknown function (name "zp_give_user_y22s3janus7") - check your modules.ini.
L 09/30/2024 - 21:02:17: [admin.amxx] Login: "test<1><STEAM_1:0:1404421313><>" became an admin (account "test") (access "abcdefghijklmnopqrstuv") (address "172.20.10.2")
L 09/30/2024 - 21:03:01: -------- Mapchange to zm_bounty --------
L 09/30/2024 - 21:03:01: [AMXX] Plugin "random_donate_gun.amxx" failed to load: Plugin uses an unknown function (name "zp_give_user_y22s3janus7") - check your modules.ini.
L 09/30/2024 - 21:03:01: [AMXX] Plugin "Krol_supadmin_menu.amxx" failed to load: Plugin uses an unknown function (name "native_spas") - check your modules.ini.
L 09/30/2024 - 21:03:01: [AMXX] Plugin "Krol_god_menu.amxx" failed to load: Plugin uses an unknown function (name "zp_give_user_y22s3janus7") - check your modules.ini.
L 09/30/2024 - 21:03:03: [admin.amxx] Login: "test<1><STEAM_1:0:1404421313><>" became an admin (account "test") (access "abcdefghijklmnopqrstuv") (address "172.20.10.2")
L 09/30/2024 - 21:03:34: -------- Mapchange to zm_bounty --------
L 09/30/2024 - 21:03:34: [CSX] Could not load csstats file: cstrike\
L 09/30/2024 - 21:03:34: [AMXX] Plugin "random_donate_gun.amxx" failed to load: Plugin uses an unknown function (name "zp_give_user_y22s3janus7") - check your modules.ini.
L 09/30/2024 - 21:03:34: [AMXX] Plugin "Krol_supadmin_menu.amxx" failed to load: Plugin uses an unknown function (name "native_spas") - check your modules.ini.
L 09/30/2024 - 21:03:34: [AMXX] Plugin "Krol_god_menu.amxx" failed to load: Plugin uses an unknown function (name "zp_give_user_y22s3janus7") - check your modules.ini.
L 09/30/2024 - 21:03:37: [admin.amxx] Login: "test<1><STEAM_1:0:1404421313><>" became an admin (account "test") (access "abcdefghijklmnopqrstuv") (address "172.20.10.2")
L 09/30/2024 - 21:05:05: -------- Mapchange to zm_bounty --------
L 09/30/2024 - 21:05:05: [AMXX] Plugin "random_donate_gun.amxx" failed to load: Plugin uses an unknown function (name "zp_give_user_y22s3janus7") - check your modules.ini.
L 09/30/2024 - 21:05:05: [AMXX] Plugin "Krol_supadmin_menu.amxx" failed to load: Plugin uses an unknown function (name "native_spas") - check your modules.ini.
L 09/30/2024 - 21:05:05: [AMXX] Plugin "Krol_god_menu.amxx" failed to load: Plugin uses an unknown function (name "zp_give_user_y22s3janus7") - check your modules.ini.
L 09/30/2024 - 21:05:07: [admin.amxx] Login: "test<1><STEAM_1:0:1404421313><>" became an admin (account "test") (access "abcdefghijklmnopqrstuv") (address "172.20.10.2")
L 09/30/2024 - 21:05:39: -------- Mapchange to zm_bounty --------
L 09/30/2024 - 21:05:39: [AMXX] Plugin "random_donate_gun.amxx" failed to load: Plugin uses an unknown function (name "zp_give_user_y22s3janus7") - check your modules.ini.
L 09/30/2024 - 21:05:39: [AMXX] Plugin "Krol_supadmin_menu.amxx" failed to load: Plugin uses an unknown function (name "native_spas") - check your modules.ini.
L 09/30/2024 - 21:05:39: [AMXX] Plugin "Krol_god_menu.amxx" failed to load: Plugin uses an unknown function (name "zp_give_user_y22s3janus7") - check your modules.ini.
L 09/30/2024 - 21:05:41: [admin.amxx] Login: "test<1><STEAM_1:0:1404421313><>" became an admin (account "test") (access "abcdefghijklmnopqrstuv") (address "172.20.10.2")
L 09/30/2024 - 21:06:07: -------- Mapchange to zm_bounty --------
L 09/30/2024 - 21:06:07: [AMXX] Plugin "random_donate_gun.amxx" failed to load: Plugin uses an unknown function (name "zp_give_user_y22s3janus7") - check your modules.ini.
L 09/30/2024 - 21:06:07: [AMXX] Plugin "Krol_supadmin_menu.amxx" failed to load: Plugin uses an unknown function (name "native_spas") - check your modules.ini.
L 09/30/2024 - 21:06:07: [AMXX] Plugin "Krol_god_menu.amxx" failed to load: Plugin uses an unknown function (name "zp_give_user_y22s3janus7") - check your modules.ini.
L 09/30/2024 - 21:06:08: [admin.amxx] Login: "test<1><STEAM_1:0:1404421313><>" became an admin (account "test") (access "abcdefghijklmnopqrstuv") (address "172.20.10.2")
L 09/30/2024 - 21:08:09: -------- Mapchange to zm_bounty --------
L 09/30/2024 - 21:08:09: [AMXX] Plugin "random_donate_gun.amxx" failed to load: Plugin uses an unknown function (name "zp_give_user_y22s3janus7") - check your modules.ini.
L 09/30/2024 - 21:08:09: [AMXX] Plugin "Krol_supadmin_menu.amxx" failed to load: Plugin uses an unknown function (name "native_spas") - check your modules.ini.
L 09/30/2024 - 21:08:09: [AMXX] Plugin "Krol_god_menu.amxx" failed to load: Plugin uses an unknown function (name "zp_give_user_y22s3janus7") - check your modules.ini.
L 09/30/2024 - 21:08:12: [admin.amxx] Login: "test<1><STEAM_1:0:1404421313><>" became an admin (account "test") (access "abcdefghijklmnopqrstuv") (address "172.20.10.2")
L 09/30/2024 - 21:09:13: -------- Mapchange to zm_bounty --------
L 09/30/2024 - 21:09:14: [AMXX] Plugin "random_donate_gun.amxx" failed to load: Plugin uses an unknown function (name "zp_give_user_y22s3janus7") - check your modules.ini.
L 09/30/2024 - 21:09:14: [AMXX] Plugin "Krol_supadmin_menu.amxx" failed to load: Plugin uses an unknown function (name "native_spas") - check your modules.ini.
L 09/30/2024 - 21:09:14: [AMXX] Plugin "Krol_god_menu.amxx" failed to load: Plugin uses an unknown function (name "zp_give_user_y22s3janus7") - check your modules.ini.
L 09/30/2024 - 21:09:16: [admin.amxx] Login: "test<1><STEAM_1:0:1404421313><>" became an admin (account "test") (access "abcdefghijklmnopqrstuv") (address "172.20.10.2")
L 09/30/2024 - 21:11:30: -------- Mapchange to zm_bounty --------
L 09/30/2024 - 21:11:30: [AMXX] Plugin "random_donate_gun.amxx" failed to load: Plugin uses an unknown function (name "zp_give_user_y22s3janus7") - check your modules.ini.
L 09/30/2024 - 21:11:30: [AMXX] Plugin "Krol_supadmin_menu.amxx" failed to load: Plugin uses an unknown function (name "native_spas") - check your modules.ini.
L 09/30/2024 - 21:11:30: [AMXX] Plugin "Krol_god_menu.amxx" failed to load: Plugin uses an unknown function (name "zp_give_user_y22s3janus7") - check your modules.ini.
L 09/30/2024 - 21:11:33: [admin.amxx] Login: "test<1><STEAM_1:0:1404421313><>" became an admin (account "test") (access "abcdefghijklmnopqrstuv") (address "172.20.10.2")
L 09/30/2024 - 21:14:03: -------- Mapchange to zm_bounty --------
L 09/30/2024 - 21:14:03: [AMXX] Plugin "random_donate_gun.amxx" failed to load: Plugin uses an unknown function (name "zp_give_user_y22s3janus7") - check your modules.ini.
L 09/30/2024 - 21:14:03: [AMXX] Plugin "Krol_supadmin_menu.amxx" failed to load: Plugin uses an unknown function (name "native_spas") - check your modules.ini.
L 09/30/2024 - 21:14:03: [AMXX] Plugin "Krol_god_menu.amxx" failed to load: Plugin uses an unknown function (name "zp_give_user_y22s3janus7") - check your modules.ini.
L 09/30/2024 - 21:14:05: [admin.amxx] Login: "test<1><STEAM_1:0:1404421313><>" became an admin (account "test") (access "abcdefghijklmnopqrstuv") (address "172.20.10.2")
L 09/30/2024 - 21:18:39: -------- Mapchange to zm_bounty --------
L 09/30/2024 - 21:18:39: [AMXX] Plugin "random_donate_gun.amxx" failed to load: Plugin uses an unknown function (name "zp_give_user_y22s3janus7") - check your modules.ini.
L 09/30/2024 - 21:18:39: [AMXX] Plugin "Krol_supadmin_menu.amxx" failed to load: Plugin uses an unknown function (name "native_spas") - check your modules.ini.
L 09/30/2024 - 21:18:39: [AMXX] Plugin "Krol_god_menu.amxx" failed to load: Plugin uses an unknown function (name "zp_give_user_y22s3janus7") - check your modules.ini.
L 09/30/2024 - 21:18:42: [admin.amxx] Login: "test<1><STEAM_1:0:1404421313><>" became an admin (account "test") (access "abcdefghijklmnopqrstuv") (address "172.20.10.2")
L 09/30/2024 - 21:18:44: [admin.amxx] Login: "test<2><STEAM_1:0:1404421313><>" became an admin (account "test") (access "abcdefghijklmnopqrstuv") (address "172.20.10.2")
L 09/30/2024 - 21:32:14: -------- Mapchange to zm_bounty --------
L 09/30/2024 - 21:32:14: [AMXX] Plugin "random_donate_gun.amxx" failed to load: Plugin uses an unknown function (name "zp_give_user_y22s3janus7") - check your modules.ini.
L 09/30/2024 - 21:32:14: [AMXX] Plugin "Krol_supadmin_menu.amxx" failed to load: Plugin uses an unknown function (name "native_spas") - check your modules.ini.
L 09/30/2024 - 21:32:14: [AMXX] Plugin "Krol_god_menu.amxx" failed to load: Plugin uses an unknown function (name "zp_give_user_y22s3janus7") - check your modules.ini.
L 09/30/2024 - 21:32:16: [admin.amxx] Login: "test<2><STEAM_1:0:1404421313><>" became an admin (account "test") (access "abcdefghijklmnopqrstuv") (address "172.20.10.2")
L 09/30/2024 - 21:32:57: -------- Mapchange to zm_bounty --------
L 09/30/2024 - 21:32:57: [AMXX] Plugin "random_donate_gun.amxx" failed to load: Plugin uses an unknown function (name "zp_give_user_y22s3janus7") - check your modules.ini.
L 09/30/2024 - 21:32:57: [AMXX] Plugin "Krol_supadmin_menu.amxx" failed to load: Plugin uses an unknown function (name "native_spas") - check your modules.ini.
L 09/30/2024 - 21:32:57: [AMXX] Plugin "Krol_god_menu.amxx" failed to load: Plugin uses an unknown function (name "zp_give_user_y22s3janus7") - check your modules.ini.
L 09/30/2024 - 21:32:58: [admin.amxx] Login: "test<2><STEAM_1:0:1404421313><>" became an admin (account "test") (access "abcdefghijklmnopqrstuv") (address "172.20.10.2")
L 09/30/2024 - 21:33:43: -------- Mapchange to zm_bounty --------
L 09/30/2024 - 21:33:43: [AMXX] Plugin "random_donate_gun.amxx" failed to load: Plugin uses an unknown function (name "zp_give_user_y22s3janus7") - check your modules.ini.
L 09/30/2024 - 21:33:43: [AMXX] Plugin "Krol_supadmin_menu.amxx" failed to load: Plugin uses an unknown function (name "native_spas") - check your modules.ini.
L 09/30/2024 - 21:33:43: [AMXX] Plugin "Krol_god_menu.amxx" failed to load: Plugin uses an unknown function (name "zp_give_user_y22s3janus7") - check your modules.ini.
L 09/30/2024 - 21:33:44: [admin.amxx] Login: "test<2><STEAM_1:0:1404421313><>" became an admin (account "test") (access "abcdefghijklmnopqrstuv") (address "172.20.10.2")
L 09/30/2024 - 21:34:20: -------- Mapchange to zm_bounty --------
L 09/30/2024 - 21:34:21: [AMXX] Plugin "random_donate_gun.amxx" failed to load: Plugin uses an unknown function (name "zp_give_user_y22s3janus7") - check your modules.ini.
L 09/30/2024 - 21:34:21: [AMXX] Plugin "Krol_supadmin_menu.amxx" failed to load: Plugin uses an unknown function (name "native_spas") - check your modules.ini.
L 09/30/2024 - 21:34:21: [AMXX] Plugin "Krol_god_menu.amxx" failed to load: Plugin uses an unknown function (name "zp_give_user_y22s3janus7") - check your modules.ini.
L 09/30/2024 - 21:34:22: [admin.amxx] Login: "test<2><STEAM_1:0:1404421313><>" became an admin (account "test") (access "abcdefghijklmnopqrstuv") (address "172.20.10.2")
L 09/30/2024 - 21:34:39: -------- Mapchange to zm_bounty --------
L 09/30/2024 - 21:34:39: [AMXX] Plugin "random_donate_gun.amxx" failed to load: Plugin uses an unknown function (name "zp_give_user_y22s3janus7") - check your modules.ini.
L 09/30/2024 - 21:34:39: [AMXX] Plugin "Krol_supadmin_menu.amxx" failed to load: Plugin uses an unknown function (name "native_spas") - check your modules.ini.
L 09/30/2024 - 21:34:39: [AMXX] Plugin "Krol_god_menu.amxx" failed to load: Plugin uses an unknown function (name "zp_give_user_y22s3janus7") - check your modules.ini.
L 09/30/2024 - 21:34:41: [admin.amxx] Login: "test<2><STEAM_1:0:1404421313><>" became an admin (account "test") (access "abcdefghijklmnopqrstuv") (address "172.20.10.2")
L 09/30/2024 - 21:46:14: -------- Mapchange to zm_bounty --------
L 09/30/2024 - 21:46:14: [AMXX] Plugin "random_donate_gun.amxx" failed to load: Plugin uses an unknown function (name "zp_give_user_y22s3janus7") - check your modules.ini.
L 09/30/2024 - 21:46:14: [AMXX] Plugin "Krol_supadmin_menu.amxx" failed to load: Plugin uses an unknown function (name "native_spas") - check your modules.ini.
L 09/30/2024 - 21:46:14: [AMXX] Plugin "Krol_god_menu.amxx" failed to load: Plugin uses an unknown function (name "zp_give_user_y22s3janus7") - check your modules.ini.
L 09/30/2024 - 21:46:15: [admin.amxx] Login: "test<2><STEAM_1:0:1404421313><>" became an admin (account "test") (access "abcdefghijklmnopqrstuv") (address "172.20.10.2")
L 09/30/2024 - 21:47:06: -------- Mapchange to zm_fdust2x2 --------
L 09/30/2024 - 21:47:06: [CSX] Could not load csstats file: cstrike\
L 09/30/2024 - 21:47:06: [AMXX] Plugin "random_donate_gun.amxx" failed to load: Plugin uses an unknown function (name "zp_give_user_y22s3janus7") - check your modules.ini.
L 09/30/2024 - 21:47:06: [AMXX] Plugin "Krol_supadmin_menu.amxx" failed to load: Plugin uses an unknown function (name "native_spas") - check your modules.ini.
L 09/30/2024 - 21:47:06: [AMXX] Plugin "Krol_god_menu.amxx" failed to load: Plugin uses an unknown function (name "zp_give_user_y22s3janus7") - check your modules.ini.
L 09/30/2024 - 21:47:09: [admin.amxx] Login: "test<1><STEAM_1:0:1404421313><>" became an admin (account "test") (access "abcdefghijklmnopqrstuv") (address "172.20.10.2")
L 09/30/2024 - 21:49:50: -------- Mapchange to zm_fdust2x2 --------
L 09/30/2024 - 21:49:50: [AMXX] Plugin "random_donate_gun.amxx" failed to load: Plugin uses an unknown function (name "zp_give_user_y22s3janus7") - check your modules.ini.
L 09/30/2024 - 21:49:50: [AMXX] Plugin "Krol_supadmin_menu.amxx" failed to load: Plugin uses an unknown function (name "native_spas") - check your modules.ini.
L 09/30/2024 - 21:49:50: [AMXX] Plugin "Krol_god_menu.amxx" failed to load: Plugin uses an unknown function (name "zp_give_user_y22s3janus7") - check your modules.ini.
L 09/30/2024 - 21:49:51: [admin.amxx] Login: "test<1><STEAM_1:0:1404421313><>" became an admin (account "test") (access "abcdefghijklmnopqrstuv") (address "172.20.10.2")
L 09/30/2024 - 21:52:42: -------- Mapchange to zm_fdust2x2 --------
L 09/30/2024 - 21:52:42: [AMXX] Plugin "random_donate_gun.amxx" failed to load: Plugin uses an unknown function (name "zp_give_user_y22s3janus7") - check your modules.ini.
L 09/30/2024 - 21:52:42: [AMXX] Plugin "Krol_supadmin_menu.amxx" failed to load: Plugin uses an unknown function (name "native_spas") - check your modules.ini.
L 09/30/2024 - 21:52:42: [AMXX] Plugin "Krol_god_menu.amxx" failed to load: Plugin uses an unknown function (name "zp_give_user_y22s3janus7") - check your modules.ini.
L 09/30/2024 - 21:52:44: [admin.amxx] Login: "test<1><STEAM_1:0:1404421313><>" became an admin (account "test") (access "abcdefghijklmnopqrstuv") (address "172.20.10.2")
L 09/30/2024 - 21:55:34: -------- Mapchange to zm_fdust2x2 --------
L 09/30/2024 - 21:55:34: [AMXX] Plugin "random_donate_gun.amxx" failed to load: Plugin uses an unknown function (name "zp_give_user_y22s3janus7") - check your modules.ini.
L 09/30/2024 - 21:55:34: [AMXX] Plugin "Krol_supadmin_menu.amxx" failed to load: Plugin uses an unknown function (name "native_spas") - check your modules.ini.
L 09/30/2024 - 21:55:34: [AMXX] Plugin "Krol_god_menu.amxx" failed to load: Plugin uses an unknown function (name "zp_give_user_y22s3janus7") - check your modules.ini.
L 09/30/2024 - 21:55:36: [admin.amxx] Login: "test<1><STEAM_1:0:1404421313><>" became an admin (account "test") (access "abcdefghijklmnopqrstuv") (address "172.20.10.2")
