L 07/15/2024 - 13:03:10: [GEOIP] Database info: GEO-106FREE 20080801 Build 1 Copyright (c) 2007 MaxMind LLC All Rights Reserved
L 07/15/2024 - 13:03:10: -------- Mapchange to zm_deko2 --------
L 07/15/2024 - 13:03:10: An error occurred in plugin_natives. This is dangerous!
L 07/15/2024 - 13:03:11: [AMXX] Failed to open dictionary file: cstrike\addons\amxmodx\data\lang\zp_ammo_ex.txt
L 07/15/2024 - 13:03:11: [AMXX] Failed to open dictionary file: cstrike\addons\amxmodx\data\lang\grab_plus.txt
L 07/15/2024 - 13:03:11: [AMXX] Failed to open dictionary file: cstrike\addons\amxmodx\data\lang\LaserMines.txt
L 07/15/2024 - 13:11:55: [GEOIP] Database info: GEO-106FREE 20080801 Build 1 Copyright (c) 2007 MaxMind LLC All Rights Reserved
L 07/15/2024 - 13:11:55: -------- Mapchange to zm_deko2 --------
L 07/15/2024 - 13:11:55: An error occurred in plugin_natives. This is dangerous!
L 07/15/2024 - 13:13:03: [GEOIP] Database info: GEO-106FREE 20080801 Build 1 Copyright (c) 2007 MaxMind LLC All Rights Reserved
L 07/15/2024 - 13:13:03: -------- Mapchange to zm_deko2 --------
L 07/15/2024 - 13:13:03: An error occurred in plugin_natives. This is dangerous!
L 07/15/2024 - 13:13:03: [AMXX] Failed to open dictionary file: cstrike\addons\amxmodx\data\lang\zp_ammo_ex.txt
L 07/15/2024 - 13:13:03: [AMXX] Failed to open dictionary file: cstrike\addons\amxmodx\data\lang\grab_plus.txt
L 07/15/2024 - 13:13:03: [AMXX] Failed to open dictionary file: cstrike\addons\amxmodx\data\lang\LaserMines.txt
L 07/15/2024 - 13:18:39: -------- Mapchange to zm_deko2 --------
L 07/15/2024 - 13:18:39: An error occurred in plugin_natives. This is dangerous!
L 07/15/2024 - 13:18:39: [AMXX] Failed to open dictionary file: cstrike\addons\amxmodx\data\lang\zp_ammo_ex.txt
L 07/15/2024 - 13:18:39: [AMXX] Failed to open dictionary file: cstrike\addons\amxmodx\data\lang\grab_plus.txt
L 07/15/2024 - 13:18:39: [AMXX] Failed to open dictionary file: cstrike\addons\amxmodx\data\lang\LaserMines.txt
L 07/15/2024 - 13:25:08: -------- Mapchange to zm_deko2 --------
L 07/15/2024 - 13:25:08: An error occurred in plugin_natives. This is dangerous!
L 07/15/2024 - 13:25:09: [AMXX] Failed to open dictionary file: cstrike\addons\amxmodx\data\lang\zp_ammo_ex.txt
L 07/15/2024 - 13:25:09: [AMXX] Failed to open dictionary file: cstrike\addons\amxmodx\data\lang\grab_plus.txt
L 07/15/2024 - 13:25:09: [AMXX] Failed to open dictionary file: cstrike\addons\amxmodx\data\lang\LaserMines.txt
L 07/15/2024 - 13:26:10: -------- Mapchange to zm_deko2 --------
L 07/15/2024 - 13:26:10: An error occurred in plugin_natives. This is dangerous!
L 07/15/2024 - 13:26:10: [AMXX] Failed to open dictionary file: cstrike\addons\amxmodx\data\lang\zp_ammo_ex.txt
L 07/15/2024 - 13:26:10: [AMXX] Failed to open dictionary file: cstrike\addons\amxmodx\data\lang\grab_plus.txt
L 07/15/2024 - 13:26:10: [AMXX] Failed to open dictionary file: cstrike\addons\amxmodx\data\lang\LaserMines.txt
L 07/15/2024 - 13:26:35: [admin.amxx] Login: "unnamed<8><STEAM_1:0:1404421313><>" became an admin (account "unnamed") (access "abcdefghijklmnopqrstu") (address "172.20.10.2")
L 07/15/2024 - 13:27:46: -------- Mapchange to zm_deko2 --------
L 07/15/2024 - 13:27:46: An error occurred in plugin_natives. This is dangerous!
L 07/15/2024 - 13:27:47: [AMXX] Failed to open dictionary file: cstrike\addons\amxmodx\data\lang\zp_ammo_ex.txt
L 07/15/2024 - 13:27:47: [AMXX] Failed to open dictionary file: cstrike\addons\amxmodx\data\lang\grab_plus.txt
L 07/15/2024 - 13:27:47: [AMXX] Failed to open dictionary file: cstrike\addons\amxmodx\data\lang\LaserMines.txt
L 07/15/2024 - 13:27:47: [admin.amxx] Login: "unnamed<8><STEAM_1:0:1404421313><>" became an admin (account "unnamed") (access "abcdefghijklmnopqrstu") (address "172.20.10.2")
L 07/15/2024 - 13:54:02: -------- Mapchange to zm_deko2 --------
L 07/15/2024 - 13:54:02: An error occurred in plugin_natives. This is dangerous!
L 07/15/2024 - 13:57:04: [GEOIP] Database info: GEO-106FREE 20080801 Build 1 Copyright (c) 2007 MaxMind LLC All Rights Reserved
L 07/15/2024 - 13:57:04: -------- Mapchange to zm_deko2 --------
L 07/15/2024 - 13:57:04: An error occurred in plugin_natives. This is dangerous!
L 07/15/2024 - 13:57:04: [AMXX] Plugin "Krol_vip_menu.amxx" failed to load: Plugin uses an unknown function (name "brick_m14ebr") - check your modules.ini.
L 07/15/2024 - 13:57:05: [AMXX] Failed to open dictionary file: cstrike\addons\amxmodx\data\lang\zp_ammo_ex.txt
L 07/15/2024 - 13:57:05: [AMXX] Failed to open dictionary file: cstrike\addons\amxmodx\data\lang\grab_plus.txt
L 07/15/2024 - 13:57:05: [AMXX] Failed to open dictionary file: cstrike\addons\amxmodx\data\lang\LaserMines.txt
L 07/15/2024 - 13:57:30: -------- Mapchange to zm_deko2 --------
L 07/15/2024 - 13:57:30: An error occurred in plugin_natives. This is dangerous!
L 07/15/2024 - 13:58:29: [GEOIP] Database info: GEO-106FREE 20080801 Build 1 Copyright (c) 2007 MaxMind LLC All Rights Reserved
L 07/15/2024 - 13:58:30: -------- Mapchange to zm_deko2 --------
L 07/15/2024 - 13:58:30: An error occurred in plugin_natives. This is dangerous!
L 07/15/2024 - 13:58:30: [AMXX] Failed to open dictionary file: cstrike\addons\amxmodx\data\lang\zp_ammo_ex.txt
L 07/15/2024 - 13:58:30: [AMXX] Failed to open dictionary file: cstrike\addons\amxmodx\data\lang\grab_plus.txt
L 07/15/2024 - 13:58:30: [AMXX] Failed to open dictionary file: cstrike\addons\amxmodx\data\lang\LaserMines.txt
L 07/15/2024 - 13:58:37: [admin.amxx] Login: "unnamed<5><STEAM_1:0:1404421313><>" became an admin (account "unnamed") (access "abcdefghijklmnopqrstu") (address "172.20.10.2")
L 07/15/2024 - 13:59:50: -------- Mapchange to zm_deko2 --------
L 07/15/2024 - 13:59:51: An error occurred in plugin_natives. This is dangerous!
L 07/15/2024 - 13:59:51: [AMXX] Failed to open dictionary file: cstrike\addons\amxmodx\data\lang\zp_ammo_ex.txt
L 07/15/2024 - 13:59:51: [AMXX] Failed to open dictionary file: cstrike\addons\amxmodx\data\lang\grab_plus.txt
L 07/15/2024 - 13:59:51: [AMXX] Failed to open dictionary file: cstrike\addons\amxmodx\data\lang\LaserMines.txt
L 07/15/2024 - 13:59:51: [admin.amxx] Login: "unnamed<5><STEAM_1:0:1404421313><>" became an admin (account "unnamed") (access "abcdefghijklmnopqrstu") (address "172.20.10.2")
L 07/15/2024 - 14:03:41: -------- Mapchange to zm_deko2 --------
L 07/15/2024 - 14:03:42: An error occurred in plugin_natives. This is dangerous!
L 07/15/2024 - 14:03:42: [AMXX] Failed to open dictionary file: cstrike\addons\amxmodx\data\lang\zp_ammo_ex.txt
L 07/15/2024 - 14:03:42: [AMXX] Failed to open dictionary file: cstrike\addons\amxmodx\data\lang\grab_plus.txt
L 07/15/2024 - 14:03:42: [AMXX] Failed to open dictionary file: cstrike\addons\amxmodx\data\lang\LaserMines.txt
L 07/15/2024 - 14:03:42: [admin.amxx] Login: "unnamed<5><STEAM_1:0:1404421313><>" became an admin (account "unnamed") (access "abcdefghijklmnopqrstu") (address "172.20.10.2")
L 07/15/2024 - 14:26:55: [admin.amxx] Login: "unnamed<23><STEAM_1:0:1404421313><>" became an admin (account "unnamed") (access "abcdefghijklmnopqrstu") (address "172.20.10.2")
L 07/15/2024 - 14:26:58: -------- Mapchange to zm_deko2 --------
L 07/15/2024 - 14:26:58: An error occurred in plugin_natives. This is dangerous!
L 07/15/2024 - 14:26:59: [AMXX] Failed to open dictionary file: cstrike\addons\amxmodx\data\lang\zp_ammo_ex.txt
L 07/15/2024 - 14:26:59: [AMXX] Failed to open dictionary file: cstrike\addons\amxmodx\data\lang\grab_plus.txt
L 07/15/2024 - 14:26:59: [AMXX] Failed to open dictionary file: cstrike\addons\amxmodx\data\lang\LaserMines.txt
L 07/15/2024 - 14:26:59: [admin.amxx] Login: "unnamed<23><STEAM_1:0:1404421313><>" became an admin (account "unnamed") (access "abcdefghijklmnopqrstu") (address "172.20.10.2")
L 07/15/2024 - 14:26:59: [admin.amxx] Login: "unnamed<23><STEAM_1:0:1404421313><>" became an admin (account "unnamed") (access "abcdefghijklmnopqrstu") (address "172.20.10.2")
L 07/15/2024 - 14:26:59: [admin.amxx] Login: "unnamed<24><STEAM_1:0:1404421313><>" became an admin (account "unnamed") (access "abcdefghijklmnopqrstu") (address "172.20.10.2")
L 07/15/2024 - 14:38:13: [admin.amxx] Login: "unnamed<32><STEAM_1:0:1404421313><>" became an admin (account "unnamed") (access "abcdefghijklmnopqrstu") (address "172.20.10.2")
L 07/15/2024 - 14:38:22: -------- Mapchange to zm_deko2 --------
L 07/15/2024 - 14:38:22: An error occurred in plugin_natives. This is dangerous!
L 07/15/2024 - 14:38:23: [AMXX] Failed to open dictionary file: cstrike\addons\amxmodx\data\lang\zp_ammo_ex.txt
L 07/15/2024 - 14:38:23: [AMXX] Failed to open dictionary file: cstrike\addons\amxmodx\data\lang\grab_plus.txt
L 07/15/2024 - 14:38:23: [AMXX] Failed to open dictionary file: cstrike\addons\amxmodx\data\lang\LaserMines.txt
L 07/15/2024 - 14:38:23: [admin.amxx] Login: "unnamed<32><STEAM_1:0:1404421313><>" became an admin (account "unnamed") (access "abcdefghijklmnopqrstu") (address "172.20.10.2")
L 07/15/2024 - 14:38:52: -------- Mapchange to zm_deko2 --------
L 07/15/2024 - 14:38:53: An error occurred in plugin_natives. This is dangerous!
L 07/15/2024 - 14:38:53: [AMXX] Failed to open dictionary file: cstrike\addons\amxmodx\data\lang\zp_ammo_ex.txt
L 07/15/2024 - 14:38:53: [AMXX] Failed to open dictionary file: cstrike\addons\amxmodx\data\lang\grab_plus.txt
L 07/15/2024 - 14:38:53: [AMXX] Failed to open dictionary file: cstrike\addons\amxmodx\data\lang\LaserMines.txt
L 07/15/2024 - 14:38:53: [admin.amxx] Login: "unnamed<32><STEAM_1:0:1404421313><>" became an admin (account "unnamed") (access "abcdefghijklmnopqrstu") (address "172.20.10.2")
L 07/15/2024 - 14:39:29: -------- Mapchange to zm_deko2 --------
L 07/15/2024 - 14:39:29: An error occurred in plugin_natives. This is dangerous!
L 07/15/2024 - 14:39:30: [AMXX] Failed to open dictionary file: cstrike\addons\amxmodx\data\lang\zp_ammo_ex.txt
L 07/15/2024 - 14:39:30: [AMXX] Failed to open dictionary file: cstrike\addons\amxmodx\data\lang\grab_plus.txt
L 07/15/2024 - 14:39:30: [AMXX] Failed to open dictionary file: cstrike\addons\amxmodx\data\lang\LaserMines.txt
L 07/15/2024 - 14:39:30: [admin.amxx] Login: "unnamed<32><STEAM_1:0:1404421313><>" became an admin (account "unnamed") (access "abcdefghijklmnopqrstu") (address "172.20.10.2")
L 07/15/2024 - 15:19:52: -------- Mapchange to zm_deko2 --------
L 07/15/2024 - 15:19:52: An error occurred in plugin_natives. This is dangerous!
L 07/15/2024 - 15:19:52: [AMXX] Failed to open dictionary file: cstrike\addons\amxmodx\data\lang\zp_ammo_ex.txt
L 07/15/2024 - 15:19:52: [AMXX] Failed to open dictionary file: cstrike\addons\amxmodx\data\lang\grab_plus.txt
L 07/15/2024 - 15:19:52: [AMXX] Failed to open dictionary file: cstrike\addons\amxmodx\data\lang\LaserMines.txt
L 07/15/2024 - 15:19:56: [admin.amxx] Login: "unnamed<52><STEAM_1:0:1404421313><>" became an admin (account "unnamed") (access "abcdefghijklmnopqrstu") (address "172.20.10.2")
L 07/15/2024 - 15:20:46: -------- Mapchange to zm_deko2 --------
L 07/15/2024 - 15:20:46: An error occurred in plugin_natives. This is dangerous!
L 07/15/2024 - 15:20:47: [AMXX] Failed to open dictionary file: cstrike\addons\amxmodx\data\lang\zp_ammo_ex.txt
L 07/15/2024 - 15:20:47: [AMXX] Failed to open dictionary file: cstrike\addons\amxmodx\data\lang\grab_plus.txt
L 07/15/2024 - 15:20:47: [AMXX] Failed to open dictionary file: cstrike\addons\amxmodx\data\lang\LaserMines.txt
L 07/15/2024 - 15:20:47: [admin.amxx] Login: "unnamed<52><STEAM_1:0:1404421313><>" became an admin (account "unnamed") (access "abcdefghijklmnopqrstu") (address "172.20.10.2")
L 07/15/2024 - 15:20:47: [admin.amxx] Login: "unnamed<52><STEAM_1:0:1404421313><>" became an admin (account "unnamed") (access "abcdefghijklmnopqrstu") (address "172.20.10.2")
L 07/15/2024 - 15:22:01: -------- Mapchange to zm_deko2 --------
L 07/15/2024 - 15:22:01: An error occurred in plugin_natives. This is dangerous!
L 07/15/2024 - 15:22:02: [AMXX] Failed to open dictionary file: cstrike\addons\amxmodx\data\lang\zp_ammo_ex.txt
L 07/15/2024 - 15:22:02: [AMXX] Failed to open dictionary file: cstrike\addons\amxmodx\data\lang\grab_plus.txt
L 07/15/2024 - 15:22:02: [AMXX] Failed to open dictionary file: cstrike\addons\amxmodx\data\lang\LaserMines.txt
L 07/15/2024 - 15:22:02: [admin.amxx] Login: "unnamed<52><STEAM_1:0:1404421313><>" became an admin (account "unnamed") (access "abcdefghijklmnopqrstu") (address "172.20.10.2")
L 07/15/2024 - 15:23:18: -------- Mapchange to zm_deko2 --------
L 07/15/2024 - 15:23:18: An error occurred in plugin_natives. This is dangerous!
L 07/15/2024 - 15:23:19: [AMXX] Failed to open dictionary file: cstrike\addons\amxmodx\data\lang\zp_ammo_ex.txt
L 07/15/2024 - 15:23:19: [AMXX] Failed to open dictionary file: cstrike\addons\amxmodx\data\lang\grab_plus.txt
L 07/15/2024 - 15:23:19: [AMXX] Failed to open dictionary file: cstrike\addons\amxmodx\data\lang\LaserMines.txt
L 07/15/2024 - 15:23:19: [admin.amxx] Login: "unnamed<52><STEAM_1:0:1404421313><>" became an admin (account "unnamed") (access "abcdefghijklmnopqrstu") (address "172.20.10.2")
L 07/15/2024 - 15:24:08: -------- Mapchange to zm_deko2 --------
L 07/15/2024 - 15:24:08: An error occurred in plugin_natives. This is dangerous!
L 07/15/2024 - 15:24:08: [AMXX] Failed to open dictionary file: cstrike\addons\amxmodx\data\lang\zp_ammo_ex.txt
L 07/15/2024 - 15:24:08: [AMXX] Failed to open dictionary file: cstrike\addons\amxmodx\data\lang\grab_plus.txt
L 07/15/2024 - 15:24:08: [AMXX] Failed to open dictionary file: cstrike\addons\amxmodx\data\lang\LaserMines.txt
L 07/15/2024 - 15:24:09: [admin.amxx] Login: "unnamed<52><STEAM_1:0:1404421313><>" became an admin (account "unnamed") (access "abcdefghijklmnopqrstu") (address "172.20.10.2")
L 07/15/2024 - 15:37:22: [admin.amxx] Login: "unnamed<84><STEAM_1:0:1404421313><>" became an admin (account "unnamed") (access "abcdefghijklmnopqrstu") (address "172.20.10.2")
