L 07/20/2024 - 08:07:28: -------- Mapchange to zm_deko2 --------
L 07/20/2024 - 08:07:28: [CSX] Could not load csstats file: cstrike\
L 07/20/2024 - 08:07:30: [AMXX] Failed to open dictionary file: cstrike\addons\amxmodx\data\lang\zp_ammo_ex.txt
L 07/20/2024 - 08:07:30: [AMXX] Failed to open dictionary file: cstrike\addons\amxmodx\data\lang\grab_plus.txt
L 07/20/2024 - 08:07:30: New section, unterminated block (file "cstrike\addons\amxmodx\data\lang\nademodes.txt" key "NADE_HTML :" lang "da")
L 07/20/2024 - 08:07:30: [AMXX] Failed to open dictionary file: cstrike\addons\amxmodx\data\lang\LaserMines.txt
L 07/20/2024 - 08:25:31: [mapchooser.amxx] Vote: Voting for the nextmap started
L 07/20/2024 - 08:25:46: [mapchooser.amxx] Vote: Voting for the nextmap finished. The nextmap will be de_airstrip
L 07/20/2024 - 08:27:40: -------- Mapchange to de_airstrip --------
L 07/20/2024 - 08:30:31: -------- Mapchange to zm_deko2 --------
L 07/20/2024 - 08:30:31: [CSX] Could not load csstats file: cstrike\
L 07/20/2024 - 08:31:57: -------- Mapchange to zm_deko2 --------
L 07/20/2024 - 08:31:57: [CSX] Could not load csstats file: cstrike\
L 07/20/2024 - 08:32:28: -------- Mapchange to zm_deko2 --------
L 07/20/2024 - 08:32:28: [CSX] Could not load csstats file: cstrike\
L 07/20/2024 - 08:32:29: [AMXX] Failed to open dictionary file: cstrike\addons\amxmodx\data\lang\zp_ammo_ex.txt
L 07/20/2024 - 08:32:29: [AMXX] Failed to open dictionary file: cstrike\addons\amxmodx\data\lang\grab_plus.txt
L 07/20/2024 - 08:32:29: New section, unterminated block (file "cstrike\addons\amxmodx\data\lang\nademodes.txt" key "NADE_HTML :" lang "da")
L 07/20/2024 - 08:32:29: [AMXX] Failed to open dictionary file: cstrike\addons\amxmodx\data\lang\LaserMines.txt
L 07/20/2024 - 08:32:39: [admin.amxx] Login: "test<8><STEAM_1:0:1404421313><>" became an admin (account "test") (access "abcdefghijklmnopqrstuv") (address "172.20.10.2")
L 07/20/2024 - 08:33:16: [admin.amxx] Login: "test<9><STEAM_1:0:1404421313><>" became an admin (account "test") (access "abcdefghijklmnopqrstuv") (address "172.20.10.2")
L 07/20/2024 - 08:41:08: [admin.amxx] Login: "test<11><STEAM_1:0:1404421313><>" became an admin (account "test") (access "abcdefghijklmnopqrstuv") (address "172.20.10.2")
L 07/20/2024 - 08:51:29: [mapchooser.amxx] Vote: Voting for the nextmap started
L 07/20/2024 - 08:51:44: [mapchooser.amxx] Vote: Voting for the nextmap finished. The nextmap will be de_airstrip
L 07/20/2024 - 08:53:35: -------- Mapchange to de_airstrip --------
L 07/20/2024 - 08:54:39: -------- Mapchange to zm_deko2 --------
L 07/20/2024 - 08:54:39: [CSX] Could not load csstats file: cstrike\
L 07/20/2024 - 08:54:40: [AMXX] Failed to open dictionary file: cstrike\addons\amxmodx\data\lang\zp_ammo_ex.txt
L 07/20/2024 - 08:54:40: [AMXX] Failed to open dictionary file: cstrike\addons\amxmodx\data\lang\grab_plus.txt
L 07/20/2024 - 08:54:40: New section, unterminated block (file "cstrike\addons\amxmodx\data\lang\nademodes.txt" key "NADE_HTML :" lang "da")
L 07/20/2024 - 08:54:40: [AMXX] Failed to open dictionary file: cstrike\addons\amxmodx\data\lang\LaserMines.txt
L 07/20/2024 - 08:54:42: [admin.amxx] Login: "test<1><STEAM_1:0:1404421313><>" became an admin (account "test") (access "abcdefghijklmnopqrstuv") (address "172.20.10.2")
L 07/20/2024 - 09:20:53: -------- Mapchange to zm_deko2 --------
L 07/20/2024 - 09:20:53: [CSX] Could not load csstats file: cstrike\
L 07/20/2024 - 09:20:54: [AMXX] Failed to open dictionary file: cstrike\addons\amxmodx\data\lang\zp_ammo_ex.txt
L 07/20/2024 - 09:20:54: [AMXX] Failed to open dictionary file: cstrike\addons\amxmodx\data\lang\grab_plus.txt
L 07/20/2024 - 09:20:54: New section, unterminated block (file "cstrike\addons\amxmodx\data\lang\nademodes.txt" key "NADE_HTML :" lang "da")
L 07/20/2024 - 09:20:54: [AMXX] Failed to open dictionary file: cstrike\addons\amxmodx\data\lang\LaserMines.txt
L 07/20/2024 - 09:20:57: [admin.amxx] Login: "test<1><STEAM_1:0:1404421313><>" became an admin (account "test") (access "abcdefghijklmnopqrstuv") (address "172.20.10.2")
L 07/20/2024 - 09:27:19: -------- Mapchange to zm_deko2 --------
L 07/20/2024 - 09:27:20: [AMXX] Failed to open dictionary file: cstrike\addons\amxmodx\data\lang\zp_ammo_ex.txt
L 07/20/2024 - 09:27:20: [AMXX] Failed to open dictionary file: cstrike\addons\amxmodx\data\lang\grab_plus.txt
L 07/20/2024 - 09:27:20: [AMXX] Failed to open dictionary file: cstrike\addons\amxmodx\data\lang\LaserMines.txt
L 07/20/2024 - 09:27:20: [admin.amxx] Login: "test<1><STEAM_1:0:1404421313><>" became an admin (account "test") (access "abcdefghijklmnopqrstuv") (address "172.20.10.2")
L 07/20/2024 - 09:37:37: -------- Mapchange to zm_deko2 --------
L 07/20/2024 - 09:37:39: [AMXX] Failed to open dictionary file: cstrike\addons\amxmodx\data\lang\zp_ammo_ex.txt
L 07/20/2024 - 09:37:39: [AMXX] Failed to open dictionary file: cstrike\addons\amxmodx\data\lang\grab_plus.txt
L 07/20/2024 - 09:37:39: [AMXX] Failed to open dictionary file: cstrike\addons\amxmodx\data\lang\LaserMines.txt
L 07/20/2024 - 09:37:39: [admin.amxx] Login: "test<1><STEAM_1:0:1404421313><>" became an admin (account "test") (access "abcdefghijklmnopqrstuv") (address "172.20.10.2")
L 07/20/2024 - 09:47:29: -------- Mapchange to zm_deko2 --------
L 07/20/2024 - 09:47:30: [AMXX] Failed to open dictionary file: cstrike\addons\amxmodx\data\lang\zp_ammo_ex.txt
L 07/20/2024 - 09:47:30: [AMXX] Failed to open dictionary file: cstrike\addons\amxmodx\data\lang\grab_plus.txt
L 07/20/2024 - 09:47:30: [AMXX] Failed to open dictionary file: cstrike\addons\amxmodx\data\lang\LaserMines.txt
L 07/20/2024 - 09:47:30: [admin.amxx] Login: "test<1><STEAM_1:0:1404421313><>" became an admin (account "test") (access "abcdefghijklmnopqrstuv") (address "172.20.10.2")
L 07/20/2024 - 09:50:25: -------- Mapchange to zm_deko2 --------
L 07/20/2024 - 09:50:26: [AMXX] Failed to open dictionary file: cstrike\addons\amxmodx\data\lang\zp_ammo_ex.txt
L 07/20/2024 - 09:50:26: [AMXX] Failed to open dictionary file: cstrike\addons\amxmodx\data\lang\grab_plus.txt
L 07/20/2024 - 09:50:26: [AMXX] Failed to open dictionary file: cstrike\addons\amxmodx\data\lang\LaserMines.txt
L 07/20/2024 - 09:50:26: [admin.amxx] Login: "test<1><STEAM_1:0:1404421313><>" became an admin (account "test") (access "abcdefghijklmnopqrstuv") (address "172.20.10.2")
L 07/20/2024 - 10:11:25: [mapchooser.amxx] Vote: Voting for the nextmap started
L 07/20/2024 - 10:11:40: [mapchooser.amxx] Vote: Voting for the nextmap finished. The nextmap will be as_oilrig
L 07/20/2024 - 10:13:40: -------- Mapchange to zm_deko2 --------
L 07/20/2024 - 10:13:40: [CSX] Could not load csstats file: cstrike\
L 07/20/2024 - 10:13:41: [AMXX] Failed to open dictionary file: cstrike\addons\amxmodx\data\lang\zp_ammo_ex.txt
L 07/20/2024 - 10:13:41: [AMXX] Failed to open dictionary file: cstrike\addons\amxmodx\data\lang\grab_plus.txt
L 07/20/2024 - 10:13:41: New section, unterminated block (file "cstrike\addons\amxmodx\data\lang\nademodes.txt" key "NADE_HTML :" lang "da")
L 07/20/2024 - 10:13:41: [AMXX] Failed to open dictionary file: cstrike\addons\amxmodx\data\lang\LaserMines.txt
L 07/20/2024 - 10:13:49: [admin.amxx] Login: "test<7><STEAM_1:0:1404421313><>" became an admin (account "test") (access "abcdefghijklmnopqrstuv") (address "172.20.10.2")
L 07/20/2024 - 10:31:57: [mapchooser.amxx] Vote: Voting for the nextmap started
L 07/20/2024 - 10:32:12: [mapchooser.amxx] Vote: Voting for the nextmap finished. The nextmap will be de_airstrip
L 07/20/2024 - 10:34:05: -------- Mapchange to de_airstrip --------
L 07/20/2024 - 10:41:02: -------- Mapchange to zm_deko2 --------
L 07/20/2024 - 10:41:02: [CSX] Could not load csstats file: cstrike\
L 07/20/2024 - 10:41:04: [AMXX] Failed to open dictionary file: cstrike\addons\amxmodx\data\lang\zp_ammo_ex.txt
L 07/20/2024 - 10:41:04: [AMXX] Failed to open dictionary file: cstrike\addons\amxmodx\data\lang\grab_plus.txt
L 07/20/2024 - 10:41:04: New section, unterminated block (file "cstrike\addons\amxmodx\data\lang\nademodes.txt" key "NADE_HTML :" lang "da")
L 07/20/2024 - 10:41:04: [AMXX] Failed to open dictionary file: cstrike\addons\amxmodx\data\lang\LaserMines.txt
L 07/20/2024 - 10:41:05: [admin.amxx] Login: "test<1><STEAM_1:0:1404421313><>" became an admin (account "test") (access "abcdefghijklmnopqrstuv") (address "172.20.10.2")
L 07/20/2024 - 10:44:15: -------- Mapchange to zm_deko2 --------
L 07/20/2024 - 10:44:16: [AMXX] Failed to open dictionary file: cstrike\addons\amxmodx\data\lang\zp_ammo_ex.txt
L 07/20/2024 - 10:44:16: [AMXX] Failed to open dictionary file: cstrike\addons\amxmodx\data\lang\grab_plus.txt
L 07/20/2024 - 10:44:16: [AMXX] Failed to open dictionary file: cstrike\addons\amxmodx\data\lang\LaserMines.txt
L 07/20/2024 - 10:44:16: [admin.amxx] Login: "test<1><STEAM_1:0:1404421313><>" became an admin (account "test") (access "abcdefghijklmnopqrstuv") (address "172.20.10.2")
L 07/20/2024 - 10:58:34: -------- Mapchange to zm_deko2 --------
L 07/20/2024 - 10:58:35: [AMXX] Failed to open dictionary file: cstrike\addons\amxmodx\data\lang\zp_ammo_ex.txt
L 07/20/2024 - 10:58:35: [AMXX] Failed to open dictionary file: cstrike\addons\amxmodx\data\lang\grab_plus.txt
L 07/20/2024 - 10:58:35: [AMXX] Failed to open dictionary file: cstrike\addons\amxmodx\data\lang\LaserMines.txt
L 07/20/2024 - 10:58:36: [admin.amxx] Login: "test<1><STEAM_1:0:1404421313><>" became an admin (account "test") (access "abcdefghijklmnopqrstuv") (address "172.20.10.2")
L 07/20/2024 - 11:14:34: -------- Mapchange to zm_deko2 --------
L 07/20/2024 - 11:14:35: [AMXX] Failed to open dictionary file: cstrike\addons\amxmodx\data\lang\zp_ammo_ex.txt
L 07/20/2024 - 11:14:35: [AMXX] Failed to open dictionary file: cstrike\addons\amxmodx\data\lang\grab_plus.txt
L 07/20/2024 - 11:14:36: [AMXX] Failed to open dictionary file: cstrike\addons\amxmodx\data\lang\LaserMines.txt
L 07/20/2024 - 11:14:38: [admin.amxx] Login: "test<22><STEAM_1:0:1404421313><>" became an admin (account "test") (access "abcdefghijklmnopqrstuv") (address "172.20.10.2")
L 07/20/2024 - 11:21:30: -------- Mapchange to zm_deko2 --------
L 07/20/2024 - 11:21:31: [AMXX] Failed to open dictionary file: cstrike\addons\amxmodx\data\lang\zp_ammo_ex.txt
L 07/20/2024 - 11:21:31: [AMXX] Failed to open dictionary file: cstrike\addons\amxmodx\data\lang\grab_plus.txt
L 07/20/2024 - 11:21:31: [AMXX] Failed to open dictionary file: cstrike\addons\amxmodx\data\lang\LaserMines.txt
L 07/20/2024 - 11:21:31: [admin.amxx] Login: "test<22><STEAM_1:0:1404421313><>" became an admin (account "test") (access "abcdefghijklmnopqrstuv") (address "172.20.10.2")
L 07/20/2024 - 11:26:48: -------- Mapchange to zm_deko2 --------
L 07/20/2024 - 11:26:49: [AMXX] Failed to open dictionary file: cstrike\addons\amxmodx\data\lang\zp_ammo_ex.txt
L 07/20/2024 - 11:26:49: [AMXX] Failed to open dictionary file: cstrike\addons\amxmodx\data\lang\grab_plus.txt
L 07/20/2024 - 11:26:49: [AMXX] Failed to open dictionary file: cstrike\addons\amxmodx\data\lang\LaserMines.txt
L 07/20/2024 - 11:26:50: [admin.amxx] Login: "test<22><STEAM_1:0:1404421313><>" became an admin (account "test") (access "abcdefghijklmnopqrstuv") (address "172.20.10.2")
L 07/20/2024 - 11:44:49: [mapchooser.amxx] Vote: Voting for the nextmap started
L 07/20/2024 - 11:45:04: [mapchooser.amxx] Vote: Voting for the nextmap finished. The nextmap will be cs_siege
L 07/20/2024 - 11:45:04: -------- Mapchange to zm_deko2 --------
L 07/20/2024 - 11:45:05: [AMXX] Failed to open dictionary file: cstrike\addons\amxmodx\data\lang\zp_ammo_ex.txt
L 07/20/2024 - 11:45:05: [AMXX] Failed to open dictionary file: cstrike\addons\amxmodx\data\lang\grab_plus.txt
L 07/20/2024 - 11:45:05: [AMXX] Failed to open dictionary file: cstrike\addons\amxmodx\data\lang\LaserMines.txt
L 07/20/2024 - 11:45:06: [admin.amxx] Login: "test<22><STEAM_1:0:1404421313><>" became an admin (account "test") (access "abcdefghijklmnopqrstuv") (address "172.20.10.2")
L 07/20/2024 - 11:46:50: -------- Mapchange to zm_deko2 --------
L 07/20/2024 - 11:46:51: [AMXX] Failed to open dictionary file: cstrike\addons\amxmodx\data\lang\zp_ammo_ex.txt
L 07/20/2024 - 11:46:51: [AMXX] Failed to open dictionary file: cstrike\addons\amxmodx\data\lang\grab_plus.txt
L 07/20/2024 - 11:46:51: [AMXX] Failed to open dictionary file: cstrike\addons\amxmodx\data\lang\LaserMines.txt
L 07/20/2024 - 11:46:51: [admin.amxx] Login: "test<22><STEAM_1:0:1404421313><>" became an admin (account "test") (access "abcdefghijklmnopqrstuv") (address "172.20.10.2")
L 07/20/2024 - 11:47:28: -------- Mapchange to zm_deko2 --------
L 07/20/2024 - 11:47:29: [AMXX] Failed to open dictionary file: cstrike\addons\amxmodx\data\lang\zp_ammo_ex.txt
L 07/20/2024 - 11:47:29: [AMXX] Failed to open dictionary file: cstrike\addons\amxmodx\data\lang\grab_plus.txt
L 07/20/2024 - 11:47:29: [AMXX] Failed to open dictionary file: cstrike\addons\amxmodx\data\lang\LaserMines.txt
L 07/20/2024 - 11:47:29: [admin.amxx] Login: "test<22><STEAM_1:0:1404421313><>" became an admin (account "test") (access "abcdefghijklmnopqrstuv") (address "172.20.10.2")
L 07/20/2024 - 11:49:34: -------- Mapchange to zm_deko2 --------
L 07/20/2024 - 11:49:35: [AMXX] Failed to open dictionary file: cstrike\addons\amxmodx\data\lang\zp_ammo_ex.txt
L 07/20/2024 - 11:49:35: [AMXX] Failed to open dictionary file: cstrike\addons\amxmodx\data\lang\grab_plus.txt
L 07/20/2024 - 11:49:35: [AMXX] Failed to open dictionary file: cstrike\addons\amxmodx\data\lang\LaserMines.txt
L 07/20/2024 - 11:49:36: [admin.amxx] Login: "test<22><STEAM_1:0:1404421313><>" became an admin (account "test") (access "abcdefghijklmnopqrstuv") (address "172.20.10.2")
L 07/20/2024 - 11:55:32: -------- Mapchange to zm_deko2 --------
L 07/20/2024 - 11:55:33: [AMXX] Failed to open dictionary file: cstrike\addons\amxmodx\data\lang\zp_ammo_ex.txt
L 07/20/2024 - 11:55:33: [AMXX] Failed to open dictionary file: cstrike\addons\amxmodx\data\lang\grab_plus.txt
L 07/20/2024 - 11:55:33: Invalid multi-lingual line (file "cstrike\addons\amxmodx\data\lang\lasermine_perfect.txt" key "Перевод by Easen - vk.com/fromstreet" lang "en")
L 07/20/2024 - 11:55:33: Invalid multi-lingual line (file "cstrike\addons\amxmodx\data\lang\lasermine_perfect.txt" key "Перевод by Easen - vk.com/fromstreet" lang "en")
L 07/20/2024 - 11:55:33: [admin.amxx] Login: "test<22><STEAM_1:0:1404421313><>" became an admin (account "test") (access "abcdefghijklmnopqrstuv") (address "172.20.10.2")
L 07/20/2024 - 12:11:33: -------- Mapchange to zm_deko2 --------
L 07/20/2024 - 12:11:34: [AMXX] Failed to open dictionary file: cstrike\addons\amxmodx\data\lang\zp_ammo_ex.txt
L 07/20/2024 - 12:11:34: [AMXX] Failed to open dictionary file: cstrike\addons\amxmodx\data\lang\grab_plus.txt
L 07/20/2024 - 12:11:38: [admin.amxx] Login: "test<72><STEAM_1:0:1404421313><>" became an admin (account "test") (access "abcdefghijklmnopqrstuv") (address "172.20.10.2")
L 07/20/2024 - 12:24:45: -------- Mapchange to zm_deko2 --------
L 07/20/2024 - 12:24:47: [AMXX] Failed to open dictionary file: cstrike\addons\amxmodx\data\lang\zp_ammo_ex.txt
L 07/20/2024 - 12:24:47: [AMXX] Failed to open dictionary file: cstrike\addons\amxmodx\data\lang\grab_plus.txt
L 07/20/2024 - 12:24:47: [admin.amxx] Login: "test<72><STEAM_1:0:1404421313><>" became an admin (account "test") (access "abcdefghijklmnopqrstuv") (address "172.20.10.2")
L 07/20/2024 - 12:31:57: -------- Mapchange to zm_deko2 --------
L 07/20/2024 - 12:31:58: [AMXX] Failed to open dictionary file: cstrike\addons\amxmodx\data\lang\zp_ammo_ex.txt
L 07/20/2024 - 12:31:58: [AMXX] Failed to open dictionary file: cstrike\addons\amxmodx\data\lang\grab_plus.txt
L 07/20/2024 - 12:31:58: [admin.amxx] Login: "test<72><STEAM_1:0:1404421313><>" became an admin (account "test") (access "abcdefghijklmnopqrstuv") (address "172.20.10.2")
L 07/20/2024 - 12:42:19: -------- Mapchange to zm_deko2 --------
L 07/20/2024 - 12:42:20: [AMXX] Failed to open dictionary file: cstrike\addons\amxmodx\data\lang\zp_ammo_ex.txt
L 07/20/2024 - 12:42:20: [AMXX] Failed to open dictionary file: cstrike\addons\amxmodx\data\lang\grab_plus.txt
L 07/20/2024 - 12:42:20: [admin.amxx] Login: "test<72><STEAM_1:0:1404421313><>" became an admin (account "test") (access "abcdefghijklmnopqrstuv") (address "172.20.10.2")
L 07/20/2024 - 12:43:55: -------- Mapchange to zm_deko2 --------
L 07/20/2024 - 12:43:56: [AMXX] Failed to open dictionary file: cstrike\addons\amxmodx\data\lang\zp_ammo_ex.txt
L 07/20/2024 - 12:43:56: [AMXX] Failed to open dictionary file: cstrike\addons\amxmodx\data\lang\grab_plus.txt
L 07/20/2024 - 12:43:56: [admin.amxx] Login: "test<72><STEAM_1:0:1404421313><>" became an admin (account "test") (access "abcdefghijklmnopqrstuv") (address "172.20.10.2")
L 07/20/2024 - 12:51:43: -------- Mapchange to zm_deko2 --------
L 07/20/2024 - 12:51:44: [AMXX] Failed to open dictionary file: cstrike\addons\amxmodx\data\lang\zp_ammo_ex.txt
L 07/20/2024 - 12:51:44: [AMXX] Failed to open dictionary file: cstrike\addons\amxmodx\data\lang\grab_plus.txt
L 07/20/2024 - 12:51:45: [admin.amxx] Login: "test<72><STEAM_1:0:1404421313><>" became an admin (account "test") (access "abcdefghijklmnopqrstuv") (address "172.20.10.2")
L 07/20/2024 - 12:52:36: -------- Mapchange to zm_deko2 --------
L 07/20/2024 - 12:52:37: [AMXX] Failed to open dictionary file: cstrike\addons\amxmodx\data\lang\zp_ammo_ex.txt
L 07/20/2024 - 12:52:37: [AMXX] Failed to open dictionary file: cstrike\addons\amxmodx\data\lang\grab_plus.txt
L 07/20/2024 - 12:52:37: [admin.amxx] Login: "test<72><STEAM_1:0:1404421313><>" became an admin (account "test") (access "abcdefghijklmnopqrstuv") (address "172.20.10.2")
L 07/20/2024 - 12:54:56: -------- Mapchange to zm_deko2 --------
L 07/20/2024 - 12:54:57: [AMXX] Failed to open dictionary file: cstrike\addons\amxmodx\data\lang\zp_ammo_ex.txt
L 07/20/2024 - 12:54:57: [AMXX] Failed to open dictionary file: cstrike\addons\amxmodx\data\lang\grab_plus.txt
L 07/20/2024 - 12:54:57: [admin.amxx] Login: "test<72><STEAM_1:0:1404421313><>" became an admin (account "test") (access "abcdefghijklmnopqrstuv") (address "172.20.10.2")
