L 08/09/2024 - 10:44:58: -------- Mapchange to zm_deko2 --------
L 08/09/2024 - 10:44:58: [CSX] Could not load csstats file: cstrike\
L 08/09/2024 - 10:44:58: [AMXX] Plugin "random_donate_gun.amxx" failed to load: Plugin uses an unknown function (name "brick_dbarrel") - check your modules.ini.
L 08/09/2024 - 10:45:16: -------- Mapchange to zm_deko2 --------
L 08/09/2024 - 10:45:16: [CSX] Could not load csstats file: cstrike\
L 08/09/2024 - 10:45:16: [AMXX] Plugin "random_donate_gun.amxx" failed to load: Plugin uses an unknown function (name "brick_dbarrel") - check your modules.ini.
L 08/09/2024 - 10:45:59: -------- Mapchange to zm_deko2 --------
L 08/09/2024 - 10:45:59: [CSX] Could not load csstats file: cstrike\
L 08/09/2024 - 10:45:59: [AMXX] Plugin "random_donate_gun.amxx" failed to load: Plugin uses an unknown function (name "brick_dbarrel") - check your modules.ini.
L 08/09/2024 - 10:48:57: -------- Mapchange to zm_deko2 --------
L 08/09/2024 - 10:48:57: [CSX] Could not load csstats file: cstrike\
L 08/09/2024 - 10:48:57: [AMXX] Plugin "random_donate_gun.amxx" failed to load: Plugin uses an unknown function (name "brick_dbarrel") - check your modules.ini.
L 08/09/2024 - 10:49:13: -------- Mapchange to zm_deko2 --------
L 08/09/2024 - 10:49:13: [CSX] Could not load csstats file: cstrike\
L 08/09/2024 - 10:49:13: [AMXX] Plugin "random_donate_gun.amxx" failed to load: Plugin uses an unknown function (name "brick_dbarrel") - check your modules.ini.
L 08/09/2024 - 10:49:15: [AMXX] Failed to open dictionary file: cstrike\addons\amxmodx\data\lang\zp_ammo_ex.txt
L 08/09/2024 - 10:49:15: New section, unterminated block (file "cstrike\addons\amxmodx\data\lang\nademodes.txt" key "NADE_HTML :" lang "da")
L 08/09/2024 - 10:49:15: [AMXX] Failed to open dictionary file: cstrike\addons\amxmodx\data\lang\grab_plus.txt
L 08/09/2024 - 10:49:25: -------- Mapchange to zm_deko2 --------
L 08/09/2024 - 10:49:25: [AMXX] Plugin "random_donate_gun.amxx" failed to load: Plugin uses an unknown function (name "brick_dbarrel") - check your modules.ini.
L 08/09/2024 - 10:49:27: [AMXX] Failed to open dictionary file: cstrike\addons\amxmodx\data\lang\zp_ammo_ex.txt
L 08/09/2024 - 10:49:27: [AMXX] Failed to open dictionary file: cstrike\addons\amxmodx\data\lang\grab_plus.txt
L 08/09/2024 - 10:49:34: -------- Mapchange to zm_deko2 --------
L 08/09/2024 - 10:49:34: [AMXX] Plugin "random_donate_gun.amxx" failed to load: Plugin uses an unknown function (name "brick_dbarrel") - check your modules.ini.
L 08/09/2024 - 10:49:36: [AMXX] Failed to open dictionary file: cstrike\addons\amxmodx\data\lang\zp_ammo_ex.txt
L 08/09/2024 - 10:49:36: [AMXX] Failed to open dictionary file: cstrike\addons\amxmodx\data\lang\grab_plus.txt
L 08/09/2024 - 10:49:47: -------- Mapchange to zm_deko2 --------
L 08/09/2024 - 10:49:47: [CSX] Could not load csstats file: cstrike\
L 08/09/2024 - 10:49:47: [AMXX] Plugin "random_donate_gun.amxx" failed to load: Plugin uses an unknown function (name "brick_dbarrel") - check your modules.ini.
L 08/09/2024 - 10:49:55: -------- Mapchange to zm_deko2 --------
L 08/09/2024 - 10:49:55: [CSX] Could not load csstats file: cstrike\
L 08/09/2024 - 10:49:55: [AMXX] Plugin "random_donate_gun.amxx" failed to load: Plugin uses an unknown function (name "brick_dbarrel") - check your modules.ini.
L 08/09/2024 - 10:50:21: -------- Mapchange to zm_deko2 --------
L 08/09/2024 - 10:50:21: [CSX] Could not load csstats file: cstrike\
L 08/09/2024 - 10:50:21: [AMXX] Plugin "random_donate_gun.amxx" failed to load: Plugin uses an unknown function (name "brick_dbarrel") - check your modules.ini.
L 08/09/2024 - 10:50:23: [AMXX] Failed to open dictionary file: cstrike\addons\amxmodx\data\lang\zp_ammo_ex.txt
L 08/09/2024 - 10:50:23: New section, unterminated block (file "cstrike\addons\amxmodx\data\lang\nademodes.txt" key "NADE_HTML :" lang "da")
L 08/09/2024 - 10:50:23: [AMXX] Failed to open dictionary file: cstrike\addons\amxmodx\data\lang\grab_plus.txt
L 08/09/2024 - 10:50:30: -------- Mapchange to zm_deko2 --------
L 08/09/2024 - 10:50:30: [CSX] Could not load csstats file: cstrike\
L 08/09/2024 - 10:50:30: [AMXX] Plugin "random_donate_gun.amxx" failed to load: Plugin uses an unknown function (name "brick_dbarrel") - check your modules.ini.
L 08/09/2024 - 10:50:32: [AMXX] Failed to open dictionary file: cstrike\addons\amxmodx\data\lang\zp_ammo_ex.txt
L 08/09/2024 - 10:50:32: New section, unterminated block (file "cstrike\addons\amxmodx\data\lang\nademodes.txt" key "NADE_HTML :" lang "da")
L 08/09/2024 - 10:50:32: [AMXX] Failed to open dictionary file: cstrike\addons\amxmodx\data\lang\grab_plus.txt
L 08/09/2024 - 10:50:40: -------- Mapchange to zm_deko2 --------
L 08/09/2024 - 10:50:40: [CSX] Could not load csstats file: cstrike\
L 08/09/2024 - 10:50:40: [AMXX] Plugin "random_donate_gun.amxx" failed to load: Plugin uses an unknown function (name "brick_dbarrel") - check your modules.ini.
L 08/09/2024 - 10:52:24: -------- Mapchange to zm_deko2 --------
L 08/09/2024 - 10:52:24: [CSX] Could not load csstats file: cstrike\
L 08/09/2024 - 10:52:24: [AMXX] Plugin "random_donate_gun.amxx" failed to load: Plugin uses an unknown function (name "brick_dbarrel") - check your modules.ini.
L 08/09/2024 - 10:58:22: -------- Mapchange to zm_deko2 --------
L 08/09/2024 - 10:58:22: [CSX] Could not load csstats file: cstrike\
L 08/09/2024 - 10:58:22: [AMXX] Plugin "random_donate_gun.amxx" failed to load: Plugin uses an unknown function (name "brick_dbarrel") - check your modules.ini.
L 08/09/2024 - 10:58:24: [AMXX] Failed to open dictionary file: cstrike\addons\amxmodx\data\lang\zp_ammo_ex.txt
L 08/09/2024 - 10:58:24: New section, unterminated block (file "cstrike\addons\amxmodx\data\lang\nademodes.txt" key "NADE_HTML :" lang "da")
L 08/09/2024 - 10:58:24: [AMXX] Failed to open dictionary file: cstrike\addons\amxmodx\data\lang\grab_plus.txt
L 08/09/2024 - 11:21:25: [mapchooser.amxx] Vote: Voting for the nextmap started
L 08/09/2024 - 11:21:40: [mapchooser.amxx] Vote: Voting for the nextmap finished. The nextmap will be zm_virus_t
L 08/09/2024 - 11:24:35: -------- Mapchange to zm_virus_t --------
L 08/09/2024 - 11:24:35: [AMXX] Plugin "random_donate_gun.amxx" failed to load: Plugin uses an unknown function (name "brick_dbarrel") - check your modules.ini.
L 08/09/2024 - 11:24:37: [AMXX] Failed to open dictionary file: cstrike\addons\amxmodx\data\lang\zp_ammo_ex.txt
L 08/09/2024 - 11:24:37: [AMXX] Failed to open dictionary file: cstrike\addons\amxmodx\data\lang\grab_plus.txt
L 08/09/2024 - 11:35:09: -------- Mapchange to zm_deko2 --------
L 08/09/2024 - 11:35:09: [CSX] Could not load csstats file: cstrike\
L 08/09/2024 - 11:35:09: [AMXX] Plugin "random_donate_gun.amxx" failed to load: Plugin uses an unknown function (name "brick_dbarrel") - check your modules.ini.
L 08/09/2024 - 11:35:12: [AMXX] Failed to open dictionary file: cstrike\addons\amxmodx\data\lang\zp_ammo_ex.txt
L 08/09/2024 - 11:35:12: New section, unterminated block (file "cstrike\addons\amxmodx\data\lang\nademodes.txt" key "NADE_HTML :" lang "da")
L 08/09/2024 - 11:35:12: [AMXX] Failed to open dictionary file: cstrike\addons\amxmodx\data\lang\grab_plus.txt
L 08/09/2024 - 11:35:18: [admin.amxx] Login: "test<3><STEAM_1:0:1404421313><>" became an admin (account "test") (access "abcdefghijklmnopqrstuv") (address "192.168.0.16")
L 08/09/2024 - 12:13:42: [mapchooser.amxx] Vote: Voting for the nextmap started
L 08/09/2024 - 12:13:57: [mapchooser.amxx] Vote: Voting for the nextmap finished. The nextmap will be zm_fun_world_2
L 08/09/2024 - 13:34:25: -------- Mapchange to zm_deko2 --------
L 08/09/2024 - 13:34:25: [CSX] Could not load csstats file: cstrike\
L 08/09/2024 - 13:34:25: [AMXX] Plugin "random_donate_gun.amxx" failed to load: Plugin uses an unknown function (name "brick_dbarrel") - check your modules.ini.
L 08/09/2024 - 13:34:27: [AMXX] Failed to open dictionary file: cstrike\addons\amxmodx\data\lang\zp_ammo_ex.txt
L 08/09/2024 - 13:34:27: New section, unterminated block (file "cstrike\addons\amxmodx\data\lang\nademodes.txt" key "NADE_HTML :" lang "da")
L 08/09/2024 - 13:34:27: [AMXX] Failed to open dictionary file: cstrike\addons\amxmodx\data\lang\grab_plus.txt
L 08/09/2024 - 13:35:06: [admin.amxx] Login: "test<8><STEAM_1:0:1404421313><>" became an admin (account "test") (access "abcdefghijklmnopqrstuv") (address "192.168.0.16")
L 08/09/2024 - 13:36:14: -------- Mapchange to zm_deko2 --------
L 08/09/2024 - 13:36:14: [CSX] Could not load csstats file: cstrike\
L 08/09/2024 - 13:36:15: [AMXX] Plugin "random_donate_gun.amxx" failed to load: Plugin uses an unknown function (name "brick_dbarrel") - check your modules.ini.
L 08/09/2024 - 13:36:17: [AMXX] Failed to open dictionary file: cstrike\addons\amxmodx\data\lang\zp_ammo_ex.txt
L 08/09/2024 - 13:36:17: New section, unterminated block (file "cstrike\addons\amxmodx\data\lang\nademodes.txt" key "NADE_HTML :" lang "da")
L 08/09/2024 - 13:36:17: [AMXX] Failed to open dictionary file: cstrike\addons\amxmodx\data\lang\grab_plus.txt
L 08/09/2024 - 13:36:26: -------- Mapchange to zm_deko2 --------
L 08/09/2024 - 13:36:26: [CSX] Could not load csstats file: cstrike\
L 08/09/2024 - 13:36:26: [AMXX] Plugin "random_donate_gun.amxx" failed to load: Plugin uses an unknown function (name "brick_dbarrel") - check your modules.ini.
L 08/09/2024 - 13:36:29: [AMXX] Failed to open dictionary file: cstrike\addons\amxmodx\data\lang\zp_ammo_ex.txt
L 08/09/2024 - 13:36:29: New section, unterminated block (file "cstrike\addons\amxmodx\data\lang\nademodes.txt" key "NADE_HTML :" lang "da")
L 08/09/2024 - 13:36:29: [AMXX] Failed to open dictionary file: cstrike\addons\amxmodx\data\lang\grab_plus.txt
L 08/09/2024 - 13:36:32: [admin.amxx] Login: "test<1><STEAM_1:0:1404421313><>" became an admin (account "test") (access "abcdefghijklmnopqrstuv") (address "192.168.0.16")
L 08/09/2024 - 13:39:36: [admin.amxx] Login: "test<10><STEAM_1:0:1404421313><>" became an admin (account "test") (access "abcdefghijklmnopqrstuv") (address "192.168.0.16")
L 08/09/2024 - 13:40:33: [admin.amxx] Login: "test<12><STEAM_1:0:1404421313><>" became an admin (account "test") (access "abcdefghijklmnopqrstuv") (address "192.168.0.16")
L 08/09/2024 - 13:45:33: [admin.amxx] Login: "test<14><STEAM_1:0:1404421313><>" became an admin (account "test") (access "abcdefghijklmnopqrstuv") (address "192.168.0.16")
L 08/09/2024 - 13:47:33: -------- Mapchange to zm_deko2 --------
L 08/09/2024 - 13:47:33: [CSX] Could not load csstats file: cstrike\
L 08/09/2024 - 13:47:33: [AMXX] Plugin "random_donate_gun.amxx" failed to load: Plugin uses an unknown function (name "brick_dbarrel") - check your modules.ini.
L 08/09/2024 - 13:47:35: [AMXX] Failed to open dictionary file: cstrike\addons\amxmodx\data\lang\zp_ammo_ex.txt
L 08/09/2024 - 13:47:35: New section, unterminated block (file "cstrike\addons\amxmodx\data\lang\nademodes.txt" key "NADE_HTML :" lang "da")
L 08/09/2024 - 13:47:35: [AMXX] Failed to open dictionary file: cstrike\addons\amxmodx\data\lang\grab_plus.txt
L 08/09/2024 - 13:47:37: [admin.amxx] Login: "test<1><STEAM_1:0:1404421313><>" became an admin (account "test") (access "abcdefghijklmnopqrstuv") (address "192.168.0.16")
L 08/09/2024 - 13:50:21: -------- Mapchange to zm_deko2 --------
L 08/09/2024 - 13:50:22: [AMXX] Plugin "random_donate_gun.amxx" failed to load: Plugin uses an unknown function (name "brick_dbarrel") - check your modules.ini.
L 08/09/2024 - 13:50:23: [AMXX] Failed to open dictionary file: cstrike\addons\amxmodx\data\lang\zp_ammo_ex.txt
L 08/09/2024 - 13:50:23: [AMXX] Failed to open dictionary file: cstrike\addons\amxmodx\data\lang\grab_plus.txt
L 08/09/2024 - 13:50:24: [admin.amxx] Login: "test<1><STEAM_1:0:1404421313><>" became an admin (account "test") (access "abcdefghijklmnopqrstuv") (address "192.168.0.16")
L 08/09/2024 - 14:06:52: [admin.amxx] Login: "test<16><STEAM_1:0:1404421313><>" became an admin (account "test") (access "abcdefghijklmnopqrstuv") (address "192.168.0.16")
L 08/09/2024 - 14:09:21: -------- Mapchange to zm_deko2 --------
L 08/09/2024 - 14:09:21: [AMXX] Plugin "random_donate_gun.amxx" failed to load: Plugin uses an unknown function (name "brick_dbarrel") - check your modules.ini.
L 08/09/2024 - 14:09:23: [AMXX] Failed to open dictionary file: cstrike\addons\amxmodx\data\lang\zp_ammo_ex.txt
L 08/09/2024 - 14:09:23: [AMXX] Failed to open dictionary file: cstrike\addons\amxmodx\data\lang\grab_plus.txt
L 08/09/2024 - 14:09:24: [admin.amxx] Login: "test<16><STEAM_1:0:1404421313><>" became an admin (account "test") (access "abcdefghijklmnopqrstuv") (address "192.168.0.16")
L 08/09/2024 - 14:14:06: -------- Mapchange to zm_deko2 --------
L 08/09/2024 - 14:14:06: [AMXX] Plugin "random_donate_gun.amxx" failed to load: Plugin uses an unknown function (name "brick_dbarrel") - check your modules.ini.
L 08/09/2024 - 14:14:07: [AMXX] Failed to open dictionary file: cstrike\addons\amxmodx\data\lang\zp_ammo_ex.txt
L 08/09/2024 - 14:14:07: [AMXX] Failed to open dictionary file: cstrike\addons\amxmodx\data\lang\grab_plus.txt
L 08/09/2024 - 14:14:08: [admin.amxx] Login: "test<16><STEAM_1:0:1404421313><>" became an admin (account "test") (access "abcdefghijklmnopqrstuv") (address "192.168.0.16")
L 08/09/2024 - 14:15:05: -------- Mapchange to zm_deko2 --------
L 08/09/2024 - 14:15:06: [AMXX] Plugin "random_donate_gun.amxx" failed to load: Plugin uses an unknown function (name "brick_dbarrel") - check your modules.ini.
L 08/09/2024 - 14:15:07: [AMXX] Failed to open dictionary file: cstrike\addons\amxmodx\data\lang\zp_ammo_ex.txt
L 08/09/2024 - 14:15:07: [AMXX] Failed to open dictionary file: cstrike\addons\amxmodx\data\lang\grab_plus.txt
L 08/09/2024 - 14:15:08: [admin.amxx] Login: "test<16><STEAM_1:0:1404421313><>" became an admin (account "test") (access "abcdefghijklmnopqrstuv") (address "192.168.0.16")
L 08/09/2024 - 14:18:32: -------- Mapchange to zm_deko2 --------
L 08/09/2024 - 14:18:32: [AMXX] Plugin "random_donate_gun.amxx" failed to load: Plugin uses an unknown function (name "brick_dbarrel") - check your modules.ini.
L 08/09/2024 - 14:18:33: [AMXX] Failed to open dictionary file: cstrike\addons\amxmodx\data\lang\zp_ammo_ex.txt
L 08/09/2024 - 14:18:33: [AMXX] Failed to open dictionary file: cstrike\addons\amxmodx\data\lang\grab_plus.txt
L 08/09/2024 - 14:18:34: [admin.amxx] Login: "test<16><STEAM_1:0:1404421313><>" became an admin (account "test") (access "abcdefghijklmnopqrstuv") (address "192.168.0.16")
L 08/09/2024 - 14:21:01: -------- Mapchange to zm_deko2 --------
L 08/09/2024 - 14:21:01: [AMXX] Plugin "random_donate_gun.amxx" failed to load: Plugin uses an unknown function (name "brick_dbarrel") - check your modules.ini.
L 08/09/2024 - 14:21:02: [AMXX] Failed to open dictionary file: cstrike\addons\amxmodx\data\lang\zp_ammo_ex.txt
L 08/09/2024 - 14:21:02: [AMXX] Failed to open dictionary file: cstrike\addons\amxmodx\data\lang\grab_plus.txt
L 08/09/2024 - 14:21:03: [admin.amxx] Login: "test<16><STEAM_1:0:1404421313><>" became an admin (account "test") (access "abcdefghijklmnopqrstuv") (address "192.168.0.16")
L 08/09/2024 - 14:22:01: -------- Mapchange to zm_deko2 --------
L 08/09/2024 - 14:22:01: [AMXX] Plugin "random_donate_gun.amxx" failed to load: Plugin uses an unknown function (name "brick_dbarrel") - check your modules.ini.
L 08/09/2024 - 14:22:04: [AMXX] Failed to open dictionary file: cstrike\addons\amxmodx\data\lang\zp_ammo_ex.txt
L 08/09/2024 - 14:22:04: [AMXX] Failed to open dictionary file: cstrike\addons\amxmodx\data\lang\grab_plus.txt
L 08/09/2024 - 14:22:05: [admin.amxx] Login: "test<16><STEAM_1:0:1404421313><>" became an admin (account "test") (access "abcdefghijklmnopqrstuv") (address "192.168.0.16")
L 08/09/2024 - 14:28:55: -------- Mapchange to zm_deko2 --------
L 08/09/2024 - 14:28:55: [AMXX] Plugin "random_donate_gun.amxx" failed to load: Plugin uses an unknown function (name "brick_dbarrel") - check your modules.ini.
L 08/09/2024 - 14:28:57: [AMXX] Failed to open dictionary file: cstrike\addons\amxmodx\data\lang\zp_ammo_ex.txt
L 08/09/2024 - 14:28:57: [AMXX] Failed to open dictionary file: cstrike\addons\amxmodx\data\lang\grab_plus.txt
L 08/09/2024 - 14:28:58: [admin.amxx] Login: "test<16><STEAM_1:0:1404421313><>" became an admin (account "test") (access "abcdefghijklmnopqrstuv") (address "192.168.0.16")
L 08/09/2024 - 14:32:05: -------- Mapchange to zm_deko2 --------
L 08/09/2024 - 14:32:05: [AMXX] Plugin "random_donate_gun.amxx" failed to load: Plugin uses an unknown function (name "brick_dbarrel") - check your modules.ini.
L 08/09/2024 - 14:32:06: [AMXX] Failed to open dictionary file: cstrike\addons\amxmodx\data\lang\zp_ammo_ex.txt
L 08/09/2024 - 14:32:06: [AMXX] Failed to open dictionary file: cstrike\addons\amxmodx\data\lang\grab_plus.txt
L 08/09/2024 - 14:32:07: [admin.amxx] Login: "test<16><STEAM_1:0:1404421313><>" became an admin (account "test") (access "abcdefghijklmnopqrstuv") (address "192.168.0.16")
L 08/09/2024 - 14:48:09: -------- Mapchange to zm_deko2 --------
L 08/09/2024 - 14:48:09: [AMXX] Plugin "random_donate_gun.amxx" failed to load: Plugin uses an unknown function (name "brick_dbarrel") - check your modules.ini.
L 08/09/2024 - 14:48:33: -------- Mapchange to zm_deko2 --------
L 08/09/2024 - 14:48:33: [CSX] Could not load csstats file: cstrike\
L 08/09/2024 - 14:48:33: [AMXX] Plugin "random_donate_gun.amxx" failed to load: Plugin uses an unknown function (name "brick_dbarrel") - check your modules.ini.
L 08/09/2024 - 14:48:35: [AMXX] Failed to open dictionary file: cstrike\addons\amxmodx\data\lang\zp_ammo_ex.txt
L 08/09/2024 - 14:48:35: New section, unterminated block (file "cstrike\addons\amxmodx\data\lang\nademodes.txt" key "NADE_HTML :" lang "da")
L 08/09/2024 - 14:48:35: [AMXX] Failed to open dictionary file: cstrike\addons\amxmodx\data\lang\grab_plus.txt
L 08/09/2024 - 14:48:37: [admin.amxx] Login: "test<1><STEAM_1:0:1404421313><>" became an admin (account "test") (access "abcdefghijklmnopqrstuv") (address "192.168.0.16")
L 08/09/2024 - 14:51:37: -------- Mapchange to zm_deko2 --------
L 08/09/2024 - 14:51:37: [AMXX] Plugin "random_donate_gun.amxx" failed to load: Plugin uses an unknown function (name "brick_dbarrel") - check your modules.ini.
L 08/09/2024 - 14:51:39: [AMXX] Failed to open dictionary file: cstrike\addons\amxmodx\data\lang\zp_ammo_ex.txt
L 08/09/2024 - 14:51:39: [AMXX] Failed to open dictionary file: cstrike\addons\amxmodx\data\lang\grab_plus.txt
L 08/09/2024 - 14:51:40: [admin.amxx] Login: "test<1><STEAM_1:0:1404421313><>" became an admin (account "test") (access "abcdefghijklmnopqrstuv") (address "192.168.0.16")
L 08/09/2024 - 14:59:18: -------- Mapchange to zm_deko2 --------
L 08/09/2024 - 14:59:18: [AMXX] Plugin "random_donate_gun.amxx" failed to load: Plugin uses an unknown function (name "brick_dbarrel") - check your modules.ini.
L 08/09/2024 - 14:59:18: [AMXX] Plugin "Krol_god_menu.amxx" failed to load: Plugin uses an unknown function (name "give_star_chaser") - check your modules.ini.
L 08/09/2024 - 14:59:20: [AMXX] Failed to open dictionary file: cstrike\addons\amxmodx\data\lang\zp_ammo_ex.txt
L 08/09/2024 - 14:59:20: [AMXX] Failed to open dictionary file: cstrike\addons\amxmodx\data\lang\grab_plus.txt
L 08/09/2024 - 14:59:21: [admin.amxx] Login: "test<1><STEAM_1:0:1404421313><>" became an admin (account "test") (access "abcdefghijklmnopqrstuv") (address "192.168.0.16")
L 08/09/2024 - 14:59:52: -------- Mapchange to zm_deko2 --------
L 08/09/2024 - 14:59:52: [AMXX] Plugin "random_donate_gun.amxx" failed to load: Plugin uses an unknown function (name "brick_dbarrel") - check your modules.ini.
L 08/09/2024 - 14:59:55: [AMXX] Failed to open dictionary file: cstrike\addons\amxmodx\data\lang\zp_ammo_ex.txt
L 08/09/2024 - 14:59:55: [AMXX] Failed to open dictionary file: cstrike\addons\amxmodx\data\lang\grab_plus.txt
L 08/09/2024 - 14:59:55: [admin.amxx] Login: "test<1><STEAM_1:0:1404421313><>" became an admin (account "test") (access "abcdefghijklmnopqrstuv") (address "192.168.0.16")
L 08/09/2024 - 15:22:54: [mapchooser.amxx] Vote: Voting for the nextmap started
L 08/09/2024 - 15:23:09: [mapchooser.amxx] Vote: Voting for the nextmap finished. The nextmap will be zm_virus_t
L 08/09/2024 - 15:25:57: -------- Mapchange to zm_virus_t --------
L 08/09/2024 - 15:25:58: [AMXX] Plugin "random_donate_gun.amxx" failed to load: Plugin uses an unknown function (name "brick_dbarrel") - check your modules.ini.
L 08/09/2024 - 15:26:00: [AMXX] Failed to open dictionary file: cstrike\addons\amxmodx\data\lang\zp_ammo_ex.txt
L 08/09/2024 - 15:26:00: [AMXX] Failed to open dictionary file: cstrike\addons\amxmodx\data\lang\grab_plus.txt
L 08/09/2024 - 15:43:01: [admin.amxx] Login: "test<28><STEAM_1:0:1404421313><>" became an admin (account "test") (access "abcdefghijklmnopqrstuv") (address "192.168.0.16")
L 08/09/2024 - 16:00:15: [mapchooser.amxx] Vote: Voting for the nextmap started
L 08/09/2024 - 16:00:30: [mapchooser.amxx] Vote: Voting for the nextmap finished. The nextmap will be zm_303
L 08/09/2024 - 16:02:24: -------- Mapchange to zm_303 --------
L 08/09/2024 - 16:02:25: [AMXX] Plugin "random_donate_gun.amxx" failed to load: Plugin uses an unknown function (name "brick_dbarrel") - check your modules.ini.
L 08/09/2024 - 16:02:27: [AMXX] Failed to open dictionary file: cstrike\addons\amxmodx\data\lang\zp_ammo_ex.txt
L 08/09/2024 - 16:02:27: [AMXX] Failed to open dictionary file: cstrike\addons\amxmodx\data\lang\grab_plus.txt
L 08/09/2024 - 16:02:28: [admin.amxx] Login: "test<28><STEAM_1:0:1404421313><>" became an admin (account "test") (access "abcdefghijklmnopqrstuv") (address "192.168.0.16")
L 08/09/2024 - 16:25:27: [mapchooser.amxx] Vote: Voting for the nextmap started
L 08/09/2024 - 16:25:42: [mapchooser.amxx] Vote: Voting for the nextmap finished. The nextmap will be zm_vendetta
L 08/09/2024 - 16:28:19: -------- Mapchange to zm_vendetta --------
L 08/09/2024 - 16:28:19: [AMXX] Plugin "random_donate_gun.amxx" failed to load: Plugin uses an unknown function (name "brick_dbarrel") - check your modules.ini.
L 08/09/2024 - 16:29:34: -------- Mapchange to zm_deko2 --------
L 08/09/2024 - 16:29:34: [CSX] Could not load csstats file: cstrike\
L 08/09/2024 - 16:29:35: [AMXX] Plugin "random_donate_gun.amxx" failed to load: Plugin uses an unknown function (name "brick_dbarrel") - check your modules.ini.
L 08/09/2024 - 16:29:35: [AMXX] Plugin "menu_donate_guns.amxx" failed to load: Plugin uses an unknown function (name "give_weapon_lordpist") - check your modules.ini.
L 08/09/2024 - 16:29:36: [AMXX] Failed to open dictionary file: cstrike\addons\amxmodx\data\lang\zp_ammo_ex.txt
L 08/09/2024 - 16:29:36: New section, unterminated block (file "cstrike\addons\amxmodx\data\lang\nademodes.txt" key "NADE_HTML :" lang "da")
L 08/09/2024 - 16:29:36: [AMXX] Failed to open dictionary file: cstrike\addons\amxmodx\data\lang\grab_plus.txt
L 08/09/2024 - 16:29:38: [admin.amxx] Login: "test<1><STEAM_1:0:1404421313><>" became an admin (account "test") (access "abcdefghijklmnopqrstuv") (address "192.168.0.16")
L 08/09/2024 - 16:34:40: -------- Mapchange to zm_deko2 --------
L 08/09/2024 - 16:34:40: [AMXX] Plugin "random_donate_gun.amxx" failed to load: Plugin uses an unknown function (name "brick_dbarrel") - check your modules.ini.
L 08/09/2024 - 16:34:42: [AMXX] Failed to open dictionary file: cstrike\addons\amxmodx\data\lang\zp_ammo_ex.txt
L 08/09/2024 - 16:34:42: [AMXX] Failed to open dictionary file: cstrike\addons\amxmodx\data\lang\grab_plus.txt
L 08/09/2024 - 16:34:43: [admin.amxx] Login: "test<1><STEAM_1:0:1404421313><>" became an admin (account "test") (access "abcdefghijklmnopqrstuv") (address "192.168.0.16")
